Linux 6.1.0-37-amd64 (vbox) 	08/13/2025 	_x86_64_	(1 CPU)

01:40:22 PM     CPU     %user     %nice   %system   %iowait    %steal     %idle
01:40:23 PM     all      0.00      0.00      0.00      0.00      0.00    100.00

01:40:22 PM kbmemfree   kbavail kbmemused  %memused kbbuffers  kbcached  kbcommit   %commit  kbactive   kbinact   kbdirty
01:40:23 PM    944324   1493804    322056     15.99     42556    625440   1315464     43.66    257012    650504       308

01:40:23 PM     CPU     %user     %nice   %system   %iowait    %steal     %idle
01:40:24 PM     all      0.00      0.00      0.00      0.00      0.00    100.00

01:40:23 PM kbmemfree   kbavail kbmemused  %memused kbbuffers  kbcached  kbcommit   %commit  kbactive   kbinact   kbdirty
01:40:24 PM    944324   1493808    322056     15.99     42556    625440   1315464     43.66    257012    650528       308

01:40:24 PM     CPU     %user     %nice   %system   %iowait    %steal     %idle
01:40:25 PM     all      0.00      0.00      0.00      0.00      0.00    100.00

01:40:24 PM kbmemfree   kbavail kbmemused  %memused kbbuffers  kbcached  kbcommit   %commit  kbactive   kbinact   kbdirty
01:40:25 PM    944324   1493808    322056     15.99     42556    625440   1315464     43.66    257012    650528       308

01:40:25 PM     CPU     %user     %nice   %system   %iowait    %steal     %idle
01:40:26 PM     all      0.00      0.00      1.00      0.00      0.00     99.00

01:40:25 PM kbmemfree   kbavail kbmemused  %memused kbbuffers  kbcached  kbcommit   %commit  kbactive   kbinact   kbdirty
01:40:26 PM    944324   1493808    322056     15.99     42556    625440   1315464     43.66    257012    650528        44

01:40:26 PM     CPU     %user     %nice   %system   %iowait    %steal     %idle
01:40:27 PM     all      0.00      0.00      0.00      0.00      0.00    100.00

01:40:26 PM kbmemfree   kbavail kbmemused  %memused kbbuffers  kbcached  kbcommit   %commit  kbactive   kbinact   kbdirty
01:40:27 PM    944324   1493808    322056     15.99     42556    625440   1315464     43.66    257012    650532        20

01:40:27 PM     CPU     %user     %nice   %system   %iowait    %steal     %idle
01:40:28 PM     all      0.00      0.00      0.00      1.01      0.00     98.99

01:40:27 PM kbmemfree   kbavail kbmemused  %memused kbbuffers  kbcached  kbcommit   %commit  kbactive   kbinact   kbdirty
01:40:28 PM    944324   1493816    322048     15.99     42564    625440   1315464     43.66    257020    650532        40

01:40:28 PM     CPU     %user     %nice   %system   %iowait    %steal     %idle
01:40:29 PM     all      0.00      0.00      0.00      0.00      0.00    100.00

01:40:28 PM kbmemfree   kbavail kbmemused  %memused kbbuffers  kbcached  kbcommit   %commit  kbactive   kbinact   kbdirty
01:40:29 PM    944324   1493816    322048     15.99     42564    625440   1315464     43.66    257020    650532        44

01:40:29 PM     CPU     %user     %nice   %system   %iowait    %steal     %idle
01:40:30 PM     all      0.00      0.00      0.00      0.00      0.00    100.00

01:40:29 PM kbmemfree   kbavail kbmemused  %memused kbbuffers  kbcached  kbcommit   %commit  kbactive   kbinact   kbdirty
01:40:30 PM    944324   1493816    322048     15.99     42564    625440   1315464     43.66    257020    650532        44

01:40:30 PM     CPU     %user     %nice   %system   %iowait    %steal     %idle
01:40:31 PM     all      0.00      0.00      0.00      0.00      0.00    100.00

01:40:30 PM kbmemfree   kbavail kbmemused  %memused kbbuffers  kbcached  kbcommit   %commit  kbactive   kbinact   kbdirty
01:40:31 PM    944324   1493816    322048     15.99     42564    625440   1315464     43.66    257020    650532        44

01:40:31 PM     CPU     %user     %nice   %system   %iowait    %steal     %idle
01:40:32 PM     all      0.00      0.00      0.00      0.00      0.00    100.00

01:40:31 PM kbmemfree   kbavail kbmemused  %memused kbbuffers  kbcached  kbcommit   %commit  kbactive   kbinact   kbdirty
01:40:32 PM    944324   1493816    322048     15.99     42564    625440   1315464     43.66    257020    650532         4

01:40:32 PM     CPU     %user     %nice   %system   %iowait    %steal     %idle
01:40:33 PM     all      0.00      0.00      0.00      1.01      0.00     98.99

01:40:32 PM kbmemfree   kbavail kbmemused  %memused kbbuffers  kbcached  kbcommit   %commit  kbactive   kbinact   kbdirty
01:40:33 PM    944324   1493816    322036     15.99     42572    625444   1315464     43.66    257020    650532        20

01:40:33 PM     CPU     %user     %nice   %system   %iowait    %steal     %idle
01:40:34 PM     all      0.00      0.00      0.00      0.00      0.00    100.00

01:40:33 PM kbmemfree   kbavail kbmemused  %memused kbbuffers  kbcached  kbcommit   %commit  kbactive   kbinact   kbdirty
01:40:34 PM    944324   1493828    322036     15.99     42572    625444   1315464     43.66    257028    650536        12

01:40:34 PM     CPU     %user     %nice   %system   %iowait    %steal     %idle
01:40:35 PM     all      0.00      0.00      0.00      0.00      0.00    100.00

01:40:34 PM kbmemfree   kbavail kbmemused  %memused kbbuffers  kbcached  kbcommit   %commit  kbactive   kbinact   kbdirty
01:40:35 PM    944324   1493828    322036     15.99     42572    625444   1315464     43.66    257028    650536        16

01:40:35 PM     CPU     %user     %nice   %system   %iowait    %steal     %idle
01:40:36 PM     all      0.00      0.00      0.00      0.00      0.00    100.00

01:40:35 PM kbmemfree   kbavail kbmemused  %memused kbbuffers  kbcached  kbcommit   %commit  kbactive   kbinact   kbdirty
01:40:36 PM    944324   1493828    322036     15.99     42572    625444   1315464     43.66    257028    650536        16

01:40:36 PM     CPU     %user     %nice   %system   %iowait    %steal     %idle
01:40:37 PM     all      0.00      0.00      0.00      0.00      0.00    100.00

01:40:36 PM kbmemfree   kbavail kbmemused  %memused kbbuffers  kbcached  kbcommit   %commit  kbactive   kbinact   kbdirty
01:40:37 PM    944324   1493828    322036     15.99     42572    625444   1315464     43.66    257028    650536        16

01:40:37 PM     CPU     %user     %nice   %system   %iowait    %steal     %idle
01:40:38 PM     all      0.00      0.00      0.00      0.00      0.00    100.00

01:40:37 PM kbmemfree   kbavail kbmemused  %memused kbbuffers  kbcached  kbcommit   %commit  kbactive   kbinact   kbdirty
01:40:38 PM    944324   1493828    322036     15.99     42572    625444   1315464     43.66    257028    650536        16

01:40:38 PM     CPU     %user     %nice   %system   %iowait    %steal     %idle
01:40:39 PM     all      0.00      0.00      0.00      1.00      0.00     99.00

01:40:38 PM kbmemfree   kbavail kbmemused  %memused kbbuffers  kbcached  kbcommit   %commit  kbactive   kbinact   kbdirty
01:40:39 PM    944324   1493828    322028     15.99     42580    625444   1315464     43.66    257028    650536        16

01:40:39 PM     CPU     %user     %nice   %system   %iowait    %steal     %idle
01:40:40 PM     all      0.00      0.00      0.00      0.00      0.00    100.00

01:40:39 PM kbmemfree   kbavail kbmemused  %memused kbbuffers  kbcached  kbcommit   %commit  kbactive   kbinact   kbdirty
01:40:40 PM    944324   1493836    322028     15.99     42580    625444   1315464     43.66    257036    650536        12

01:40:40 PM     CPU     %user     %nice   %system   %iowait    %steal     %idle
01:40:41 PM     all      0.00      0.00      0.00      0.00      0.00    100.00

01:40:40 PM kbmemfree   kbavail kbmemused  %memused kbbuffers  kbcached  kbcommit   %commit  kbactive   kbinact   kbdirty
01:40:41 PM    944324   1493836    322028     15.99     42580    625444   1315464     43.66    257036    650536        16

01:40:41 PM     CPU     %user     %nice   %system   %iowait    %steal     %idle
01:40:42 PM     all      0.00      0.00      0.00      0.00      0.00    100.00

01:40:41 PM kbmemfree   kbavail kbmemused  %memused kbbuffers  kbcached  kbcommit   %commit  kbactive   kbinact   kbdirty
01:40:42 PM    944324   1493836    322028     15.99     42580    625444   1315464     43.66    257036    650536        16

01:40:42 PM     CPU     %user     %nice   %system   %iowait    %steal     %idle
01:40:43 PM     all      0.00      0.00      0.00      0.00      0.00    100.00

01:40:42 PM kbmemfree   kbavail kbmemused  %memused kbbuffers  kbcached  kbcommit   %commit  kbactive   kbinact   kbdirty
01:40:43 PM    944324   1493836    322028     15.99     42580    625444   1315464     43.66    257036    650536        16

01:40:43 PM     CPU     %user     %nice   %system   %iowait    %steal     %idle
01:40:44 PM     all      0.00      0.00      0.00      0.00      0.00    100.00

01:40:43 PM kbmemfree   kbavail kbmemused  %memused kbbuffers  kbcached  kbcommit   %commit  kbactive   kbinact   kbdirty
01:40:44 PM    944324   1493836    322024     15.99     42580    625448   1315464     43.66    257036    650536        20

01:40:44 PM     CPU     %user     %nice   %system   %iowait    %steal     %idle
01:40:45 PM     all      0.00      0.00      0.00      1.01      0.00     98.99

01:40:44 PM kbmemfree   kbavail kbmemused  %memused kbbuffers  kbcached  kbcommit   %commit  kbactive   kbinact   kbdirty
01:40:45 PM    944324   1493840    322016     15.99     42588    625448   1315464     43.66    257036    650540        20

01:40:45 PM     CPU     %user     %nice   %system   %iowait    %steal     %idle
01:40:46 PM     all      0.00      0.00      0.00      0.00      0.00    100.00

01:40:45 PM kbmemfree   kbavail kbmemused  %memused kbbuffers  kbcached  kbcommit   %commit  kbactive   kbinact   kbdirty
01:40:46 PM    944324   1493848    322016     15.99     42588    625448   1315464     43.66    257044    650540        12

01:40:46 PM     CPU     %user     %nice   %system   %iowait    %steal     %idle
01:40:47 PM     all      0.00      0.00      0.00      0.00      0.00    100.00

01:40:46 PM kbmemfree   kbavail kbmemused  %memused kbbuffers  kbcached  kbcommit   %commit  kbactive   kbinact   kbdirty
01:40:47 PM    944324   1493848    322016     15.99     42588    625448   1315464     43.66    257044    650540        16

01:40:47 PM     CPU     %user     %nice   %system   %iowait    %steal     %idle
01:40:48 PM     all      0.00      0.00      1.00      0.00      0.00     99.00

01:40:47 PM kbmemfree   kbavail kbmemused  %memused kbbuffers  kbcached  kbcommit   %commit  kbactive   kbinact   kbdirty
01:40:48 PM    944324   1493848    322016     15.99     42588    625448   1315464     43.66    257044    650540        16

01:40:48 PM     CPU     %user     %nice   %system   %iowait    %steal     %idle
01:40:49 PM     all      0.00      0.00      0.00      0.00      0.00    100.00

01:40:48 PM kbmemfree   kbavail kbmemused  %memused kbbuffers  kbcached  kbcommit   %commit  kbactive   kbinact   kbdirty
01:40:49 PM    944324   1493848    322016     15.99     42588    625448   1315464     43.66    257044    650540        16

01:40:49 PM     CPU     %user     %nice   %system   %iowait    %steal     %idle
01:40:50 PM     all      0.00      0.00      0.00      0.00      0.00    100.00

01:40:49 PM kbmemfree   kbavail kbmemused  %memused kbbuffers  kbcached  kbcommit   %commit  kbactive   kbinact   kbdirty
01:40:50 PM    944324   1493848    322016     15.99     42588    625448   1315464     43.66    257044    650540        16

01:40:50 PM     CPU     %user     %nice   %system   %iowait    %steal     %idle
01:40:51 PM     all      0.00      0.00      0.00      1.01      0.00     98.99

01:40:50 PM kbmemfree   kbavail kbmemused  %memused kbbuffers  kbcached  kbcommit   %commit  kbactive   kbinact   kbdirty
01:40:51 PM    944324   1493848    322008     15.98     42596    625448   1315464     43.66    257044    650540        16

01:40:51 PM     CPU     %user     %nice   %system   %iowait    %steal     %idle
01:40:52 PM     all      0.00      0.00      0.00      0.00      0.00    100.00

01:40:51 PM kbmemfree   kbavail kbmemused  %memused kbbuffers  kbcached  kbcommit   %commit  kbactive   kbinact   kbdirty
01:40:52 PM    944324   1493856    322008     15.98     42596    625448   1315464     43.66    257052    650540        12

01:40:52 PM     CPU     %user     %nice   %system   %iowait    %steal     %idle
01:40:53 PM     all      0.00      0.00      0.00      0.00      0.00    100.00

01:40:52 PM kbmemfree   kbavail kbmemused  %memused kbbuffers  kbcached  kbcommit   %commit  kbactive   kbinact   kbdirty
01:40:53 PM    944324   1493856    322008     15.98     42596    625448   1315464     43.66    257052    650540        16

01:40:53 PM     CPU     %user     %nice   %system   %iowait    %steal     %idle
01:40:54 PM     all      0.00      0.00      0.00      0.00      0.00    100.00

01:40:53 PM kbmemfree   kbavail kbmemused  %memused kbbuffers  kbcached  kbcommit   %commit  kbactive   kbinact   kbdirty
01:40:54 PM    944324   1493856    322004     15.98     42596    625452   1315464     43.66    257052    650540        20

01:40:54 PM     CPU     %user     %nice   %system   %iowait    %steal     %idle
01:40:55 PM     all      0.00      0.00      0.00      0.00      0.00    100.00

01:40:54 PM kbmemfree   kbavail kbmemused  %memused kbbuffers  kbcached  kbcommit   %commit  kbactive   kbinact   kbdirty
01:40:55 PM    944324   1493860    322004     15.98     42596    625452   1315464     43.66    257052    650544        20

01:40:55 PM     CPU     %user     %nice   %system   %iowait    %steal     %idle
01:40:56 PM     all      0.00      0.00      0.00      0.00      0.00    100.00

01:40:55 PM kbmemfree   kbavail kbmemused  %memused kbbuffers  kbcached  kbcommit   %commit  kbactive   kbinact   kbdirty
01:40:56 PM    944324   1493860    322004     15.98     42596    625452   1315464     43.66    257052    650544        20

01:40:56 PM     CPU     %user     %nice   %system   %iowait    %steal     %idle
01:40:57 PM     all      0.00      0.00      0.00      4.04      0.00     95.96

01:40:56 PM kbmemfree   kbavail kbmemused  %memused kbbuffers  kbcached  kbcommit   %commit  kbactive   kbinact   kbdirty
01:40:57 PM    944324   1493860    321996     15.98     42604    625452   1315464     43.66    257052    650544        20

01:40:57 PM     CPU     %user     %nice   %system   %iowait    %steal     %idle
01:40:58 PM     all      0.00      0.00      0.00      0.00      0.00    100.00

01:40:57 PM kbmemfree   kbavail kbmemused  %memused kbbuffers  kbcached  kbcommit   %commit  kbactive   kbinact   kbdirty
01:40:58 PM    944324   1493868    321996     15.98     42604    625452   1315464     43.66    257060    650544        12

01:40:58 PM     CPU     %user     %nice   %system   %iowait    %steal     %idle
01:40:59 PM     all      0.00      0.00      0.00      0.00      0.00    100.00

01:40:58 PM kbmemfree   kbavail kbmemused  %memused kbbuffers  kbcached  kbcommit   %commit  kbactive   kbinact   kbdirty
01:40:59 PM    944324   1493868    321996     15.98     42604    625452   1315464     43.66    257060    650544        16

01:40:59 PM     CPU     %user     %nice   %system   %iowait    %steal     %idle
01:41:00 PM     all      0.00      0.00      0.00      0.00      0.00    100.00

01:40:59 PM kbmemfree   kbavail kbmemused  %memused kbbuffers  kbcached  kbcommit   %commit  kbactive   kbinact   kbdirty
01:41:00 PM    944324   1493868    321996     15.98     42604    625452   1315464     43.66    257060    650544        16

01:41:00 PM     CPU     %user     %nice   %system   %iowait    %steal     %idle
01:41:01 PM     all      0.00      0.00      0.00      0.00      0.00    100.00

01:41:00 PM kbmemfree   kbavail kbmemused  %memused kbbuffers  kbcached  kbcommit   %commit  kbactive   kbinact   kbdirty
01:41:01 PM    944324   1493868    321996     15.98     42604    625452   1315464     43.66    257060    650544        16

01:41:01 PM     CPU     %user     %nice   %system   %iowait    %steal     %idle
01:41:02 PM     all      0.00      0.00      0.00      0.00      0.00    100.00

01:41:01 PM kbmemfree   kbavail kbmemused  %memused kbbuffers  kbcached  kbcommit   %commit  kbactive   kbinact   kbdirty
01:41:02 PM    944324   1493868    321996     15.98     42604    625452   1315464     43.66    257060    650544        16

01:41:02 PM     CPU     %user     %nice   %system   %iowait    %steal     %idle
01:41:03 PM     all      0.00      0.00      0.00      1.01      0.00     98.99

01:41:02 PM kbmemfree   kbavail kbmemused  %memused kbbuffers  kbcached  kbcommit   %commit  kbactive   kbinact   kbdirty
01:41:03 PM    944324   1493868    321988     15.98     42612    625452   1315464     43.66    257060    650544        16

01:41:03 PM     CPU     %user     %nice   %system   %iowait    %steal     %idle
01:41:04 PM     all      0.00      0.00      0.00      0.00      0.00    100.00

01:41:03 PM kbmemfree   kbavail kbmemused  %memused kbbuffers  kbcached  kbcommit   %commit  kbactive   kbinact   kbdirty
01:41:04 PM    944324   1493880    321984     15.98     42612    625456   1315464     43.66    257068    650548         0

01:41:04 PM     CPU     %user     %nice   %system   %iowait    %steal     %idle
01:41:05 PM     all      0.00      0.00      0.00      0.00      0.00    100.00

01:41:04 PM kbmemfree   kbavail kbmemused  %memused kbbuffers  kbcached  kbcommit   %commit  kbactive   kbinact   kbdirty
01:41:05 PM    944324   1493880    321984     15.98     42612    625456   1315464     43.66    257068    650548         4

01:41:05 PM     CPU     %user     %nice   %system   %iowait    %steal     %idle
01:41:06 PM     all      0.00      0.00      0.00      0.00      0.00    100.00

01:41:05 PM kbmemfree   kbavail kbmemused  %memused kbbuffers  kbcached  kbcommit   %commit  kbactive   kbinact   kbdirty
01:41:06 PM    944324   1493880    321984     15.98     42612    625456   1315464     43.66    257068    650548         4

01:41:06 PM     CPU     %user     %nice   %system   %iowait    %steal     %idle
01:41:07 PM     all      0.00      0.00      0.00      0.00      0.00    100.00

01:41:06 PM kbmemfree   kbavail kbmemused  %memused kbbuffers  kbcached  kbcommit   %commit  kbactive   kbinact   kbdirty
01:41:07 PM    944324   1493880    321984     15.98     42612    625456   1315464     43.66    257068    650548         4

01:41:07 PM     CPU     %user     %nice   %system   %iowait    %steal     %idle
01:41:08 PM     all      0.00      0.00      0.00      0.00      0.00    100.00

01:41:07 PM kbmemfree   kbavail kbmemused  %memused kbbuffers  kbcached  kbcommit   %commit  kbactive   kbinact   kbdirty
01:41:08 PM    944324   1493880    321984     15.98     42612    625456   1315464     43.66    257068    650548         4

01:41:08 PM     CPU     %user     %nice   %system   %iowait    %steal     %idle
01:41:09 PM     all      0.00      0.00      0.00      4.04      0.00     95.96

01:41:08 PM kbmemfree   kbavail kbmemused  %memused kbbuffers  kbcached  kbcommit   %commit  kbactive   kbinact   kbdirty
01:41:09 PM    944324   1493880    321976     15.98     42620    625456   1315464     43.66    257068    650548        16

01:41:09 PM     CPU     %user     %nice   %system   %iowait    %steal     %idle
01:41:10 PM     all      0.00      0.00      0.00      0.00      0.00    100.00

01:41:09 PM kbmemfree   kbavail kbmemused  %memused kbbuffers  kbcached  kbcommit   %commit  kbactive   kbinact   kbdirty
01:41:10 PM    944324   1493888    321976     15.98     42620    625456   1315464     43.66    257076    650548        12

01:41:10 PM     CPU     %user     %nice   %system   %iowait    %steal     %idle
01:41:11 PM     all      0.00      0.00      0.00      0.00      0.00    100.00

01:41:10 PM kbmemfree   kbavail kbmemused  %memused kbbuffers  kbcached  kbcommit   %commit  kbactive   kbinact   kbdirty
01:41:11 PM    944324   1493888    321976     15.98     42620    625456   1315464     43.66    257076    650548        16

01:41:11 PM     CPU     %user     %nice   %system   %iowait    %steal     %idle
01:41:12 PM     all      0.00      0.00      0.00      0.00      0.00    100.00

01:41:11 PM kbmemfree   kbavail kbmemused  %memused kbbuffers  kbcached  kbcommit   %commit  kbactive   kbinact   kbdirty
01:41:12 PM    944324   1493888    321976     15.98     42620    625456   1315464     43.66    257076    650548        16

01:41:12 PM     CPU     %user     %nice   %system   %iowait    %steal     %idle
01:41:13 PM     all      0.00      0.00      0.00      0.00      0.00    100.00

01:41:12 PM kbmemfree   kbavail kbmemused  %memused kbbuffers  kbcached  kbcommit   %commit  kbactive   kbinact   kbdirty
01:41:13 PM    944324   1493888    321976     15.98     42620    625456   1315464     43.66    257076    650548        16

01:41:13 PM     CPU     %user     %nice   %system   %iowait    %steal     %idle
01:41:14 PM     all      0.00      0.00      0.00      0.00      0.00    100.00

01:41:13 PM kbmemfree   kbavail kbmemused  %memused kbbuffers  kbcached  kbcommit   %commit  kbactive   kbinact   kbdirty
01:41:14 PM    944324   1493888    321972     15.98     42620    625460   1315464     43.66    257076    650548        20

01:41:14 PM     CPU     %user     %nice   %system   %iowait    %steal     %idle
01:41:15 PM     all      0.00      0.00      0.00      1.00      0.00     99.00

01:41:14 PM kbmemfree   kbavail kbmemused  %memused kbbuffers  kbcached  kbcommit   %commit  kbactive   kbinact   kbdirty
01:41:15 PM    944324   1493900    321964     15.98     42628    625460   1315464     43.66    257084    650552        20

01:41:15 PM     CPU     %user     %nice   %system   %iowait    %steal     %idle
01:41:16 PM     all      0.00      0.00      0.00      0.00      0.00    100.00

01:41:15 PM kbmemfree   kbavail kbmemused  %memused kbbuffers  kbcached  kbcommit   %commit  kbactive   kbinact   kbdirty
01:41:16 PM    944324   1493900    321964     15.98     42628    625460   1315464     43.66    257084    650552        12

01:41:16 PM     CPU     %user     %nice   %system   %iowait    %steal     %idle
01:41:17 PM     all      0.00      0.00      0.00      0.00      0.00    100.00

01:41:16 PM kbmemfree   kbavail kbmemused  %memused kbbuffers  kbcached  kbcommit   %commit  kbactive   kbinact   kbdirty
01:41:17 PM    944324   1493900    321964     15.98     42628    625460   1315464     43.66    257084    650552        16

01:41:17 PM     CPU     %user     %nice   %system   %iowait    %steal     %idle
01:41:18 PM     all      0.00      0.00      0.00      0.00      0.00    100.00

01:41:17 PM kbmemfree   kbavail kbmemused  %memused kbbuffers  kbcached  kbcommit   %commit  kbactive   kbinact   kbdirty
01:41:18 PM    944324   1493900    321964     15.98     42628    625460   1315464     43.66    257084    650552        16

01:41:18 PM     CPU     %user     %nice   %system   %iowait    %steal     %idle
01:41:19 PM     all      0.00      0.00      0.00      0.00      0.00    100.00

01:41:18 PM kbmemfree   kbavail kbmemused  %memused kbbuffers  kbcached  kbcommit   %commit  kbactive   kbinact   kbdirty
01:41:19 PM    944324   1493900    321964     15.98     42628    625460   1315464     43.66    257084    650552        16

01:41:19 PM     CPU     %user     %nice   %system   %iowait    %steal     %idle
01:41:20 PM     all      0.00      0.00      1.00      0.00      0.00     99.00

01:41:19 PM kbmemfree   kbavail kbmemused  %memused kbbuffers  kbcached  kbcommit   %commit  kbactive   kbinact   kbdirty
01:41:20 PM    944324   1493900    321964     15.98     42628    625460   1315464     43.66    257084    650552        16

01:41:20 PM     CPU     %user     %nice   %system   %iowait    %steal     %idle
01:41:21 PM     all      0.00      0.00      0.00      1.01      0.00     98.99

01:41:20 PM kbmemfree   kbavail kbmemused  %memused kbbuffers  kbcached  kbcommit   %commit  kbactive   kbinact   kbdirty
01:41:21 PM    944324   1493900    321956     15.98     42636    625460   1315464     43.66    257084    650552        16

01:41:21 PM     CPU     %user     %nice   %system   %iowait    %steal     %idle
01:41:22 PM     all      0.00      0.00      0.00      0.00      0.00    100.00

01:41:21 PM kbmemfree   kbavail kbmemused  %memused kbbuffers  kbcached  kbcommit   %commit  kbactive   kbinact   kbdirty
01:41:22 PM    944324   1493908    321956     15.98     42636    625460   1315464     43.66    257092    650552        12

01:41:22 PM     CPU     %user     %nice   %system   %iowait    %steal     %idle
01:41:23 PM     all      0.00      0.00      0.00      0.00      0.00    100.00

01:41:22 PM kbmemfree   kbavail kbmemused  %memused kbbuffers  kbcached  kbcommit   %commit  kbactive   kbinact   kbdirty
01:41:23 PM    944324   1493908    321956     15.98     42636    625460   1315464     43.66    257092    650552        16

01:41:23 PM     CPU     %user     %nice   %system   %iowait    %steal     %idle
01:41:24 PM     all      0.00      0.00      0.00      0.00      0.00    100.00

01:41:23 PM kbmemfree   kbavail kbmemused  %memused kbbuffers  kbcached  kbcommit   %commit  kbactive   kbinact   kbdirty
01:41:24 PM    944324   1493908    321952     15.98     42636    625464   1315464     43.66    257092    650552        20

01:41:24 PM     CPU     %user     %nice   %system   %iowait    %steal     %idle
01:41:25 PM     all      0.00      0.00      0.00      0.00      0.00    100.00

01:41:24 PM kbmemfree   kbavail kbmemused  %memused kbbuffers  kbcached  kbcommit   %commit  kbactive   kbinact   kbdirty
01:41:25 PM    944324   1493908    321952     15.98     42636    625464   1315464     43.66    257092    650348        20

01:41:25 PM     CPU     %user     %nice   %system   %iowait    %steal     %idle
01:41:26 PM     all      0.00      0.00      0.00      0.00      0.00    100.00

01:41:25 PM kbmemfree   kbavail kbmemused  %memused kbbuffers  kbcached  kbcommit   %commit  kbactive   kbinact   kbdirty
01:41:26 PM    944324   1493912    321952     15.98     42636    625464   1315464     43.66    257092    650352        20

01:41:26 PM     CPU     %user     %nice   %system   %iowait    %steal     %idle
01:41:27 PM     all      0.00      0.00      0.00      4.04      0.00     95.96

01:41:26 PM kbmemfree   kbavail kbmemused  %memused kbbuffers  kbcached  kbcommit   %commit  kbactive   kbinact   kbdirty
01:41:27 PM    944324   1493912    321944     15.98     42644    625464   1315464     43.66    257092    650352        20

01:41:27 PM     CPU     %user     %nice   %system   %iowait    %steal     %idle
01:41:28 PM     all      0.00      0.00      0.00      0.00      0.00    100.00

01:41:27 PM kbmemfree   kbavail kbmemused  %memused kbbuffers  kbcached  kbcommit   %commit  kbactive   kbinact   kbdirty
01:41:28 PM    944324   1493920    321944     15.98     42644    625464   1315464     43.66    257100    650352        12

01:41:28 PM     CPU     %user     %nice   %system   %iowait    %steal     %idle
01:41:29 PM     all      0.00      0.00      0.00      0.00      0.00    100.00

01:41:28 PM kbmemfree   kbavail kbmemused  %memused kbbuffers  kbcached  kbcommit   %commit  kbactive   kbinact   kbdirty
01:41:29 PM    944324   1493920    321944     15.98     42644    625464   1315464     43.66    257100    650352        16

01:41:29 PM     CPU     %user     %nice   %system   %iowait    %steal     %idle
01:41:30 PM     all      0.00      0.00      0.00      0.00      0.00    100.00

01:41:29 PM kbmemfree   kbavail kbmemused  %memused kbbuffers  kbcached  kbcommit   %commit  kbactive   kbinact   kbdirty
01:41:30 PM    944324   1493920    321944     15.98     42644    625464   1315464     43.66    257100    650352        16

01:41:30 PM     CPU     %user     %nice   %system   %iowait    %steal     %idle
01:41:31 PM     all      0.00      0.00      0.00      0.00      0.00    100.00

01:41:30 PM kbmemfree   kbavail kbmemused  %memused kbbuffers  kbcached  kbcommit   %commit  kbactive   kbinact   kbdirty
01:41:31 PM    944324   1493920    321944     15.98     42644    625464   1315464     43.66    257100    650352        16

01:41:31 PM     CPU     %user     %nice   %system   %iowait    %steal     %idle
01:41:32 PM     all      0.00      0.00      0.00      0.00      0.00    100.00

01:41:31 PM kbmemfree   kbavail kbmemused  %memused kbbuffers  kbcached  kbcommit   %commit  kbactive   kbinact   kbdirty
01:41:32 PM    944324   1493920    321944     15.98     42644    625464   1315464     43.66    257100    650352        16

01:41:32 PM     CPU     %user     %nice   %system   %iowait    %steal     %idle
01:41:33 PM     all      0.00      0.00      0.00      1.00      0.00     99.00

01:41:32 PM kbmemfree   kbavail kbmemused  %memused kbbuffers  kbcached  kbcommit   %commit  kbactive   kbinact   kbdirty
01:41:33 PM    944324   1493920    321936     15.98     42652    625464   1315464     43.66    257100    650352        16

01:41:33 PM     CPU     %user     %nice   %system   %iowait    %steal     %idle
01:41:34 PM     all      0.00      0.00      0.00      0.00      0.00    100.00

01:41:33 PM kbmemfree   kbavail kbmemused  %memused kbbuffers  kbcached  kbcommit   %commit  kbactive   kbinact   kbdirty
01:41:34 PM    944324   1493932    321932     15.98     42652    625468   1315464     43.66    257108    650356        12

01:41:34 PM     CPU     %user     %nice   %system   %iowait    %steal     %idle
01:41:35 PM     all      0.00      0.00      0.00      0.00      0.00    100.00

01:41:34 PM kbmemfree   kbavail kbmemused  %memused kbbuffers  kbcached  kbcommit   %commit  kbactive   kbinact   kbdirty
01:41:35 PM    944324   1493932    321932     15.98     42652    625468   1315464     43.66    257108    650356        16

01:41:35 PM     CPU     %user     %nice   %system   %iowait    %steal     %idle
01:41:36 PM     all      0.00      0.00      0.00      0.00      0.00    100.00

01:41:35 PM kbmemfree   kbavail kbmemused  %memused kbbuffers  kbcached  kbcommit   %commit  kbactive   kbinact   kbdirty
01:41:36 PM    944324   1493932    321932     15.98     42652    625468   1315464     43.66    257108    650356        16

01:41:36 PM     CPU     %user     %nice   %system   %iowait    %steal     %idle
01:41:37 PM     all      0.00      0.00      0.00      0.00      0.00    100.00

01:41:36 PM kbmemfree   kbavail kbmemused  %memused kbbuffers  kbcached  kbcommit   %commit  kbactive   kbinact   kbdirty
01:41:37 PM    944324   1493932    321932     15.98     42652    625468   1315464     43.66    257108    650356        16

01:41:37 PM     CPU     %user     %nice   %system   %iowait    %steal     %idle
01:41:38 PM     all      0.00      0.00      0.00      1.01      0.00     98.99

01:41:37 PM kbmemfree   kbavail kbmemused  %memused kbbuffers  kbcached  kbcommit   %commit  kbactive   kbinact   kbdirty
01:41:38 PM    944324   1493932    321932     15.98     42652    625468   1315464     43.66    257108    650356        16

01:41:38 PM     CPU     %user     %nice   %system   %iowait    %steal     %idle
01:41:39 PM     all      0.00      0.00      0.00      4.00      0.00     96.00

01:41:38 PM kbmemfree   kbavail kbmemused  %memused kbbuffers  kbcached  kbcommit   %commit  kbactive   kbinact   kbdirty
01:41:39 PM    944324   1493932    321924     15.98     42660    625468   1315464     43.66    257108    650356        16

01:41:39 PM     CPU     %user     %nice   %system   %iowait    %steal     %idle
01:41:40 PM     all      0.00      0.00      0.00      0.00      0.00    100.00

01:41:39 PM kbmemfree   kbavail kbmemused  %memused kbbuffers  kbcached  kbcommit   %commit  kbactive   kbinact   kbdirty
01:41:40 PM    944324   1493940    321924     15.98     42660    625468   1315464     43.66    257116    650356         0

01:41:40 PM     CPU     %user     %nice   %system   %iowait    %steal     %idle
01:41:41 PM     all      0.00      0.00      0.00      0.00      0.00    100.00

01:41:40 PM kbmemfree   kbavail kbmemused  %memused kbbuffers  kbcached  kbcommit   %commit  kbactive   kbinact   kbdirty
01:41:41 PM    944324   1493940    321924     15.98     42660    625468   1315464     43.66    257116    650356         4

01:41:41 PM     CPU     %user     %nice   %system   %iowait    %steal     %idle
01:41:42 PM     all      0.00      0.00      0.00      0.00      0.00    100.00

01:41:41 PM kbmemfree   kbavail kbmemused  %memused kbbuffers  kbcached  kbcommit   %commit  kbactive   kbinact   kbdirty
01:41:42 PM    944324   1493940    321924     15.98     42660    625468   1315464     43.66    257116    650356         4

01:41:42 PM     CPU     %user     %nice   %system   %iowait    %steal     %idle
01:41:43 PM     all      0.00      0.00      0.00      0.00      0.00    100.00

01:41:42 PM kbmemfree   kbavail kbmemused  %memused kbbuffers  kbcached  kbcommit   %commit  kbactive   kbinact   kbdirty
01:41:43 PM    944324   1493940    321924     15.98     42660    625468   1315464     43.66    257116    650356         4

01:41:43 PM     CPU     %user     %nice   %system   %iowait    %steal     %idle
01:41:44 PM     all      0.00      0.00      0.00      0.00      0.00    100.00

01:41:43 PM kbmemfree   kbavail kbmemused  %memused kbbuffers  kbcached  kbcommit   %commit  kbactive   kbinact   kbdirty
01:41:44 PM    944324   1493940    321920     15.98     42660    625472   1315464     43.66    257116    650356         8

01:41:44 PM     CPU     %user     %nice   %system   %iowait    %steal     %idle
01:41:45 PM     all      0.00      0.00      0.00      1.01      0.00     98.99

01:41:44 PM kbmemfree   kbavail kbmemused  %memused kbbuffers  kbcached  kbcommit   %commit  kbactive   kbinact   kbdirty
01:41:45 PM    944324   1493940    321912     15.98     42668    625472   1315464     43.66    257116    650356        12

01:41:45 PM     CPU     %user     %nice   %system   %iowait    %steal     %idle
01:41:46 PM     all      0.00      0.00      0.00      0.00      0.00    100.00

01:41:45 PM kbmemfree   kbavail kbmemused  %memused kbbuffers  kbcached  kbcommit   %commit  kbactive   kbinact   kbdirty
01:41:46 PM    944324   1493952    321912     15.98     42668    625472   1315464     43.66    257124    650360         4

01:41:46 PM     CPU     %user     %nice   %system   %iowait    %steal     %idle
01:41:47 PM     all      0.00      0.00      0.00      0.00      0.00    100.00

01:41:46 PM kbmemfree   kbavail kbmemused  %memused kbbuffers  kbcached  kbcommit   %commit  kbactive   kbinact   kbdirty
01:41:47 PM    944324   1493952    321912     15.98     42668    625472   1315464     43.66    257124    650360         8

01:41:47 PM     CPU     %user     %nice   %system   %iowait    %steal     %idle
01:41:48 PM     all      0.00      0.00      0.00      0.00      0.00    100.00

01:41:47 PM kbmemfree   kbavail kbmemused  %memused kbbuffers  kbcached  kbcommit   %commit  kbactive   kbinact   kbdirty
01:41:48 PM    944324   1493952    321912     15.98     42668    625472   1315464     43.66    257124    650360         8

01:41:48 PM     CPU     %user     %nice   %system   %iowait    %steal     %idle
01:41:49 PM     all      0.00      0.00      0.00      0.00      0.00    100.00

01:41:48 PM kbmemfree   kbavail kbmemused  %memused kbbuffers  kbcached  kbcommit   %commit  kbactive   kbinact   kbdirty
01:41:49 PM    944324   1493952    321912     15.98     42668    625472   1315464     43.66    257124    650360         8

01:41:49 PM     CPU     %user     %nice   %system   %iowait    %steal     %idle
01:41:50 PM     all      0.00      0.00      0.00      0.00      0.00    100.00

01:41:49 PM kbmemfree   kbavail kbmemused  %memused kbbuffers  kbcached  kbcommit   %commit  kbactive   kbinact   kbdirty
01:41:50 PM    944324   1493952    321912     15.98     42668    625472   1315464     43.66    257124    650360         8

01:41:50 PM     CPU     %user     %nice   %system   %iowait    %steal     %idle
01:41:51 PM     all      0.00      0.00      0.00      1.00      0.00     99.00

01:41:50 PM kbmemfree   kbavail kbmemused  %memused kbbuffers  kbcached  kbcommit   %commit  kbactive   kbinact   kbdirty
01:41:51 PM    944324   1493952    321904     15.98     42676    625472   1315464     43.66    257124    650360        16

01:41:51 PM     CPU     %user     %nice   %system   %iowait    %steal     %idle
01:41:52 PM     all      0.00      0.00      0.00      0.00      0.00    100.00

01:41:51 PM kbmemfree   kbavail kbmemused  %memused kbbuffers  kbcached  kbcommit   %commit  kbactive   kbinact   kbdirty
01:41:52 PM    944324   1493952    321904     15.98     42676    625472   1315464     43.66    257124    650360        16

01:41:52 PM     CPU     %user     %nice   %system   %iowait    %steal     %idle
01:41:53 PM     all      0.00      0.00      0.00      0.00      0.00    100.00

01:41:52 PM kbmemfree   kbavail kbmemused  %memused kbbuffers  kbcached  kbcommit   %commit  kbactive   kbinact   kbdirty
01:41:53 PM    944324   1493960    321904     15.98     42676    625472   1315464     43.66    257132    650360        16

01:41:53 PM     CPU     %user     %nice   %system   %iowait    %steal     %idle
01:41:54 PM     all      0.00      0.00      0.00      0.00      0.00    100.00

01:41:53 PM kbmemfree   kbavail kbmemused  %memused kbbuffers  kbcached  kbcommit   %commit  kbactive   kbinact   kbdirty
01:41:54 PM    944324   1493960    321900     15.98     42676    625476   1315464     43.66    257132    650360        20

01:41:54 PM     CPU     %user     %nice   %system   %iowait    %steal     %idle
01:41:55 PM     all      0.00      0.00      1.00      0.00      0.00     99.00

01:41:54 PM kbmemfree   kbavail kbmemused  %memused kbbuffers  kbcached  kbcommit   %commit  kbactive   kbinact   kbdirty
01:41:55 PM    944324   1493960    321900     15.98     42676    625476   1315464     43.66    257132    650360        20

01:41:55 PM     CPU     %user     %nice   %system   %iowait    %steal     %idle
01:41:56 PM     all      0.00      0.00      0.00      0.00      0.00    100.00

01:41:55 PM kbmemfree   kbavail kbmemused  %memused kbbuffers  kbcached  kbcommit   %commit  kbactive   kbinact   kbdirty
01:41:56 PM    944324   1493964    321900     15.98     42676    625476   1315464     43.66    257132    650364        20

01:41:56 PM     CPU     %user     %nice   %system   %iowait    %steal     %idle
01:41:57 PM     all      0.00      0.00      0.00      0.00      0.00    100.00

01:41:56 PM kbmemfree   kbavail kbmemused  %memused kbbuffers  kbcached  kbcommit   %commit  kbactive   kbinact   kbdirty
01:41:57 PM    944324   1493964    321892     15.98     42684    625476   1315464     43.66    257132    650364        20

01:41:57 PM     CPU     %user     %nice   %system   %iowait    %steal     %idle
01:41:58 PM     all      0.00      0.00      0.00      0.00      0.00    100.00

01:41:57 PM kbmemfree   kbavail kbmemused  %memused kbbuffers  kbcached  kbcommit   %commit  kbactive   kbinact   kbdirty
01:41:58 PM    944324   1493972    321892     15.98     42684    625476   1315464     43.66    257140    650364        12

01:41:58 PM     CPU     %user     %nice   %system   %iowait    %steal     %idle
01:41:59 PM     all      0.00      0.00      0.00      0.00      0.00    100.00

01:41:58 PM kbmemfree   kbavail kbmemused  %memused kbbuffers  kbcached  kbcommit   %commit  kbactive   kbinact   kbdirty
01:41:59 PM    944324   1493972    321892     15.98     42684    625476   1315464     43.66    257140    650364        16

01:41:59 PM     CPU     %user     %nice   %system   %iowait    %steal     %idle
01:42:00 PM     all      0.00      0.00      0.00      0.00      0.00    100.00

01:41:59 PM kbmemfree   kbavail kbmemused  %memused kbbuffers  kbcached  kbcommit   %commit  kbactive   kbinact   kbdirty
01:42:00 PM    944324   1493972    321892     15.98     42684    625476   1315464     43.66    257140    650364        16
