Linux 6.12.38+deb13-amd64 (debian) 	10/04/2025 	_x86_64_	(2 CPU)

09:49:47 PM     CPU     %user     %nice   %system   %iowait    %steal     %idle
09:49:48 PM     all      0.00      0.00      4.72      0.00      0.00     95.28

09:49:47 PM kbmemfree   kbavail kbmemused  %memused kbbuffers  kbcached  kbcommit   %commit  kbactive   kbinact   kbdirty
09:49:48 PM   1741436   1723032    122556      6.06     12312     92728    342624     10.88    119876     25888       388

09:49:48 PM     CPU     %user     %nice   %system   %iowait    %steal     %idle
09:49:49 PM     all      0.00      0.00      3.37      0.00      0.00     96.63

09:49:48 PM kbmemfree   kbavail kbmemused  %memused kbbuffers  kbcached  kbcommit   %commit  kbactive   kbinact   kbdirty
09:49:49 PM   1741436   1723032    122556      6.06     12312     92728    342624     10.88    119876     25888       388

09:49:49 PM     CPU     %user     %nice   %system   %iowait    %steal     %idle
09:49:50 PM     all      0.00      0.00      1.92      0.00      0.00     98.08

09:49:49 PM kbmemfree   kbavail kbmemused  %memused kbbuffers  kbcached  kbcommit   %commit  kbactive   kbinact   kbdirty
09:49:50 PM   1741436   1723032    122556      6.06     12312     92728    342624     10.88    119876     25888       388

09:49:50 PM     CPU     %user     %nice   %system   %iowait    %steal     %idle
09:49:51 PM     all      0.00      0.00      0.00      1.95      0.00     98.05

09:49:50 PM kbmemfree   kbavail kbmemused  %memused kbbuffers  kbcached  kbcommit   %commit  kbactive   kbinact   kbdirty
09:49:51 PM   1741436   1723036    122536      6.06     12320     92728    342624     10.88    119876     25892       468

09:49:51 PM     CPU     %user     %nice   %system   %iowait    %steal     %idle
09:49:52 PM     all      0.00      0.00      0.00      0.00      0.00    100.00

09:49:51 PM kbmemfree   kbavail kbmemused  %memused kbbuffers  kbcached  kbcommit   %commit  kbactive   kbinact   kbdirty
09:49:52 PM   1741436   1723036    122536      6.06     12320     92728    342624     10.88    119876     25892       468

09:49:52 PM     CPU     %user     %nice   %system   %iowait    %steal     %idle
09:49:53 PM     all      0.00      0.00      0.00      0.00      0.00    100.00

09:49:52 PM kbmemfree   kbavail kbmemused  %memused kbbuffers  kbcached  kbcommit   %commit  kbactive   kbinact   kbdirty
09:49:53 PM   1741436   1723036    122536      6.06     12320     92728    342624     10.88    119880     25892       460

09:49:53 PM     CPU     %user     %nice   %system   %iowait    %steal     %idle
09:49:54 PM     all      0.00      0.00      0.00      0.00      0.00    100.00

09:49:53 PM kbmemfree   kbavail kbmemused  %memused kbbuffers  kbcached  kbcommit   %commit  kbactive   kbinact   kbdirty
09:49:54 PM   1741436   1723036    122536      6.06     12320     92728    342624     10.88    119880     25892       460

09:49:54 PM     CPU     %user     %nice   %system   %iowait    %steal     %idle
09:49:55 PM     all      0.00      0.00      0.00      0.00      0.00    100.00

09:49:54 PM kbmemfree   kbavail kbmemused  %memused kbbuffers  kbcached  kbcommit   %commit  kbactive   kbinact   kbdirty
09:49:55 PM   1741436   1723036    122536      6.06     12320     92728    342624     10.88    119880     25892       460

09:49:55 PM     CPU     %user     %nice   %system   %iowait    %steal     %idle
09:49:56 PM     all      0.00      0.00      0.00      0.50      0.00     99.50

09:49:55 PM kbmemfree   kbavail kbmemused  %memused kbbuffers  kbcached  kbcommit   %commit  kbactive   kbinact   kbdirty
09:49:56 PM   1741436   1723040    122528      6.06     12328     92728    342624     10.88    119880     25896       340

09:49:56 PM     CPU     %user     %nice   %system   %iowait    %steal     %idle
09:49:57 PM     all      0.00      0.00      0.00      1.50      0.00     98.50

09:49:56 PM kbmemfree   kbavail kbmemused  %memused kbbuffers  kbcached  kbcommit   %commit  kbactive   kbinact   kbdirty
09:49:57 PM   1741436   1723040    122528      6.06     12328     92728    342624     10.88    119880     25896       356

09:49:57 PM     CPU     %user     %nice   %system   %iowait    %steal     %idle
09:49:58 PM     all      0.00      0.00      0.00      0.00      0.00    100.00

09:49:57 PM kbmemfree   kbavail kbmemused  %memused kbbuffers  kbcached  kbcommit   %commit  kbactive   kbinact   kbdirty
09:49:58 PM   1741436   1723044    122520      6.06     12328     92736    342624     10.88    119880     25908       376

09:49:58 PM     CPU     %user     %nice   %system   %iowait    %steal     %idle
09:49:59 PM     all      0.00      0.00      0.00      0.00      0.00    100.00

09:49:58 PM kbmemfree   kbavail kbmemused  %memused kbbuffers  kbcached  kbcommit   %commit  kbactive   kbinact   kbdirty
09:49:59 PM   1741436   1723044    122520      6.06     12328     92736    342624     10.88    119880     25908       376

09:49:59 PM     CPU     %user     %nice   %system   %iowait    %steal     %idle
09:50:00 PM     all      0.00      0.00      0.00      0.00      0.00    100.00

09:49:59 PM kbmemfree   kbavail kbmemused  %memused kbbuffers  kbcached  kbcommit   %commit  kbactive   kbinact   kbdirty
09:50:00 PM   1741436   1723044    122520      6.06     12328     92736    342624     10.88    119880     25908       376

09:50:00 PM     CPU     %user     %nice   %system   %iowait    %steal     %idle
09:50:01 PM     all      0.00      0.00      0.00      0.00      0.00    100.00

09:50:00 PM kbmemfree   kbavail kbmemused  %memused kbbuffers  kbcached  kbcommit   %commit  kbactive   kbinact   kbdirty
09:50:01 PM   1741436   1723044    122520      6.06     12328     92736    342624     10.88    119880     25908       376

09:50:01 PM     CPU     %user     %nice   %system   %iowait    %steal     %idle
09:50:02 PM     all      0.00      0.00      0.00      1.99      0.00     98.01

09:50:01 PM kbmemfree   kbavail kbmemused  %memused kbbuffers  kbcached  kbcommit   %commit  kbactive   kbinact   kbdirty
09:50:02 PM   1741436   1723044    122512      6.06     12336     92736    342624     10.88    119880     25908       392

09:50:02 PM     CPU     %user     %nice   %system   %iowait    %steal     %idle
09:50:03 PM     all      0.00      0.00      1.00      0.00      0.00     99.00

09:50:02 PM kbmemfree   kbavail kbmemused  %memused kbbuffers  kbcached  kbcommit   %commit  kbactive   kbinact   kbdirty
09:50:03 PM   1741436   1723052    122512      6.06     12336     92736    342624     10.88    120056     25920       368

09:50:03 PM     CPU     %user     %nice   %system   %iowait    %steal     %idle
09:50:04 PM     all      0.00      0.00      0.00      0.00      0.00    100.00

09:50:03 PM kbmemfree   kbavail kbmemused  %memused kbbuffers  kbcached  kbcommit   %commit  kbactive   kbinact   kbdirty
09:50:04 PM   1741436   1723052    122512      6.06     12336     92736    342624     10.88    120032     25920       372

09:50:04 PM     CPU     %user     %nice   %system   %iowait    %steal     %idle
09:50:05 PM     all      0.00      0.00      0.47      0.00      0.00     99.53

09:50:04 PM kbmemfree   kbavail kbmemused  %memused kbbuffers  kbcached  kbcommit   %commit  kbactive   kbinact   kbdirty
09:50:05 PM   1741436   1723052    122512      6.06     12336     92736    342624     10.88    120032     25920       372

09:50:05 PM     CPU     %user     %nice   %system   %iowait    %steal     %idle
09:50:06 PM     all      0.00      0.00      0.00      0.00      0.00    100.00

09:50:05 PM kbmemfree   kbavail kbmemused  %memused kbbuffers  kbcached  kbcommit   %commit  kbactive   kbinact   kbdirty
09:50:06 PM   1741436   1723052    122512      6.06     12336     92736    342624     10.88    120032     25920       372

09:50:06 PM     CPU     %user     %nice   %system   %iowait    %steal     %idle
09:50:07 PM     all      0.00      0.00      0.00      0.00      0.00    100.00

09:50:06 PM kbmemfree   kbavail kbmemused  %memused kbbuffers  kbcached  kbcommit   %commit  kbactive   kbinact   kbdirty
09:50:07 PM   1741436   1723052    122512      6.06     12344     92728    342624     10.88    120032     25920       372

09:50:07 PM     CPU     %user     %nice   %system   %iowait    %steal     %idle
09:50:08 PM     all      0.00      0.00      0.00      0.00      0.00    100.00

09:50:07 PM kbmemfree   kbavail kbmemused  %memused kbbuffers  kbcached  kbcommit   %commit  kbactive   kbinact   kbdirty
09:50:08 PM   1741436   1723052    122504      6.06     12344     92736    342624     10.88    120032     25924       388

09:50:08 PM     CPU     %user     %nice   %system   %iowait    %steal     %idle
09:50:09 PM     all      0.00      0.00      0.00      0.00      0.00    100.00

09:50:08 PM kbmemfree   kbavail kbmemused  %memused kbbuffers  kbcached  kbcommit   %commit  kbactive   kbinact   kbdirty
09:50:09 PM   1741436   1723052    122500      6.06     12344     92740    342624     10.88    120032     25924       392

09:50:09 PM     CPU     %user     %nice   %system   %iowait    %steal     %idle
09:50:10 PM     all      0.00      0.00      0.00      0.00      0.00    100.00

09:50:09 PM kbmemfree   kbavail kbmemused  %memused kbbuffers  kbcached  kbcommit   %commit  kbactive   kbinact   kbdirty
09:50:10 PM   1741436   1723052    122500      6.06     12344     92740    342624     10.88    120032     25924       392

09:50:10 PM     CPU     %user     %nice   %system   %iowait    %steal     %idle
09:50:11 PM     all      0.00      0.00      0.00      0.00      0.00    100.00

09:50:10 PM kbmemfree   kbavail kbmemused  %memused kbbuffers  kbcached  kbcommit   %commit  kbactive   kbinact   kbdirty
09:50:11 PM   1741436   1723052    122500      6.06     12344     92740    342624     10.88    120032     25924       392

09:50:11 PM     CPU     %user     %nice   %system   %iowait    %steal     %idle
09:50:12 PM     all      0.00      0.00      0.00      0.00      0.00    100.00

09:50:11 PM kbmemfree   kbavail kbmemused  %memused kbbuffers  kbcached  kbcommit   %commit  kbactive   kbinact   kbdirty
09:50:12 PM   1741436   1723052    122500      6.06     12344     92740    342624     10.88    120032     25924       392

09:50:12 PM     CPU     %user     %nice   %system   %iowait    %steal     %idle
09:50:13 PM     all      0.00      0.00      0.00      0.50      0.00     99.50

09:50:12 PM kbmemfree   kbavail kbmemused  %memused kbbuffers  kbcached  kbcommit   %commit  kbactive   kbinact   kbdirty
09:50:13 PM   1741436   1723060    122492      6.06     12352     92740    342624     10.88    120032     25940       384

09:50:13 PM     CPU     %user     %nice   %system   %iowait    %steal     %idle
09:50:14 PM     all      0.00      0.00      0.00      0.00      0.00    100.00

09:50:13 PM kbmemfree   kbavail kbmemused  %memused kbbuffers  kbcached  kbcommit   %commit  kbactive   kbinact   kbdirty
09:50:14 PM   1741436   1723060    122492      6.06     12352     92740    342624     10.88    120032     25940       380

09:50:14 PM     CPU     %user     %nice   %system   %iowait    %steal     %idle
09:50:15 PM     all      0.00      0.00      0.00      0.00      0.00    100.00

09:50:14 PM kbmemfree   kbavail kbmemused  %memused kbbuffers  kbcached  kbcommit   %commit  kbactive   kbinact   kbdirty
09:50:15 PM   1741436   1723060    122492      6.06     12352     92740    342624     10.88    120032     25940       380

09:50:15 PM     CPU     %user     %nice   %system   %iowait    %steal     %idle
09:50:16 PM     all      0.00      0.00      0.00      0.00      0.00    100.00

09:50:15 PM kbmemfree   kbavail kbmemused  %memused kbbuffers  kbcached  kbcommit   %commit  kbactive   kbinact   kbdirty
09:50:16 PM   1741436   1723060    122492      6.06     12352     92740    342624     10.88    120032     25940       380

09:50:16 PM     CPU     %user     %nice   %system   %iowait    %steal     %idle
09:50:17 PM     all      0.00      0.00      0.00      0.50      0.00     99.50

09:50:16 PM kbmemfree   kbavail kbmemused  %memused kbbuffers  kbcached  kbcommit   %commit  kbactive   kbinact   kbdirty
09:50:17 PM   1741436   1723060    122492      6.06     12352     92740    342624     10.88    120032     25940        44

09:50:17 PM     CPU     %user     %nice   %system   %iowait    %steal     %idle
09:50:18 PM     all      0.00      0.00      0.49      0.00      0.00     99.51

09:50:17 PM kbmemfree   kbavail kbmemused  %memused kbbuffers  kbcached  kbcommit   %commit  kbactive   kbinact   kbdirty
09:50:18 PM   1741436   1723060    122492      6.06     12352     92740    342624     10.88    120032     25940        56

09:50:18 PM     CPU     %user     %nice   %system   %iowait    %steal     %idle
09:50:19 PM     all      0.00      0.00      0.00      2.00      0.00     98.00

09:50:18 PM kbmemfree   kbavail kbmemused  %memused kbbuffers  kbcached  kbcommit   %commit  kbactive   kbinact   kbdirty
09:50:19 PM   1741436   1723060    122480      6.06     12360     92744    342624     10.88    120032     25940        64

09:50:19 PM     CPU     %user     %nice   %system   %iowait    %steal     %idle
09:50:20 PM     all      0.00      0.00      0.00      0.00      0.00    100.00

09:50:19 PM kbmemfree   kbavail kbmemused  %memused kbbuffers  kbcached  kbcommit   %commit  kbactive   kbinact   kbdirty
09:50:20 PM   1741436   1723060    122480      6.06     12360     92744    342624     10.88    120032     25940        68

09:50:20 PM     CPU     %user     %nice   %system   %iowait    %steal     %idle
09:50:21 PM     all      0.00      0.00      0.48      0.00      0.00     99.52

09:50:20 PM kbmemfree   kbavail kbmemused  %memused kbbuffers  kbcached  kbcommit   %commit  kbactive   kbinact   kbdirty
09:50:21 PM   1741436   1723060    122480      6.06     12360     92744    342624     10.88    120032     25940        68

09:50:21 PM     CPU     %user     %nice   %system   %iowait    %steal     %idle
09:50:22 PM     all      0.00      0.00      0.00      0.00      0.00    100.00

09:50:21 PM kbmemfree   kbavail kbmemused  %memused kbbuffers  kbcached  kbcommit   %commit  kbactive   kbinact   kbdirty
09:50:22 PM   1741436   1723060    122480      6.06     12360     92744    342624     10.88    120032     25940        68

09:50:22 PM     CPU     %user     %nice   %system   %iowait    %steal     %idle
09:50:23 PM     all      0.00      0.00      0.00      0.00      0.00    100.00

09:50:22 PM kbmemfree   kbavail kbmemused  %memused kbbuffers  kbcached  kbcommit   %commit  kbactive   kbinact   kbdirty
09:50:23 PM   1741436   1723068    122480      6.06     12360     92744    342624     10.88    120032     25952        56

09:50:23 PM     CPU     %user     %nice   %system   %iowait    %steal     %idle
09:50:24 PM     all      0.00      0.00      0.00      0.50      0.00     99.50

09:50:23 PM kbmemfree   kbavail kbmemused  %memused kbbuffers  kbcached  kbcommit   %commit  kbactive   kbinact   kbdirty
09:50:24 PM   1741436   1723068    122472      6.06     12368     92744    342624     10.88    120032     25952        56

09:50:24 PM     CPU     %user     %nice   %system   %iowait    %steal     %idle
09:50:25 PM     all      0.00      0.00      0.50      0.00      0.00     99.50

09:50:24 PM kbmemfree   kbavail kbmemused  %memused kbbuffers  kbcached  kbcommit   %commit  kbactive   kbinact   kbdirty
09:50:25 PM   1741436   1723068    122472      6.06     12368     92744    342624     10.88    120032     25952        56

09:50:25 PM     CPU     %user     %nice   %system   %iowait    %steal     %idle
09:50:26 PM     all      0.00      0.00      0.00      0.00      0.00    100.00

09:50:25 PM kbmemfree   kbavail kbmemused  %memused kbbuffers  kbcached  kbcommit   %commit  kbactive   kbinact   kbdirty
09:50:26 PM   1741436   1723068    122472      6.06     12368     92744    342624     10.88    120032     25952        56

09:50:26 PM     CPU     %user     %nice   %system   %iowait    %steal     %idle
09:50:27 PM     all      0.00      0.00      0.00      0.00      0.00    100.00

09:50:26 PM kbmemfree   kbavail kbmemused  %memused kbbuffers  kbcached  kbcommit   %commit  kbactive   kbinact   kbdirty
09:50:27 PM   1741436   1723072    122472      6.06     12368     92744    342624     10.88    120032     25960        56

09:50:27 PM     CPU     %user     %nice   %system   %iowait    %steal     %idle
09:50:28 PM     all      0.00      0.00      0.00      0.00      0.00    100.00

09:50:27 PM kbmemfree   kbavail kbmemused  %memused kbbuffers  kbcached  kbcommit   %commit  kbactive   kbinact   kbdirty
09:50:28 PM   1741436   1723072    122464      6.06     12368     92752    342624     10.88    120032     25960        24

09:50:28 PM     CPU     %user     %nice   %system   %iowait    %steal     %idle
09:50:29 PM     all      0.00      0.00      0.00      0.00      0.00    100.00

09:50:28 PM kbmemfree   kbavail kbmemused  %memused kbbuffers  kbcached  kbcommit   %commit  kbactive   kbinact   kbdirty
09:50:29 PM   1741436   1723072    122460      6.06     12368     92756    342624     10.88    120032     25960        28

09:50:29 PM     CPU     %user     %nice   %system   %iowait    %steal     %idle
09:50:30 PM     all      0.00      0.00      0.49      0.49      0.00     99.01

09:50:29 PM kbmemfree   kbavail kbmemused  %memused kbbuffers  kbcached  kbcommit   %commit  kbactive   kbinact   kbdirty
09:50:30 PM   1741436   1723072    122452      6.06     12376     92756    342624     10.88    120032     25960        44

09:50:30 PM     CPU     %user     %nice   %system   %iowait    %steal     %idle
09:50:31 PM     all      0.00      0.00      0.00      0.00      0.00    100.00

09:50:30 PM kbmemfree   kbavail kbmemused  %memused kbbuffers  kbcached  kbcommit   %commit  kbactive   kbinact   kbdirty
09:50:31 PM   1741436   1723072    122452      6.06     12376     92756    342624     10.88    120032     25964        40

09:50:31 PM     CPU     %user     %nice   %system   %iowait    %steal     %idle
09:50:32 PM     all      0.00      0.00      0.50      0.00      0.00     99.50

09:50:31 PM kbmemfree   kbavail kbmemused  %memused kbbuffers  kbcached  kbcommit   %commit  kbactive   kbinact   kbdirty
09:50:32 PM   1741436   1723072    122452      6.06     12376     92756    342624     10.88    120032     25964        40

09:50:32 PM     CPU     %user     %nice   %system   %iowait    %steal     %idle
09:50:33 PM     all      0.00      0.00      0.00      0.00      0.00    100.00

09:50:32 PM kbmemfree   kbavail kbmemused  %memused kbbuffers  kbcached  kbcommit   %commit  kbactive   kbinact   kbdirty
09:50:33 PM   1741436   1723080    122452      6.06     12376     92756    342624     10.88    120032     25980        20

09:50:33 PM     CPU     %user     %nice   %system   %iowait    %steal     %idle
09:50:34 PM     all      0.00      0.00      0.00      0.00      0.00    100.00

09:50:33 PM kbmemfree   kbavail kbmemused  %memused kbbuffers  kbcached  kbcommit   %commit  kbactive   kbinact   kbdirty
09:50:34 PM   1741436   1723080    122452      6.06     12376     92756    342624     10.88    120032     25980        20

09:50:34 PM     CPU     %user     %nice   %system   %iowait    %steal     %idle
09:50:35 PM     all      0.00      0.00      0.50      0.00      0.00     99.50

09:50:34 PM kbmemfree   kbavail kbmemused  %memused kbbuffers  kbcached  kbcommit   %commit  kbactive   kbinact   kbdirty
09:50:35 PM   1741436   1723080    122452      6.06     12376     92756    342624     10.88    120032     25980        20

09:50:35 PM     CPU     %user     %nice   %system   %iowait    %steal     %idle
09:50:36 PM     all      0.00      0.00      0.00      2.01      0.00     97.99

09:50:35 PM kbmemfree   kbavail kbmemused  %memused kbbuffers  kbcached  kbcommit   %commit  kbactive   kbinact   kbdirty
09:50:36 PM   1741436   1723084    122444      6.06     12384     92756    342624     10.88    120032     25988        32

09:50:36 PM     CPU     %user     %nice   %system   %iowait    %steal     %idle
09:50:37 PM     all      0.00      0.00      0.50      0.50      0.00     99.00

09:50:36 PM kbmemfree   kbavail kbmemused  %memused kbbuffers  kbcached  kbcommit   %commit  kbactive   kbinact   kbdirty
09:50:37 PM   1741244   1722892    122636      6.07     12392     92748    342624     10.88    120032     25988        36

09:50:37 PM     CPU     %user     %nice   %system   %iowait    %steal     %idle
09:50:38 PM     all      0.00      0.00      0.00      0.00      0.00    100.00

09:50:37 PM kbmemfree   kbavail kbmemused  %memused kbbuffers  kbcached  kbcommit   %commit  kbactive   kbinact   kbdirty
09:50:38 PM   1741212   1722860    122660      6.07     12392     92756    342624     10.88    120032     25988        52

09:50:38 PM     CPU     %user     %nice   %system   %iowait    %steal     %idle
09:50:40 PM     all      0.00      0.00      0.00      0.00      0.00    100.00

09:50:38 PM kbmemfree   kbavail kbmemused  %memused kbbuffers  kbcached  kbcommit   %commit  kbactive   kbinact   kbdirty
09:50:40 PM   1741212   1722860    122656      6.07     12392     92760    342624     10.88    120032     25988        56

09:50:40 PM     CPU     %user     %nice   %system   %iowait    %steal     %idle
09:50:41 PM     all      0.00      0.00      0.00      0.00      0.00    100.00

09:50:40 PM kbmemfree   kbavail kbmemused  %memused kbbuffers  kbcached  kbcommit   %commit  kbactive   kbinact   kbdirty
09:50:41 PM   1741212   1722860    122656      6.07     12392     92760    342624     10.88    120032     25988        56

09:50:41 PM     CPU     %user     %nice   %system   %iowait    %steal     %idle
09:50:42 PM     all      0.00      0.00      0.00      0.00      0.00    100.00

09:50:41 PM kbmemfree   kbavail kbmemused  %memused kbbuffers  kbcached  kbcommit   %commit  kbactive   kbinact   kbdirty
09:50:42 PM   1741212   1722860    122656      6.07     12392     92760    342624     10.88    120032     25988        56

09:50:42 PM     CPU     %user     %nice   %system   %iowait    %steal     %idle
09:50:43 PM     all      0.00      0.00      0.00      0.00      0.00    100.00

09:50:42 PM kbmemfree   kbavail kbmemused  %memused kbbuffers  kbcached  kbcommit   %commit  kbactive   kbinact   kbdirty
09:50:43 PM   1741212   1722860    122656      6.07     12392     92760    342624     10.88    120032     25988         8

09:50:43 PM     CPU     %user     %nice   %system   %iowait    %steal     %idle
09:50:44 PM     all      0.00      0.00      0.50      1.99      0.00     97.51

09:50:43 PM kbmemfree   kbavail kbmemused  %memused kbbuffers  kbcached  kbcommit   %commit  kbactive   kbinact   kbdirty
09:50:44 PM   1741212   1722868    122648      6.07     12400     92760    342624     10.88    120032     26000        12

09:50:44 PM     CPU     %user     %nice   %system   %iowait    %steal     %idle
09:50:45 PM     all      0.00      0.00      0.00      0.00      0.00    100.00

09:50:44 PM kbmemfree   kbavail kbmemused  %memused kbbuffers  kbcached  kbcommit   %commit  kbactive   kbinact   kbdirty
09:50:45 PM   1741212   1722868    122648      6.07     12400     92760    342624     10.88    120032     26000        12

09:50:45 PM     CPU     %user     %nice   %system   %iowait    %steal     %idle
09:50:46 PM     all      0.00      0.00      0.50      0.00      0.00     99.50

09:50:45 PM kbmemfree   kbavail kbmemused  %memused kbbuffers  kbcached  kbcommit   %commit  kbactive   kbinact   kbdirty
09:50:46 PM   1741212   1722868    122648      6.07     12400     92760    342624     10.88    120032     26000        12

09:50:46 PM     CPU     %user     %nice   %system   %iowait    %steal     %idle
09:50:47 PM     all      0.00      0.00      0.95      0.00      0.00     99.05

09:50:46 PM kbmemfree   kbavail kbmemused  %memused kbbuffers  kbcached  kbcommit   %commit  kbactive   kbinact   kbdirty
09:50:47 PM   1741212   1722868    122648      6.07     12400     92760    342624     10.88    120032     26000        12

09:50:47 PM     CPU     %user     %nice   %system   %iowait    %steal     %idle
09:50:48 PM     all      0.00      0.00      0.00      0.00      0.00    100.00

09:50:47 PM kbmemfree   kbavail kbmemused  %memused kbbuffers  kbcached  kbcommit   %commit  kbactive   kbinact   kbdirty
09:50:48 PM   1741212   1722868    122648      6.07     12400     92760    342624     10.88    120032     26000        12

Average:        CPU     %user     %nice   %system   %iowait    %steal     %idle
Average:        all      0.00      0.00      0.29      0.24      0.00     99.48

Average:    kbmemfree   kbavail kbmemused  %memused kbbuffers  kbcached  kbcommit   %commit  kbactive   kbinact   kbdirty
Average:      1741395   1723021    122526      6.06     12356     92743    342624     10.88    119994     25942       211
