Linux 6.12.38+deb13-amd64 (debian) 	10/04/2025 	_x86_64_	(2 CPU)

08:06:31 PM     CPU     %user     %nice   %system   %iowait    %steal     %idle
08:06:32 PM     all      0.97      0.00      3.40      0.00      0.00     95.63

08:06:31 PM kbmemfree   kbavail kbmemused  %memused kbbuffers  kbcached  kbcommit   %commit  kbactive   kbinact   kbdirty
08:06:32 PM   1641208   1693592    158040      7.82     14988    165524    370232     11.76    228444     31096         0

08:06:32 PM     CPU     %user     %nice   %system   %iowait    %steal     %idle
08:06:33 PM     all      0.00      0.00      3.90      0.00      0.00     96.10

08:06:32 PM kbmemfree   kbavail kbmemused  %memused kbbuffers  kbcached  kbcommit   %commit  kbactive   kbinact   kbdirty
08:06:33 PM   1641208   1693596    158028      7.82     14988    165536    370232     11.76    228384     31100        16

08:06:33 PM     CPU     %user     %nice   %system   %iowait    %steal     %idle
08:06:34 PM     all      0.00      0.00      3.35      0.00      0.00     96.65

08:06:33 PM kbmemfree   kbavail kbmemused  %memused kbbuffers  kbcached  kbcommit   %commit  kbactive   kbinact   kbdirty
08:06:34 PM   1641208   1693596    158028      7.82     14988    165536    370232     11.76    228384     31100        16

08:06:34 PM     CPU     %user     %nice   %system   %iowait    %steal     %idle
08:06:35 PM     all      0.00      0.00      0.00      0.00      0.00    100.00

08:06:34 PM kbmemfree   kbavail kbmemused  %memused kbbuffers  kbcached  kbcommit   %commit  kbactive   kbinact   kbdirty
08:06:35 PM   1641208   1693596    158028      7.82     14988    165536    370232     11.76    228384     31100        16

08:06:35 PM     CPU     %user     %nice   %system   %iowait    %steal     %idle
08:06:36 PM     all      0.00      0.00      0.00      0.00      0.00    100.00

08:06:35 PM kbmemfree   kbavail kbmemused  %memused kbbuffers  kbcached  kbcommit   %commit  kbactive   kbinact   kbdirty
08:06:36 PM   1641208   1693600    158028      7.82     14988    165536    370232     11.76    228424     31104        16

08:06:36 PM     CPU     %user     %nice   %system   %iowait    %steal     %idle
08:06:37 PM     all      0.00      0.00      0.00      0.00      0.00    100.00

08:06:36 PM kbmemfree   kbavail kbmemused  %memused kbbuffers  kbcached  kbcommit   %commit  kbactive   kbinact   kbdirty
08:06:37 PM   1641208   1693608    158020      7.82     14996    165536    370232     11.76    228424     31112       120

08:06:37 PM     CPU     %user     %nice   %system   %iowait    %steal     %idle
08:06:38 PM     all      0.00      0.00      0.00      0.00      0.00    100.00

08:06:37 PM kbmemfree   kbavail kbmemused  %memused kbbuffers  kbcached  kbcommit   %commit  kbactive   kbinact   kbdirty
08:06:38 PM   1641208   1693608    158020      7.82     14996    165536    370232     11.76    228424     31112       120

08:06:38 PM     CPU     %user     %nice   %system   %iowait    %steal     %idle
08:06:39 PM     all      0.00      0.00      0.00      0.00      0.00    100.00

08:06:38 PM kbmemfree   kbavail kbmemused  %memused kbbuffers  kbcached  kbcommit   %commit  kbactive   kbinact   kbdirty
08:06:39 PM   1641208   1693608    158020      7.82     14996    165536    370232     11.76    228424     31112       120

08:06:39 PM     CPU     %user     %nice   %system   %iowait    %steal     %idle
08:06:40 PM     all      0.00      0.00      0.00      0.00      0.00    100.00

08:06:39 PM kbmemfree   kbavail kbmemused  %memused kbbuffers  kbcached  kbcommit   %commit  kbactive   kbinact   kbdirty
08:06:40 PM   1641208   1693608    158020      7.82     14996    165536    370232     11.76    228424     31112       120

08:06:40 PM     CPU     %user     %nice   %system   %iowait    %steal     %idle
08:06:41 PM     all      0.00      0.00      0.00      0.00      0.00    100.00

08:06:40 PM kbmemfree   kbavail kbmemused  %memused kbbuffers  kbcached  kbcommit   %commit  kbactive   kbinact   kbdirty
08:06:41 PM   1641208   1693608    158020      7.82     14996    165536    370232     11.76    228424     31112       120

08:06:41 PM     CPU     %user     %nice   %system   %iowait    %steal     %idle
08:06:42 PM     all      0.50      0.00      0.00      0.50      0.00     99.00

08:06:41 PM kbmemfree   kbavail kbmemused  %memused kbbuffers  kbcached  kbcommit   %commit  kbactive   kbinact   kbdirty
08:06:42 PM   1641208   1693608    158020      7.82     15004    165528    370272     11.76    228760     31112        36

08:06:42 PM     CPU     %user     %nice   %system   %iowait    %steal     %idle
08:06:43 PM     all      0.00      0.00      0.99      0.00      0.00     99.01

08:06:42 PM kbmemfree   kbavail kbmemused  %memused kbbuffers  kbcached  kbcommit   %commit  kbactive   kbinact   kbdirty
08:06:43 PM   1641208   1693620    158008      7.82     15004    165540    370272     11.76    228660     31124        24

08:06:43 PM     CPU     %user     %nice   %system   %iowait    %steal     %idle
08:06:44 PM     all      0.00      0.00      0.00      0.00      0.00    100.00

08:06:43 PM kbmemfree   kbavail kbmemused  %memused kbbuffers  kbcached  kbcommit   %commit  kbactive   kbinact   kbdirty
08:06:44 PM   1641208   1693620    158008      7.82     15004    165540    370272     11.76    228660     31124        28

08:06:44 PM     CPU     %user     %nice   %system   %iowait    %steal     %idle
08:06:45 PM     all      0.00      0.00      0.50      0.00      0.00     99.50

08:06:44 PM kbmemfree   kbavail kbmemused  %memused kbbuffers  kbcached  kbcommit   %commit  kbactive   kbinact   kbdirty
08:06:45 PM   1641208   1693620    158008      7.82     15004    165540    370272     11.76    228660     31124        28

08:06:45 PM     CPU     %user     %nice   %system   %iowait    %steal     %idle
08:06:46 PM     all      0.00      0.00      0.00      0.00      0.00    100.00

08:06:45 PM kbmemfree   kbavail kbmemused  %memused kbbuffers  kbcached  kbcommit   %commit  kbactive   kbinact   kbdirty
08:06:46 PM   1641208   1693620    158008      7.82     15004    165540    370272     11.76    228660     31124        28

08:06:46 PM     CPU     %user     %nice   %system   %iowait    %steal     %idle
08:06:47 PM     all      0.00      0.00      0.00      0.00      0.00    100.00

08:06:46 PM kbmemfree   kbavail kbmemused  %memused kbbuffers  kbcached  kbcommit   %commit  kbactive   kbinact   kbdirty
08:06:47 PM   1641208   1693620    158008      7.82     15004    165540    370272     11.76    228700     31124        28

08:06:47 PM     CPU     %user     %nice   %system   %iowait    %steal     %idle
08:06:48 PM     all      0.00      0.00      0.00      0.48      0.00     99.52

08:06:47 PM kbmemfree   kbavail kbmemused  %memused kbbuffers  kbcached  kbcommit   %commit  kbactive   kbinact   kbdirty
08:06:48 PM   1641208   1693620    158000      7.82     15012    165540    370272     11.76    228700     31124        48

08:06:48 PM     CPU     %user     %nice   %system   %iowait    %steal     %idle
08:06:49 PM     all      0.00      0.00      0.00      0.00      0.00    100.00

08:06:48 PM kbmemfree   kbavail kbmemused  %memused kbbuffers  kbcached  kbcommit   %commit  kbactive   kbinact   kbdirty
08:06:49 PM   1641208   1693628    158000      7.82     15012    165540    370272     11.76    228700     31132        32

08:06:49 PM     CPU     %user     %nice   %system   %iowait    %steal     %idle
08:06:50 PM     all      0.00      0.00      0.00      0.00      0.00    100.00

08:06:49 PM kbmemfree   kbavail kbmemused  %memused kbbuffers  kbcached  kbcommit   %commit  kbactive   kbinact   kbdirty
08:06:50 PM   1641208   1693628    158000      7.82     15012    165540    370272     11.76    228700     31132        36

08:06:50 PM     CPU     %user     %nice   %system   %iowait    %steal     %idle
08:06:51 PM     all      0.00      0.00      0.00      0.00      0.00    100.00

08:06:50 PM kbmemfree   kbavail kbmemused  %memused kbbuffers  kbcached  kbcommit   %commit  kbactive   kbinact   kbdirty
08:06:51 PM   1641208   1693628    158000      7.82     15012    165540    370272     11.76    228700     31132        36

08:06:51 PM     CPU     %user     %nice   %system   %iowait    %steal     %idle
08:06:52 PM     all      0.50      0.00      1.00      0.00      0.00     98.51

08:06:51 PM kbmemfree   kbavail kbmemused  %memused kbbuffers  kbcached  kbcommit   %commit  kbactive   kbinact   kbdirty
08:06:52 PM   1641208   1693628    158000      7.82     15012    165540    370312     11.76    228960     31132         8

08:06:52 PM     CPU     %user     %nice   %system   %iowait    %steal     %idle
08:06:53 PM     all      0.00      0.00      0.00      0.00      0.00    100.00

08:06:52 PM kbmemfree   kbavail kbmemused  %memused kbbuffers  kbcached  kbcommit   %commit  kbactive   kbinact   kbdirty
08:06:53 PM   1641208   1693628    157996      7.82     15012    165544    370312     11.76    228936     31132        20

08:06:53 PM     CPU     %user     %nice   %system   %iowait    %steal     %idle
08:06:54 PM     all      0.00      0.00      0.96      0.00      0.00     99.04

08:06:53 PM kbmemfree   kbavail kbmemused  %memused kbbuffers  kbcached  kbcommit   %commit  kbactive   kbinact   kbdirty
08:06:54 PM   1641208   1693628    157988      7.82     15020    165544    370312     11.76    228936     31132        36

08:06:54 PM     CPU     %user     %nice   %system   %iowait    %steal     %idle
08:06:55 PM     all      0.00      0.00      0.00      0.00      0.00    100.00

08:06:54 PM kbmemfree   kbavail kbmemused  %memused kbbuffers  kbcached  kbcommit   %commit  kbactive   kbinact   kbdirty
08:06:55 PM   1641208   1693628    157988      7.82     15020    165544    370312     11.76    228936     31132        36

08:06:55 PM     CPU     %user     %nice   %system   %iowait    %steal     %idle
08:06:56 PM     all      0.00      0.00      0.00      0.00      0.00    100.00

08:06:55 PM kbmemfree   kbavail kbmemused  %memused kbbuffers  kbcached  kbcommit   %commit  kbactive   kbinact   kbdirty
08:06:56 PM   1641208   1693640    157988      7.82     15020    165544    370312     11.76    228976     31144        28

08:06:56 PM     CPU     %user     %nice   %system   %iowait    %steal     %idle
08:06:57 PM     all      0.00      0.00      0.00      0.00      0.00    100.00

08:06:56 PM kbmemfree   kbavail kbmemused  %memused kbbuffers  kbcached  kbcommit   %commit  kbactive   kbinact   kbdirty
08:06:57 PM   1641208   1693640    157988      7.82     15020    165544    370312     11.76    228976     31144        20

08:06:57 PM     CPU     %user     %nice   %system   %iowait    %steal     %idle
08:06:58 PM     all      0.00      0.00      0.00      0.00      0.00    100.00

08:06:57 PM kbmemfree   kbavail kbmemused  %memused kbbuffers  kbcached  kbcommit   %commit  kbactive   kbinact   kbdirty
08:06:58 PM   1641208   1693640    157988      7.82     15020    165544    370312     11.76    228976     31144        20

08:06:58 PM     CPU     %user     %nice   %system   %iowait    %steal     %idle
08:06:59 PM     all      0.00      0.00      0.00      0.00      0.00    100.00

08:06:58 PM kbmemfree   kbavail kbmemused  %memused kbbuffers  kbcached  kbcommit   %commit  kbactive   kbinact   kbdirty
08:06:59 PM   1641208   1693640    157988      7.82     15020    165544    370312     11.76    228976     31144        20

08:06:59 PM     CPU     %user     %nice   %system   %iowait    %steal     %idle
08:07:00 PM     all      0.00      0.00      0.00      0.50      0.00     99.50

08:06:59 PM kbmemfree   kbavail kbmemused  %memused kbbuffers  kbcached  kbcommit   %commit  kbactive   kbinact   kbdirty
08:07:00 PM   1641208   1693640    157980      7.82     15028    165544    370312     11.76    228976     31144        16

08:07:00 PM     CPU     %user     %nice   %system   %iowait    %steal     %idle
08:07:01 PM     all      0.00      0.00      0.00      0.00      0.00    100.00

08:07:00 PM kbmemfree   kbavail kbmemused  %memused kbbuffers  kbcached  kbcommit   %commit  kbactive   kbinact   kbdirty
08:07:01 PM   1641208   1693640    157980      7.82     15028    165544    370312     11.76    228976     31144        12

08:07:01 PM     CPU     %user     %nice   %system   %iowait    %steal     %idle
08:07:02 PM     all      0.50      0.00      0.00      0.00      0.00     99.50

08:07:01 PM kbmemfree   kbavail kbmemused  %memused kbbuffers  kbcached  kbcommit   %commit  kbactive   kbinact   kbdirty
08:07:02 PM   1640984   1693424    158204      7.83     15028    165544    370352     11.76    229212     31152        28

08:07:02 PM     CPU     %user     %nice   %system   %iowait    %steal     %idle
08:07:03 PM     all      0.00      0.00      0.00      0.00      0.00    100.00

08:07:02 PM kbmemfree   kbavail kbmemused  %memused kbbuffers  kbcached  kbcommit   %commit  kbactive   kbinact   kbdirty
08:07:03 PM   1640984   1693424    158200      7.83     15028    165548    370352     11.76    229212     31152        32

08:07:03 PM     CPU     %user     %nice   %system   %iowait    %steal     %idle
08:07:04 PM     all      0.00      0.00      0.50      0.00      0.00     99.50

08:07:03 PM kbmemfree   kbavail kbmemused  %memused kbbuffers  kbcached  kbcommit   %commit  kbactive   kbinact   kbdirty
08:07:04 PM   1640984   1693424    158200      7.83     15028    165548    370352     11.76    229212     31152        32

08:07:04 PM     CPU     %user     %nice   %system   %iowait    %steal     %idle
08:07:05 PM     all      0.00      0.00      0.00      0.00      0.00    100.00

08:07:04 PM kbmemfree   kbavail kbmemused  %memused kbbuffers  kbcached  kbcommit   %commit  kbactive   kbinact   kbdirty
08:07:05 PM   1640984   1693424    158200      7.83     15028    165548    370352     11.76    229252     31152        20

08:07:05 PM     CPU     %user     %nice   %system   %iowait    %steal     %idle
08:07:06 PM     all      0.00      0.00      0.50      0.50      0.00     99.01

08:07:05 PM kbmemfree   kbavail kbmemused  %memused kbbuffers  kbcached  kbcommit   %commit  kbactive   kbinact   kbdirty
08:07:06 PM   1640984   1693436    158192      7.83     15036    165548    370352     11.76    229252     31164        36

08:07:06 PM     CPU     %user     %nice   %system   %iowait    %steal     %idle
08:07:07 PM     all      0.00      0.00      0.00      0.00      0.00    100.00

08:07:06 PM kbmemfree   kbavail kbmemused  %memused kbbuffers  kbcached  kbcommit   %commit  kbactive   kbinact   kbdirty
08:07:07 PM   1640984   1693436    158192      7.83     15036    165548    370352     11.76    229252     31164        16

08:07:07 PM     CPU     %user     %nice   %system   %iowait    %steal     %idle
08:07:08 PM     all      0.00      0.00      0.49      0.00      0.00     99.51

08:07:07 PM kbmemfree   kbavail kbmemused  %memused kbbuffers  kbcached  kbcommit   %commit  kbactive   kbinact   kbdirty
08:07:08 PM   1640984   1693436    158192      7.83     15036    165548    370352     11.76    229252     31164        20

08:07:08 PM     CPU     %user     %nice   %system   %iowait    %steal     %idle
08:07:09 PM     all      0.00      0.00      0.50      0.00      0.00     99.50

08:07:08 PM kbmemfree   kbavail kbmemused  %memused kbbuffers  kbcached  kbcommit   %commit  kbactive   kbinact   kbdirty
08:07:09 PM   1640984   1693436    158192      7.83     15036    165548    370352     11.76    229252     31164        20

08:07:09 PM     CPU     %user     %nice   %system   %iowait    %steal     %idle
08:07:10 PM     all      0.00      0.00      0.00      0.00      0.00    100.00

08:07:09 PM kbmemfree   kbavail kbmemused  %memused kbbuffers  kbcached  kbcommit   %commit  kbactive   kbinact   kbdirty
08:07:10 PM   1640984   1693436    158192      7.83     15036    165548    370352     11.76    229252     31164        20

08:07:10 PM     CPU     %user     %nice   %system   %iowait    %steal     %idle
08:07:11 PM     all      1.00      0.00      0.00      0.00      0.00     99.00

08:07:10 PM kbmemfree   kbavail kbmemused  %memused kbbuffers  kbcached  kbcommit   %commit  kbactive   kbinact   kbdirty
08:07:11 PM   1640984   1693436    158192      7.83     15044    165540    370392     11.76    229588     31164         4

08:07:11 PM     CPU     %user     %nice   %system   %iowait    %steal     %idle
08:07:12 PM     all      0.00      0.00      0.00      0.00      0.00    100.00

08:07:11 PM kbmemfree   kbavail kbmemused  %memused kbbuffers  kbcached  kbcommit   %commit  kbactive   kbinact   kbdirty
08:07:12 PM   1640984   1693448    158180      7.83     15044    165552    370392     11.76    229488     31176        36

08:07:12 PM     CPU     %user     %nice   %system   %iowait    %steal     %idle
08:07:13 PM     all      0.00      0.00      0.00      0.00      0.00    100.00

08:07:12 PM kbmemfree   kbavail kbmemused  %memused kbbuffers  kbcached  kbcommit   %commit  kbactive   kbinact   kbdirty
08:07:13 PM   1640984   1693448    158180      7.83     15048    165548    370392     11.76    229488     31176        36

08:07:13 PM     CPU     %user     %nice   %system   %iowait    %steal     %idle
08:07:14 PM     all      0.00      0.00      0.00      0.00      0.00    100.00

08:07:13 PM kbmemfree   kbavail kbmemused  %memused kbbuffers  kbcached  kbcommit   %commit  kbactive   kbinact   kbdirty
08:07:14 PM   1640984   1693452    158172      7.83     15048    165556    370392     11.76    229528     31180        36

08:07:14 PM     CPU     %user     %nice   %system   %iowait    %steal     %idle
08:07:15 PM     all      0.00      0.00      0.00      0.00      0.00    100.00

08:07:14 PM kbmemfree   kbavail kbmemused  %memused kbbuffers  kbcached  kbcommit   %commit  kbactive   kbinact   kbdirty
08:07:15 PM   1640984   1693452    158172      7.83     15048    165556    370392     11.76    229528     31180        36

08:07:15 PM     CPU     %user     %nice   %system   %iowait    %steal     %idle
08:07:16 PM     all      0.00      0.00      0.48      0.00      0.00     99.52

08:07:15 PM kbmemfree   kbavail kbmemused  %memused kbbuffers  kbcached  kbcommit   %commit  kbactive   kbinact   kbdirty
08:07:16 PM   1640984   1693456    158172      7.83     15048    165556    370392     11.76    229528     31184        36

08:07:16 PM     CPU     %user     %nice   %system   %iowait    %steal     %idle
08:07:17 PM     all      0.00      0.00      0.00      0.50      0.00     99.50

08:07:16 PM kbmemfree   kbavail kbmemused  %memused kbbuffers  kbcached  kbcommit   %commit  kbactive   kbinact   kbdirty
08:07:17 PM   1640984   1693456    158160      7.83     15060    165556    370392     11.76    229528     31184         4

08:07:17 PM     CPU     %user     %nice   %system   %iowait    %steal     %idle
08:07:18 PM     all      0.00      0.00      0.00      0.00      0.00    100.00

08:07:17 PM kbmemfree   kbavail kbmemused  %memused kbbuffers  kbcached  kbcommit   %commit  kbactive   kbinact   kbdirty
08:07:18 PM   1640984   1693456    158160      7.83     15060    165556    370392     11.76    229528     31184         4

08:07:18 PM     CPU     %user     %nice   %system   %iowait    %steal     %idle
08:07:19 PM     all      0.00      0.00      0.00      0.00      0.00    100.00

08:07:18 PM kbmemfree   kbavail kbmemused  %memused kbbuffers  kbcached  kbcommit   %commit  kbactive   kbinact   kbdirty
08:07:19 PM   1640984   1693456    158160      7.83     15060    165556    370392     11.76    229528     31184         4

08:07:19 PM     CPU     %user     %nice   %system   %iowait    %steal     %idle
08:07:20 PM     all      0.00      0.00      0.00      0.00      0.00    100.00

08:07:19 PM kbmemfree   kbavail kbmemused  %memused kbbuffers  kbcached  kbcommit   %commit  kbactive   kbinact   kbdirty
08:07:20 PM   1640984   1693456    158160      7.83     15060    165556    370392     11.76    229528     31184         4

08:07:20 PM     CPU     %user     %nice   %system   %iowait    %steal     %idle
08:07:21 PM     all      0.00      0.00      1.49      0.00      0.00     98.51

08:07:20 PM kbmemfree   kbavail kbmemused  %memused kbbuffers  kbcached  kbcommit   %commit  kbactive   kbinact   kbdirty
08:07:21 PM   1640984   1693456    158160      7.83     15060    165556    370392     11.76    229696     31184         4

08:07:21 PM     CPU     %user     %nice   %system   %iowait    %steal     %idle
08:07:22 PM     all      0.00      0.00      0.00      0.50      0.00     99.50

08:07:21 PM kbmemfree   kbavail kbmemused  %memused kbbuffers  kbcached  kbcommit   %commit  kbactive   kbinact   kbdirty
08:07:22 PM   1640984   1693468    158152      7.83     15068    165556    370392     11.76    229548     31196        44

08:07:22 PM     CPU     %user     %nice   %system   %iowait    %steal     %idle
08:07:23 PM     all      0.00      0.00      0.00      0.00      0.00    100.00

08:07:22 PM kbmemfree   kbavail kbmemused  %memused kbbuffers  kbcached  kbcommit   %commit  kbactive   kbinact   kbdirty
08:07:23 PM   1640984   1693468    158148      7.83     15068    165560    370392     11.76    229548     31196        48

08:07:23 PM     CPU     %user     %nice   %system   %iowait    %steal     %idle
08:07:24 PM     all      0.00      0.00      0.00      0.00      0.00    100.00

08:07:23 PM kbmemfree   kbavail kbmemused  %memused kbbuffers  kbcached  kbcommit   %commit  kbactive   kbinact   kbdirty
08:07:24 PM   1640984   1693480    158148      7.83     15068    165560    370392     11.76    229548     31208        40

08:07:24 PM     CPU     %user     %nice   %system   %iowait    %steal     %idle
08:07:25 PM     all      0.00      0.00      0.00      0.00      0.00    100.00

08:07:24 PM kbmemfree   kbavail kbmemused  %memused kbbuffers  kbcached  kbcommit   %commit  kbactive   kbinact   kbdirty
08:07:25 PM   1640984   1693480    158148      7.83     15068    165560    370392     11.76    229548     31208        44

08:07:25 PM     CPU     %user     %nice   %system   %iowait    %steal     %idle
08:07:26 PM     all      0.00      0.00      0.00      0.00      0.00    100.00

08:07:25 PM kbmemfree   kbavail kbmemused  %memused kbbuffers  kbcached  kbcommit   %commit  kbactive   kbinact   kbdirty
08:07:26 PM   1640984   1693480    158148      7.83     15068    165560    370392     11.76    229548     31208        44

08:07:26 PM     CPU     %user     %nice   %system   %iowait    %steal     %idle
08:07:27 PM     all      0.00      0.00      0.00      0.00      0.00    100.00

08:07:26 PM kbmemfree   kbavail kbmemused  %memused kbbuffers  kbcached  kbcommit   %commit  kbactive   kbinact   kbdirty
08:07:27 PM   1640984   1693480    158148      7.83     15068    165560    370392     11.76    229548     31208        32

08:07:27 PM     CPU     %user     %nice   %system   %iowait    %steal     %idle
08:07:28 PM     all      0.00      0.00      0.00      0.00      0.00    100.00

08:07:27 PM kbmemfree   kbavail kbmemused  %memused kbbuffers  kbcached  kbcommit   %commit  kbactive   kbinact   kbdirty
08:07:28 PM   1640984   1693480    158140      7.82     15076    165560    370392     11.76    229548     31208        56

08:07:28 PM     CPU     %user     %nice   %system   %iowait    %steal     %idle
08:07:29 PM     all      0.00      0.00      0.50      0.00      0.00     99.50

08:07:28 PM kbmemfree   kbavail kbmemused  %memused kbbuffers  kbcached  kbcommit   %commit  kbactive   kbinact   kbdirty
08:07:29 PM   1640984   1693480    158140      7.82     15076    165560    370392     11.76    229548     31208        28

08:07:29 PM     CPU     %user     %nice   %system   %iowait    %steal     %idle
08:07:30 PM     all      0.00      0.00      0.99      0.00      0.00     99.01

08:07:29 PM kbmemfree   kbavail kbmemused  %memused kbbuffers  kbcached  kbcommit   %commit  kbactive   kbinact   kbdirty
08:07:30 PM   1640984   1693480    158140      7.82     15076    165560    370392     11.76    229548     31208        28

08:07:30 PM     CPU     %user     %nice   %system   %iowait    %steal     %idle
08:07:31 PM     all      0.00      0.00      0.49      0.00      0.00     99.51

08:07:30 PM kbmemfree   kbavail kbmemused  %memused kbbuffers  kbcached  kbcommit   %commit  kbactive   kbinact   kbdirty
08:07:31 PM   1640984   1693480    158140      7.82     15076    165560    370392     11.76    229548     31208        28

Average:        CPU     %user     %nice   %system   %iowait    %steal     %idle
Average:        all      0.06      0.00      0.34      0.05      0.00     99.56

Average:    kbmemfree   kbavail kbmemused  %memused kbbuffers  kbcached  kbcommit   %commit  kbactive   kbinact   kbdirty
Average:      1641096   1693537    158088      7.82     15030    165546    370326     11.76    229071     31153        34
