Linux 6.12.38+deb13-amd64 (debian) 	10/04/2025 	_x86_64_	(2 CPU)

08:29:34 PM     CPU     %user     %nice   %system   %iowait    %steal     %idle
08:29:35 PM     all      0.97      0.00      3.88      0.00      0.00     95.15

08:29:34 PM kbmemfree   kbavail kbmemused  %memused kbbuffers  kbcached  kbcommit   %commit  kbactive   kbinact   kbdirty
08:29:35 PM   1633796   1688520    162924      8.06     15820    166968    379376     12.05    230744     33028        20

08:29:35 PM     CPU     %user     %nice   %system   %iowait    %steal     %idle
08:29:36 PM     all      0.00      0.00      3.86      0.00      0.00     96.14

08:29:35 PM kbmemfree   kbavail kbmemused  %memused kbbuffers  kbcached  kbcommit   %commit  kbactive   kbinact   kbdirty
08:29:36 PM   1633796   1688520    162924      8.06     15820    166968    379376     12.05    230744     33028        16

08:29:36 PM     CPU     %user     %nice   %system   %iowait    %steal     %idle
08:29:37 PM     all      0.00      0.00      1.33      0.00      0.00     98.67

08:29:36 PM kbmemfree   kbavail kbmemused  %memused kbbuffers  kbcached  kbcommit   %commit  kbactive   kbinact   kbdirty
08:29:37 PM   1633796   1688520    162924      8.06     15820    166968    379376     12.05    230748     33028        16

08:29:37 PM     CPU     %user     %nice   %system   %iowait    %steal     %idle
08:29:38 PM     all      0.00      0.00      0.50      0.00      0.00     99.50

08:29:37 PM kbmemfree   kbavail kbmemused  %memused kbbuffers  kbcached  kbcommit   %commit  kbactive   kbinact   kbdirty
08:29:38 PM   1633796   1688520    162924      8.06     15820    166968    379376     12.05    230748     33028        16

08:29:38 PM     CPU     %user     %nice   %system   %iowait    %steal     %idle
08:29:39 PM     all      0.00      0.00      0.00      0.50      0.00     99.50

08:29:38 PM kbmemfree   kbavail kbmemused  %memused kbbuffers  kbcached  kbcommit   %commit  kbactive   kbinact   kbdirty
08:29:39 PM   1633796   1688520    162924      8.06     15828    166960    379376     12.05    230748     33028        16

08:29:39 PM     CPU     %user     %nice   %system   %iowait    %steal     %idle
08:29:40 PM     all      0.00      0.00      0.00      0.00      0.00    100.00

08:29:39 PM kbmemfree   kbavail kbmemused  %memused kbbuffers  kbcached  kbcommit   %commit  kbactive   kbinact   kbdirty
08:29:40 PM   1633796   1688528    162916      8.06     15828    166968    379376     12.05    230748     33036        44

08:29:40 PM     CPU     %user     %nice   %system   %iowait    %steal     %idle
08:29:41 PM     all      0.00      0.00      0.00      0.00      0.00    100.00

08:29:40 PM kbmemfree   kbavail kbmemused  %memused kbbuffers  kbcached  kbcommit   %commit  kbactive   kbinact   kbdirty
08:29:41 PM   1633796   1688528    162916      8.06     15828    166968    379376     12.05    230748     33036        44

08:29:41 PM     CPU     %user     %nice   %system   %iowait    %steal     %idle
08:29:42 PM     all      0.00      0.00      0.00      0.00      0.00    100.00

08:29:41 PM kbmemfree   kbavail kbmemused  %memused kbbuffers  kbcached  kbcommit   %commit  kbactive   kbinact   kbdirty
08:29:42 PM   1633796   1688528    162916      8.06     15828    166968    379376     12.05    230748     33036        36

08:29:42 PM     CPU     %user     %nice   %system   %iowait    %steal     %idle
08:29:43 PM     all      0.00      0.00      0.00      0.00      0.00    100.00

08:29:42 PM kbmemfree   kbavail kbmemused  %memused kbbuffers  kbcached  kbcommit   %commit  kbactive   kbinact   kbdirty
08:29:43 PM   1633796   1688528    162916      8.06     15828    166968    379376     12.05    230748     33036        36

08:29:43 PM     CPU     %user     %nice   %system   %iowait    %steal     %idle
08:29:44 PM     all      0.00      0.00      0.00      0.00      0.00    100.00

08:29:43 PM kbmemfree   kbavail kbmemused  %memused kbbuffers  kbcached  kbcommit   %commit  kbactive   kbinact   kbdirty
08:29:44 PM   1633796   1688528    162916      8.06     15828    166968    379376     12.05    230748     33036        36

08:29:44 PM     CPU     %user     %nice   %system   %iowait    %steal     %idle
08:29:45 PM     all      1.49      0.00      0.50      0.50      0.00     97.51

08:29:44 PM kbmemfree   kbavail kbmemused  %memused kbbuffers  kbcached  kbcommit   %commit  kbactive   kbinact   kbdirty
08:29:45 PM   1633796   1688528    162916      8.06     15836    166960    379376     12.05    230748     33036        36

08:29:45 PM     CPU     %user     %nice   %system   %iowait    %steal     %idle
08:29:46 PM     all      0.00      0.00      0.00      0.00      0.00    100.00

08:29:45 PM kbmemfree   kbavail kbmemused  %memused kbbuffers  kbcached  kbcommit   %commit  kbactive   kbinact   kbdirty
08:29:46 PM   1633796   1688544    162900      8.06     15836    166976    379376     12.05    230748     33052        60

08:29:46 PM     CPU     %user     %nice   %system   %iowait    %steal     %idle
08:29:47 PM     all      0.00      0.00      0.00      0.00      0.00    100.00

08:29:46 PM kbmemfree   kbavail kbmemused  %memused kbbuffers  kbcached  kbcommit   %commit  kbactive   kbinact   kbdirty
08:29:47 PM   1633796   1688544    162900      8.06     15836    166976    379376     12.05    230748     33052        60

08:29:47 PM     CPU     %user     %nice   %system   %iowait    %steal     %idle
08:29:48 PM     all      0.00      0.00      0.00      0.00      0.00    100.00

08:29:47 PM kbmemfree   kbavail kbmemused  %memused kbbuffers  kbcached  kbcommit   %commit  kbactive   kbinact   kbdirty
08:29:48 PM   1633796   1688544    162900      8.06     15836    166976    379376     12.05    230748     33052        60

08:29:48 PM     CPU     %user     %nice   %system   %iowait    %steal     %idle
08:29:49 PM     all      0.00      0.00      0.00      0.00      0.00    100.00

08:29:48 PM kbmemfree   kbavail kbmemused  %memused kbbuffers  kbcached  kbcommit   %commit  kbactive   kbinact   kbdirty
08:29:49 PM   1633796   1688544    162900      8.06     15836    166976    379376     12.05    230748     33052        60

08:29:49 PM     CPU     %user     %nice   %system   %iowait    %steal     %idle
08:29:50 PM     all      0.00      0.00      0.49      1.95      0.00     97.56

08:29:49 PM kbmemfree   kbavail kbmemused  %memused kbbuffers  kbcached  kbcommit   %commit  kbactive   kbinact   kbdirty
08:29:50 PM   1633796   1688544    162892      8.06     15844    166976    379376     12.05    230748     33052        36

08:29:50 PM     CPU     %user     %nice   %system   %iowait    %steal     %idle
08:29:51 PM     all      0.00      0.00      0.00      0.00      0.00    100.00

08:29:50 PM kbmemfree   kbavail kbmemused  %memused kbbuffers  kbcached  kbcommit   %commit  kbactive   kbinact   kbdirty
08:29:51 PM   1633796   1688544    162892      8.06     15844    166976    379376     12.05    230748     33052        40

08:29:51 PM     CPU     %user     %nice   %system   %iowait    %steal     %idle
08:29:52 PM     all      0.00      0.00      0.00      0.00      0.00    100.00

08:29:51 PM kbmemfree   kbavail kbmemused  %memused kbbuffers  kbcached  kbcommit   %commit  kbactive   kbinact   kbdirty
08:29:52 PM   1633796   1688544    162892      8.06     15844    166976    379376     12.05    230748     33052        40

08:29:52 PM     CPU     %user     %nice   %system   %iowait    %steal     %idle
08:29:53 PM     all      0.00      0.00      0.49      0.00      0.00     99.51

08:29:52 PM kbmemfree   kbavail kbmemused  %memused kbbuffers  kbcached  kbcommit   %commit  kbactive   kbinact   kbdirty
08:29:53 PM   1633796   1688544    162892      8.06     15844    166976    379376     12.05    230748     33052        40

08:29:53 PM     CPU     %user     %nice   %system   %iowait    %steal     %idle
08:29:54 PM     all      0.00      0.00      0.48      0.00      0.00     99.52

08:29:53 PM kbmemfree   kbavail kbmemused  %memused kbbuffers  kbcached  kbcommit   %commit  kbactive   kbinact   kbdirty
08:29:54 PM   1633796   1688544    162892      8.06     15844    166976    379376     12.05    230748     33052        40

08:29:54 PM     CPU     %user     %nice   %system   %iowait    %steal     %idle
08:29:55 PM     all      0.99      0.00      0.00      0.99      0.00     98.02

08:29:54 PM kbmemfree   kbavail kbmemused  %memused kbbuffers  kbcached  kbcommit   %commit  kbactive   kbinact   kbdirty
08:29:55 PM   1633796   1688544    162892      8.06     15852    166968    379376     12.05    230832     33052        40

08:29:55 PM     CPU     %user     %nice   %system   %iowait    %steal     %idle
08:29:56 PM     all      0.00      0.00      0.00      0.00      0.00    100.00

08:29:55 PM kbmemfree   kbavail kbmemused  %memused kbbuffers  kbcached  kbcommit   %commit  kbactive   kbinact   kbdirty
08:29:56 PM   1633796   1688560    162880      8.06     15852    166980    379376     12.05    230748     33068        56

08:29:56 PM     CPU     %user     %nice   %system   %iowait    %steal     %idle
08:29:58 PM     all      0.00      0.00      0.00      0.00      0.00    100.00

08:29:56 PM kbmemfree   kbavail kbmemused  %memused kbbuffers  kbcached  kbcommit   %commit  kbactive   kbinact   kbdirty
08:29:58 PM   1633796   1688564    162880      8.06     15852    166980    379376     12.05    230748     33072        60

08:29:58 PM     CPU     %user     %nice   %system   %iowait    %steal     %idle
08:29:59 PM     all      0.00      0.00      0.00      0.00      0.00    100.00

08:29:58 PM kbmemfree   kbavail kbmemused  %memused kbbuffers  kbcached  kbcommit   %commit  kbactive   kbinact   kbdirty
08:29:59 PM   1633796   1688564    162880      8.06     15852    166980    379376     12.05    230748     33072        60

08:29:59 PM     CPU     %user     %nice   %system   %iowait    %steal     %idle
08:30:00 PM     all      0.00      0.00      0.00      0.00      0.00    100.00

08:29:59 PM kbmemfree   kbavail kbmemused  %memused kbbuffers  kbcached  kbcommit   %commit  kbactive   kbinact   kbdirty
08:30:00 PM   1633796   1688564    162880      8.06     15852    166980    379376     12.05    230748     33072        60

08:30:00 PM     CPU     %user     %nice   %system   %iowait    %steal     %idle
08:30:01 PM     all      0.00      0.00      0.50      0.00      0.00     99.50

08:30:00 PM kbmemfree   kbavail kbmemused  %memused kbbuffers  kbcached  kbcommit   %commit  kbactive   kbinact   kbdirty
08:30:01 PM   1633796   1688568    162872      8.06     15860    166980    379376     12.05    230748     33076        52

08:30:01 PM     CPU     %user     %nice   %system   %iowait    %steal     %idle
08:30:02 PM     all      0.00      0.00      0.48      0.48      0.00     99.04

08:30:01 PM kbmemfree   kbavail kbmemused  %memused kbbuffers  kbcached  kbcommit   %commit  kbactive   kbinact   kbdirty
08:30:02 PM   1633796   1688568    162864      8.06     15868    166980    379376     12.05    230748     33076        56

08:30:02 PM     CPU     %user     %nice   %system   %iowait    %steal     %idle
08:30:03 PM     all      0.00      0.00      0.00      0.00      0.00    100.00

08:30:02 PM kbmemfree   kbavail kbmemused  %memused kbbuffers  kbcached  kbcommit   %commit  kbactive   kbinact   kbdirty
08:30:03 PM   1633796   1688580    162864      8.06     15868    166980    379376     12.05    230748     33088        52

08:30:03 PM     CPU     %user     %nice   %system   %iowait    %steal     %idle
08:30:04 PM     all      0.00      0.00      0.00      0.00      0.00    100.00

08:30:03 PM kbmemfree   kbavail kbmemused  %memused kbbuffers  kbcached  kbcommit   %commit  kbactive   kbinact   kbdirty
08:30:04 PM   1633796   1688580    162864      8.06     15868    166980    379376     12.05    230748     33088        56

08:30:04 PM     CPU     %user     %nice   %system   %iowait    %steal     %idle
08:30:05 PM     all      0.00      0.00      0.00      0.00      0.00    100.00

08:30:04 PM kbmemfree   kbavail kbmemused  %memused kbbuffers  kbcached  kbcommit   %commit  kbactive   kbinact   kbdirty
08:30:05 PM   1633796   1688580    162864      8.06     15868    166980    379376     12.05    230748     33088        56

08:30:05 PM     CPU     %user     %nice   %system   %iowait    %steal     %idle
08:30:06 PM     all      1.00      0.00      0.50      0.00      0.00     98.50

08:30:05 PM kbmemfree   kbavail kbmemused  %memused kbbuffers  kbcached  kbcommit   %commit  kbactive   kbinact   kbdirty
08:30:06 PM   1633796   1688580    162864      8.06     15868    166980    379376     12.05    230832     33088        56

08:30:06 PM     CPU     %user     %nice   %system   %iowait    %steal     %idle
08:30:07 PM     all      0.00      0.00      0.00      0.00      0.00    100.00

08:30:06 PM kbmemfree   kbavail kbmemused  %memused kbbuffers  kbcached  kbcommit   %commit  kbactive   kbinact   kbdirty
08:30:07 PM   1633796   1688580    162860      8.06     15868    166984    379376     12.05    230748     33088        68

08:30:07 PM     CPU     %user     %nice   %system   %iowait    %steal     %idle
08:30:08 PM     all      0.00      0.00      0.00      0.00      0.00    100.00

08:30:07 PM kbmemfree   kbavail kbmemused  %memused kbbuffers  kbcached  kbcommit   %commit  kbactive   kbinact   kbdirty
08:30:08 PM   1633796   1688592    162852      8.06     15876    166984    379376     12.05    230748     33100        68

08:30:08 PM     CPU     %user     %nice   %system   %iowait    %steal     %idle
08:30:09 PM     all      0.00      0.00      0.00      0.00      0.00    100.00

08:30:08 PM kbmemfree   kbavail kbmemused  %memused kbbuffers  kbcached  kbcommit   %commit  kbactive   kbinact   kbdirty
08:30:09 PM   1633796   1688592    162852      8.06     15876    166984    379376     12.05    230748     33100        60

08:30:09 PM     CPU     %user     %nice   %system   %iowait    %steal     %idle
08:30:10 PM     all      0.00      0.00      0.50      0.00      0.00     99.50

08:30:09 PM kbmemfree   kbavail kbmemused  %memused kbbuffers  kbcached  kbcommit   %commit  kbactive   kbinact   kbdirty
08:30:10 PM   1633796   1688592    162852      8.06     15876    166984    379376     12.05    230748     33100        64

08:30:10 PM     CPU     %user     %nice   %system   %iowait    %steal     %idle
08:30:11 PM     all      0.00      0.00      0.00      0.00      0.00    100.00

08:30:10 PM kbmemfree   kbavail kbmemused  %memused kbbuffers  kbcached  kbcommit   %commit  kbactive   kbinact   kbdirty
08:30:11 PM   1633796   1688592    162852      8.06     15876    166984    379376     12.05    230748     33100        64

08:30:11 PM     CPU     %user     %nice   %system   %iowait    %steal     %idle
08:30:12 PM     all      0.00      0.00      0.00      0.00      0.00    100.00

08:30:11 PM kbmemfree   kbavail kbmemused  %memused kbbuffers  kbcached  kbcommit   %commit  kbactive   kbinact   kbdirty
08:30:12 PM   1633796   1688592    162852      8.06     15876    166984    379376     12.05    230748     33100         4

08:30:12 PM     CPU     %user     %nice   %system   %iowait    %steal     %idle
08:30:13 PM     all      0.00      0.00      0.00      0.00      0.00    100.00

08:30:12 PM kbmemfree   kbavail kbmemused  %memused kbbuffers  kbcached  kbcommit   %commit  kbactive   kbinact   kbdirty
08:30:13 PM   1633796   1688592    162852      8.06     15876    166984    379376     12.05    230748     33100         4

08:30:13 PM     CPU     %user     %nice   %system   %iowait    %steal     %idle
08:30:14 PM     all      0.00      0.00      0.00      0.49      0.00     99.51

08:30:13 PM kbmemfree   kbavail kbmemused  %memused kbbuffers  kbcached  kbcommit   %commit  kbactive   kbinact   kbdirty
08:30:14 PM   1633796   1688592    162844      8.06     15884    166984    379376     12.05    230748     33100        20

08:30:14 PM     CPU     %user     %nice   %system   %iowait    %steal     %idle
08:30:15 PM     all      0.00      0.00      0.00      0.00      0.00    100.00

08:30:14 PM kbmemfree   kbavail kbmemused  %memused kbbuffers  kbcached  kbcommit   %commit  kbactive   kbinact   kbdirty
08:30:15 PM   1633796   1688600    162844      8.06     15884    166984    379376     12.05    230748     33108        16

08:30:15 PM     CPU     %user     %nice   %system   %iowait    %steal     %idle
08:30:16 PM     all      0.98      0.00      0.49      0.00      0.00     98.53

08:30:15 PM kbmemfree   kbavail kbmemused  %memused kbbuffers  kbcached  kbcommit   %commit  kbactive   kbinact   kbdirty
08:30:16 PM   1633796   1688604    162840      8.06     15884    166988    379376     12.05    230828     33112        36

08:30:16 PM     CPU     %user     %nice   %system   %iowait    %steal     %idle
08:30:17 PM     all      0.00      0.00      0.00      0.00      0.00    100.00

08:30:16 PM kbmemfree   kbavail kbmemused  %memused kbbuffers  kbcached  kbcommit   %commit  kbactive   kbinact   kbdirty
08:30:17 PM   1633796   1688604    162836      8.06     15884    166992    379376     12.05    230748     33112        40

08:30:17 PM     CPU     %user     %nice   %system   %iowait    %steal     %idle
08:30:18 PM     all      0.00      0.00      0.50      0.00      0.00     99.50

08:30:17 PM kbmemfree   kbavail kbmemused  %memused kbbuffers  kbcached  kbcommit   %commit  kbactive   kbinact   kbdirty
08:30:18 PM   1633796   1688608    162836      8.06     15884    166992    379376     12.05    230748     33116        40

08:30:18 PM     CPU     %user     %nice   %system   %iowait    %steal     %idle
08:30:19 PM     all      0.00      0.00      0.00      0.00      0.00    100.00

08:30:18 PM kbmemfree   kbavail kbmemused  %memused kbbuffers  kbcached  kbcommit   %commit  kbactive   kbinact   kbdirty
08:30:19 PM   1633796   1688608    162836      8.06     15884    166992    379376     12.05    230748     33116        24

08:30:19 PM     CPU     %user     %nice   %system   %iowait    %steal     %idle
08:30:20 PM     all      0.00      0.00      0.00      1.00      0.00     99.00

08:30:19 PM kbmemfree   kbavail kbmemused  %memused kbbuffers  kbcached  kbcommit   %commit  kbactive   kbinact   kbdirty
08:30:20 PM   1633796   1688608    162828      8.06     15892    166992    379376     12.05    230748     33116        40

08:30:20 PM     CPU     %user     %nice   %system   %iowait    %steal     %idle
08:30:21 PM     all      0.00      0.00      0.00      0.00      0.00    100.00

08:30:20 PM kbmemfree   kbavail kbmemused  %memused kbbuffers  kbcached  kbcommit   %commit  kbactive   kbinact   kbdirty
08:30:21 PM   1633796   1688608    162828      8.06     15892    166992    379376     12.05    230748     33116        40

08:30:21 PM     CPU     %user     %nice   %system   %iowait    %steal     %idle
08:30:22 PM     all      0.00      0.00      0.00      0.00      0.00    100.00

08:30:21 PM kbmemfree   kbavail kbmemused  %memused kbbuffers  kbcached  kbcommit   %commit  kbactive   kbinact   kbdirty
08:30:22 PM   1633796   1688616    162828      8.06     15892    166992    379376     12.05    230748     33124        20

08:30:22 PM     CPU     %user     %nice   %system   %iowait    %steal     %idle
08:30:23 PM     all      0.00      0.00      0.00      0.00      0.00    100.00

08:30:22 PM kbmemfree   kbavail kbmemused  %memused kbbuffers  kbcached  kbcommit   %commit  kbactive   kbinact   kbdirty
08:30:23 PM   1633796   1688616    162828      8.06     15892    166992    379376     12.05    230748     33124        20

08:30:23 PM     CPU     %user     %nice   %system   %iowait    %steal     %idle
08:30:24 PM     all      0.00      0.00      0.00      0.00      0.00    100.00

08:30:23 PM kbmemfree   kbavail kbmemused  %memused kbbuffers  kbcached  kbcommit   %commit  kbactive   kbinact   kbdirty
08:30:24 PM   1633796   1688616    162828      8.06     15892    166992    379376     12.05    230748     33124        20

08:30:24 PM     CPU     %user     %nice   %system   %iowait    %steal     %idle
08:30:25 PM     all      0.99      0.00      0.50      0.00      0.00     98.51

08:30:24 PM kbmemfree   kbavail kbmemused  %memused kbbuffers  kbcached  kbcommit   %commit  kbactive   kbinact   kbdirty
08:30:25 PM   1633796   1688620    162824      8.06     15892    166996    379376     12.05    230748     33128        20

08:30:25 PM     CPU     %user     %nice   %system   %iowait    %steal     %idle
08:30:26 PM     all      0.00      0.00      0.00      0.48      0.00     99.52

08:30:25 PM kbmemfree   kbavail kbmemused  %memused kbbuffers  kbcached  kbcommit   %commit  kbactive   kbinact   kbdirty
08:30:26 PM   1633796   1688620    162812      8.06     15900    166996    379376     12.05    230748     33128        52

08:30:26 PM     CPU     %user     %nice   %system   %iowait    %steal     %idle
08:30:27 PM     all      0.00      0.00      0.00      0.00      0.00    100.00

08:30:26 PM kbmemfree   kbavail kbmemused  %memused kbbuffers  kbcached  kbcommit   %commit  kbactive   kbinact   kbdirty
08:30:27 PM   1633796   1688628    162808      8.06     15900    167000    379376     12.05    230748     33136        48

08:30:27 PM     CPU     %user     %nice   %system   %iowait    %steal     %idle
08:30:28 PM     all      0.00      0.00      0.00      0.00      0.00    100.00

08:30:27 PM kbmemfree   kbavail kbmemused  %memused kbbuffers  kbcached  kbcommit   %commit  kbactive   kbinact   kbdirty
08:30:28 PM   1633796   1688628    162808      8.06     15900    167000    379376     12.05    230748     33136        48

08:30:28 PM     CPU     %user     %nice   %system   %iowait    %steal     %idle
08:30:29 PM     all      0.00      0.00      0.50      0.00      0.00     99.50

08:30:28 PM kbmemfree   kbavail kbmemused  %memused kbbuffers  kbcached  kbcommit   %commit  kbactive   kbinact   kbdirty
08:30:29 PM   1633796   1688632    162808      8.06     15900    167000    379376     12.05    230748     33140        52

08:30:29 PM     CPU     %user     %nice   %system   %iowait    %steal     %idle
08:30:30 PM     all      0.00      0.00      0.50      0.00      0.00     99.50

08:30:29 PM kbmemfree   kbavail kbmemused  %memused kbbuffers  kbcached  kbcommit   %commit  kbactive   kbinact   kbdirty
08:30:30 PM   1633796   1688632    162808      8.06     15900    167000    379376     12.05    230748     33140        52

08:30:30 PM     CPU     %user     %nice   %system   %iowait    %steal     %idle
08:30:31 PM     all      0.00      0.00      0.50      0.50      0.00     99.00

08:30:30 PM kbmemfree   kbavail kbmemused  %memused kbbuffers  kbcached  kbcommit   %commit  kbactive   kbinact   kbdirty
08:30:31 PM   1633796   1688632    162808      8.06     15908    166992    379376     12.05    230748     33140        52

08:30:31 PM     CPU     %user     %nice   %system   %iowait    %steal     %idle
08:30:32 PM     all      0.00      0.00      0.00      0.00      0.00    100.00

08:30:31 PM kbmemfree   kbavail kbmemused  %memused kbbuffers  kbcached  kbcommit   %commit  kbactive   kbinact   kbdirty
08:30:32 PM   1633796   1688640    162800      8.06     15908    167000    379376     12.05    230748     33148        16

08:30:32 PM     CPU     %user     %nice   %system   %iowait    %steal     %idle
08:30:33 PM     all      0.00      0.00      0.00      0.00      0.00    100.00

08:30:32 PM kbmemfree   kbavail kbmemused  %memused kbbuffers  kbcached  kbcommit   %commit  kbactive   kbinact   kbdirty
08:30:33 PM   1633796   1688640    162800      8.06     15908    167000    379376     12.05    230748     33148        12

08:30:33 PM     CPU     %user     %nice   %system   %iowait    %steal     %idle
08:30:34 PM     all      0.00      0.00      0.00      0.00      0.00    100.00

08:30:33 PM kbmemfree   kbavail kbmemused  %memused kbbuffers  kbcached  kbcommit   %commit  kbactive   kbinact   kbdirty
08:30:34 PM   1633796   1688640    162800      8.06     15908    167000    379376     12.05    230748     33148        16

08:30:34 PM     CPU     %user     %nice   %system   %iowait    %steal     %idle
08:30:35 PM     all      0.00      0.00      0.00      0.00      0.00    100.00

08:30:34 PM kbmemfree   kbavail kbmemused  %memused kbbuffers  kbcached  kbcommit   %commit  kbactive   kbinact   kbdirty
08:30:35 PM   1633796   1688640    162800      8.06     15908    167000    379376     12.05    230748     33148        16

Average:        CPU     %user     %nice   %system   %iowait    %steal     %idle
Average:        all      0.11      0.00      0.28      0.12      0.00     99.50

Average:    kbmemfree   kbavail kbmemused  %memused kbbuffers  kbcached  kbcommit   %commit  kbactive   kbinact   kbdirty
Average:      1633796   1688578    162863      8.06     15865    166982    379376     12.05    230752     33086        40
