Linux 6.12.38+deb13-amd64 (debian) 	10/04/2025 	_x86_64_	(2 CPU)

08:31:54 PM     CPU     %user     %nice   %system   %iowait    %steal     %idle
08:31:55 PM     all      1.41      0.00      5.16      0.47      0.00     92.96

08:31:54 PM kbmemfree   kbavail kbmemused  %memused kbbuffers  kbcached  kbcommit   %commit  kbactive   kbinact   kbdirty
08:31:55 PM   1632848   1687812    163604      8.10     15932    167088    379376     12.05    230840     33260         0

08:31:55 PM     CPU     %user     %nice   %system   %iowait    %steal     %idle
08:31:56 PM     all      0.00      0.00      5.19      0.00      0.00     94.81

08:31:55 PM kbmemfree   kbavail kbmemused  %memused kbbuffers  kbcached  kbcommit   %commit  kbactive   kbinact   kbdirty
08:31:56 PM   1632816   1687856    163576      8.09     15932    167164    379376     12.05    230816     33268        16

08:31:56 PM     CPU     %user     %nice   %system   %iowait    %steal     %idle
08:31:57 PM     all      0.00      0.00      2.44      0.00      0.00     97.56

08:31:56 PM kbmemfree   kbavail kbmemused  %memused kbbuffers  kbcached  kbcommit   %commit  kbactive   kbinact   kbdirty
08:31:57 PM   1632816   1687856    163576      8.09     15932    167164    379376     12.05    230816     33268        16

08:31:57 PM     CPU     %user     %nice   %system   %iowait    %steal     %idle
08:31:59 PM     all      0.00      0.00      0.00      0.00      0.00    100.00

08:31:57 PM kbmemfree   kbavail kbmemused  %memused kbbuffers  kbcached  kbcommit   %commit  kbactive   kbinact   kbdirty
08:31:59 PM   1632816   1687856    163576      8.09     15932    167164    379376     12.05    230816     33268        16

08:31:59 PM     CPU     %user     %nice   %system   %iowait    %steal     %idle
08:32:00 PM     all      0.00      0.00      0.00      0.00      0.00    100.00

08:31:59 PM kbmemfree   kbavail kbmemused  %memused kbbuffers  kbcached  kbcommit   %commit  kbactive   kbinact   kbdirty
08:32:00 PM   1632816   1687856    163576      8.09     15932    167164    379376     12.05    230816     33268        16

08:32:00 PM     CPU     %user     %nice   %system   %iowait    %steal     %idle
08:32:01 PM     all      0.00      0.00      0.00      0.00      0.00    100.00

08:32:00 PM kbmemfree   kbavail kbmemused  %memused kbbuffers  kbcached  kbcommit   %commit  kbactive   kbinact   kbdirty
08:32:01 PM   1632816   1687864    163568      8.09     15940    167164    379376     12.05    230816     33276        48

08:32:01 PM     CPU     %user     %nice   %system   %iowait    %steal     %idle
08:32:02 PM     all      0.00      0.00      0.50      0.00      0.00     99.50

08:32:01 PM kbmemfree   kbavail kbmemused  %memused kbbuffers  kbcached  kbcommit   %commit  kbactive   kbinact   kbdirty
08:32:02 PM   1632816   1687864    163568      8.09     15940    167164    379376     12.05    230816     33276        44

08:32:02 PM     CPU     %user     %nice   %system   %iowait    %steal     %idle
08:32:03 PM     all      0.00      0.00      0.00      0.00      0.00    100.00

08:32:02 PM kbmemfree   kbavail kbmemused  %memused kbbuffers  kbcached  kbcommit   %commit  kbactive   kbinact   kbdirty
08:32:03 PM   1632816   1687864    163568      8.09     15940    167164    379376     12.05    230816     33276        44

08:32:03 PM     CPU     %user     %nice   %system   %iowait    %steal     %idle
08:32:04 PM     all      0.00      0.00      0.00      0.00      0.00    100.00

08:32:03 PM kbmemfree   kbavail kbmemused  %memused kbbuffers  kbcached  kbcommit   %commit  kbactive   kbinact   kbdirty
08:32:04 PM   1632816   1687864    163568      8.09     15940    167164    379376     12.05    230816     33276        44

08:32:04 PM     CPU     %user     %nice   %system   %iowait    %steal     %idle
08:32:05 PM     all      0.00      0.00      0.50      0.00      0.00     99.50

08:32:04 PM kbmemfree   kbavail kbmemused  %memused kbbuffers  kbcached  kbcommit   %commit  kbactive   kbinact   kbdirty
08:32:05 PM   1632816   1687864    163568      8.09     15940    167164    379376     12.05    230816     33276        44

08:32:05 PM     CPU     %user     %nice   %system   %iowait    %steal     %idle
08:32:06 PM     all      1.50      0.00      0.00      0.50      0.00     98.00

08:32:05 PM kbmemfree   kbavail kbmemused  %memused kbbuffers  kbcached  kbcommit   %commit  kbactive   kbinact   kbdirty
08:32:06 PM   1632816   1687868    163552      8.09     15948    167172    379376     12.05    230816     33280        44

08:32:06 PM     CPU     %user     %nice   %system   %iowait    %steal     %idle
08:32:07 PM     all      0.00      0.00      0.00      0.00      0.00    100.00

08:32:06 PM kbmemfree   kbavail kbmemused  %memused kbbuffers  kbcached  kbcommit   %commit  kbactive   kbinact   kbdirty
08:32:07 PM   1632816   1687868    163552      8.09     15948    167172    379376     12.05    230816     33280        40

08:32:07 PM     CPU     %user     %nice   %system   %iowait    %steal     %idle
08:32:08 PM     all      0.00      0.00      0.00      0.00      0.00    100.00

08:32:07 PM kbmemfree   kbavail kbmemused  %memused kbbuffers  kbcached  kbcommit   %commit  kbactive   kbinact   kbdirty
08:32:08 PM   1632816   1687868    163552      8.09     15948    167172    379376     12.05    230816     33280        40

08:32:08 PM     CPU     %user     %nice   %system   %iowait    %steal     %idle
08:32:09 PM     all      0.00      0.00      0.00      0.00      0.00    100.00

08:32:08 PM kbmemfree   kbavail kbmemused  %memused kbbuffers  kbcached  kbcommit   %commit  kbactive   kbinact   kbdirty
08:32:09 PM   1632816   1687868    163552      8.09     15948    167172    379376     12.05    230816     33280        44

08:32:09 PM     CPU     %user     %nice   %system   %iowait    %steal     %idle
08:32:10 PM     all      0.00      0.00      0.00      0.00      0.00    100.00

08:32:09 PM kbmemfree   kbavail kbmemused  %memused kbbuffers  kbcached  kbcommit   %commit  kbactive   kbinact   kbdirty
08:32:10 PM   1632816   1687868    163552      8.09     15948    167172    379376     12.05    230816     33280        44

08:32:10 PM     CPU     %user     %nice   %system   %iowait    %steal     %idle
08:32:11 PM     all      0.00      0.00      0.00      0.00      0.00    100.00

08:32:10 PM kbmemfree   kbavail kbmemused  %memused kbbuffers  kbcached  kbcommit   %commit  kbactive   kbinact   kbdirty
08:32:11 PM   1632816   1687880    163552      8.09     15948    167172    379376     12.05    230816     33292        20

08:32:11 PM     CPU     %user     %nice   %system   %iowait    %steal     %idle
08:32:12 PM     all      0.00      0.00      0.49      0.49      0.00     99.03

08:32:11 PM kbmemfree   kbavail kbmemused  %memused kbbuffers  kbcached  kbcommit   %commit  kbactive   kbinact   kbdirty
08:32:12 PM   1632816   1687880    163544      8.09     15956    167172    379376     12.05    230816     33292        36

08:32:12 PM     CPU     %user     %nice   %system   %iowait    %steal     %idle
08:32:13 PM     all      0.00      0.00      0.00      0.00      0.00    100.00

08:32:12 PM kbmemfree   kbavail kbmemused  %memused kbbuffers  kbcached  kbcommit   %commit  kbactive   kbinact   kbdirty
08:32:13 PM   1632816   1687880    163544      8.09     15956    167172    379376     12.05    230816     33292        16

08:32:13 PM     CPU     %user     %nice   %system   %iowait    %steal     %idle
08:32:14 PM     all      0.00      0.00      0.00      0.00      0.00    100.00

08:32:13 PM kbmemfree   kbavail kbmemused  %memused kbbuffers  kbcached  kbcommit   %commit  kbactive   kbinact   kbdirty
08:32:14 PM   1632816   1687880    163544      8.09     15956    167172    379376     12.05    230816     33292        16

08:32:14 PM     CPU     %user     %nice   %system   %iowait    %steal     %idle
08:32:15 PM     all      0.00      0.00      0.00      0.00      0.00    100.00

08:32:14 PM kbmemfree   kbavail kbmemused  %memused kbbuffers  kbcached  kbcommit   %commit  kbactive   kbinact   kbdirty
08:32:15 PM   1632816   1687880    163544      8.09     15956    167172    379376     12.05    230816     33292        20

08:32:15 PM     CPU     %user     %nice   %system   %iowait    %steal     %idle
08:32:16 PM     all      1.50      0.00      1.50      0.00      0.00     97.00

08:32:15 PM kbmemfree   kbavail kbmemused  %memused kbbuffers  kbcached  kbcommit   %commit  kbactive   kbinact   kbdirty
08:32:16 PM   1632816   1687892    163540      8.09     15956    167176    379376     12.05    230816     33304        36

08:32:16 PM     CPU     %user     %nice   %system   %iowait    %steal     %idle
08:32:17 PM     all      0.00      0.00      0.00      0.00      0.00    100.00

08:32:16 PM kbmemfree   kbavail kbmemused  %memused kbbuffers  kbcached  kbcommit   %commit  kbactive   kbinact   kbdirty
08:32:17 PM   1632816   1687892    163536      8.09     15956    167180    379376     12.05    230816     33304        40

08:32:17 PM     CPU     %user     %nice   %system   %iowait    %steal     %idle
08:32:18 PM     all      0.00      0.00      0.00      0.48      0.00     99.52

08:32:17 PM kbmemfree   kbavail kbmemused  %memused kbbuffers  kbcached  kbcommit   %commit  kbactive   kbinact   kbdirty
08:32:18 PM   1632816   1687892    163536      8.09     15964    167172    379376     12.05    230816     33304        40

08:32:18 PM     CPU     %user     %nice   %system   %iowait    %steal     %idle
08:32:19 PM     all      0.00      0.00      0.00      0.00      0.00    100.00

08:32:18 PM kbmemfree   kbavail kbmemused  %memused kbbuffers  kbcached  kbcommit   %commit  kbactive   kbinact   kbdirty
08:32:19 PM   1632816   1687904    163528      8.09     15964    167180    379376     12.05    230816     33316        32

08:32:19 PM     CPU     %user     %nice   %system   %iowait    %steal     %idle
08:32:20 PM     all      0.00      0.00      0.00      0.00      0.00    100.00

08:32:19 PM kbmemfree   kbavail kbmemused  %memused kbbuffers  kbcached  kbcommit   %commit  kbactive   kbinact   kbdirty
08:32:20 PM   1632816   1687904    163528      8.09     15964    167180    379376     12.05    230816     33316        36

08:32:20 PM     CPU     %user     %nice   %system   %iowait    %steal     %idle
08:32:21 PM     all      0.00      0.00      0.50      0.00      0.00     99.50

08:32:20 PM kbmemfree   kbavail kbmemused  %memused kbbuffers  kbcached  kbcommit   %commit  kbactive   kbinact   kbdirty
08:32:21 PM   1632816   1687904    163528      8.09     15964    167180    379376     12.05    230816     33316        36

08:32:21 PM     CPU     %user     %nice   %system   %iowait    %steal     %idle
08:32:22 PM     all      0.00      0.00      0.00      0.00      0.00    100.00

08:32:21 PM kbmemfree   kbavail kbmemused  %memused kbbuffers  kbcached  kbcommit   %commit  kbactive   kbinact   kbdirty
08:32:22 PM   1632816   1687904    163528      8.09     15964    167180    379376     12.05    230816     33316        20

08:32:22 PM     CPU     %user     %nice   %system   %iowait    %steal     %idle
08:32:23 PM     all      0.00      0.00      0.00      0.00      0.00    100.00

08:32:22 PM kbmemfree   kbavail kbmemused  %memused kbbuffers  kbcached  kbcommit   %commit  kbactive   kbinact   kbdirty
08:32:23 PM   1632816   1687904    163528      8.09     15964    167180    379376     12.05    230816     33316         4

08:32:23 PM     CPU     %user     %nice   %system   %iowait    %steal     %idle
08:32:24 PM     all      0.00      0.00      0.00      0.50      0.00     99.50

08:32:23 PM kbmemfree   kbavail kbmemused  %memused kbbuffers  kbcached  kbcommit   %commit  kbactive   kbinact   kbdirty
08:32:24 PM   1632816   1687904    163520      8.09     15972    167180    379376     12.05    230816     33316        32

08:32:24 PM     CPU     %user     %nice   %system   %iowait    %steal     %idle
08:32:25 PM     all      0.00      0.00      0.00      0.00      0.00    100.00

08:32:24 PM kbmemfree   kbavail kbmemused  %memused kbbuffers  kbcached  kbcommit   %commit  kbactive   kbinact   kbdirty
08:32:25 PM   1632816   1687912    163520      8.09     15972    167180    379376     12.05    230816     33324        28

08:32:25 PM     CPU     %user     %nice   %system   %iowait    %steal     %idle
08:32:26 PM     all      0.98      0.00      1.47      0.00      0.00     97.55

08:32:25 PM kbmemfree   kbavail kbmemused  %memused kbbuffers  kbcached  kbcommit   %commit  kbactive   kbinact   kbdirty
08:32:26 PM   1632816   1687916    163516      8.09     15972    167184    379376     12.05    230816     33328        48

08:32:26 PM     CPU     %user     %nice   %system   %iowait    %steal     %idle
08:32:27 PM     all      0.00      0.00      0.00      0.00      0.00    100.00

08:32:26 PM kbmemfree   kbavail kbmemused  %memused kbbuffers  kbcached  kbcommit   %commit  kbactive   kbinact   kbdirty
08:32:27 PM   1632816   1687916    163512      8.09     15972    167188    379376     12.05    230816     33328        52

08:32:27 PM     CPU     %user     %nice   %system   %iowait    %steal     %idle
08:32:28 PM     all      0.00      0.00      0.00      0.00      0.00    100.00

08:32:27 PM kbmemfree   kbavail kbmemused  %memused kbbuffers  kbcached  kbcommit   %commit  kbactive   kbinact   kbdirty
08:32:28 PM   1632816   1687916    163512      8.09     15972    167188    379376     12.05    230816     33328        52

08:32:28 PM     CPU     %user     %nice   %system   %iowait    %steal     %idle
08:32:29 PM     all      0.00      0.00      0.00      0.00      0.00    100.00

08:32:28 PM kbmemfree   kbavail kbmemused  %memused kbbuffers  kbcached  kbcommit   %commit  kbactive   kbinact   kbdirty
08:32:29 PM   1632816   1687920    163512      8.09     15972    167188    379376     12.05    230816     33332        24

08:32:29 PM     CPU     %user     %nice   %system   %iowait    %steal     %idle
08:32:30 PM     all      0.00      0.00      0.00      0.00      0.00    100.00

08:32:29 PM kbmemfree   kbavail kbmemused  %memused kbbuffers  kbcached  kbcommit   %commit  kbactive   kbinact   kbdirty
08:32:30 PM   1632816   1687920    163504      8.09     15980    167188    379376     12.05    230816     33332        40

08:32:30 PM     CPU     %user     %nice   %system   %iowait    %steal     %idle
08:32:31 PM     all      0.00      0.00      0.00      0.00      0.00    100.00

08:32:30 PM kbmemfree   kbavail kbmemused  %memused kbbuffers  kbcached  kbcommit   %commit  kbactive   kbinact   kbdirty
08:32:31 PM   1632816   1687928    163504      8.09     15980    167188    379376     12.05    230816     33340        16

08:32:31 PM     CPU     %user     %nice   %system   %iowait    %steal     %idle
08:32:32 PM     all      0.00      0.00      0.00      0.00      0.00    100.00

08:32:31 PM kbmemfree   kbavail kbmemused  %memused kbbuffers  kbcached  kbcommit   %commit  kbactive   kbinact   kbdirty
08:32:32 PM   1632816   1687928    163504      8.09     15980    167188    379376     12.05    230816     33340        20

08:32:32 PM     CPU     %user     %nice   %system   %iowait    %steal     %idle
08:32:33 PM     all      0.00      0.00      0.00      0.00      0.00    100.00

08:32:32 PM kbmemfree   kbavail kbmemused  %memused kbbuffers  kbcached  kbcommit   %commit  kbactive   kbinact   kbdirty
08:32:33 PM   1632816   1687928    163504      8.09     15980    167188    379376     12.05    230816     33340        20

08:32:33 PM     CPU     %user     %nice   %system   %iowait    %steal     %idle
08:32:34 PM     all      0.00      0.00      0.49      0.00      0.00     99.51

08:32:33 PM kbmemfree   kbavail kbmemused  %memused kbbuffers  kbcached  kbcommit   %commit  kbactive   kbinact   kbdirty
08:32:34 PM   1632816   1687928    163504      8.09     15980    167188    379376     12.05    230816     33340         4

08:32:34 PM     CPU     %user     %nice   %system   %iowait    %steal     %idle
08:32:35 PM     all      1.99      0.00      1.00      0.50      0.00     96.52

08:32:34 PM kbmemfree   kbavail kbmemused  %memused kbbuffers  kbcached  kbcommit   %commit  kbactive   kbinact   kbdirty
08:32:35 PM   1632816   1687928    163496      8.09     15988    167188    379376     12.05    230832     33340        28

08:32:35 PM     CPU     %user     %nice   %system   %iowait    %steal     %idle
08:32:36 PM     all      0.00      0.00      0.50      0.00      0.00     99.50

08:32:35 PM kbmemfree   kbavail kbmemused  %memused kbbuffers  kbcached  kbcommit   %commit  kbactive   kbinact   kbdirty
08:32:36 PM   1632816   1687936    163496      8.09     15988    167188    379376     12.05    230816     33348        32

08:32:36 PM     CPU     %user     %nice   %system   %iowait    %steal     %idle
08:32:37 PM     all      0.00      0.00      0.00      0.00      0.00    100.00

08:32:36 PM kbmemfree   kbavail kbmemused  %memused kbbuffers  kbcached  kbcommit   %commit  kbactive   kbinact   kbdirty
08:32:37 PM   1632816   1687936    163492      8.09     15988    167192    379376     12.05    230816     33348        40

08:32:37 PM     CPU     %user     %nice   %system   %iowait    %steal     %idle
08:32:38 PM     all      0.00      0.00      0.47      0.00      0.00     99.53

08:32:37 PM kbmemfree   kbavail kbmemused  %memused kbbuffers  kbcached  kbcommit   %commit  kbactive   kbinact   kbdirty
08:32:38 PM   1632816   1687936    163492      8.09     15988    167192    379376     12.05    230816     33348        40

08:32:38 PM     CPU     %user     %nice   %system   %iowait    %steal     %idle
08:32:39 PM     all      0.00      0.00      0.50      0.00      0.00     99.50

08:32:38 PM kbmemfree   kbavail kbmemused  %memused kbbuffers  kbcached  kbcommit   %commit  kbactive   kbinact   kbdirty
08:32:39 PM   1632816   1687936    163492      8.09     15988    167192    379376     12.05    230816     33348        40

08:32:39 PM     CPU     %user     %nice   %system   %iowait    %steal     %idle
08:32:40 PM     all      0.00      0.00      0.00      0.00      0.00    100.00

08:32:39 PM kbmemfree   kbavail kbmemused  %memused kbbuffers  kbcached  kbcommit   %commit  kbactive   kbinact   kbdirty
08:32:40 PM   1632816   1687936    163492      8.09     15988    167192    379376     12.05    230816     33348        40

08:32:40 PM     CPU     %user     %nice   %system   %iowait    %steal     %idle
08:32:41 PM     all      0.00      0.00      0.00      0.49      0.00     99.51

08:32:40 PM kbmemfree   kbavail kbmemused  %memused kbbuffers  kbcached  kbcommit   %commit  kbactive   kbinact   kbdirty
08:32:41 PM   1632816   1687936    163492      8.09     15996    167184    379376     12.05    230816     33348        40

08:32:41 PM     CPU     %user     %nice   %system   %iowait    %steal     %idle
08:32:42 PM     all      0.00      0.00      0.00      0.00      0.00    100.00

08:32:41 PM kbmemfree   kbavail kbmemused  %memused kbbuffers  kbcached  kbcommit   %commit  kbactive   kbinact   kbdirty
08:32:42 PM   1632816   1687948    163484      8.09     15996    167192    379376     12.05    230816     33360        20

08:32:42 PM     CPU     %user     %nice   %system   %iowait    %steal     %idle
08:32:43 PM     all      0.00      0.00      0.00      0.00      0.00    100.00

08:32:42 PM kbmemfree   kbavail kbmemused  %memused kbbuffers  kbcached  kbcommit   %commit  kbactive   kbinact   kbdirty
08:32:43 PM   1632816   1687948    163484      8.09     15996    167192    379376     12.05    230816     33360        20

08:32:43 PM     CPU     %user     %nice   %system   %iowait    %steal     %idle
08:32:44 PM     all      0.00      0.00      0.50      0.00      0.00     99.50

08:32:43 PM kbmemfree   kbavail kbmemused  %memused kbbuffers  kbcached  kbcommit   %commit  kbactive   kbinact   kbdirty
08:32:44 PM   1632816   1687948    163484      8.09     15996    167192    379376     12.05    230816     33360        20

08:32:44 PM     CPU     %user     %nice   %system   %iowait    %steal     %idle
08:32:45 PM     all      1.00      0.00      0.00      0.00      0.00     99.00

08:32:44 PM kbmemfree   kbavail kbmemused  %memused kbbuffers  kbcached  kbcommit   %commit  kbactive   kbinact   kbdirty
08:32:45 PM   1632816   1687948    163484      8.09     15996    167192    379376     12.05    230900     33360        20

08:32:45 PM     CPU     %user     %nice   %system   %iowait    %steal     %idle
08:32:46 PM     all      0.00      0.00      0.00      0.00      0.00    100.00

08:32:45 PM kbmemfree   kbavail kbmemused  %memused kbbuffers  kbcached  kbcommit   %commit  kbactive   kbinact   kbdirty
08:32:46 PM   1632816   1687952    163480      8.09     15996    167196    379376     12.05    230816     33364        20

08:32:46 PM     CPU     %user     %nice   %system   %iowait    %steal     %idle
08:32:47 PM     all      0.00      0.00      0.00      0.00      0.00    100.00

08:32:46 PM kbmemfree   kbavail kbmemused  %memused kbbuffers  kbcached  kbcommit   %commit  kbactive   kbinact   kbdirty
08:32:47 PM   1632816   1687964    163468      8.09     16004    167200    379376     12.05    230816     33376        28

08:32:47 PM     CPU     %user     %nice   %system   %iowait    %steal     %idle
08:32:48 PM     all      0.00      0.00      0.00      0.00      0.00    100.00

08:32:47 PM kbmemfree   kbavail kbmemused  %memused kbbuffers  kbcached  kbcommit   %commit  kbactive   kbinact   kbdirty
08:32:48 PM   1632816   1687964    163468      8.09     16004    167200    379376     12.05    230816     33376        28

08:32:48 PM     CPU     %user     %nice   %system   %iowait    %steal     %idle
08:32:49 PM     all      0.00      0.00      0.00      0.00      0.00    100.00

08:32:48 PM kbmemfree   kbavail kbmemused  %memused kbbuffers  kbcached  kbcommit   %commit  kbactive   kbinact   kbdirty
08:32:49 PM   1632816   1687964    163468      8.09     16004    167200    379376     12.05    230816     33376        32

08:32:49 PM     CPU     %user     %nice   %system   %iowait    %steal     %idle
08:32:50 PM     all      0.00      0.00      0.00      0.00      0.00    100.00

08:32:49 PM kbmemfree   kbavail kbmemused  %memused kbbuffers  kbcached  kbcommit   %commit  kbactive   kbinact   kbdirty
08:32:50 PM   1632816   1687964    163468      8.09     16004    167200    379376     12.05    230816     33376        32

08:32:50 PM     CPU     %user     %nice   %system   %iowait    %steal     %idle
08:32:51 PM     all      0.00      0.00      0.00      0.00      0.00    100.00

08:32:50 PM kbmemfree   kbavail kbmemused  %memused kbbuffers  kbcached  kbcommit   %commit  kbactive   kbinact   kbdirty
08:32:51 PM   1632816   1687964    163468      8.09     16004    167200    379376     12.05    230816     33376        16

08:32:51 PM     CPU     %user     %nice   %system   %iowait    %steal     %idle
08:32:52 PM     all      0.00      0.00      0.00      2.46      0.00     97.54

08:32:51 PM kbmemfree   kbavail kbmemused  %memused kbbuffers  kbcached  kbcommit   %commit  kbactive   kbinact   kbdirty
08:32:52 PM   1632816   1687964    163468      8.09     16012    167192    379376     12.05    230816     33376        16

08:32:52 PM     CPU     %user     %nice   %system   %iowait    %steal     %idle
08:32:53 PM     all      0.00      0.00      0.99      0.00      0.00     99.01

08:32:52 PM kbmemfree   kbavail kbmemused  %memused kbbuffers  kbcached  kbcommit   %commit  kbactive   kbinact   kbdirty
08:32:53 PM   1632816   1687964    163460      8.09     16012    167200    379376     12.05    230816     33376        32

08:32:53 PM     CPU     %user     %nice   %system   %iowait    %steal     %idle
08:32:55 PM     all      0.00      0.00      0.00      0.00      0.00    100.00

08:32:53 PM kbmemfree   kbavail kbmemused  %memused kbbuffers  kbcached  kbcommit   %commit  kbactive   kbinact   kbdirty
08:32:55 PM   1632816   1687964    163460      8.09     16012    167200    379376     12.05    230816     33376        32

08:32:55 PM     CPU     %user     %nice   %system   %iowait    %steal     %idle
08:32:56 PM     all      0.00      0.00      0.00      0.00      0.00    100.00

08:32:55 PM kbmemfree   kbavail kbmemused  %memused kbbuffers  kbcached  kbcommit   %commit  kbactive   kbinact   kbdirty
08:32:56 PM   1632816   1687964    163460      8.09     16012    167200    379376     12.05    230816     33376        32

Average:        CPU     %user     %nice   %system   %iowait    %steal     %idle
Average:        all      0.14      0.00      0.38      0.10      0.00     99.39

Average:    kbmemfree   kbavail kbmemused  %memused kbbuffers  kbcached  kbcommit   %commit  kbactive   kbinact   kbdirty
Average:      1632817   1687910    163519      8.09     15971    167181    379376     12.05    230818     33322        30
