Linux 6.12.38+deb13-amd64 (debian) 	10/04/2025 	_x86_64_	(2 CPU)

10:11:11 PM     CPU     %user     %nice   %system   %iowait    %steal     %idle
10:11:12 PM     all      0.48      0.00      3.85      0.00      0.00     95.67

10:11:11 PM kbmemfree   kbavail kbmemused  %memused kbbuffers  kbcached  kbcommit   %commit  kbactive   kbinact   kbdirty
10:11:12 PM   1674068   1703468    136360      6.75     12904    145196    342624     10.88    171976     27064        92

10:11:12 PM     CPU     %user     %nice   %system   %iowait    %steal     %idle
10:11:14 PM     all      0.00      0.00      0.82      0.00      0.00     99.18

10:11:12 PM kbmemfree   kbavail kbmemused  %memused kbbuffers  kbcached  kbcommit   %commit  kbactive   kbinact   kbdirty
10:11:14 PM   1674068   1703472    136360      6.75     12904    145196    342624     10.88    171980     27068       100

10:11:14 PM     CPU     %user     %nice   %system   %iowait    %steal     %idle
10:11:15 PM     all      0.00      0.00      0.00      0.50      0.00     99.50

10:11:14 PM kbmemfree   kbavail kbmemused  %memused kbbuffers  kbcached  kbcommit   %commit  kbactive   kbinact   kbdirty
10:11:15 PM   1674068   1703472    136360      6.75     12912    145188    342624     10.88    171980     27068       100

10:11:15 PM     CPU     %user     %nice   %system   %iowait    %steal     %idle
10:11:16 PM     all      0.00      0.00      0.40      0.00      0.00     99.60

10:11:15 PM kbmemfree   kbavail kbmemused  %memused kbbuffers  kbcached  kbcommit   %commit  kbactive   kbinact   kbdirty
10:11:16 PM   1674068   1703476    136352      6.75     12912    145196    342624     10.88    171980     27072        52

10:11:16 PM     CPU     %user     %nice   %system   %iowait    %steal     %idle
10:11:17 PM     all      0.00      0.00      0.44      0.00      0.00     99.56

10:11:16 PM kbmemfree   kbavail kbmemused  %memused kbbuffers  kbcached  kbcommit   %commit  kbactive   kbinact   kbdirty
10:11:17 PM   1674068   1703476    136352      6.75     12912    145196    342624     10.88    171980     27072        52

10:11:17 PM     CPU     %user     %nice   %system   %iowait    %steal     %idle
10:11:18 PM     all      0.00      0.00      0.00      0.00      0.00    100.00

10:11:17 PM kbmemfree   kbavail kbmemused  %memused kbbuffers  kbcached  kbcommit   %commit  kbactive   kbinact   kbdirty
10:11:18 PM   1674068   1703480    136352      6.75     12912    145196    342624     10.88    171980     27076        44

10:11:18 PM     CPU     %user     %nice   %system   %iowait    %steal     %idle
10:11:19 PM     all      0.00      0.00      0.00      0.00      0.00    100.00

10:11:18 PM kbmemfree   kbavail kbmemused  %memused kbbuffers  kbcached  kbcommit   %commit  kbactive   kbinact   kbdirty
10:11:19 PM   1674068   1703480    136352      6.75     12912    145196    342624     10.88    171980     27076        44

10:11:19 PM     CPU     %user     %nice   %system   %iowait    %steal     %idle
10:11:20 PM     all      0.00      0.00      0.00      0.00      0.00    100.00

10:11:19 PM kbmemfree   kbavail kbmemused  %memused kbbuffers  kbcached  kbcommit   %commit  kbactive   kbinact   kbdirty
10:11:20 PM   1674068   1703480    136344      6.75     12920    145196    342624     10.88    171980     27076        32

10:11:20 PM     CPU     %user     %nice   %system   %iowait    %steal     %idle
10:11:21 PM     all      0.00      0.00      0.00      0.00      0.00    100.00

10:11:20 PM kbmemfree   kbavail kbmemused  %memused kbbuffers  kbcached  kbcommit   %commit  kbactive   kbinact   kbdirty
10:11:21 PM   1674068   1703480    136344      6.75     12920    145196    342624     10.88    171980     27076        32

10:11:21 PM     CPU     %user     %nice   %system   %iowait    %steal     %idle
10:11:22 PM     all      0.00      0.00      0.00      0.00      0.00    100.00

10:11:21 PM kbmemfree   kbavail kbmemused  %memused kbbuffers  kbcached  kbcommit   %commit  kbactive   kbinact   kbdirty
10:11:22 PM   1674068   1703480    136344      6.75     12920    145196    342624     10.88    171980     27076        32

10:11:22 PM     CPU     %user     %nice   %system   %iowait    %steal     %idle
10:11:23 PM     all      0.00      0.00      0.00      0.00      0.00    100.00

10:11:22 PM kbmemfree   kbavail kbmemused  %memused kbbuffers  kbcached  kbcommit   %commit  kbactive   kbinact   kbdirty
10:11:23 PM   1674068   1703492    136340      6.75     12920    145200    342624     10.88    171980     27088        40

10:11:23 PM     CPU     %user     %nice   %system   %iowait    %steal     %idle
10:11:24 PM     all      0.00      0.00      0.00      0.00      0.00    100.00

10:11:23 PM kbmemfree   kbavail kbmemused  %memused kbbuffers  kbcached  kbcommit   %commit  kbactive   kbinact   kbdirty
10:11:24 PM   1674068   1703492    136340      6.75     12920    145200    342624     10.88    171984     27088        44

10:11:24 PM     CPU     %user     %nice   %system   %iowait    %steal     %idle
10:11:25 PM     all      0.00      0.00      0.00      0.00      0.00    100.00

10:11:24 PM kbmemfree   kbavail kbmemused  %memused kbbuffers  kbcached  kbcommit   %commit  kbactive   kbinact   kbdirty
10:11:25 PM   1674068   1703492    136340      6.75     12920    145200    342624     10.88    171984     27088        44

10:11:25 PM     CPU     %user     %nice   %system   %iowait    %steal     %idle
10:11:26 PM     all      0.00      0.00      0.00      0.50      0.00     99.50

10:11:25 PM kbmemfree   kbavail kbmemused  %memused kbbuffers  kbcached  kbcommit   %commit  kbactive   kbinact   kbdirty
10:11:26 PM   1674068   1703492    136332      6.75     12928    145200    342624     10.88    171984     27088        52

10:11:26 PM     CPU     %user     %nice   %system   %iowait    %steal     %idle
10:11:27 PM     all      0.00      0.00      0.00      0.00      0.00    100.00

10:11:26 PM kbmemfree   kbavail kbmemused  %memused kbbuffers  kbcached  kbcommit   %commit  kbactive   kbinact   kbdirty
10:11:27 PM   1674068   1703492    136332      6.75     12928    145200    342624     10.88    171984     27088        52

10:11:27 PM     CPU     %user     %nice   %system   %iowait    %steal     %idle
10:11:28 PM     all      0.00      0.00      0.00      0.00      0.00    100.00

10:11:27 PM kbmemfree   kbavail kbmemused  %memused kbbuffers  kbcached  kbcommit   %commit  kbactive   kbinact   kbdirty
10:11:28 PM   1674068   1703500    136332      6.75     12928    145200    342624     10.88    171984     27096        40

10:11:28 PM     CPU     %user     %nice   %system   %iowait    %steal     %idle
10:11:29 PM     all      0.00      0.00      0.00      0.00      0.00    100.00

10:11:28 PM kbmemfree   kbavail kbmemused  %memused kbbuffers  kbcached  kbcommit   %commit  kbactive   kbinact   kbdirty
10:11:29 PM   1674068   1703500    136332      6.75     12928    145200    342624     10.88    171984     27096        36

10:11:29 PM     CPU     %user     %nice   %system   %iowait    %steal     %idle
10:11:31 PM     all      0.00      0.00      0.00      0.00      0.00    100.00

10:11:29 PM kbmemfree   kbavail kbmemused  %memused kbbuffers  kbcached  kbcommit   %commit  kbactive   kbinact   kbdirty
10:11:31 PM   1674068   1703500    136332      6.75     12928    145200    342624     10.88    171984     27096        40

10:11:31 PM     CPU     %user     %nice   %system   %iowait    %steal     %idle
10:11:32 PM     all      0.00      0.00      0.00      2.00      0.00     98.00

10:11:31 PM kbmemfree   kbavail kbmemused  %memused kbbuffers  kbcached  kbcommit   %commit  kbactive   kbinact   kbdirty
10:11:32 PM   1674068   1703500    136324      6.75     12936    145200    342624     10.88    171984     27096        40

10:11:32 PM     CPU     %user     %nice   %system   %iowait    %steal     %idle
10:11:33 PM     all      0.00      0.00      0.00      0.00      0.00    100.00

10:11:32 PM kbmemfree   kbavail kbmemused  %memused kbbuffers  kbcached  kbcommit   %commit  kbactive   kbinact   kbdirty
10:11:33 PM   1674068   1703500    136324      6.75     12936    145200    342624     10.88    171984     27096        40

10:11:33 PM     CPU     %user     %nice   %system   %iowait    %steal     %idle
10:11:34 PM     all      0.00      0.00      0.00      0.00      0.00    100.00

10:11:33 PM kbmemfree   kbavail kbmemused  %memused kbbuffers  kbcached  kbcommit   %commit  kbactive   kbinact   kbdirty
10:11:34 PM   1674068   1703500    136324      6.75     12936    145200    342624     10.88    171984     27096        52

10:11:34 PM     CPU     %user     %nice   %system   %iowait    %steal     %idle
10:11:35 PM     all      0.00      0.00      0.50      0.00      0.00     99.50

10:11:34 PM kbmemfree   kbavail kbmemused  %memused kbbuffers  kbcached  kbcommit   %commit  kbactive   kbinact   kbdirty
10:11:35 PM   1674068   1703508    136320      6.75     12936    145204    342624     10.88    171984     27104        56

10:11:35 PM     CPU     %user     %nice   %system   %iowait    %steal     %idle
10:11:36 PM     all      0.00      0.00      0.50      0.00      0.00     99.50

10:11:35 PM kbmemfree   kbavail kbmemused  %memused kbbuffers  kbcached  kbcommit   %commit  kbactive   kbinact   kbdirty
10:11:36 PM   1674068   1703508    136320      6.75     12936    145204    342624     10.88    171984     27104        52

10:11:36 PM     CPU     %user     %nice   %system   %iowait    %steal     %idle
10:11:37 PM     all      0.00      0.00      0.00      0.00      0.00    100.00

10:11:36 PM kbmemfree   kbavail kbmemused  %memused kbbuffers  kbcached  kbcommit   %commit  kbactive   kbinact   kbdirty
10:11:37 PM   1674068   1703508    136312      6.74     12944    145204    342624     10.88    171984     27104        56

10:11:37 PM     CPU     %user     %nice   %system   %iowait    %steal     %idle
10:11:38 PM     all      0.00      0.00      0.00      0.00      0.00    100.00

10:11:37 PM kbmemfree   kbavail kbmemused  %memused kbbuffers  kbcached  kbcommit   %commit  kbactive   kbinact   kbdirty
10:11:38 PM   1674068   1703508    136312      6.74     12944    145204    342624     10.88    171984     27104        56

10:11:38 PM     CPU     %user     %nice   %system   %iowait    %steal     %idle
10:11:39 PM     all      0.00      0.00      0.00      0.00      0.00    100.00

10:11:38 PM kbmemfree   kbavail kbmemused  %memused kbbuffers  kbcached  kbcommit   %commit  kbactive   kbinact   kbdirty
10:11:39 PM   1674068   1703512    136312      6.74     12944    145204    342624     10.88    171984     27108        44

10:11:39 PM     CPU     %user     %nice   %system   %iowait    %steal     %idle
10:11:40 PM     all      0.00      0.00      0.00      0.00      0.00    100.00

10:11:39 PM kbmemfree   kbavail kbmemused  %memused kbbuffers  kbcached  kbcommit   %commit  kbactive   kbinact   kbdirty
10:11:40 PM   1674068   1703512    136312      6.74     12944    145204    342624     10.88    171984     27108        44

10:11:40 PM     CPU     %user     %nice   %system   %iowait    %steal     %idle
10:11:41 PM     all      0.00      0.00      0.00      0.00      0.00    100.00

10:11:40 PM kbmemfree   kbavail kbmemused  %memused kbbuffers  kbcached  kbcommit   %commit  kbactive   kbinact   kbdirty
10:11:41 PM   1674068   1703520    136312      6.74     12944    145204    342624     10.88    171984     27116        40

10:11:41 PM     CPU     %user     %nice   %system   %iowait    %steal     %idle
10:11:42 PM     all      0.00      0.00      0.00      1.94      0.00     98.06

10:11:41 PM kbmemfree   kbavail kbmemused  %memused kbbuffers  kbcached  kbcommit   %commit  kbactive   kbinact   kbdirty
10:11:42 PM   1674068   1703520    136304      6.74     12952    145204    342624     10.88    171984     27116        44

10:11:42 PM     CPU     %user     %nice   %system   %iowait    %steal     %idle
10:11:43 PM     all      0.00      0.00      0.50      0.00      0.00     99.50

10:11:42 PM kbmemfree   kbavail kbmemused  %memused kbbuffers  kbcached  kbcommit   %commit  kbactive   kbinact   kbdirty
10:11:43 PM   1674068   1703520    136304      6.74     12952    145204    342624     10.88    171988     27116        48

10:11:43 PM     CPU     %user     %nice   %system   %iowait    %steal     %idle
10:11:44 PM     all      0.00      0.00      0.49      0.00      0.00     99.51

10:11:43 PM kbmemfree   kbavail kbmemused  %memused kbbuffers  kbcached  kbcommit   %commit  kbactive   kbinact   kbdirty
10:11:44 PM   1674068   1703528    136304      6.74     12952    145204    342624     10.88    171984     27124        56

10:11:44 PM     CPU     %user     %nice   %system   %iowait    %steal     %idle
10:11:45 PM     all      0.00      0.00      0.00      0.00      0.00    100.00

10:11:44 PM kbmemfree   kbavail kbmemused  %memused kbbuffers  kbcached  kbcommit   %commit  kbactive   kbinact   kbdirty
10:11:45 PM   1674068   1703528    136300      6.74     12952    145208    342624     10.88    171984     27124        60

10:11:45 PM     CPU     %user     %nice   %system   %iowait    %steal     %idle
10:11:46 PM     all      0.00      0.00      0.00      0.50      0.00     99.50

10:11:45 PM kbmemfree   kbavail kbmemused  %memused kbbuffers  kbcached  kbcommit   %commit  kbactive   kbinact   kbdirty
10:11:46 PM   1674068   1703528    136300      6.74     12952    145208    342624     10.88    171984     27124        60

10:11:46 PM     CPU     %user     %nice   %system   %iowait    %steal     %idle
10:11:47 PM     all      0.00      0.00      0.00      1.99      0.00     98.01

10:11:46 PM kbmemfree   kbavail kbmemused  %memused kbbuffers  kbcached  kbcommit   %commit  kbactive   kbinact   kbdirty
10:11:47 PM   1674068   1703540    136292      6.74     12960    145208    342624     10.88    171984     27136        52

10:11:47 PM     CPU     %user     %nice   %system   %iowait    %steal     %idle
10:11:48 PM     all      0.00      0.00      0.50      0.00      0.00     99.50

10:11:47 PM kbmemfree   kbavail kbmemused  %memused kbbuffers  kbcached  kbcommit   %commit  kbactive   kbinact   kbdirty
10:11:48 PM   1674068   1703540    136292      6.74     12960    145208    342624     10.88    171984     27136        56

10:11:48 PM     CPU     %user     %nice   %system   %iowait    %steal     %idle
10:11:49 PM     all      0.00      0.00      0.00      0.00      0.00    100.00

10:11:48 PM kbmemfree   kbavail kbmemused  %memused kbbuffers  kbcached  kbcommit   %commit  kbactive   kbinact   kbdirty
10:11:49 PM   1674068   1703540    136292      6.74     12960    145208    342624     10.88    171984     27136        44

10:11:49 PM     CPU     %user     %nice   %system   %iowait    %steal     %idle
10:11:50 PM     all      0.00      0.00      0.00      0.00      0.00    100.00

10:11:49 PM kbmemfree   kbavail kbmemused  %memused kbbuffers  kbcached  kbcommit   %commit  kbactive   kbinact   kbdirty
10:11:50 PM   1674068   1703540    136292      6.74     12960    145208    342624     10.88    171984     27136        44

10:11:50 PM     CPU     %user     %nice   %system   %iowait    %steal     %idle
10:11:51 PM     all      0.00      0.00      0.00      0.00      0.00    100.00

10:11:50 PM kbmemfree   kbavail kbmemused  %memused kbbuffers  kbcached  kbcommit   %commit  kbactive   kbinact   kbdirty
10:11:51 PM   1674068   1703540    136292      6.74     12960    145208    342624     10.88    171984     27136         4

10:11:51 PM     CPU     %user     %nice   %system   %iowait    %steal     %idle
10:11:52 PM     all      0.00      0.00      0.00      0.47      0.00     99.53

10:11:51 PM kbmemfree   kbavail kbmemused  %memused kbbuffers  kbcached  kbcommit   %commit  kbactive   kbinact   kbdirty
10:11:52 PM   1674068   1703540    136292      6.74     12968    145200    342624     10.88    171984     27136         4

10:11:52 PM     CPU     %user     %nice   %system   %iowait    %steal     %idle
10:11:53 PM     all      0.00      0.00      0.00      0.50      0.00     99.50

10:11:52 PM kbmemfree   kbavail kbmemused  %memused kbbuffers  kbcached  kbcommit   %commit  kbactive   kbinact   kbdirty
10:11:53 PM   1674068   1703564    136268      6.74     12976    145212    342624     10.88    171984     27156        28

10:11:53 PM     CPU     %user     %nice   %system   %iowait    %steal     %idle
10:11:54 PM     all      0.00      0.00      0.00      0.00      0.00    100.00

10:11:53 PM kbmemfree   kbavail kbmemused  %memused kbbuffers  kbcached  kbcommit   %commit  kbactive   kbinact   kbdirty
10:11:54 PM   1674068   1703564    136268      6.74     12976    145212    342624     10.88    171984     27156        32

10:11:54 PM     CPU     %user     %nice   %system   %iowait    %steal     %idle
10:11:55 PM     all      0.00      0.00      0.00      0.00      0.00    100.00

10:11:54 PM kbmemfree   kbavail kbmemused  %memused kbbuffers  kbcached  kbcommit   %commit  kbactive   kbinact   kbdirty
10:11:55 PM   1674068   1703564    136264      6.74     12976    145216    342624     10.88    171984     27156        36

10:11:55 PM     CPU     %user     %nice   %system   %iowait    %steal     %idle
10:11:56 PM     all      0.00      0.00      0.00      0.00      0.00    100.00

10:11:55 PM kbmemfree   kbavail kbmemused  %memused kbbuffers  kbcached  kbcommit   %commit  kbactive   kbinact   kbdirty
10:11:56 PM   1674068   1703564    136264      6.74     12976    145216    342624     10.88    171984     27156        36

10:11:56 PM     CPU     %user     %nice   %system   %iowait    %steal     %idle
10:11:57 PM     all      0.00      0.00      0.00      0.00      0.00    100.00

10:11:56 PM kbmemfree   kbavail kbmemused  %memused kbbuffers  kbcached  kbcommit   %commit  kbactive   kbinact   kbdirty
10:11:57 PM   1674068   1703564    136264      6.74     12984    145208    342624     10.88    171984     27156        36

10:11:57 PM     CPU     %user     %nice   %system   %iowait    %steal     %idle
10:11:58 PM     all      0.00      0.00      0.50      2.00      0.00     97.50

10:11:57 PM kbmemfree   kbavail kbmemused  %memused kbbuffers  kbcached  kbcommit   %commit  kbactive   kbinact   kbdirty
10:11:58 PM   1674068   1703568    136256      6.74     12984    145216    342624     10.88    171984     27160        36

10:11:58 PM     CPU     %user     %nice   %system   %iowait    %steal     %idle
10:11:59 PM     all      0.00      0.00      0.00      0.00      0.00    100.00

10:11:58 PM kbmemfree   kbavail kbmemused  %memused kbbuffers  kbcached  kbcommit   %commit  kbactive   kbinact   kbdirty
10:11:59 PM   1674068   1703568    136256      6.74     12984    145216    342624     10.88    171984     27160        28

10:11:59 PM     CPU     %user     %nice   %system   %iowait    %steal     %idle
10:12:00 PM     all      0.00      0.00      0.00      0.00      0.00    100.00

10:11:59 PM kbmemfree   kbavail kbmemused  %memused kbbuffers  kbcached  kbcommit   %commit  kbactive   kbinact   kbdirty
10:12:00 PM   1674068   1703568    136256      6.74     12984    145216    342624     10.88    171984     27160        32

10:12:00 PM     CPU     %user     %nice   %system   %iowait    %steal     %idle
10:12:01 PM     all      0.00      0.00      0.00      0.00      0.00    100.00

10:12:00 PM kbmemfree   kbavail kbmemused  %memused kbbuffers  kbcached  kbcommit   %commit  kbactive   kbinact   kbdirty
10:12:01 PM   1674068   1703568    136256      6.74     12984    145216    342624     10.88    171984     27160        32

10:12:01 PM     CPU     %user     %nice   %system   %iowait    %steal     %idle
10:12:02 PM     all      0.00      0.00      0.00      0.00      0.00    100.00

10:12:01 PM kbmemfree   kbavail kbmemused  %memused kbbuffers  kbcached  kbcommit   %commit  kbactive   kbinact   kbdirty
10:12:02 PM   1674068   1703568    136256      6.74     12984    145216    342624     10.88    171984     27160        32

10:12:02 PM     CPU     %user     %nice   %system   %iowait    %steal     %idle
10:12:03 PM     all      0.00      0.00      0.50      1.99      0.00     97.51

10:12:02 PM kbmemfree   kbavail kbmemused  %memused kbbuffers  kbcached  kbcommit   %commit  kbactive   kbinact   kbdirty
10:12:03 PM   1674068   1703576    136244      6.74     12992    145220    342624     10.88    171984     27168        48

10:12:03 PM     CPU     %user     %nice   %system   %iowait    %steal     %idle
10:12:04 PM     all      0.00      0.00      0.00      0.00      0.00    100.00

10:12:03 PM kbmemfree   kbavail kbmemused  %memused kbbuffers  kbcached  kbcommit   %commit  kbactive   kbinact   kbdirty
10:12:04 PM   1674068   1703576    136244      6.74     12992    145220    342624     10.88    171984     27168        48

10:12:04 PM     CPU     %user     %nice   %system   %iowait    %steal     %idle
10:12:05 PM     all      0.00      0.00      0.00      0.00      0.00    100.00

10:12:04 PM kbmemfree   kbavail kbmemused  %memused kbbuffers  kbcached  kbcommit   %commit  kbactive   kbinact   kbdirty
10:12:05 PM   1674068   1703588    136240      6.74     12992    145224    342624     10.88    171984     27180        44

10:12:05 PM     CPU     %user     %nice   %system   %iowait    %steal     %idle
10:12:06 PM     all      0.00      0.00      0.00      0.00      0.00    100.00

10:12:05 PM kbmemfree   kbavail kbmemused  %memused kbbuffers  kbcached  kbcommit   %commit  kbactive   kbinact   kbdirty
10:12:06 PM   1674068   1703588    136240      6.74     12992    145224    342624     10.88    171984     27180        48

10:12:06 PM     CPU     %user     %nice   %system   %iowait    %steal     %idle
10:12:07 PM     all      0.00      0.00      0.00      0.00      0.00    100.00

10:12:06 PM kbmemfree   kbavail kbmemused  %memused kbbuffers  kbcached  kbcommit   %commit  kbactive   kbinact   kbdirty
10:12:07 PM   1674068   1703588    136240      6.74     12992    145224    342624     10.88    171984     27180        48

10:12:07 PM     CPU     %user     %nice   %system   %iowait    %steal     %idle
10:12:08 PM     all      0.00      0.00      0.00      0.00      0.00    100.00

10:12:07 PM kbmemfree   kbavail kbmemused  %memused kbbuffers  kbcached  kbcommit   %commit  kbactive   kbinact   kbdirty
10:12:08 PM   1674068   1703588    136240      6.74     12992    145224    342624     10.88    171984     27180        32

10:12:08 PM     CPU     %user     %nice   %system   %iowait    %steal     %idle
10:12:09 PM     all      0.00      0.00      0.00      0.00      0.00    100.00

10:12:08 PM kbmemfree   kbavail kbmemused  %memused kbbuffers  kbcached  kbcommit   %commit  kbactive   kbinact   kbdirty
10:12:09 PM   1674068   1703588    136240      6.74     13000    145216    342624     10.88    171984     27180        32

10:12:09 PM     CPU     %user     %nice   %system   %iowait    %steal     %idle
10:12:10 PM     all      0.00      0.00      0.50      0.00      0.00     99.50

10:12:09 PM kbmemfree   kbavail kbmemused  %memused kbbuffers  kbcached  kbcommit   %commit  kbactive   kbinact   kbdirty
10:12:10 PM   1674068   1703588    136232      6.74     13000    145224    342624     10.88    171984     27180        44

10:12:10 PM     CPU     %user     %nice   %system   %iowait    %steal     %idle
10:12:11 PM     all      0.00      0.00      0.00      0.00      0.00    100.00

10:12:10 PM kbmemfree   kbavail kbmemused  %memused kbbuffers  kbcached  kbcommit   %commit  kbactive   kbinact   kbdirty
10:12:11 PM   1674068   1703588    136232      6.74     13000    145224    342624     10.88    171984     27180        40

10:12:11 PM     CPU     %user     %nice   %system   %iowait    %steal     %idle
10:12:12 PM     all      0.00      0.00      0.00      0.00      0.00    100.00

10:12:11 PM kbmemfree   kbavail kbmemused  %memused kbbuffers  kbcached  kbcommit   %commit  kbactive   kbinact   kbdirty
10:12:12 PM   1674068   1703588    136232      6.74     13000    145224    342624     10.88    171984     27180        44

10:12:12 PM     CPU     %user     %nice   %system   %iowait    %steal     %idle
10:12:13 PM     all      0.00      0.00      0.00      0.00      0.00    100.00

10:12:12 PM kbmemfree   kbavail kbmemused  %memused kbbuffers  kbcached  kbcommit   %commit  kbactive   kbinact   kbdirty
10:12:13 PM   1674068   1703588    136232      6.74     13000    145224    342624     10.88    171984     27180        44

Average:        CPU     %user     %nice   %system   %iowait    %steal     %idle
Average:        all      0.01      0.00      0.16      0.20      0.00     99.63

Average:    kbmemfree   kbavail kbmemused  %memused kbbuffers  kbcached  kbcommit   %commit  kbactive   kbinact   kbdirty
Average:      1674068   1703529    136298      6.74     12954    145207    342624     10.88    171983     27124        45
