Linux 6.12.38+deb13-amd64 (debian) 	10/04/2025 	_x86_64_	(2 CPU)

08:13:40 PM     CPU     %user     %nice   %system   %iowait    %steal     %idle
08:13:41 PM     all      0.47      0.00      3.74      0.00      0.00     95.79

08:13:40 PM kbmemfree   kbavail kbmemused  %memused kbbuffers  kbcached  kbcommit   %commit  kbactive   kbinact   kbdirty
08:13:41 PM   1648148   1701232    150280      7.44     15252    165936    379060     12.04    229972     31768         0

08:13:41 PM     CPU     %user     %nice   %system   %iowait    %steal     %idle
08:13:42 PM     all      0.00      0.00      6.98      0.00      0.00     93.02

08:13:41 PM kbmemfree   kbavail kbmemused  %memused kbbuffers  kbcached  kbcommit   %commit  kbactive   kbinact   kbdirty
08:13:42 PM   1648148   1701236    150272      7.44     15252    165940    379060     12.04    229884     31772        16

08:13:42 PM     CPU     %user     %nice   %system   %iowait    %steal     %idle
08:13:43 PM     all      0.00      0.00      1.97      0.00      0.00     98.03

08:13:42 PM kbmemfree   kbavail kbmemused  %memused kbbuffers  kbcached  kbcommit   %commit  kbactive   kbinact   kbdirty
08:13:43 PM   1648148   1701236    150272      7.44     15252    165940    379060     12.04    229884     31772        16

08:13:43 PM     CPU     %user     %nice   %system   %iowait    %steal     %idle
08:13:44 PM     all      0.00      0.00      0.00      0.00      0.00    100.00

08:13:43 PM kbmemfree   kbavail kbmemused  %memused kbbuffers  kbcached  kbcommit   %commit  kbactive   kbinact   kbdirty
08:13:44 PM   1648148   1701236    150272      7.44     15252    165940    379060     12.04    229884     31772        16

08:13:44 PM     CPU     %user     %nice   %system   %iowait    %steal     %idle
08:13:45 PM     all      0.00      0.00      0.00      0.00      0.00    100.00

08:13:44 PM kbmemfree   kbavail kbmemused  %memused kbbuffers  kbcached  kbcommit   %commit  kbactive   kbinact   kbdirty
08:13:45 PM   1648148   1701236    150272      7.44     15252    165940    379060     12.04    229884     31772        16

08:13:45 PM     CPU     %user     %nice   %system   %iowait    %steal     %idle
08:13:46 PM     all      0.00      0.00      0.49      1.97      0.00     97.54

08:13:45 PM kbmemfree   kbavail kbmemused  %memused kbbuffers  kbcached  kbcommit   %commit  kbactive   kbinact   kbdirty
08:13:46 PM   1648148   1701236    150272      7.44     15260    165932    379060     12.04    229884     31772        16

08:13:46 PM     CPU     %user     %nice   %system   %iowait    %steal     %idle
08:13:47 PM     all      0.00      0.00      0.48      0.00      0.00     99.52

08:13:46 PM kbmemfree   kbavail kbmemused  %memused kbbuffers  kbcached  kbcommit   %commit  kbactive   kbinact   kbdirty
08:13:47 PM   1648148   1701244    150264      7.44     15260    165940    379060     12.04    229884     31780        36

08:13:47 PM     CPU     %user     %nice   %system   %iowait    %steal     %idle
08:13:48 PM     all      0.00      0.00      0.00      0.00      0.00    100.00

08:13:47 PM kbmemfree   kbavail kbmemused  %memused kbbuffers  kbcached  kbcommit   %commit  kbactive   kbinact   kbdirty
08:13:48 PM   1648148   1701244    150264      7.44     15260    165940    379060     12.04    229884     31780        36

08:13:48 PM     CPU     %user     %nice   %system   %iowait    %steal     %idle
08:13:50 PM     all      0.00      0.00      0.49      0.00      0.00     99.51

08:13:48 PM kbmemfree   kbavail kbmemused  %memused kbbuffers  kbcached  kbcommit   %commit  kbactive   kbinact   kbdirty
08:13:50 PM   1648148   1701244    150264      7.44     15260    165940    379060     12.04    229884     31780        36

08:13:50 PM     CPU     %user     %nice   %system   %iowait    %steal     %idle
08:13:51 PM     all      0.00      0.00      0.00      0.00      0.00    100.00

08:13:50 PM kbmemfree   kbavail kbmemused  %memused kbbuffers  kbcached  kbcommit   %commit  kbactive   kbinact   kbdirty
08:13:51 PM   1648148   1701244    150264      7.44     15260    165940    379060     12.04    229884     31780        36

08:13:51 PM     CPU     %user     %nice   %system   %iowait    %steal     %idle
08:13:52 PM     all      0.50      0.00      0.00      1.50      0.00     98.00

08:13:51 PM kbmemfree   kbavail kbmemused  %memused kbbuffers  kbcached  kbcommit   %commit  kbactive   kbinact   kbdirty
08:13:52 PM   1648148   1701256    150248      7.43     15268    165948    379100     12.04    230116     31792        44

08:13:52 PM     CPU     %user     %nice   %system   %iowait    %steal     %idle
08:13:53 PM     all      0.00      0.00      0.00      0.00      0.00    100.00

08:13:52 PM kbmemfree   kbavail kbmemused  %memused kbbuffers  kbcached  kbcommit   %commit  kbactive   kbinact   kbdirty
08:13:53 PM   1648148   1701260    150248      7.43     15268    165948    379100     12.04    230156     31796        36

08:13:53 PM     CPU     %user     %nice   %system   %iowait    %steal     %idle
08:13:54 PM     all      0.00      0.00      0.00      0.00      0.00    100.00

08:13:53 PM kbmemfree   kbavail kbmemused  %memused kbbuffers  kbcached  kbcommit   %commit  kbactive   kbinact   kbdirty
08:13:54 PM   1648148   1701260    150248      7.43     15268    165948    379100     12.04    230156     31796        40

08:13:54 PM     CPU     %user     %nice   %system   %iowait    %steal     %idle
08:13:55 PM     all      0.00      0.00      0.00      0.00      0.00    100.00

08:13:54 PM kbmemfree   kbavail kbmemused  %memused kbbuffers  kbcached  kbcommit   %commit  kbactive   kbinact   kbdirty
08:13:55 PM   1648148   1701260    150248      7.43     15268    165948    379100     12.04    230156     31796        40

08:13:55 PM     CPU     %user     %nice   %system   %iowait    %steal     %idle
08:13:56 PM     all      0.00      0.00      0.00      0.00      0.00    100.00

08:13:55 PM kbmemfree   kbavail kbmemused  %memused kbbuffers  kbcached  kbcommit   %commit  kbactive   kbinact   kbdirty
08:13:56 PM   1648148   1701260    150248      7.43     15268    165948    379100     12.04    230156     31796        40

08:13:56 PM     CPU     %user     %nice   %system   %iowait    %steal     %idle
08:13:57 PM     all      0.00      0.00      0.50      0.00      0.00     99.50

08:13:56 PM kbmemfree   kbavail kbmemused  %memused kbbuffers  kbcached  kbcommit   %commit  kbactive   kbinact   kbdirty
08:13:57 PM   1648148   1701272    150236      7.43     15276    165948    379100     12.04    230156     31804        28

08:13:57 PM     CPU     %user     %nice   %system   %iowait    %steal     %idle
08:13:58 PM     all      0.00      0.00      0.00      0.00      0.00    100.00

08:13:57 PM kbmemfree   kbavail kbmemused  %memused kbbuffers  kbcached  kbcommit   %commit  kbactive   kbinact   kbdirty
08:13:58 PM   1648148   1701272    150236      7.43     15276    165948    379100     12.04    230156     31804        28

08:13:58 PM     CPU     %user     %nice   %system   %iowait    %steal     %idle
08:13:59 PM     all      0.00      0.00      0.00      0.00      0.00    100.00

08:13:58 PM kbmemfree   kbavail kbmemused  %memused kbbuffers  kbcached  kbcommit   %commit  kbactive   kbinact   kbdirty
08:13:59 PM   1648148   1701272    150236      7.43     15276    165948    379100     12.04    230156     31804        28

08:13:59 PM     CPU     %user     %nice   %system   %iowait    %steal     %idle
08:14:00 PM     all      0.00      0.00      0.49      0.00      0.00     99.51

08:13:59 PM kbmemfree   kbavail kbmemused  %memused kbbuffers  kbcached  kbcommit   %commit  kbactive   kbinact   kbdirty
08:14:00 PM   1648148   1701272    150236      7.43     15276    165948    379100     12.04    230156     31804        28

08:14:00 PM     CPU     %user     %nice   %system   %iowait    %steal     %idle
08:14:01 PM     all      0.00      0.00      0.00      0.00      0.00    100.00

08:14:00 PM kbmemfree   kbavail kbmemused  %memused kbbuffers  kbcached  kbcommit   %commit  kbactive   kbinact   kbdirty
08:14:01 PM   1648148   1701272    150236      7.43     15276    165948    379100     12.04    230156     31804        28

08:14:01 PM     CPU     %user     %nice   %system   %iowait    %steal     %idle
08:14:02 PM     all      0.50      0.00      0.00      0.00      0.00     99.50

08:14:01 PM kbmemfree   kbavail kbmemused  %memused kbbuffers  kbcached  kbcommit   %commit  kbactive   kbinact   kbdirty
08:14:02 PM   1648148   1701272    150236      7.43     15276    165948    379100     12.04    230240     31804        28

08:14:02 PM     CPU     %user     %nice   %system   %iowait    %steal     %idle
08:14:03 PM     all      0.00      0.00      0.00      0.49      0.00     99.51

08:14:02 PM kbmemfree   kbavail kbmemused  %memused kbbuffers  kbcached  kbcommit   %commit  kbactive   kbinact   kbdirty
08:14:03 PM   1648148   1701272    150224      7.43     15284    165952    379100     12.04    230160     31804        36

08:14:03 PM     CPU     %user     %nice   %system   %iowait    %steal     %idle
08:14:04 PM     all      0.00      0.00      0.99      0.00      0.00     99.01

08:14:03 PM kbmemfree   kbavail kbmemused  %memused kbbuffers  kbcached  kbcommit   %commit  kbactive   kbinact   kbdirty
08:14:04 PM   1648148   1701272    150224      7.43     15284    165952    379100     12.04    230160     31804        28

08:14:04 PM     CPU     %user     %nice   %system   %iowait    %steal     %idle
08:14:05 PM     all      0.00      0.00      0.00      0.00      0.00    100.00

08:14:04 PM kbmemfree   kbavail kbmemused  %memused kbbuffers  kbcached  kbcommit   %commit  kbactive   kbinact   kbdirty
08:14:05 PM   1648148   1701272    150224      7.43     15284    165952    379100     12.04    230160     31804        28

08:14:05 PM     CPU     %user     %nice   %system   %iowait    %steal     %idle
08:14:06 PM     all      0.48      0.00      0.00      0.00      0.00     99.52

08:14:05 PM kbmemfree   kbavail kbmemused  %memused kbbuffers  kbcached  kbcommit   %commit  kbactive   kbinact   kbdirty
08:14:06 PM   1648148   1701272    150224      7.43     15284    165952    379100     12.04    230160     31804        32

08:14:06 PM     CPU     %user     %nice   %system   %iowait    %steal     %idle
08:14:07 PM     all      0.00      0.00      0.00      0.00      0.00    100.00

08:14:06 PM kbmemfree   kbavail kbmemused  %memused kbbuffers  kbcached  kbcommit   %commit  kbactive   kbinact   kbdirty
08:14:07 PM   1648148   1701284    150224      7.43     15284    165952    379100     12.04    230160     31816        20

08:14:07 PM     CPU     %user     %nice   %system   %iowait    %steal     %idle
08:14:08 PM     all      0.00      0.00      0.50      0.00      0.00     99.50

08:14:07 PM kbmemfree   kbavail kbmemused  %memused kbbuffers  kbcached  kbcommit   %commit  kbactive   kbinact   kbdirty
08:14:08 PM   1648148   1701284    150224      7.43     15284    165952    379100     12.04    230160     31816         4

08:14:08 PM     CPU     %user     %nice   %system   %iowait    %steal     %idle
08:14:09 PM     all      0.00      0.00      0.00      0.49      0.00     99.51

08:14:08 PM kbmemfree   kbavail kbmemused  %memused kbbuffers  kbcached  kbcommit   %commit  kbactive   kbinact   kbdirty
08:14:09 PM   1648148   1701284    150216      7.43     15292    165952    379100     12.04    230160     31816        16

08:14:09 PM     CPU     %user     %nice   %system   %iowait    %steal     %idle
08:14:10 PM     all      0.00      0.00      0.50      0.00      0.00     99.50

08:14:09 PM kbmemfree   kbavail kbmemused  %memused kbbuffers  kbcached  kbcommit   %commit  kbactive   kbinact   kbdirty
08:14:10 PM   1648148   1701292    150216      7.43     15292    165952    379100     12.04    230160     31824        12

08:14:10 PM     CPU     %user     %nice   %system   %iowait    %steal     %idle
08:14:11 PM     all      0.00      0.00      0.00      0.00      0.00    100.00

08:14:10 PM kbmemfree   kbavail kbmemused  %memused kbbuffers  kbcached  kbcommit   %commit  kbactive   kbinact   kbdirty
08:14:11 PM   1648148   1701292    150216      7.43     15292    165952    379100     12.04    230160     31824        16

08:14:11 PM     CPU     %user     %nice   %system   %iowait    %steal     %idle
08:14:12 PM     all      0.49      0.00      0.49      0.00      0.00     99.03

08:14:11 PM kbmemfree   kbavail kbmemused  %memused kbbuffers  kbcached  kbcommit   %commit  kbactive   kbinact   kbdirty
08:14:12 PM   1648148   1701292    150216      7.43     15292    165952    379100     12.04    230244     31824        16

08:14:12 PM     CPU     %user     %nice   %system   %iowait    %steal     %idle
08:14:13 PM     all      0.00      0.00      0.00      0.00      0.00    100.00

08:14:12 PM kbmemfree   kbavail kbmemused  %memused kbbuffers  kbcached  kbcommit   %commit  kbactive   kbinact   kbdirty
08:14:13 PM   1648148   1701292    150212      7.43     15292    165956    379100     12.04    230164     31824        32

08:14:13 PM     CPU     %user     %nice   %system   %iowait    %steal     %idle
08:14:14 PM     all      0.00      0.00      0.00      0.00      0.00    100.00

08:14:13 PM kbmemfree   kbavail kbmemused  %memused kbbuffers  kbcached  kbcommit   %commit  kbactive   kbinact   kbdirty
08:14:14 PM   1648148   1701292    150212      7.43     15292    165956    379100     12.04    230164     31824        32

08:14:14 PM     CPU     %user     %nice   %system   %iowait    %steal     %idle
08:14:15 PM     all      0.00      0.00      0.00      0.00      0.00    100.00

08:14:14 PM kbmemfree   kbavail kbmemused  %memused kbbuffers  kbcached  kbcommit   %commit  kbactive   kbinact   kbdirty
08:14:15 PM   1648148   1701296    150204      7.43     15300    165956    379100     12.04    230164     31828        36

08:14:15 PM     CPU     %user     %nice   %system   %iowait    %steal     %idle
08:14:16 PM     all      0.00      0.00      0.50      0.00      0.00     99.50

08:14:15 PM kbmemfree   kbavail kbmemused  %memused kbbuffers  kbcached  kbcommit   %commit  kbactive   kbinact   kbdirty
08:14:16 PM   1648148   1701304    150204      7.43     15300    165956    379100     12.04    230164     31836        28

08:14:16 PM     CPU     %user     %nice   %system   %iowait    %steal     %idle
08:14:17 PM     all      0.00      0.00      0.00      0.00      0.00    100.00

08:14:16 PM kbmemfree   kbavail kbmemused  %memused kbbuffers  kbcached  kbcommit   %commit  kbactive   kbinact   kbdirty
08:14:17 PM   1648148   1701304    150204      7.43     15300    165956    379100     12.04    230164     31836        20

08:14:17 PM     CPU     %user     %nice   %system   %iowait    %steal     %idle
08:14:18 PM     all      0.00      0.00      0.50      0.00      0.00     99.50

08:14:17 PM kbmemfree   kbavail kbmemused  %memused kbbuffers  kbcached  kbcommit   %commit  kbactive   kbinact   kbdirty
08:14:18 PM   1648148   1701304    150204      7.43     15300    165956    379100     12.04    230164     31836        20

08:14:18 PM     CPU     %user     %nice   %system   %iowait    %steal     %idle
08:14:19 PM     all      0.00      0.00      0.00      0.00      0.00    100.00

08:14:18 PM kbmemfree   kbavail kbmemused  %memused kbbuffers  kbcached  kbcommit   %commit  kbactive   kbinact   kbdirty
08:14:19 PM   1648148   1701304    150204      7.43     15300    165956    379100     12.04    230164     31836        20

08:14:19 PM     CPU     %user     %nice   %system   %iowait    %steal     %idle
08:14:20 PM     all      0.00      0.00      0.00      0.00      0.00    100.00

08:14:19 PM kbmemfree   kbavail kbmemused  %memused kbbuffers  kbcached  kbcommit   %commit  kbactive   kbinact   kbdirty
08:14:20 PM   1648148   1701304    150204      7.43     15300    165956    379100     12.04    230164     31836         4

08:14:20 PM     CPU     %user     %nice   %system   %iowait    %steal     %idle
08:14:21 PM     all      0.00      0.00      0.50      0.50      0.00     99.00

08:14:20 PM kbmemfree   kbavail kbmemused  %memused kbbuffers  kbcached  kbcommit   %commit  kbactive   kbinact   kbdirty
08:14:21 PM   1648148   1701312    150196      7.43     15308    165956    384200     12.20    232984     31844        16

08:14:21 PM     CPU     %user     %nice   %system   %iowait    %steal     %idle
08:14:22 PM     all      0.00      0.00      0.00      0.00      0.00    100.00

08:14:21 PM kbmemfree   kbavail kbmemused  %memused kbbuffers  kbcached  kbcommit   %commit  kbactive   kbinact   kbdirty
08:14:22 PM   1648148   1701316    150192      7.43     15308    165960    379100     12.04    230164     31848        28

08:14:22 PM     CPU     %user     %nice   %system   %iowait    %steal     %idle
08:14:23 PM     all      0.00      0.00      0.00      0.00      0.00    100.00

08:14:22 PM kbmemfree   kbavail kbmemused  %memused kbbuffers  kbcached  kbcommit   %commit  kbactive   kbinact   kbdirty
08:14:23 PM   1648148   1701316    150188      7.43     15308    165964    379100     12.04    230164     31848        36

08:14:23 PM     CPU     %user     %nice   %system   %iowait    %steal     %idle
08:14:24 PM     all      0.00      0.00      0.00      0.00      0.00    100.00

08:14:23 PM kbmemfree   kbavail kbmemused  %memused kbbuffers  kbcached  kbcommit   %commit  kbactive   kbinact   kbdirty
08:14:24 PM   1648148   1701316    150188      7.43     15308    165964    379100     12.04    230164     31848        36

08:14:24 PM     CPU     %user     %nice   %system   %iowait    %steal     %idle
08:14:25 PM     all      0.00      0.00      0.00      0.00      0.00    100.00

08:14:24 PM kbmemfree   kbavail kbmemused  %memused kbbuffers  kbcached  kbcommit   %commit  kbactive   kbinact   kbdirty
08:14:25 PM   1648148   1701316    150188      7.43     15308    165964    379100     12.04    230164     31848        36

08:14:25 PM     CPU     %user     %nice   %system   %iowait    %steal     %idle
08:14:26 PM     all      0.00      0.00      0.00      0.00      0.00    100.00

08:14:25 PM kbmemfree   kbavail kbmemused  %memused kbbuffers  kbcached  kbcommit   %commit  kbactive   kbinact   kbdirty
08:14:26 PM   1648148   1701320    150188      7.43     15308    165964    379100     12.04    230164     31852        24

08:14:26 PM     CPU     %user     %nice   %system   %iowait    %steal     %idle
08:14:27 PM     all      0.00      0.00      0.00      2.00      0.00     98.00

08:14:26 PM kbmemfree   kbavail kbmemused  %memused kbbuffers  kbcached  kbcommit   %commit  kbactive   kbinact   kbdirty
08:14:27 PM   1648148   1701328    150180      7.43     15316    165964    379100     12.04    230164     31860        32

08:14:27 PM     CPU     %user     %nice   %system   %iowait    %steal     %idle
08:14:28 PM     all      0.00      0.00      0.50      0.00      0.00     99.50

08:14:27 PM kbmemfree   kbavail kbmemused  %memused kbbuffers  kbcached  kbcommit   %commit  kbactive   kbinact   kbdirty
08:14:28 PM   1648148   1701332    150176      7.43     15320    165964    379100     12.04    230164     31864        16

08:14:28 PM     CPU     %user     %nice   %system   %iowait    %steal     %idle
08:14:29 PM     all      0.00      0.00      0.00      0.00      0.00    100.00

08:14:28 PM kbmemfree   kbavail kbmemused  %memused kbbuffers  kbcached  kbcommit   %commit  kbactive   kbinact   kbdirty
08:14:29 PM   1648148   1701332    150176      7.43     15320    165964    379100     12.04    230164     31864        16

08:14:29 PM     CPU     %user     %nice   %system   %iowait    %steal     %idle
08:14:30 PM     all      0.00      0.00      0.50      0.00      0.00     99.50

08:14:29 PM kbmemfree   kbavail kbmemused  %memused kbbuffers  kbcached  kbcommit   %commit  kbactive   kbinact   kbdirty
08:14:30 PM   1648148   1701332    150176      7.43     15320    165964    379100     12.04    230164     31864        20

08:14:30 PM     CPU     %user     %nice   %system   %iowait    %steal     %idle
08:14:31 PM     all      0.00      0.00      1.98      0.00      0.00     98.02

08:14:30 PM kbmemfree   kbavail kbmemused  %memused kbbuffers  kbcached  kbcommit   %commit  kbactive   kbinact   kbdirty
08:14:31 PM   1648148   1701332    150176      7.43     15320    165964    379100     12.04    230248     31864        20

08:14:31 PM     CPU     %user     %nice   %system   %iowait    %steal     %idle
08:14:32 PM     all      0.00      0.00      0.00      0.00      0.00    100.00

08:14:31 PM kbmemfree   kbavail kbmemused  %memused kbbuffers  kbcached  kbcommit   %commit  kbactive   kbinact   kbdirty
08:14:32 PM   1648148   1701332    150176      7.43     15320    165964    379100     12.04    230248     31864        20

08:14:32 PM     CPU     %user     %nice   %system   %iowait    %steal     %idle
08:14:33 PM     all      0.00      0.00      0.00      0.50      0.00     99.50

08:14:32 PM kbmemfree   kbavail kbmemused  %memused kbbuffers  kbcached  kbcommit   %commit  kbactive   kbinact   kbdirty
08:14:33 PM   1648148   1701332    150164      7.43     15328    165968    379100     12.04    230164     31864        60

08:14:33 PM     CPU     %user     %nice   %system   %iowait    %steal     %idle
08:14:34 PM     all      0.00      0.00      0.00      0.00      0.00    100.00

08:14:33 PM kbmemfree   kbavail kbmemused  %memused kbbuffers  kbcached  kbcommit   %commit  kbactive   kbinact   kbdirty
08:14:34 PM   1648148   1701344    150164      7.43     15328    165968    379100     12.04    230164     31876        52

08:14:34 PM     CPU     %user     %nice   %system   %iowait    %steal     %idle
08:14:35 PM     all      0.00      0.00      0.00      0.00      0.00    100.00

08:14:34 PM kbmemfree   kbavail kbmemused  %memused kbbuffers  kbcached  kbcommit   %commit  kbactive   kbinact   kbdirty
08:14:35 PM   1648148   1701344    150164      7.43     15328    165968    379100     12.04    230164     31876        56

08:14:35 PM     CPU     %user     %nice   %system   %iowait    %steal     %idle
08:14:36 PM     all      0.00      0.00      0.00      0.00      0.00    100.00

08:14:35 PM kbmemfree   kbavail kbmemused  %memused kbbuffers  kbcached  kbcommit   %commit  kbactive   kbinact   kbdirty
08:14:36 PM   1648148   1701344    150164      7.43     15328    165968    379100     12.04    230164     31876        56

08:14:36 PM     CPU     %user     %nice   %system   %iowait    %steal     %idle
08:14:37 PM     all      0.00      0.00      0.00      0.00      0.00    100.00

08:14:36 PM kbmemfree   kbavail kbmemused  %memused kbbuffers  kbcached  kbcommit   %commit  kbactive   kbinact   kbdirty
08:14:37 PM   1648148   1701344    150164      7.43     15328    165968    379100     12.04    230164     31876         4

08:14:37 PM     CPU     %user     %nice   %system   %iowait    %steal     %idle
08:14:38 PM     all      0.00      0.00      0.00      0.00      0.00    100.00

08:14:37 PM kbmemfree   kbavail kbmemused  %memused kbbuffers  kbcached  kbcommit   %commit  kbactive   kbinact   kbdirty
08:14:38 PM   1648148   1701344    150164      7.43     15328    165968    379100     12.04    230164     31876         4

08:14:38 PM     CPU     %user     %nice   %system   %iowait    %steal     %idle
08:14:39 PM     all      0.00      0.00      0.50      0.00      0.00     99.50

08:14:38 PM kbmemfree   kbavail kbmemused  %memused kbbuffers  kbcached  kbcommit   %commit  kbactive   kbinact   kbdirty
08:14:39 PM   1648148   1701352    150156      7.43     15336    165968    379100     12.04    230164     31884        16

08:14:39 PM     CPU     %user     %nice   %system   %iowait    %steal     %idle
08:14:40 PM     all      0.00      0.00      0.00      0.00      0.00    100.00

08:14:39 PM kbmemfree   kbavail kbmemused  %memused kbbuffers  kbcached  kbcommit   %commit  kbactive   kbinact   kbdirty
08:14:40 PM   1648148   1701352    150156      7.43     15336    165968    379100     12.04    230164     31884        20

08:14:40 PM     CPU     %user     %nice   %system   %iowait    %steal     %idle
08:14:41 PM     all      0.00      0.00      0.00      0.00      0.00    100.00

08:14:40 PM kbmemfree   kbavail kbmemused  %memused kbbuffers  kbcached  kbcommit   %commit  kbactive   kbinact   kbdirty
08:14:41 PM   1648148   1701352    150156      7.43     15336    165968    379100     12.04    230164     31884        20

Average:        CPU     %user     %nice   %system   %iowait    %steal     %idle
Average:        all      0.04      0.00      0.39      0.12      0.00     99.45

Average:    kbmemfree   kbavail kbmemused  %memused kbbuffers  kbcached  kbcommit   %commit  kbactive   kbinact   kbdirty
Average:      1648148   1701292    150214      7.43     15293    165954    379178     12.04    230169     31825        26
