Linux 6.12.38+deb13-amd64 (debian) 	10/04/2025 	_x86_64_	(2 CPU)

09:44:32 PM     CPU     %user     %nice   %system   %iowait    %steal     %idle
09:44:33 PM     all      0.00      0.00      6.94      0.00      0.00     93.06

09:44:32 PM kbmemfree   kbavail kbmemused  %memused kbbuffers  kbcached  kbcommit   %commit  kbactive   kbinact   kbdirty
09:44:33 PM   1733852   1715272    130520      6.46     12072     92620    338144     10.74    117812     25564       112

09:44:33 PM     CPU     %user     %nice   %system   %iowait    %steal     %idle
09:44:35 PM     all      0.00      0.00      2.05      0.00      0.00     97.95

09:44:33 PM kbmemfree   kbavail kbmemused  %memused kbbuffers  kbcached  kbcommit   %commit  kbactive   kbinact   kbdirty
09:44:35 PM   1733852   1715272    130520      6.46     12072     92620    338144     10.74    117868     25564       120

09:44:35 PM     CPU     %user     %nice   %system   %iowait    %steal     %idle
09:44:36 PM     all      0.00      0.00      0.00      0.00      0.00    100.00

09:44:35 PM kbmemfree   kbavail kbmemused  %memused kbbuffers  kbcached  kbcommit   %commit  kbactive   kbinact   kbdirty
09:44:36 PM   1733852   1715272    130520      6.46     12072     92620    338144     10.74    117924     25564        84

09:44:36 PM     CPU     %user     %nice   %system   %iowait    %steal     %idle
09:44:37 PM     all      0.00      0.00      0.00      0.00      0.00    100.00

09:44:36 PM kbmemfree   kbavail kbmemused  %memused kbbuffers  kbcached  kbcommit   %commit  kbactive   kbinact   kbdirty
09:44:37 PM   1733852   1715272    130520      6.46     12072     92620    338144     10.74    117924     25564        84

09:44:37 PM     CPU     %user     %nice   %system   %iowait    %steal     %idle
09:44:38 PM     all      0.00      0.00      0.00      0.00      0.00    100.00

09:44:37 PM kbmemfree   kbavail kbmemused  %memused kbbuffers  kbcached  kbcommit   %commit  kbactive   kbinact   kbdirty
09:44:38 PM   1733852   1715272    130520      6.46     12072     92620    338144     10.74    117924     25564        84

09:44:38 PM     CPU     %user     %nice   %system   %iowait    %steal     %idle
09:44:39 PM     all      0.00      0.00      0.00      0.49      0.00     99.51

09:44:38 PM kbmemfree   kbavail kbmemused  %memused kbbuffers  kbcached  kbcommit   %commit  kbactive   kbinact   kbdirty
09:44:39 PM   1733852   1715272    130512      6.46     12080     92620    338144     10.74    117924     25564       108

09:44:39 PM     CPU     %user     %nice   %system   %iowait    %steal     %idle
09:44:40 PM     all      0.00      0.00      0.00      0.00      0.00    100.00

09:44:39 PM kbmemfree   kbavail kbmemused  %memused kbbuffers  kbcached  kbcommit   %commit  kbactive   kbinact   kbdirty
09:44:40 PM   1733852   1715272    130512      6.46     12080     92620    338144     10.74    117924     25564       108

09:44:40 PM     CPU     %user     %nice   %system   %iowait    %steal     %idle
09:44:41 PM     all      0.00      0.00      0.00      0.00      0.00    100.00

09:44:40 PM kbmemfree   kbavail kbmemused  %memused kbbuffers  kbcached  kbcommit   %commit  kbactive   kbinact   kbdirty
09:44:41 PM   1733852   1715272    130512      6.46     12080     92620    338144     10.74    117924     25564       104

09:44:41 PM     CPU     %user     %nice   %system   %iowait    %steal     %idle
09:44:42 PM     all      0.00      0.00      0.00      0.00      0.00    100.00

09:44:41 PM kbmemfree   kbavail kbmemused  %memused kbbuffers  kbcached  kbcommit   %commit  kbactive   kbinact   kbdirty
09:44:42 PM   1733852   1715272    130512      6.46     12080     92620    338144     10.74    117924     25564       108

09:44:42 PM     CPU     %user     %nice   %system   %iowait    %steal     %idle
09:44:43 PM     all      0.00      0.00      0.00      0.00      0.00    100.00

09:44:42 PM kbmemfree   kbavail kbmemused  %memused kbbuffers  kbcached  kbcommit   %commit  kbactive   kbinact   kbdirty
09:44:43 PM   1733852   1715272    130512      6.46     12080     92620    338144     10.74    117924     25564       108

09:44:43 PM     CPU     %user     %nice   %system   %iowait    %steal     %idle
09:44:44 PM     all      0.00      0.00      0.00      0.00      0.00    100.00

09:44:43 PM kbmemfree   kbavail kbmemused  %memused kbbuffers  kbcached  kbcommit   %commit  kbactive   kbinact   kbdirty
09:44:44 PM   1733852   1715280    130504      6.46     12080     92628    338144     10.74    117944     25576        92

09:44:44 PM     CPU     %user     %nice   %system   %iowait    %steal     %idle
09:44:45 PM     all      0.00      0.00      0.48      0.48      0.00     99.04

09:44:44 PM kbmemfree   kbavail kbmemused  %memused kbbuffers  kbcached  kbcommit   %commit  kbactive   kbinact   kbdirty
09:44:45 PM   1733852   1715280    130496      6.46     12088     92628    338144     10.74    117944     25576       108

09:44:45 PM     CPU     %user     %nice   %system   %iowait    %steal     %idle
09:44:46 PM     all      0.00      0.00      0.00      0.00      0.00    100.00

09:44:45 PM kbmemfree   kbavail kbmemused  %memused kbbuffers  kbcached  kbcommit   %commit  kbactive   kbinact   kbdirty
09:44:46 PM   1733852   1715280    130496      6.46     12088     92628    338144     10.74    117944     25576       108

09:44:46 PM     CPU     %user     %nice   %system   %iowait    %steal     %idle
09:44:47 PM     all      0.00      0.00      0.00      0.00      0.00    100.00

09:44:46 PM kbmemfree   kbavail kbmemused  %memused kbbuffers  kbcached  kbcommit   %commit  kbactive   kbinact   kbdirty
09:44:47 PM   1733852   1715280    130496      6.46     12088     92628    338144     10.74    117944     25576       104

09:44:47 PM     CPU     %user     %nice   %system   %iowait    %steal     %idle
09:44:48 PM     all      0.00      0.00      0.00      0.00      0.00    100.00

09:44:47 PM kbmemfree   kbavail kbmemused  %memused kbbuffers  kbcached  kbcommit   %commit  kbactive   kbinact   kbdirty
09:44:48 PM   1733852   1715284    130496      6.46     12088     92628    338144     10.74    117944     25588       104

09:44:48 PM     CPU     %user     %nice   %system   %iowait    %steal     %idle
09:44:49 PM     all      0.00      0.00      0.37      0.00      0.00     99.63

09:44:48 PM kbmemfree   kbavail kbmemused  %memused kbbuffers  kbcached  kbcommit   %commit  kbactive   kbinact   kbdirty
09:44:49 PM   1733852   1715284    130496      6.46     12088     92628    338144     10.74    117944     25588        88

09:44:49 PM     CPU     %user     %nice   %system   %iowait    %steal     %idle
09:44:50 PM     all      0.00      0.00      0.00      0.00      0.00    100.00

09:44:49 PM kbmemfree   kbavail kbmemused  %memused kbbuffers  kbcached  kbcommit   %commit  kbactive   kbinact   kbdirty
09:44:50 PM   1733852   1715284    130496      6.46     12088     92628    338144     10.74    117944     25588        72

09:44:50 PM     CPU     %user     %nice   %system   %iowait    %steal     %idle
09:44:51 PM     all      0.00      0.00      0.00      0.00      0.00    100.00

09:44:50 PM kbmemfree   kbavail kbmemused  %memused kbbuffers  kbcached  kbcommit   %commit  kbactive   kbinact   kbdirty
09:44:51 PM   1733852   1715288    130488      6.46     12096     92628    338144     10.74    117944     25596        84

09:44:51 PM     CPU     %user     %nice   %system   %iowait    %steal     %idle
09:44:52 PM     all      0.00      0.00      0.00      0.00      0.00    100.00

09:44:51 PM kbmemfree   kbavail kbmemused  %memused kbbuffers  kbcached  kbcommit   %commit  kbactive   kbinact   kbdirty
09:44:52 PM   1733852   1715288    130488      6.46     12096     92628    338144     10.74    117944     25596        88

09:44:52 PM     CPU     %user     %nice   %system   %iowait    %steal     %idle
09:44:53 PM     all      0.00      0.00      0.98      0.00      0.00     99.02

09:44:52 PM kbmemfree   kbavail kbmemused  %memused kbbuffers  kbcached  kbcommit   %commit  kbactive   kbinact   kbdirty
09:44:53 PM   1733852   1715288    130488      6.46     12096     92628    338144     10.74    117964     25596       100

09:44:53 PM     CPU     %user     %nice   %system   %iowait    %steal     %idle
09:44:54 PM     all      0.00      0.00      0.00      0.00      0.00    100.00

09:44:53 PM kbmemfree   kbavail kbmemused  %memused kbbuffers  kbcached  kbcommit   %commit  kbactive   kbinact   kbdirty
09:44:54 PM   1733852   1715288    130488      6.46     12096     92628    338144     10.74    117964     25596       100

09:44:54 PM     CPU     %user     %nice   %system   %iowait    %steal     %idle
09:44:55 PM     all      0.00      0.00      0.00      0.00      0.00    100.00

09:44:54 PM kbmemfree   kbavail kbmemused  %memused kbbuffers  kbcached  kbcommit   %commit  kbactive   kbinact   kbdirty
09:44:55 PM   1733852   1715288    130484      6.46     12096     92632    338144     10.74    117964     25596       104

09:44:55 PM     CPU     %user     %nice   %system   %iowait    %steal     %idle
09:44:56 PM     all      0.00      0.00      0.00      0.00      0.00    100.00

09:44:55 PM kbmemfree   kbavail kbmemused  %memused kbbuffers  kbcached  kbcommit   %commit  kbactive   kbinact   kbdirty
09:44:56 PM   1733852   1715292    130484      6.46     12104     92624    338144     10.74    117964     25600        20

09:44:56 PM     CPU     %user     %nice   %system   %iowait    %steal     %idle
09:44:57 PM     all      0.00      0.00      0.50      0.50      0.00     99.00

09:44:56 PM kbmemfree   kbavail kbmemused  %memused kbbuffers  kbcached  kbcommit   %commit  kbactive   kbinact   kbdirty
09:44:57 PM   1733852   1715296    130476      6.46     12104     92632    338144     10.74    117964     25608        36

09:44:57 PM     CPU     %user     %nice   %system   %iowait    %steal     %idle
09:44:58 PM     all      0.00      0.00      0.00      0.00      0.00    100.00

09:44:57 PM kbmemfree   kbavail kbmemused  %memused kbbuffers  kbcached  kbcommit   %commit  kbactive   kbinact   kbdirty
09:44:58 PM   1733852   1715296    130476      6.46     12104     92632    338144     10.74    117964     25608        24

09:44:58 PM     CPU     %user     %nice   %system   %iowait    %steal     %idle
09:44:59 PM     all      0.00      0.00      0.00      0.00      0.00    100.00

09:44:58 PM kbmemfree   kbavail kbmemused  %memused kbbuffers  kbcached  kbcommit   %commit  kbactive   kbinact   kbdirty
09:44:59 PM   1733852   1715296    130476      6.46     12104     92632    338144     10.74    117964     25608        24

09:44:59 PM     CPU     %user     %nice   %system   %iowait    %steal     %idle
09:45:00 PM     all      0.00      0.00      0.00      0.00      0.00    100.00

09:44:59 PM kbmemfree   kbavail kbmemused  %memused kbbuffers  kbcached  kbcommit   %commit  kbactive   kbinact   kbdirty
09:45:00 PM   1733852   1715296    130476      6.46     12104     92632    338144     10.74    117964     25608        24

09:45:00 PM     CPU     %user     %nice   %system   %iowait    %steal     %idle
09:45:01 PM     all      0.00      0.00      0.50      0.00      0.00     99.50

09:45:00 PM kbmemfree   kbavail kbmemused  %memused kbbuffers  kbcached  kbcommit   %commit  kbactive   kbinact   kbdirty
09:45:01 PM   1733852   1715296    130476      6.46     12104     92632    338144     10.74    117964     25608        24

09:45:01 PM     CPU     %user     %nice   %system   %iowait    %steal     %idle
09:45:02 PM     all      0.00      0.00      0.50      1.00      0.00     98.51

09:45:01 PM kbmemfree   kbavail kbmemused  %memused kbbuffers  kbcached  kbcommit   %commit  kbactive   kbinact   kbdirty
09:45:02 PM   1733852   1715304    130468      6.46     12120     92636    338144     10.74    117964     25628       216

09:45:02 PM     CPU     %user     %nice   %system   %iowait    %steal     %idle
09:45:03 PM     all      0.00      0.00      0.00      0.00      0.00    100.00

09:45:02 PM kbmemfree   kbavail kbmemused  %memused kbbuffers  kbcached  kbcommit   %commit  kbactive   kbinact   kbdirty
09:45:03 PM   1733852   1715304    130468      6.46     12120     92636    338144     10.74    117968     25628       220

09:45:03 PM     CPU     %user     %nice   %system   %iowait    %steal     %idle
09:45:04 PM     all      0.00      0.00      0.00      0.00      0.00    100.00

09:45:03 PM kbmemfree   kbavail kbmemused  %memused kbbuffers  kbcached  kbcommit   %commit  kbactive   kbinact   kbdirty
09:45:04 PM   1733852   1715304    130468      6.46     12120     92636    338144     10.74    117984     25628       228

09:45:04 PM     CPU     %user     %nice   %system   %iowait    %steal     %idle
09:45:05 PM     all      0.00      0.00      0.00      0.00      0.00    100.00

09:45:04 PM kbmemfree   kbavail kbmemused  %memused kbbuffers  kbcached  kbcommit   %commit  kbactive   kbinact   kbdirty
09:45:05 PM   1733852   1715304    130464      6.46     12120     92640    338144     10.74    117984     25628       232

09:45:05 PM     CPU     %user     %nice   %system   %iowait    %steal     %idle
09:45:06 PM     all      0.00      0.00      0.00      0.00      0.00    100.00

09:45:05 PM kbmemfree   kbavail kbmemused  %memused kbbuffers  kbcached  kbcommit   %commit  kbactive   kbinact   kbdirty
09:45:06 PM   1733852   1715304    130464      6.46     12120     92640    338144     10.74    117984     25628       232

09:45:06 PM     CPU     %user     %nice   %system   %iowait    %steal     %idle
09:45:07 PM     all      0.00      0.00      0.00      0.00      0.00    100.00

09:45:06 PM kbmemfree   kbavail kbmemused  %memused kbbuffers  kbcached  kbcommit   %commit  kbactive   kbinact   kbdirty
09:45:07 PM   1733852   1715304    130464      6.46     12128     92632    338144     10.74    117984     25628       232

09:45:07 PM     CPU     %user     %nice   %system   %iowait    %steal     %idle
09:45:08 PM     all      0.00      0.00      0.00      0.00      0.00    100.00

09:45:07 PM kbmemfree   kbavail kbmemused  %memused kbbuffers  kbcached  kbcommit   %commit  kbactive   kbinact   kbdirty
09:45:08 PM   1733852   1715312    130452      6.45     12128     92640    338144     10.74    117984     25640       236

09:45:08 PM     CPU     %user     %nice   %system   %iowait    %steal     %idle
09:45:09 PM     all      0.00      0.00      0.49      0.00      0.00     99.51

09:45:08 PM kbmemfree   kbavail kbmemused  %memused kbbuffers  kbcached  kbcommit   %commit  kbactive   kbinact   kbdirty
09:45:09 PM   1733852   1715312    130452      6.45     12128     92640    338144     10.74    117984     25640       232

09:45:09 PM     CPU     %user     %nice   %system   %iowait    %steal     %idle
09:45:10 PM     all      0.00      0.00      0.00      0.00      0.00    100.00

09:45:09 PM kbmemfree   kbavail kbmemused  %memused kbbuffers  kbcached  kbcommit   %commit  kbactive   kbinact   kbdirty
09:45:10 PM   1733852   1715312    130452      6.45     12128     92640    338144     10.74    117984     25640       232

09:45:10 PM     CPU     %user     %nice   %system   %iowait    %steal     %idle
09:45:11 PM     all      0.00      0.00      0.00      0.00      0.00    100.00

09:45:10 PM kbmemfree   kbavail kbmemused  %memused kbbuffers  kbcached  kbcommit   %commit  kbactive   kbinact   kbdirty
09:45:11 PM   1733852   1715312    130452      6.45     12128     92640    338144     10.74    117984     25640       232

09:45:11 PM     CPU     %user     %nice   %system   %iowait    %steal     %idle
09:45:13 PM     all      0.00      0.00      0.49      0.00      0.00     99.51

09:45:11 PM kbmemfree   kbavail kbmemused  %memused kbbuffers  kbcached  kbcommit   %commit  kbactive   kbinact   kbdirty
09:45:13 PM   1733852   1715312    130452      6.45     12128     92640    338144     10.74    117984     25640       232

09:45:13 PM     CPU     %user     %nice   %system   %iowait    %steal     %idle
09:45:14 PM     all      0.00      0.00      0.00      0.50      0.00     99.50

09:45:13 PM kbmemfree   kbavail kbmemused  %memused kbbuffers  kbcached  kbcommit   %commit  kbactive   kbinact   kbdirty
09:45:14 PM   1733852   1715316    130444      6.45     12136     92640    338144     10.74    118000     25648       236

09:45:14 PM     CPU     %user     %nice   %system   %iowait    %steal     %idle
09:45:15 PM     all      0.00      0.00      0.49      0.00      0.00     99.51

09:45:14 PM kbmemfree   kbavail kbmemused  %memused kbbuffers  kbcached  kbcommit   %commit  kbactive   kbinact   kbdirty
09:45:15 PM   1733852   1715316    130444      6.45     12136     92640    338144     10.74    118004     25648       232

09:45:15 PM     CPU     %user     %nice   %system   %iowait    %steal     %idle
09:45:16 PM     all      0.00      0.00      0.00      0.00      0.00    100.00

09:45:15 PM kbmemfree   kbavail kbmemused  %memused kbbuffers  kbcached  kbcommit   %commit  kbactive   kbinact   kbdirty
09:45:16 PM   1733852   1715316    130440      6.45     12136     92644    338144     10.74    118004     25648       240

09:45:16 PM     CPU     %user     %nice   %system   %iowait    %steal     %idle
09:45:17 PM     all      0.00      0.00      0.48      0.00      0.00     99.52

09:45:16 PM kbmemfree   kbavail kbmemused  %memused kbbuffers  kbcached  kbcommit   %commit  kbactive   kbinact   kbdirty
09:45:17 PM   1733852   1715316    130440      6.45     12136     92644    338144     10.74    118004     25648       240

09:45:17 PM     CPU     %user     %nice   %system   %iowait    %steal     %idle
09:45:18 PM     all      0.00      0.00      0.00      0.00      0.00    100.00

09:45:17 PM kbmemfree   kbavail kbmemused  %memused kbbuffers  kbcached  kbcommit   %commit  kbactive   kbinact   kbdirty
09:45:18 PM   1733852   1715316    130440      6.45     12136     92644    338144     10.74    118004     25648       240

09:45:18 PM     CPU     %user     %nice   %system   %iowait    %steal     %idle
09:45:19 PM     all      0.00      0.00      0.00      0.00      0.00    100.00

09:45:18 PM kbmemfree   kbavail kbmemused  %memused kbbuffers  kbcached  kbcommit   %commit  kbactive   kbinact   kbdirty
09:45:19 PM   1733852   1715316    130440      6.45     12136     92644    338144     10.74    118004     25652       208

09:45:19 PM     CPU     %user     %nice   %system   %iowait    %steal     %idle
09:45:20 PM     all      0.00      0.00      0.00      0.50      0.00     99.50

09:45:19 PM kbmemfree   kbavail kbmemused  %memused kbbuffers  kbcached  kbcommit   %commit  kbactive   kbinact   kbdirty
09:45:20 PM   1733852   1715316    130432      6.45     12144     92644    338144     10.74    118004     25652       224

09:45:20 PM     CPU     %user     %nice   %system   %iowait    %steal     %idle
09:45:21 PM     all      0.00      0.00      0.00      0.00      0.00    100.00

09:45:20 PM kbmemfree   kbavail kbmemused  %memused kbbuffers  kbcached  kbcommit   %commit  kbactive   kbinact   kbdirty
09:45:21 PM   1733852   1715316    130432      6.45     12144     92644    338144     10.74    118004     25652       220

09:45:21 PM     CPU     %user     %nice   %system   %iowait    %steal     %idle
09:45:22 PM     all      0.00      0.00      0.00      0.00      0.00    100.00

09:45:21 PM kbmemfree   kbavail kbmemused  %memused kbbuffers  kbcached  kbcommit   %commit  kbactive   kbinact   kbdirty
09:45:22 PM   1733852   1715316    130432      6.45     12144     92644    338144     10.74    118004     25652       220

09:45:22 PM     CPU     %user     %nice   %system   %iowait    %steal     %idle
09:45:23 PM     all      0.00      0.00      0.00      0.00      0.00    100.00

09:45:22 PM kbmemfree   kbavail kbmemused  %memused kbbuffers  kbcached  kbcommit   %commit  kbactive   kbinact   kbdirty
09:45:23 PM   1733852   1715316    130432      6.45     12144     92644    338144     10.74    118004     25652       220

09:45:23 PM     CPU     %user     %nice   %system   %iowait    %steal     %idle
09:45:24 PM     all      0.00      0.00      0.00      0.00      0.00    100.00

09:45:23 PM kbmemfree   kbavail kbmemused  %memused kbbuffers  kbcached  kbcommit   %commit  kbactive   kbinact   kbdirty
09:45:24 PM   1733852   1715316    130432      6.45     12152     92636    338144     10.74    118004     25652       220

09:45:24 PM     CPU     %user     %nice   %system   %iowait    %steal     %idle
09:45:25 PM     all      0.00      0.00      0.00      0.00      0.00    100.00

09:45:24 PM kbmemfree   kbavail kbmemused  %memused kbbuffers  kbcached  kbcommit   %commit  kbactive   kbinact   kbdirty
09:45:25 PM   1733852   1715328    130420      6.45     12152     92648    338144     10.74    118008     25672       212

09:45:25 PM     CPU     %user     %nice   %system   %iowait    %steal     %idle
09:45:26 PM     all      0.00      0.00      0.50      0.00      0.00     99.50

09:45:25 PM kbmemfree   kbavail kbmemused  %memused kbbuffers  kbcached  kbcommit   %commit  kbactive   kbinact   kbdirty
09:45:26 PM   1733852   1715328    130416      6.45     12152     92652    338144     10.74    118008     25672       208

09:45:26 PM     CPU     %user     %nice   %system   %iowait    %steal     %idle
09:45:27 PM     all      0.00      0.00      0.00      0.00      0.00    100.00

09:45:26 PM kbmemfree   kbavail kbmemused  %memused kbbuffers  kbcached  kbcommit   %commit  kbactive   kbinact   kbdirty
09:45:27 PM   1733852   1715328    130416      6.45     12152     92652    338144     10.74    118008     25672       212

09:45:27 PM     CPU     %user     %nice   %system   %iowait    %steal     %idle
09:45:28 PM     all      0.00      0.00      0.00      0.00      0.00    100.00

09:45:27 PM kbmemfree   kbavail kbmemused  %memused kbbuffers  kbcached  kbcommit   %commit  kbactive   kbinact   kbdirty
09:45:28 PM   1733852   1715328    130416      6.45     12152     92652    338144     10.74    118008     25672       212

09:45:28 PM     CPU     %user     %nice   %system   %iowait    %steal     %idle
09:45:29 PM     all      0.00      0.00      0.48      0.00      0.00     99.52

09:45:28 PM kbmemfree   kbavail kbmemused  %memused kbbuffers  kbcached  kbcommit   %commit  kbactive   kbinact   kbdirty
09:45:29 PM   1733852   1715328    130416      6.45     12152     92652    338144     10.74    118008     25676       204

09:45:29 PM     CPU     %user     %nice   %system   %iowait    %steal     %idle
09:45:30 PM     all      0.00      0.00      0.00      0.47      0.00     99.53

09:45:29 PM kbmemfree   kbavail kbmemused  %memused kbbuffers  kbcached  kbcommit   %commit  kbactive   kbinact   kbdirty
09:45:30 PM   1733852   1715328    130408      6.45     12160     92652    338144     10.74    118008     25676       224

09:45:30 PM     CPU     %user     %nice   %system   %iowait    %steal     %idle
09:45:31 PM     all      0.00      0.00      0.00      0.00      0.00    100.00

09:45:30 PM kbmemfree   kbavail kbmemused  %memused kbbuffers  kbcached  kbcommit   %commit  kbactive   kbinact   kbdirty
09:45:31 PM   1733852   1715328    130408      6.45     12160     92652    338144     10.74    118008     25676       224

09:45:31 PM     CPU     %user     %nice   %system   %iowait    %steal     %idle
09:45:32 PM     all      0.00      0.00      0.00      0.00      0.00    100.00

09:45:31 PM kbmemfree   kbavail kbmemused  %memused kbbuffers  kbcached  kbcommit   %commit  kbactive   kbinact   kbdirty
09:45:32 PM   1733852   1715332    130408      6.45     12160     92652    338144     10.74    118008     25684       220

09:45:32 PM     CPU     %user     %nice   %system   %iowait    %steal     %idle
09:45:33 PM     all      0.00      0.00      0.50      0.00      0.00     99.50

09:45:32 PM kbmemfree   kbavail kbmemused  %memused kbbuffers  kbcached  kbcommit   %commit  kbactive   kbinact   kbdirty
09:45:33 PM   1733852   1715332    130408      6.45     12160     92652    338144     10.74    118008     25684       224

09:45:33 PM     CPU     %user     %nice   %system   %iowait    %steal     %idle
09:45:34 PM     all      0.00      0.00      0.49      0.49      0.00     99.01

09:45:33 PM kbmemfree   kbavail kbmemused  %memused kbbuffers  kbcached  kbcommit   %commit  kbactive   kbinact   kbdirty
09:45:34 PM   1733852   1715332    130408      6.45     12160     92652    338144     10.74    118008     25684        56

Average:        CPU     %user     %nice   %system   %iowait    %steal     %idle
Average:        all      0.00      0.00      0.28      0.07      0.00     99.64

Average:    kbmemfree   kbavail kbmemused  %memused kbbuffers  kbcached  kbcommit   %commit  kbactive   kbinact   kbdirty
Average:      1733852   1715301    130465      6.46     12116     92635    338144     10.74    117969     25620       156
