Linux 6.12.38+deb13-amd64 (debian) 	10/04/2025 	_x86_64_	(2 CPU)

10:15:09 PM     CPU     %user     %nice   %system   %iowait    %steal     %idle
10:15:10 PM     all      0.00      0.00      4.28      0.00      0.00     95.72

10:15:09 PM kbmemfree   kbavail kbmemused  %memused kbbuffers  kbcached  kbcommit   %commit  kbactive   kbinact   kbdirty
10:15:10 PM   1673816   1703580    136232      6.74     13164    145280    342624     10.88    171984     27412       300

10:15:10 PM     CPU     %user     %nice   %system   %iowait    %steal     %idle
10:15:11 PM     all      0.00      0.00      5.58      0.00      0.00     94.42

10:15:10 PM kbmemfree   kbavail kbmemused  %memused kbbuffers  kbcached  kbcommit   %commit  kbactive   kbinact   kbdirty
10:15:11 PM   1673816   1703580    136232      6.74     13164    145280    342624     10.88    171980     27412       308

10:15:11 PM     CPU     %user     %nice   %system   %iowait    %steal     %idle
10:15:12 PM     all      0.00      0.00      0.48      0.00      0.00     99.52

10:15:11 PM kbmemfree   kbavail kbmemused  %memused kbbuffers  kbcached  kbcommit   %commit  kbactive   kbinact   kbdirty
10:15:12 PM   1673816   1703580    136220      6.74     13172    145280    342624     10.88    171980     27412       336

10:15:12 PM     CPU     %user     %nice   %system   %iowait    %steal     %idle
10:15:13 PM     all      0.00      0.00      0.00      0.00      0.00    100.00

10:15:12 PM kbmemfree   kbavail kbmemused  %memused kbbuffers  kbcached  kbcommit   %commit  kbactive   kbinact   kbdirty
10:15:13 PM   1673816   1703580    136220      6.74     13172    145280    342624     10.88    171980     27412       336

10:15:13 PM     CPU     %user     %nice   %system   %iowait    %steal     %idle
10:15:14 PM     all      0.00      0.00      0.00      0.00      0.00    100.00

10:15:13 PM kbmemfree   kbavail kbmemused  %memused kbbuffers  kbcached  kbcommit   %commit  kbactive   kbinact   kbdirty
10:15:14 PM   1673816   1703588    136220      6.74     13172    145280    342624     10.88    171984     27420       332

10:15:14 PM     CPU     %user     %nice   %system   %iowait    %steal     %idle
10:15:15 PM     all      0.00      0.00      0.50      0.00      0.00     99.50

10:15:14 PM kbmemfree   kbavail kbmemused  %memused kbbuffers  kbcached  kbcommit   %commit  kbactive   kbinact   kbdirty
10:15:15 PM   1673816   1703588    136220      6.74     13172    145280    342624     10.88    171984     27420       332

10:15:15 PM     CPU     %user     %nice   %system   %iowait    %steal     %idle
10:15:16 PM     all      0.00      0.00      0.00      0.00      0.00    100.00

10:15:15 PM kbmemfree   kbavail kbmemused  %memused kbbuffers  kbcached  kbcommit   %commit  kbactive   kbinact   kbdirty
10:15:16 PM   1673816   1703588    136220      6.74     13172    145280    342624     10.88    171984     27420       324

10:15:16 PM     CPU     %user     %nice   %system   %iowait    %steal     %idle
10:15:17 PM     all      0.00      0.00      0.00      0.00      0.00    100.00

10:15:16 PM kbmemfree   kbavail kbmemused  %memused kbbuffers  kbcached  kbcommit   %commit  kbactive   kbinact   kbdirty
10:15:17 PM   1673816   1703588    136220      6.74     13172    145280    342624     10.88    171984     27420       276

10:15:17 PM     CPU     %user     %nice   %system   %iowait    %steal     %idle
10:15:18 PM     all      0.00      0.00      0.00      0.49      0.00     99.51

10:15:17 PM kbmemfree   kbavail kbmemused  %memused kbbuffers  kbcached  kbcommit   %commit  kbactive   kbinact   kbdirty
10:15:18 PM   1673816   1703588    136212      6.74     13180    145280    342624     10.88    171984     27420       288

10:15:18 PM     CPU     %user     %nice   %system   %iowait    %steal     %idle
10:15:19 PM     all      0.00      0.00      0.00      0.00      0.00    100.00

10:15:18 PM kbmemfree   kbavail kbmemused  %memused kbbuffers  kbcached  kbcommit   %commit  kbactive   kbinact   kbdirty
10:15:19 PM   1673816   1703596    136212      6.74     13180    145280    342624     10.88    171984     27428       288

10:15:19 PM     CPU     %user     %nice   %system   %iowait    %steal     %idle
10:15:20 PM     all      0.00      0.00      0.50      0.00      0.00     99.50

10:15:19 PM kbmemfree   kbavail kbmemused  %memused kbbuffers  kbcached  kbcommit   %commit  kbactive   kbinact   kbdirty
10:15:20 PM   1673816   1703600    136208      6.74     13180    145284    342624     10.88    171980     27432       304

10:15:20 PM     CPU     %user     %nice   %system   %iowait    %steal     %idle
10:15:21 PM     all      0.00      0.00      0.00      0.00      0.00    100.00

10:15:20 PM kbmemfree   kbavail kbmemused  %memused kbbuffers  kbcached  kbcommit   %commit  kbactive   kbinact   kbdirty
10:15:21 PM   1673816   1703600    136208      6.74     13180    145284    342624     10.88    171984     27432       304

10:15:21 PM     CPU     %user     %nice   %system   %iowait    %steal     %idle
10:15:22 PM     all      0.00      0.00      0.00      0.00      0.00    100.00

10:15:21 PM kbmemfree   kbavail kbmemused  %memused kbbuffers  kbcached  kbcommit   %commit  kbactive   kbinact   kbdirty
10:15:22 PM   1673816   1703600    136208      6.74     13180    145284    342624     10.88    171984     27432       300

10:15:22 PM     CPU     %user     %nice   %system   %iowait    %steal     %idle
10:15:23 PM     all      0.00      0.00      0.00      0.00      0.00    100.00

10:15:22 PM kbmemfree   kbavail kbmemused  %memused kbbuffers  kbcached  kbcommit   %commit  kbactive   kbinact   kbdirty
10:15:23 PM   1673816   1703600    136208      6.74     13180    145284    342624     10.88    171984     27432       288

10:15:23 PM     CPU     %user     %nice   %system   %iowait    %steal     %idle
10:15:24 PM     all      0.00      0.00      0.00      0.49      0.00     99.51

10:15:23 PM kbmemfree   kbavail kbmemused  %memused kbbuffers  kbcached  kbcommit   %commit  kbactive   kbinact   kbdirty
10:15:24 PM   1673816   1703600    136200      6.74     13188    145284    342624     10.88    171984     27432       312

10:15:24 PM     CPU     %user     %nice   %system   %iowait    %steal     %idle
10:15:25 PM     all      0.00      0.00      0.50      0.00      0.00     99.50

10:15:24 PM kbmemfree   kbavail kbmemused  %memused kbbuffers  kbcached  kbcommit   %commit  kbactive   kbinact   kbdirty
10:15:25 PM   1673816   1703608    136200      6.74     13188    145284    342624     10.88    171988     27440       300

10:15:25 PM     CPU     %user     %nice   %system   %iowait    %steal     %idle
10:15:27 PM     all      0.00      0.00      0.00      0.00      0.00    100.00

10:15:25 PM kbmemfree   kbavail kbmemused  %memused kbbuffers  kbcached  kbcommit   %commit  kbactive   kbinact   kbdirty
10:15:27 PM   1673816   1703608    136200      6.74     13188    145284    342624     10.88    171988     27440       300

10:15:27 PM     CPU     %user     %nice   %system   %iowait    %steal     %idle
10:15:28 PM     all      0.00      0.00      0.00      0.00      0.00    100.00

10:15:27 PM kbmemfree   kbavail kbmemused  %memused kbbuffers  kbcached  kbcommit   %commit  kbactive   kbinact   kbdirty
10:15:28 PM   1673816   1703608    136200      6.74     13188    145284    342624     10.88    171988     27440       300

10:15:28 PM     CPU     %user     %nice   %system   %iowait    %steal     %idle
10:15:29 PM     all      0.00      0.00      0.00      0.00      0.00    100.00

10:15:28 PM kbmemfree   kbavail kbmemused  %memused kbbuffers  kbcached  kbcommit   %commit  kbactive   kbinact   kbdirty
10:15:29 PM   1673816   1703608    136200      6.74     13188    145284    342624     10.88    171988     27440       300

10:15:29 PM     CPU     %user     %nice   %system   %iowait    %steal     %idle
10:15:30 PM     all      0.00      0.00      0.00      0.00      0.00    100.00

10:15:29 PM kbmemfree   kbavail kbmemused  %memused kbbuffers  kbcached  kbcommit   %commit  kbactive   kbinact   kbdirty
10:15:30 PM   1673816   1703608    136200      6.74     13188    145284    342624     10.88    171988     27440       300

10:15:30 PM     CPU     %user     %nice   %system   %iowait    %steal     %idle
10:15:31 PM     all      0.00      0.00      0.49      2.43      0.00     97.09

10:15:30 PM kbmemfree   kbavail kbmemused  %memused kbbuffers  kbcached  kbcommit   %commit  kbactive   kbinact   kbdirty
10:15:31 PM   1673816   1703620    136180      6.74     13204    145288    342624     10.88    171988     27452       316

10:15:31 PM     CPU     %user     %nice   %system   %iowait    %steal     %idle
10:15:32 PM     all      0.00      0.00      0.00      0.00      0.00    100.00

10:15:31 PM kbmemfree   kbavail kbmemused  %memused kbbuffers  kbcached  kbcommit   %commit  kbactive   kbinact   kbdirty
10:15:32 PM   1673816   1703620    136176      6.74     13204    145292    342624     10.88    171988     27452       320

10:15:32 PM     CPU     %user     %nice   %system   %iowait    %steal     %idle
10:15:33 PM     all      0.00      0.00      0.00      0.00      0.00    100.00

10:15:32 PM kbmemfree   kbavail kbmemused  %memused kbbuffers  kbcached  kbcommit   %commit  kbactive   kbinact   kbdirty
10:15:33 PM   1673816   1703632    136176      6.74     13204    145292    342624     10.88    171988     27464       312

10:15:33 PM     CPU     %user     %nice   %system   %iowait    %steal     %idle
10:15:34 PM     all      0.00      0.00      0.00      0.00      0.00    100.00

10:15:33 PM kbmemfree   kbavail kbmemused  %memused kbbuffers  kbcached  kbcommit   %commit  kbactive   kbinact   kbdirty
10:15:34 PM   1673816   1703632    136176      6.74     13204    145292    342624     10.88    171988     27464       148

10:15:34 PM     CPU     %user     %nice   %system   %iowait    %steal     %idle
10:15:35 PM     all      0.00      0.00      0.00      0.00      0.00    100.00

10:15:34 PM kbmemfree   kbavail kbmemused  %memused kbbuffers  kbcached  kbcommit   %commit  kbactive   kbinact   kbdirty
10:15:35 PM   1673816   1703632    136176      6.74     13204    145292    342624     10.88    171988     27464       116

10:15:35 PM     CPU     %user     %nice   %system   %iowait    %steal     %idle
10:15:36 PM     all      0.00      0.00      0.50      0.00      0.00     99.50

10:15:35 PM kbmemfree   kbavail kbmemused  %memused kbbuffers  kbcached  kbcommit   %commit  kbactive   kbinact   kbdirty
10:15:36 PM   1673816   1703632    136176      6.74     13204    145292    342624     10.88    171988     27464       116

10:15:36 PM     CPU     %user     %nice   %system   %iowait    %steal     %idle
10:15:37 PM     all      0.00      0.00      0.00      0.00      0.00    100.00

10:15:36 PM kbmemfree   kbavail kbmemused  %memused kbbuffers  kbcached  kbcommit   %commit  kbactive   kbinact   kbdirty
10:15:37 PM   1673816   1703632    136168      6.74     13212    145292    342624     10.88    171988     27464        96

10:15:37 PM     CPU     %user     %nice   %system   %iowait    %steal     %idle
10:15:38 PM     all      0.00      0.00      0.00      0.00      0.00    100.00

10:15:37 PM kbmemfree   kbavail kbmemused  %memused kbbuffers  kbcached  kbcommit   %commit  kbactive   kbinact   kbdirty
10:15:38 PM   1673816   1703632    136168      6.74     13212    145292    342624     10.88    171988     27464        96

10:15:38 PM     CPU     %user     %nice   %system   %iowait    %steal     %idle
10:15:39 PM     all      0.00      0.00      0.00      0.00      0.00    100.00

10:15:38 PM kbmemfree   kbavail kbmemused  %memused kbbuffers  kbcached  kbcommit   %commit  kbactive   kbinact   kbdirty
10:15:39 PM   1673816   1703632    136168      6.74     13212    145292    342624     10.88    171988     27464        96

10:15:39 PM     CPU     %user     %nice   %system   %iowait    %steal     %idle
10:15:40 PM     all      0.00      0.00      0.00      0.00      0.00    100.00

10:15:39 PM kbmemfree   kbavail kbmemused  %memused kbbuffers  kbcached  kbcommit   %commit  kbactive   kbinact   kbdirty
10:15:40 PM   1673816   1703640    136168      6.74     13212    145292    342624     10.88    171988     27472        24

10:15:40 PM     CPU     %user     %nice   %system   %iowait    %steal     %idle
10:15:41 PM     all      0.00      0.00      0.48      0.00      0.00     99.52

10:15:40 PM kbmemfree   kbavail kbmemused  %memused kbbuffers  kbcached  kbcommit   %commit  kbactive   kbinact   kbdirty
10:15:41 PM   1673816   1703640    136168      6.74     13212    145292    342624     10.88    171988     27472        32

10:15:41 PM     CPU     %user     %nice   %system   %iowait    %steal     %idle
10:15:42 PM     all      0.00      0.00      0.00      0.00      0.00    100.00

10:15:41 PM kbmemfree   kbavail kbmemused  %memused kbbuffers  kbcached  kbcommit   %commit  kbactive   kbinact   kbdirty
10:15:42 PM   1673816   1703644    136164      6.74     13212    145296    342624     10.88    171988     27476        20

10:15:42 PM     CPU     %user     %nice   %system   %iowait    %steal     %idle
10:15:43 PM     all      0.00      0.00      0.50      0.50      0.00     99.01

10:15:42 PM kbmemfree   kbavail kbmemused  %memused kbbuffers  kbcached  kbcommit   %commit  kbactive   kbinact   kbdirty
10:15:43 PM   1673816   1703644    136156      6.74     13220    145296    342624     10.88    171988     27476        36

10:15:43 PM     CPU     %user     %nice   %system   %iowait    %steal     %idle
10:15:44 PM     all      0.00      0.00      0.00      0.00      0.00    100.00

10:15:43 PM kbmemfree   kbavail kbmemused  %memused kbbuffers  kbcached  kbcommit   %commit  kbactive   kbinact   kbdirty
10:15:44 PM   1673816   1703644    136156      6.74     13220    145296    342624     10.88    171988     27476        36

10:15:44 PM     CPU     %user     %nice   %system   %iowait    %steal     %idle
10:15:45 PM     all      0.00      0.00      0.00      0.00      0.00    100.00

10:15:44 PM kbmemfree   kbavail kbmemused  %memused kbbuffers  kbcached  kbcommit   %commit  kbactive   kbinact   kbdirty
10:15:45 PM   1673816   1703644    136156      6.74     13220    145296    342624     10.88    171988     27476        36

10:15:45 PM     CPU     %user     %nice   %system   %iowait    %steal     %idle
10:15:46 PM     all      0.00      0.00      0.00      0.00      0.00    100.00

10:15:45 PM kbmemfree   kbavail kbmemused  %memused kbbuffers  kbcached  kbcommit   %commit  kbactive   kbinact   kbdirty
10:15:46 PM   1673816   1703652    136156      6.74     13220    145296    342624     10.88    171988     27484        20

10:15:46 PM     CPU     %user     %nice   %system   %iowait    %steal     %idle
10:15:47 PM     all      0.00      0.00      0.00      0.00      0.00    100.00

10:15:46 PM kbmemfree   kbavail kbmemused  %memused kbbuffers  kbcached  kbcommit   %commit  kbactive   kbinact   kbdirty
10:15:47 PM   1673816   1703652    136156      6.74     13220    145296    342624     10.88    171988     27484        20

10:15:47 PM     CPU     %user     %nice   %system   %iowait    %steal     %idle
10:15:48 PM     all      0.00      0.00      0.00      0.00      0.00    100.00

10:15:47 PM kbmemfree   kbavail kbmemused  %memused kbbuffers  kbcached  kbcommit   %commit  kbactive   kbinact   kbdirty
10:15:48 PM   1673816   1703652    136156      6.74     13220    145296    342624     10.88    171988     27484         4

10:15:48 PM     CPU     %user     %nice   %system   %iowait    %steal     %idle
10:15:49 PM     all      0.00      0.00      0.49      0.49      0.00     99.03

10:15:48 PM kbmemfree   kbavail kbmemused  %memused kbbuffers  kbcached  kbcommit   %commit  kbactive   kbinact   kbdirty
10:15:49 PM   1673816   1703652    136148      6.74     13228    145296    342624     10.88    171988     27484        16

10:15:49 PM     CPU     %user     %nice   %system   %iowait    %steal     %idle
10:15:50 PM     all      0.00      0.00      0.00      0.00      0.00    100.00

10:15:49 PM kbmemfree   kbavail kbmemused  %memused kbbuffers  kbcached  kbcommit   %commit  kbactive   kbinact   kbdirty
10:15:50 PM   1673816   1703652    136148      6.74     13228    145296    342624     10.88    171988     27484        16

10:15:50 PM     CPU     %user     %nice   %system   %iowait    %steal     %idle
10:15:51 PM     all      0.00      0.00      0.00      0.00      0.00    100.00

10:15:50 PM kbmemfree   kbavail kbmemused  %memused kbbuffers  kbcached  kbcommit   %commit  kbactive   kbinact   kbdirty
10:15:51 PM   1673816   1703660    136148      6.74     13228    145296    342624     10.88    171988     27492        28

10:15:51 PM     CPU     %user     %nice   %system   %iowait    %steal     %idle
10:15:52 PM     all      0.00      0.00      0.00      0.00      0.00    100.00

10:15:51 PM kbmemfree   kbavail kbmemused  %memused kbbuffers  kbcached  kbcommit   %commit  kbactive   kbinact   kbdirty
10:15:52 PM   1673816   1703660    136144      6.74     13228    145300    342624     10.88    171988     27492        32

10:15:52 PM     CPU     %user     %nice   %system   %iowait    %steal     %idle
10:15:53 PM     all      0.00      0.00      0.00      0.00      0.00    100.00

10:15:52 PM kbmemfree   kbavail kbmemused  %memused kbbuffers  kbcached  kbcommit   %commit  kbactive   kbinact   kbdirty
10:15:53 PM   1673816   1703660    136144      6.74     13228    145300    342624     10.88    171988     27492        32

10:15:53 PM     CPU     %user     %nice   %system   %iowait    %steal     %idle
10:15:54 PM     all      0.00      0.00      0.50      0.00      0.00     99.50

10:15:53 PM kbmemfree   kbavail kbmemused  %memused kbbuffers  kbcached  kbcommit   %commit  kbactive   kbinact   kbdirty
10:15:54 PM   1673816   1703664    136144      6.74     13228    145300    342624     10.88    171988     27496        20

10:15:54 PM     CPU     %user     %nice   %system   %iowait    %steal     %idle
10:15:55 PM     all      0.00      0.00      0.00      0.00      0.00    100.00

10:15:54 PM kbmemfree   kbavail kbmemused  %memused kbbuffers  kbcached  kbcommit   %commit  kbactive   kbinact   kbdirty
10:15:55 PM   1673816   1703664    136136      6.74     13236    145300    342624     10.88    171988     27496        36

10:15:55 PM     CPU     %user     %nice   %system   %iowait    %steal     %idle
10:15:56 PM     all      0.00      0.00      0.00      0.00      0.00    100.00

10:15:55 PM kbmemfree   kbavail kbmemused  %memused kbbuffers  kbcached  kbcommit   %commit  kbactive   kbinact   kbdirty
10:15:56 PM   1673816   1703664    136136      6.74     13236    145300    342624     10.88    171988     27496        20

10:15:56 PM     CPU     %user     %nice   %system   %iowait    %steal     %idle
10:15:57 PM     all      0.00      0.00      0.00      0.00      0.00    100.00

10:15:56 PM kbmemfree   kbavail kbmemused  %memused kbbuffers  kbcached  kbcommit   %commit  kbactive   kbinact   kbdirty
10:15:57 PM   1673816   1703664    136136      6.74     13236    145300    342624     10.88    171988     27496        20

10:15:57 PM     CPU     %user     %nice   %system   %iowait    %steal     %idle
10:15:58 PM     all      0.00      0.00      0.50      0.00      0.00     99.50

10:15:57 PM kbmemfree   kbavail kbmemused  %memused kbbuffers  kbcached  kbcommit   %commit  kbactive   kbinact   kbdirty
10:15:58 PM   1673816   1703664    136136      6.74     13236    145300    342624     10.88    171988     27496        20

10:15:58 PM     CPU     %user     %nice   %system   %iowait    %steal     %idle
10:15:59 PM     all      0.00      0.00      0.00      0.00      0.00    100.00

10:15:58 PM kbmemfree   kbavail kbmemused  %memused kbbuffers  kbcached  kbcommit   %commit  kbactive   kbinact   kbdirty
10:15:59 PM   1673816   1703664    136136      6.74     13236    145300    342624     10.88    171988     27496        20

10:15:59 PM     CPU     %user     %nice   %system   %iowait    %steal     %idle
10:16:00 PM     all      0.00      0.00      0.00      2.00      0.00     98.00

10:15:59 PM kbmemfree   kbavail kbmemused  %memused kbbuffers  kbcached  kbcommit   %commit  kbactive   kbinact   kbdirty
10:16:00 PM   1673816   1703664    136136      6.74     13244    145292    342624     10.88    171988     27496         4

10:16:00 PM     CPU     %user     %nice   %system   %iowait    %steal     %idle
10:16:01 PM     all      0.00      0.00      0.00      0.00      0.00    100.00

10:16:00 PM kbmemfree   kbavail kbmemused  %memused kbbuffers  kbcached  kbcommit   %commit  kbactive   kbinact   kbdirty
10:16:01 PM   1673816   1703684    136124      6.74     13244    145304    342624     10.88    171988     27516        28

10:16:01 PM     CPU     %user     %nice   %system   %iowait    %steal     %idle
10:16:02 PM     all      0.00      0.00      0.00      0.00      0.00    100.00

10:16:01 PM kbmemfree   kbavail kbmemused  %memused kbbuffers  kbcached  kbcommit   %commit  kbactive   kbinact   kbdirty
10:16:02 PM   1673816   1703684    136120      6.74     13244    145308    342624     10.88    171988     27516        32

10:16:02 PM     CPU     %user     %nice   %system   %iowait    %steal     %idle
10:16:03 PM     all      0.00      0.00      0.00      0.00      0.00    100.00

10:16:02 PM kbmemfree   kbavail kbmemused  %memused kbbuffers  kbcached  kbcommit   %commit  kbactive   kbinact   kbdirty
10:16:03 PM   1673816   1703684    136120      6.74     13244    145308    342624     10.88    171988     27516        32

10:16:03 PM     CPU     %user     %nice   %system   %iowait    %steal     %idle
10:16:04 PM     all      0.00      0.00      0.47      0.00      0.00     99.53

10:16:03 PM kbmemfree   kbavail kbmemused  %memused kbbuffers  kbcached  kbcommit   %commit  kbactive   kbinact   kbdirty
10:16:04 PM   1673816   1703684    136120      6.74     13244    145308    342624     10.88    171988     27516        32

10:16:04 PM     CPU     %user     %nice   %system   %iowait    %steal     %idle
10:16:05 PM     all      0.00      0.00      0.50      1.99      0.00     97.51

10:16:04 PM kbmemfree   kbavail kbmemused  %memused kbbuffers  kbcached  kbcommit   %commit  kbactive   kbinact   kbdirty
10:16:05 PM   1673816   1703684    136120      6.74     13256    145296    342624     10.88    171988     27516        32

10:16:05 PM     CPU     %user     %nice   %system   %iowait    %steal     %idle
10:16:06 PM     all      0.00      0.00      0.00      0.44      0.00     99.56

10:16:05 PM kbmemfree   kbavail kbmemused  %memused kbbuffers  kbcached  kbcommit   %commit  kbactive   kbinact   kbdirty
10:16:06 PM   1673816   1703684    136120      6.74     13256    145296    342624     10.88    171988     27516        32

10:16:06 PM     CPU     %user     %nice   %system   %iowait    %steal     %idle
10:16:08 PM     all      0.00      0.00      0.00      0.00      0.00    100.00

10:16:06 PM kbmemfree   kbavail kbmemused  %memused kbbuffers  kbcached  kbcommit   %commit  kbactive   kbinact   kbdirty
10:16:08 PM   1673816   1703700    136108      6.73     13256    145308    342624     10.88    171988     27532        16

10:16:08 PM     CPU     %user     %nice   %system   %iowait    %steal     %idle
10:16:09 PM     all      0.00      0.00      0.00      0.00      0.00    100.00

10:16:08 PM kbmemfree   kbavail kbmemused  %memused kbbuffers  kbcached  kbcommit   %commit  kbactive   kbinact   kbdirty
10:16:09 PM   1673816   1703700    136108      6.73     13256    145308    342624     10.88    171988     27532        16

10:16:09 PM     CPU     %user     %nice   %system   %iowait    %steal     %idle
10:16:10 PM     all      0.00      0.00      0.00      0.00      0.00    100.00

10:16:09 PM kbmemfree   kbavail kbmemused  %memused kbbuffers  kbcached  kbcommit   %commit  kbactive   kbinact   kbdirty
10:16:10 PM   1673816   1703700    136108      6.73     13256    145308    342624     10.88    171988     27532        16

10:16:10 PM     CPU     %user     %nice   %system   %iowait    %steal     %idle
10:16:11 PM     all      0.00      0.00      0.00      0.00      0.00    100.00

10:16:10 PM kbmemfree   kbavail kbmemused  %memused kbbuffers  kbcached  kbcommit   %commit  kbactive   kbinact   kbdirty
10:16:11 PM   1673816   1703700    136108      6.73     13256    145308    342624     10.88    171988     27532        12

Average:        CPU     %user     %nice   %system   %iowait    %steal     %idle
Average:        all      0.00      0.00      0.29      0.15      0.00     99.56

Average:    kbmemfree   kbavail kbmemused  %memused kbbuffers  kbcached  kbcommit   %commit  kbactive   kbinact   kbdirty
Average:      1673816   1703637    136168      6.74     13211    145293    342624     10.88    171987     27469       141
