Linux 6.12.38+deb13-amd64 (debian) 	10/04/2025 	_x86_64_	(2 CPU)

08:10:47 PM     CPU     %user     %nice   %system   %iowait    %steal     %idle
08:10:48 PM     all      1.45      0.00      3.86      0.48      0.00     94.20

08:10:47 PM kbmemfree   kbavail kbmemused  %memused kbbuffers  kbcached  kbcommit   %commit  kbactive   kbinact   kbdirty
08:10:48 PM   1633028   1685960    165632      8.20     15140    165904    370392     11.76    229572     31624        16

08:10:48 PM     CPU     %user     %nice   %system   %iowait    %steal     %idle
08:10:49 PM     all      0.00      0.00      6.54      0.00      0.00     93.46

08:10:48 PM kbmemfree   kbavail kbmemused  %memused kbbuffers  kbcached  kbcommit   %commit  kbactive   kbinact   kbdirty
08:10:49 PM   1633028   1685960    165632      8.20     15140    165904    370392     11.76    229572     31624        16

08:10:49 PM     CPU     %user     %nice   %system   %iowait    %steal     %idle
08:10:50 PM     all      0.00      0.00      0.93      0.00      0.00     99.07

08:10:49 PM kbmemfree   kbavail kbmemused  %memused kbbuffers  kbcached  kbcommit   %commit  kbactive   kbinact   kbdirty
08:10:50 PM   1633028   1685960    165632      8.20     15140    165904    370392     11.76    229572     31624        16

08:10:50 PM     CPU     %user     %nice   %system   %iowait    %steal     %idle
08:10:51 PM     all      0.00      0.00      0.50      0.00      0.00     99.50

08:10:50 PM kbmemfree   kbavail kbmemused  %memused kbbuffers  kbcached  kbcommit   %commit  kbactive   kbinact   kbdirty
08:10:51 PM   1633028   1685960    165632      8.20     15140    165904    370392     11.76    229572     31624        16

08:10:51 PM     CPU     %user     %nice   %system   %iowait    %steal     %idle
08:10:52 PM     all      0.00      0.00      0.00      0.00      0.00    100.00

08:10:51 PM kbmemfree   kbavail kbmemused  %memused kbbuffers  kbcached  kbcommit   %commit  kbactive   kbinact   kbdirty
08:10:52 PM   1633028   1685960    165632      8.20     15140    165904    370392     11.76    229572     31624        16

08:10:52 PM     CPU     %user     %nice   %system   %iowait    %steal     %idle
08:10:53 PM     all      0.00      0.00      0.00      1.00      0.00     99.00

08:10:52 PM kbmemfree   kbavail kbmemused  %memused kbbuffers  kbcached  kbcommit   %commit  kbactive   kbinact   kbdirty
08:10:53 PM   1632852   1685784    165808      8.20     15148    165896    370392     11.76    229572     31624        16

08:10:53 PM     CPU     %user     %nice   %system   %iowait    %steal     %idle
08:10:54 PM     all      0.00      0.00      0.00      0.00      0.00    100.00

08:10:53 PM kbmemfree   kbavail kbmemused  %memused kbbuffers  kbcached  kbcommit   %commit  kbactive   kbinact   kbdirty
08:10:54 PM   1632780   1685724    165864      8.21     15148    165904    370392     11.76    229572     31632        72

08:10:54 PM     CPU     %user     %nice   %system   %iowait    %steal     %idle
08:10:55 PM     all      0.00      0.00      0.00      0.00      0.00    100.00

08:10:54 PM kbmemfree   kbavail kbmemused  %memused kbbuffers  kbcached  kbcommit   %commit  kbactive   kbinact   kbdirty
08:10:55 PM   1632780   1685724    165864      8.21     15148    165904    370392     11.76    229572     31632        72

08:10:55 PM     CPU     %user     %nice   %system   %iowait    %steal     %idle
08:10:56 PM     all      0.00      0.00      0.00      0.00      0.00    100.00

08:10:55 PM kbmemfree   kbavail kbmemused  %memused kbbuffers  kbcached  kbcommit   %commit  kbactive   kbinact   kbdirty
08:10:56 PM   1632780   1685724    165864      8.21     15148    165904    370392     11.76    229572     31632        72

08:10:56 PM     CPU     %user     %nice   %system   %iowait    %steal     %idle
08:10:57 PM     all      0.00      0.00      0.00      0.00      0.00    100.00

08:10:56 PM kbmemfree   kbavail kbmemused  %memused kbbuffers  kbcached  kbcommit   %commit  kbactive   kbinact   kbdirty
08:10:57 PM   1632780   1685724    165864      8.21     15148    165904    370392     11.76    229572     31632        72

08:10:57 PM     CPU     %user     %nice   %system   %iowait    %steal     %idle
08:10:58 PM     all      0.50      0.00      1.50      0.00      0.00     98.00

08:10:57 PM kbmemfree   kbavail kbmemused  %memused kbbuffers  kbcached  kbcommit   %commit  kbactive   kbinact   kbdirty
08:10:58 PM   1632780   1685724    165864      8.21     15156    165896    370392     11.76    229740     31632        72

08:10:58 PM     CPU     %user     %nice   %system   %iowait    %steal     %idle
08:10:59 PM     all      0.00      0.00      0.00      0.00      0.00    100.00

08:10:58 PM kbmemfree   kbavail kbmemused  %memused kbbuffers  kbcached  kbcommit   %commit  kbactive   kbinact   kbdirty
08:10:59 PM   1632780   1685736    165852      8.21     15156    165908    370392     11.76    229596     31644        24

08:10:59 PM     CPU     %user     %nice   %system   %iowait    %steal     %idle
08:11:00 PM     all      0.00      0.00      0.00      0.00      0.00    100.00

08:10:59 PM kbmemfree   kbavail kbmemused  %memused kbbuffers  kbcached  kbcommit   %commit  kbactive   kbinact   kbdirty
08:11:00 PM   1648400   1701356    150228      7.43     15156    165912    370392     11.76    229596     31644        32

08:11:00 PM     CPU     %user     %nice   %system   %iowait    %steal     %idle
08:11:01 PM     all      0.00      0.00      0.00      0.00      0.00    100.00

08:11:00 PM kbmemfree   kbavail kbmemused  %memused kbbuffers  kbcached  kbcommit   %commit  kbactive   kbinact   kbdirty
08:11:01 PM   1648400   1701356    150228      7.43     15156    165912    370392     11.76    229596     31644        32

08:11:01 PM     CPU     %user     %nice   %system   %iowait    %steal     %idle
08:11:02 PM     all      0.00      0.00      0.00      0.00      0.00    100.00

08:11:01 PM kbmemfree   kbavail kbmemused  %memused kbbuffers  kbcached  kbcommit   %commit  kbactive   kbinact   kbdirty
08:11:02 PM   1648400   1701356    150228      7.43     15156    165912    370392     11.76    229596     31644        32

08:11:02 PM     CPU     %user     %nice   %system   %iowait    %steal     %idle
08:11:03 PM     all      0.00      0.00      0.00      0.00      0.00    100.00

08:11:02 PM kbmemfree   kbavail kbmemused  %memused kbbuffers  kbcached  kbcommit   %commit  kbactive   kbinact   kbdirty
08:11:03 PM   1648400   1701356    150228      7.43     15156    165912    370392     11.76    229596     31644        32

08:11:03 PM     CPU     %user     %nice   %system   %iowait    %steal     %idle
08:11:04 PM     all      0.00      0.00      0.00      0.00      0.00    100.00

08:11:03 PM kbmemfree   kbavail kbmemused  %memused kbbuffers  kbcached  kbcommit   %commit  kbactive   kbinact   kbdirty
08:11:04 PM   1648400   1701368    150220      7.43     15164    165912    370392     11.76    229596     31656        24

08:11:04 PM     CPU     %user     %nice   %system   %iowait    %steal     %idle
08:11:05 PM     all      0.00      0.00      0.00      0.00      0.00    100.00

08:11:04 PM kbmemfree   kbavail kbmemused  %memused kbbuffers  kbcached  kbcommit   %commit  kbactive   kbinact   kbdirty
08:11:05 PM   1648400   1701368    150220      7.43     15164    165912    370392     11.76    229596     31656        24

08:11:05 PM     CPU     %user     %nice   %system   %iowait    %steal     %idle
08:11:06 PM     all      0.00      0.00      0.00      0.00      0.00    100.00

08:11:05 PM kbmemfree   kbavail kbmemused  %memused kbbuffers  kbcached  kbcommit   %commit  kbactive   kbinact   kbdirty
08:11:06 PM   1648400   1701368    150220      7.43     15164    165912    370392     11.76    229596     31656        24

08:11:06 PM     CPU     %user     %nice   %system   %iowait    %steal     %idle
08:11:07 PM     all      0.00      0.00      0.00      0.00      0.00    100.00

08:11:06 PM kbmemfree   kbavail kbmemused  %memused kbbuffers  kbcached  kbcommit   %commit  kbactive   kbinact   kbdirty
08:11:07 PM   1648400   1701368    150220      7.43     15164    165912    370392     11.76    229596     31656        24

08:11:07 PM     CPU     %user     %nice   %system   %iowait    %steal     %idle
08:11:08 PM     all      1.98      0.00      0.50      0.00      0.00     97.52

08:11:07 PM kbmemfree   kbavail kbmemused  %memused kbbuffers  kbcached  kbcommit   %commit  kbactive   kbinact   kbdirty
08:11:08 PM   1648400   1701368    150220      7.43     15164    165912    379060     12.04    229932     31656        24

08:11:08 PM     CPU     %user     %nice   %system   %iowait    %steal     %idle
08:11:09 PM     all      0.00      0.00      0.00      0.50      0.00     99.50

08:11:08 PM kbmemfree   kbavail kbmemused  %memused kbbuffers  kbcached  kbcommit   %commit  kbactive   kbinact   kbdirty
08:11:09 PM   1648400   1701368    150220      7.43     15172    165904    379060     12.04    229932     31656        24

08:11:09 PM     CPU     %user     %nice   %system   %iowait    %steal     %idle
08:11:10 PM     all      0.00      0.00      0.00      0.00      0.00    100.00

08:11:09 PM kbmemfree   kbavail kbmemused  %memused kbbuffers  kbcached  kbcommit   %commit  kbactive   kbinact   kbdirty
08:11:10 PM   1648400   1701372    150132      7.43     15172    165916    379060     12.04    229852     31656        20

08:11:10 PM     CPU     %user     %nice   %system   %iowait    %steal     %idle
08:11:11 PM     all      0.00      0.00      0.00      0.00      0.00    100.00

08:11:10 PM kbmemfree   kbavail kbmemused  %memused kbbuffers  kbcached  kbcommit   %commit  kbactive   kbinact   kbdirty
08:11:11 PM   1648400   1701372    150132      7.43     15172    165916    379060     12.04    229852     31656        12

08:11:11 PM     CPU     %user     %nice   %system   %iowait    %steal     %idle
08:11:12 PM     all      0.00      0.00      0.00      0.00      0.00    100.00

08:11:11 PM kbmemfree   kbavail kbmemused  %memused kbbuffers  kbcached  kbcommit   %commit  kbactive   kbinact   kbdirty
08:11:12 PM   1648400   1701372    150132      7.43     15172    165916    379060     12.04    229852     31656        16

08:11:12 PM     CPU     %user     %nice   %system   %iowait    %steal     %idle
08:11:13 PM     all      0.00      0.00      0.00      0.00      0.00    100.00

08:11:12 PM kbmemfree   kbavail kbmemused  %memused kbbuffers  kbcached  kbcommit   %commit  kbactive   kbinact   kbdirty
08:11:13 PM   1648400   1701372    150132      7.43     15172    165916    379060     12.04    229852     31656        16

08:11:13 PM     CPU     %user     %nice   %system   %iowait    %steal     %idle
08:11:14 PM     all      0.00      0.00      0.99      0.00      0.00     99.01

08:11:13 PM kbmemfree   kbavail kbmemused  %memused kbbuffers  kbcached  kbcommit   %commit  kbactive   kbinact   kbdirty
08:11:14 PM   1648400   1701372    150132      7.43     15172    165916    379060     12.04    229852     31656         8

08:11:14 PM     CPU     %user     %nice   %system   %iowait    %steal     %idle
08:11:15 PM     all      0.00      0.00      0.00      0.50      0.00     99.50

08:11:14 PM kbmemfree   kbavail kbmemused  %memused kbbuffers  kbcached  kbcommit   %commit  kbactive   kbinact   kbdirty
08:11:15 PM   1648400   1701372    150132      7.43     15180    165908    379060     12.04    229852     31656         8

08:11:15 PM     CPU     %user     %nice   %system   %iowait    %steal     %idle
08:11:16 PM     all      0.00      0.00      0.00      0.00      0.00    100.00

08:11:15 PM kbmemfree   kbavail kbmemused  %memused kbbuffers  kbcached  kbcommit   %commit  kbactive   kbinact   kbdirty
08:11:16 PM   1648400   1701384    150124      7.43     15180    165916    379060     12.04    229852     31668        16

08:11:16 PM     CPU     %user     %nice   %system   %iowait    %steal     %idle
08:11:17 PM     all      0.00      0.00      0.50      0.00      0.00     99.50

08:11:16 PM kbmemfree   kbavail kbmemused  %memused kbbuffers  kbcached  kbcommit   %commit  kbactive   kbinact   kbdirty
08:11:17 PM   1648400   1701392    150124      7.43     15180    165916    379060     12.04    229852     31676        12

08:11:17 PM     CPU     %user     %nice   %system   %iowait    %steal     %idle
08:11:18 PM     all      1.01      0.00      0.00      0.00      0.00     98.99

08:11:17 PM kbmemfree   kbavail kbmemused  %memused kbbuffers  kbcached  kbcommit   %commit  kbactive   kbinact   kbdirty
08:11:18 PM   1648400   1701392    150120      7.43     15180    165916    379060     12.04    229876     31676        28

08:11:18 PM     CPU     %user     %nice   %system   %iowait    %steal     %idle
08:11:19 PM     all      0.00      0.00      0.00      0.00      0.00    100.00

08:11:18 PM kbmemfree   kbavail kbmemused  %memused kbbuffers  kbcached  kbcommit   %commit  kbactive   kbinact   kbdirty
08:11:19 PM   1648400   1701392    150116      7.43     15180    165920    379060     12.04    229876     31676        24

08:11:19 PM     CPU     %user     %nice   %system   %iowait    %steal     %idle
08:11:20 PM     all      0.00      0.00      0.50      0.00      0.00     99.50

08:11:19 PM kbmemfree   kbavail kbmemused  %memused kbbuffers  kbcached  kbcommit   %commit  kbactive   kbinact   kbdirty
08:11:20 PM   1648400   1701392    150116      7.43     15180    165920    379060     12.04    229876     31676        12

08:11:20 PM     CPU     %user     %nice   %system   %iowait    %steal     %idle
08:11:21 PM     all      0.00      0.00      0.00      0.50      0.00     99.50

08:11:20 PM kbmemfree   kbavail kbmemused  %memused kbbuffers  kbcached  kbcommit   %commit  kbactive   kbinact   kbdirty
08:11:21 PM   1648400   1701392    150108      7.43     15188    165920    379060     12.04    229876     31676        28

08:11:21 PM     CPU     %user     %nice   %system   %iowait    %steal     %idle
08:11:22 PM     all      0.00      0.00      0.00      0.00      0.00    100.00

08:11:21 PM kbmemfree   kbavail kbmemused  %memused kbbuffers  kbcached  kbcommit   %commit  kbactive   kbinact   kbdirty
08:11:22 PM   1648400   1701392    150108      7.43     15188    165920    379060     12.04    229876     31676        28

08:11:22 PM     CPU     %user     %nice   %system   %iowait    %steal     %idle
08:11:23 PM     all      0.00      0.00      0.00      0.00      0.00    100.00

08:11:22 PM kbmemfree   kbavail kbmemused  %memused kbbuffers  kbcached  kbcommit   %commit  kbactive   kbinact   kbdirty
08:11:23 PM   1648400   1701404    150108      7.43     15188    165920    379060     12.04    229876     31688        20

08:11:23 PM     CPU     %user     %nice   %system   %iowait    %steal     %idle
08:11:24 PM     all      0.00      0.00      0.49      0.00      0.00     99.51

08:11:23 PM kbmemfree   kbavail kbmemused  %memused kbbuffers  kbcached  kbcommit   %commit  kbactive   kbinact   kbdirty
08:11:24 PM   1648400   1701404    150108      7.43     15188    165920    379060     12.04    229876     31688        20

08:11:24 PM     CPU     %user     %nice   %system   %iowait    %steal     %idle
08:11:25 PM     all      0.00      0.00      0.00      0.00      0.00    100.00

08:11:24 PM kbmemfree   kbavail kbmemused  %memused kbbuffers  kbcached  kbcommit   %commit  kbactive   kbinact   kbdirty
08:11:25 PM   1648400   1701404    150108      7.43     15188    165920    379060     12.04    229876     31688        20

08:11:25 PM     CPU     %user     %nice   %system   %iowait    %steal     %idle
08:11:26 PM     all      0.00      0.00      0.00      0.00      0.00    100.00

08:11:25 PM kbmemfree   kbavail kbmemused  %memused kbbuffers  kbcached  kbcommit   %commit  kbactive   kbinact   kbdirty
08:11:26 PM   1648400   1701404    150108      7.43     15188    165920    379060     12.04    229876     31688         4

08:11:26 PM     CPU     %user     %nice   %system   %iowait    %steal     %idle
08:11:27 PM     all      0.00      0.00      0.49      0.49      0.00     99.02

08:11:26 PM kbmemfree   kbavail kbmemused  %memused kbbuffers  kbcached  kbcommit   %commit  kbactive   kbinact   kbdirty
08:11:27 PM   1648400   1701404    150100      7.43     15196    165920    379060     12.04    229876     31688        16

08:11:27 PM     CPU     %user     %nice   %system   %iowait    %steal     %idle
08:11:28 PM     all      1.00      0.00      0.50      0.00      0.00     98.50

08:11:27 PM kbmemfree   kbavail kbmemused  %memused kbbuffers  kbcached  kbcommit   %commit  kbactive   kbinact   kbdirty
08:11:28 PM   1648148   1701160    150352      7.44     15196    165920    379060     12.04    229892     31696        28

08:11:28 PM     CPU     %user     %nice   %system   %iowait    %steal     %idle
08:11:29 PM     all      0.00      0.00      0.00      0.00      0.00    100.00

08:11:28 PM kbmemfree   kbavail kbmemused  %memused kbbuffers  kbcached  kbcommit   %commit  kbactive   kbinact   kbdirty
08:11:29 PM   1648148   1701160    150348      7.44     15196    165924    379060     12.04    229880     31696        32

08:11:29 PM     CPU     %user     %nice   %system   %iowait    %steal     %idle
08:11:30 PM     all      0.00      0.00      0.00      0.00      0.00    100.00

08:11:29 PM kbmemfree   kbavail kbmemused  %memused kbbuffers  kbcached  kbcommit   %commit  kbactive   kbinact   kbdirty
08:11:30 PM   1648148   1701160    150348      7.44     15196    165924    379060     12.04    229880     31696        32

08:11:30 PM     CPU     %user     %nice   %system   %iowait    %steal     %idle
08:11:31 PM     all      0.00      0.00      0.50      0.00      0.00     99.50

08:11:30 PM kbmemfree   kbavail kbmemused  %memused kbbuffers  kbcached  kbcommit   %commit  kbactive   kbinact   kbdirty
08:11:31 PM   1648148   1701160    150348      7.44     15196    165924    379060     12.04    229880     31696        32

08:11:31 PM     CPU     %user     %nice   %system   %iowait    %steal     %idle
08:11:32 PM     all      0.00      0.00      0.00      0.00      0.00    100.00

08:11:31 PM kbmemfree   kbavail kbmemused  %memused kbbuffers  kbcached  kbcommit   %commit  kbactive   kbinact   kbdirty
08:11:32 PM   1648148   1701160    150348      7.44     15196    165924    379060     12.04    229880     31696        20

08:11:32 PM     CPU     %user     %nice   %system   %iowait    %steal     %idle
08:11:33 PM     all      0.00      0.00      0.00      0.00      0.00    100.00

08:11:32 PM kbmemfree   kbavail kbmemused  %memused kbbuffers  kbcached  kbcommit   %commit  kbactive   kbinact   kbdirty
08:11:33 PM   1648148   1701172    150340      7.44     15204    165924    379060     12.04    229880     31708        24

08:11:33 PM     CPU     %user     %nice   %system   %iowait    %steal     %idle
08:11:34 PM     all      0.00      0.00      0.49      0.00      0.00     99.51

08:11:33 PM kbmemfree   kbavail kbmemused  %memused kbbuffers  kbcached  kbcommit   %commit  kbactive   kbinact   kbdirty
08:11:34 PM   1648148   1701172    150340      7.44     15204    165924    379060     12.04    229880     31708        24

08:11:34 PM     CPU     %user     %nice   %system   %iowait    %steal     %idle
08:11:35 PM     all      0.00      0.00      0.00      0.00      0.00    100.00

08:11:34 PM kbmemfree   kbavail kbmemused  %memused kbbuffers  kbcached  kbcommit   %commit  kbactive   kbinact   kbdirty
08:11:35 PM   1648148   1701172    150340      7.44     15204    165924    379060     12.04    229880     31708        20

08:11:35 PM     CPU     %user     %nice   %system   %iowait    %steal     %idle
08:11:36 PM     all      0.00      0.00      0.49      0.00      0.00     99.51

08:11:35 PM kbmemfree   kbavail kbmemused  %memused kbbuffers  kbcached  kbcommit   %commit  kbactive   kbinact   kbdirty
08:11:36 PM   1648148   1701172    150340      7.44     15204    165924    379060     12.04    229880     31708        20

08:11:36 PM     CPU     %user     %nice   %system   %iowait    %steal     %idle
08:11:37 PM     all      0.00      0.00      0.00      0.00      0.00    100.00

08:11:36 PM kbmemfree   kbavail kbmemused  %memused kbbuffers  kbcached  kbcommit   %commit  kbactive   kbinact   kbdirty
08:11:37 PM   1648148   1701172    150340      7.44     15204    165924    379060     12.04    229880     31708        20

08:11:37 PM     CPU     %user     %nice   %system   %iowait    %steal     %idle
08:11:38 PM     all      1.00      0.00      0.50      0.00      0.00     98.50

08:11:37 PM kbmemfree   kbavail kbmemused  %memused kbbuffers  kbcached  kbcommit   %commit  kbactive   kbinact   kbdirty
08:11:38 PM   1648148   1701172    150340      7.44     15204    165924    379060     12.04    229964     31708        20

08:11:38 PM     CPU     %user     %nice   %system   %iowait    %steal     %idle
08:11:39 PM     all      0.00      0.00      0.00      0.00      0.00    100.00

08:11:38 PM kbmemfree   kbavail kbmemused  %memused kbbuffers  kbcached  kbcommit   %commit  kbactive   kbinact   kbdirty
08:11:39 PM   1648148   1701176    150324      7.44     15212    165932    379060     12.04    229884     31712        44

08:11:39 PM     CPU     %user     %nice   %system   %iowait    %steal     %idle
08:11:40 PM     all      0.00      0.00      0.00      0.00      0.00    100.00

08:11:39 PM kbmemfree   kbavail kbmemused  %memused kbbuffers  kbcached  kbcommit   %commit  kbactive   kbinact   kbdirty
08:11:40 PM   1648148   1701176    150324      7.44     15212    165932    379060     12.04    229884     31712        44

08:11:40 PM     CPU     %user     %nice   %system   %iowait    %steal     %idle
08:11:41 PM     all      0.00      0.00      0.00      0.00      0.00    100.00

08:11:40 PM kbmemfree   kbavail kbmemused  %memused kbbuffers  kbcached  kbcommit   %commit  kbactive   kbinact   kbdirty
08:11:41 PM   1648148   1701184    150324      7.44     15212    165932    379060     12.04    229884     31720        40

08:11:41 PM     CPU     %user     %nice   %system   %iowait    %steal     %idle
08:11:42 PM     all      0.00      0.00      0.00      0.00      0.00    100.00

08:11:41 PM kbmemfree   kbavail kbmemused  %memused kbbuffers  kbcached  kbcommit   %commit  kbactive   kbinact   kbdirty
08:11:42 PM   1648148   1701184    150324      7.44     15212    165932    379060     12.04    229884     31720        40

08:11:42 PM     CPU     %user     %nice   %system   %iowait    %steal     %idle
08:11:43 PM     all      0.00      0.00      0.00      0.50      0.00     99.50

08:11:42 PM kbmemfree   kbavail kbmemused  %memused kbbuffers  kbcached  kbcommit   %commit  kbactive   kbinact   kbdirty
08:11:43 PM   1648148   1701184    150324      7.44     15220    165924    379060     12.04    229884     31720        40

08:11:43 PM     CPU     %user     %nice   %system   %iowait    %steal     %idle
08:11:44 PM     all      0.00      0.00      0.00      0.00      0.00    100.00

08:11:43 PM kbmemfree   kbavail kbmemused  %memused kbbuffers  kbcached  kbcommit   %commit  kbactive   kbinact   kbdirty
08:11:44 PM   1648148   1701196    150316      7.44     15220    165932    379060     12.04    229884     31732         4

08:11:44 PM     CPU     %user     %nice   %system   %iowait    %steal     %idle
08:11:45 PM     all      0.00      0.00      0.00      0.00      0.00    100.00

08:11:44 PM kbmemfree   kbavail kbmemused  %memused kbbuffers  kbcached  kbcommit   %commit  kbactive   kbinact   kbdirty
08:11:45 PM   1648148   1701196    150316      7.44     15220    165932    379060     12.04    229884     31732         4

08:11:45 PM     CPU     %user     %nice   %system   %iowait    %steal     %idle
08:11:46 PM     all      0.00      0.00      0.50      0.00      0.00     99.50

08:11:45 PM kbmemfree   kbavail kbmemused  %memused kbbuffers  kbcached  kbcommit   %commit  kbactive   kbinact   kbdirty
08:11:46 PM   1648148   1701196    150316      7.44     15220    165932    379060     12.04    229884     31732         0

08:11:46 PM     CPU     %user     %nice   %system   %iowait    %steal     %idle
08:11:47 PM     all      0.00      0.00      0.00      0.00      0.00    100.00

08:11:46 PM kbmemfree   kbavail kbmemused  %memused kbbuffers  kbcached  kbcommit   %commit  kbactive   kbinact   kbdirty
08:11:47 PM   1648148   1701196    150316      7.44     15220    165932    379060     12.04    229884     31732         4

Average:        CPU     %user     %nice   %system   %iowait    %steal     %idle
Average:        all      0.12      0.00      0.34      0.07      0.00     99.48

Average:    kbmemfree   kbavail kbmemused  %memused kbbuffers  kbcached  kbcommit   %commit  kbactive   kbinact   kbdirty
Average:      1645214   1698201    153336      7.59     15180    165917    376171     11.95    229783     31673        26
