Linux 6.12.38+deb13-amd64 (debian) 	10/04/2025 	_x86_64_	(2 CPU)

10:09:11 PM     CPU     %user     %nice   %system   %iowait    %steal     %idle
10:09:12 PM     all      0.00      0.00      3.76      0.47      0.00     95.77

10:09:11 PM kbmemfree   kbavail kbmemused  %memused kbbuffers  kbcached  kbcommit   %commit  kbactive   kbinact   kbdirty
10:09:12 PM   1674068   1703316    136540      6.76     12792    145152    342632     10.88    172000     26908        20

10:09:12 PM     CPU     %user     %nice   %system   %iowait    %steal     %idle
10:09:13 PM     all      0.00      0.00      0.98      0.00      0.00     99.02

10:09:12 PM kbmemfree   kbavail kbmemused  %memused kbbuffers  kbcached  kbcommit   %commit  kbactive   kbinact   kbdirty
10:09:13 PM   1674068   1703316    136540      6.76     12792    145152    342632     10.88    172000     26908        20

10:09:13 PM     CPU     %user     %nice   %system   %iowait    %steal     %idle
10:09:14 PM     all      0.00      0.00      0.00      0.00      0.00    100.00

10:09:13 PM kbmemfree   kbavail kbmemused  %memused kbbuffers  kbcached  kbcommit   %commit  kbactive   kbinact   kbdirty
10:09:14 PM   1674068   1703316    136540      6.76     12792    145152    342632     10.88    172000     26908        20

10:09:14 PM     CPU     %user     %nice   %system   %iowait    %steal     %idle
10:09:16 PM     all      0.00      0.00      0.00      0.00      0.00    100.00

10:09:14 PM kbmemfree   kbavail kbmemused  %memused kbbuffers  kbcached  kbcommit   %commit  kbactive   kbinact   kbdirty
10:09:16 PM   1674068   1703316    136540      6.76     12792    145152    342632     10.88    172000     26908        20

10:09:16 PM     CPU     %user     %nice   %system   %iowait    %steal     %idle
10:09:17 PM     all      0.00      0.00      0.00      2.02      0.00     97.98

10:09:16 PM kbmemfree   kbavail kbmemused  %memused kbbuffers  kbcached  kbcommit   %commit  kbactive   kbinact   kbdirty
10:09:17 PM   1674068   1703316    136532      6.76     12800    145152    342632     10.88    172000     26908        48

10:09:17 PM     CPU     %user     %nice   %system   %iowait    %steal     %idle
10:09:18 PM     all      0.00      0.00      0.45      0.00      0.00     99.55

10:09:17 PM kbmemfree   kbavail kbmemused  %memused kbbuffers  kbcached  kbcommit   %commit  kbactive   kbinact   kbdirty
10:09:18 PM   1674068   1703320    136532      6.76     12800    145152    342632     10.88    172004     26912        32

10:09:18 PM     CPU     %user     %nice   %system   %iowait    %steal     %idle
10:09:19 PM     all      0.00      0.00      0.00      0.00      0.00    100.00

10:09:18 PM kbmemfree   kbavail kbmemused  %memused kbbuffers  kbcached  kbcommit   %commit  kbactive   kbinact   kbdirty
10:09:19 PM   1674068   1703320    136532      6.76     12800    145152    342632     10.88    172004     26912        32

10:09:19 PM     CPU     %user     %nice   %system   %iowait    %steal     %idle
10:09:20 PM     all      0.00      0.00      0.00      0.00      0.00    100.00

10:09:19 PM kbmemfree   kbavail kbmemused  %memused kbbuffers  kbcached  kbcommit   %commit  kbactive   kbinact   kbdirty
10:09:20 PM   1674068   1703328    136532      6.76     12800    145152    342632     10.88    172004     26920        32

10:09:20 PM     CPU     %user     %nice   %system   %iowait    %steal     %idle
10:09:21 PM     all      0.00      0.00      0.00      0.00      0.00    100.00

10:09:20 PM kbmemfree   kbavail kbmemused  %memused kbbuffers  kbcached  kbcommit   %commit  kbactive   kbinact   kbdirty
10:09:21 PM   1674068   1703328    136532      6.76     12800    145152    342632     10.88    172004     26920        32

10:09:21 PM     CPU     %user     %nice   %system   %iowait    %steal     %idle
10:09:22 PM     all      0.00      0.00      0.99      0.00      0.00     99.01

10:09:21 PM kbmemfree   kbavail kbmemused  %memused kbbuffers  kbcached  kbcommit   %commit  kbactive   kbinact   kbdirty
10:09:22 PM   1674068   1703328    136532      6.76     12800    145152    342632     10.88    172004     26920        44

10:09:22 PM     CPU     %user     %nice   %system   %iowait    %steal     %idle
10:09:23 PM     all      0.00      0.00      0.00      0.48      0.00     99.52

10:09:22 PM kbmemfree   kbavail kbmemused  %memused kbbuffers  kbcached  kbcommit   %commit  kbactive   kbinact   kbdirty
10:09:23 PM   1674068   1703328    136520      6.75     12808    145156    342632     10.88    172008     26920        48

10:09:23 PM     CPU     %user     %nice   %system   %iowait    %steal     %idle
10:09:24 PM     all      0.00      0.00      0.00      0.00      0.00    100.00

10:09:23 PM kbmemfree   kbavail kbmemused  %memused kbbuffers  kbcached  kbcommit   %commit  kbactive   kbinact   kbdirty
10:09:24 PM   1674068   1703328    136520      6.75     12808    145156    342632     10.88    172008     26920        48

10:09:24 PM     CPU     %user     %nice   %system   %iowait    %steal     %idle
10:09:25 PM     all      0.00      0.00      0.50      0.00      0.00     99.50

10:09:24 PM kbmemfree   kbavail kbmemused  %memused kbbuffers  kbcached  kbcommit   %commit  kbactive   kbinact   kbdirty
10:09:25 PM   1674068   1703328    136520      6.75     12808    145156    342632     10.88    172008     26920        48

10:09:25 PM     CPU     %user     %nice   %system   %iowait    %steal     %idle
10:09:26 PM     all      0.00      0.00      0.00      0.00      0.00    100.00

10:09:25 PM kbmemfree   kbavail kbmemused  %memused kbbuffers  kbcached  kbcommit   %commit  kbactive   kbinact   kbdirty
10:09:26 PM   1674068   1703328    136520      6.75     12808    145156    342632     10.88    172008     26920        48

10:09:26 PM     CPU     %user     %nice   %system   %iowait    %steal     %idle
10:09:27 PM     all      0.00      0.00      0.47      0.00      0.00     99.53

10:09:26 PM kbmemfree   kbavail kbmemused  %memused kbbuffers  kbcached  kbcommit   %commit  kbactive   kbinact   kbdirty
10:09:27 PM   1674068   1703336    136520      6.75     12808    145156    342632     10.88    172008     26928        36

10:09:27 PM     CPU     %user     %nice   %system   %iowait    %steal     %idle
10:09:28 PM     all      0.00      0.00      0.00      0.00      0.00    100.00

10:09:27 PM kbmemfree   kbavail kbmemused  %memused kbbuffers  kbcached  kbcommit   %commit  kbactive   kbinact   kbdirty
10:09:28 PM   1674068   1703340    136512      6.75     12816    145156    342632     10.88    172008     26932        28

10:09:28 PM     CPU     %user     %nice   %system   %iowait    %steal     %idle
10:09:29 PM     all      0.00      0.00      0.50      0.00      0.00     99.50

10:09:28 PM kbmemfree   kbavail kbmemused  %memused kbbuffers  kbcached  kbcommit   %commit  kbactive   kbinact   kbdirty
10:09:29 PM   1674068   1703340    136512      6.75     12816    145156    342632     10.88    172008     26932        28

10:09:29 PM     CPU     %user     %nice   %system   %iowait    %steal     %idle
10:09:30 PM     all      0.00      0.00      0.00      0.00      0.00    100.00

10:09:29 PM kbmemfree   kbavail kbmemused  %memused kbbuffers  kbcached  kbcommit   %commit  kbactive   kbinact   kbdirty
10:09:30 PM   1674068   1703348    136512      6.75     12816    145156    342632     10.88    172008     26940        32

10:09:30 PM     CPU     %user     %nice   %system   %iowait    %steal     %idle
10:09:31 PM     all      0.00      0.00      0.00      0.00      0.00    100.00

10:09:30 PM kbmemfree   kbavail kbmemused  %memused kbbuffers  kbcached  kbcommit   %commit  kbactive   kbinact   kbdirty
10:09:31 PM   1674068   1703348    136512      6.75     12816    145156    342632     10.88    172008     26940        32

10:09:31 PM     CPU     %user     %nice   %system   %iowait    %steal     %idle
10:09:32 PM     all      0.00      0.00      0.00      0.00      0.00    100.00

10:09:31 PM kbmemfree   kbavail kbmemused  %memused kbbuffers  kbcached  kbcommit   %commit  kbactive   kbinact   kbdirty
10:09:32 PM   1674068   1703348    136508      6.75     12816    145160    342632     10.88    172008     26940        48

10:09:32 PM     CPU     %user     %nice   %system   %iowait    %steal     %idle
10:09:33 PM     all      0.00      0.00      0.00      0.49      0.00     99.51

10:09:32 PM kbmemfree   kbavail kbmemused  %memused kbbuffers  kbcached  kbcommit   %commit  kbactive   kbinact   kbdirty
10:09:33 PM   1674068   1703348    136500      6.75     12824    145160    342632     10.88    172008     26940        48

10:09:33 PM     CPU     %user     %nice   %system   %iowait    %steal     %idle
10:09:34 PM     all      0.00      0.00      0.00      0.00      0.00    100.00

10:09:33 PM kbmemfree   kbavail kbmemused  %memused kbbuffers  kbcached  kbcommit   %commit  kbactive   kbinact   kbdirty
10:09:34 PM   1674068   1703348    136496      6.75     12824    145164    342632     10.88    172008     26940        52

10:09:34 PM     CPU     %user     %nice   %system   %iowait    %steal     %idle
10:09:35 PM     all      0.00      0.00      0.00      0.00      0.00    100.00

10:09:34 PM kbmemfree   kbavail kbmemused  %memused kbbuffers  kbcached  kbcommit   %commit  kbactive   kbinact   kbdirty
10:09:35 PM   1674068   1703348    136496      6.75     12824    145164    342632     10.88    172008     26940        52

10:09:35 PM     CPU     %user     %nice   %system   %iowait    %steal     %idle
10:09:36 PM     all      0.00      0.00      0.50      0.00      0.00     99.50

10:09:35 PM kbmemfree   kbavail kbmemused  %memused kbbuffers  kbcached  kbcommit   %commit  kbactive   kbinact   kbdirty
10:09:36 PM   1674068   1703348    136496      6.75     12824    145164    342632     10.88    172008     26940        52

10:09:36 PM     CPU     %user     %nice   %system   %iowait    %steal     %idle
10:09:37 PM     all      0.00      0.00      0.00      0.00      0.00    100.00

10:09:36 PM kbmemfree   kbavail kbmemused  %memused kbbuffers  kbcached  kbcommit   %commit  kbactive   kbinact   kbdirty
10:09:37 PM   1674068   1703364    136496      6.75     12824    145164    342632     10.88    172008     26956        36

10:09:37 PM     CPU     %user     %nice   %system   %iowait    %steal     %idle
10:09:38 PM     all      0.00      0.00      0.00      0.49      0.00     99.51

10:09:37 PM kbmemfree   kbavail kbmemused  %memused kbbuffers  kbcached  kbcommit   %commit  kbactive   kbinact   kbdirty
10:09:38 PM   1674068   1703364    136496      6.75     12832    145156    342632     10.88    172008     26956        36

10:09:38 PM     CPU     %user     %nice   %system   %iowait    %steal     %idle
10:09:39 PM     all      0.00      0.00      0.00      0.00      0.00    100.00

10:09:38 PM kbmemfree   kbavail kbmemused  %memused kbbuffers  kbcached  kbcommit   %commit  kbactive   kbinact   kbdirty
10:09:39 PM   1674068   1703364    136484      6.75     12832    145164    342632     10.88    172008     26956        36

10:09:39 PM     CPU     %user     %nice   %system   %iowait    %steal     %idle
10:09:40 PM     all      0.00      0.00      0.00      0.00      0.00    100.00

10:09:39 PM kbmemfree   kbavail kbmemused  %memused kbbuffers  kbcached  kbcommit   %commit  kbactive   kbinact   kbdirty
10:09:40 PM   1674068   1703364    136484      6.75     12832    145164    342632     10.88    172008     26956        36

10:09:40 PM     CPU     %user     %nice   %system   %iowait    %steal     %idle
10:09:41 PM     all      0.00      0.00      0.50      0.00      0.00     99.50

10:09:40 PM kbmemfree   kbavail kbmemused  %memused kbbuffers  kbcached  kbcommit   %commit  kbactive   kbinact   kbdirty
10:09:41 PM   1674068   1703364    136484      6.75     12832    145164    342632     10.88    172008     26956        36

10:09:41 PM     CPU     %user     %nice   %system   %iowait    %steal     %idle
10:09:42 PM     all      0.00      0.00      0.00      0.00      0.00    100.00

10:09:41 PM kbmemfree   kbavail kbmemused  %memused kbbuffers  kbcached  kbcommit   %commit  kbactive   kbinact   kbdirty
10:09:42 PM   1674068   1703372    136480      6.75     12832    145168    342632     10.88    172008     26964        52

10:09:42 PM     CPU     %user     %nice   %system   %iowait    %steal     %idle
10:09:44 PM     all      0.00      0.00      0.00      0.00      0.00    100.00

10:09:42 PM kbmemfree   kbavail kbmemused  %memused kbbuffers  kbcached  kbcommit   %commit  kbactive   kbinact   kbdirty
10:09:44 PM   1674068   1703372    136480      6.75     12832    145168    342632     10.88    172008     26964        52

10:09:44 PM     CPU     %user     %nice   %system   %iowait    %steal     %idle
10:09:45 PM     all      0.00      0.00      0.00      1.98      0.00     98.02

10:09:44 PM kbmemfree   kbavail kbmemused  %memused kbbuffers  kbcached  kbcommit   %commit  kbactive   kbinact   kbdirty
10:09:45 PM   1674068   1703372    136468      6.75     12840    145172    342632     10.88    172008     26964        56

10:09:45 PM     CPU     %user     %nice   %system   %iowait    %steal     %idle
10:09:46 PM     all      0.00      0.00      0.00      0.00      0.00    100.00

10:09:45 PM kbmemfree   kbavail kbmemused  %memused kbbuffers  kbcached  kbcommit   %commit  kbactive   kbinact   kbdirty
10:09:46 PM   1674068   1703372    136468      6.75     12840    145172    342632     10.88    172008     26964        52

10:09:46 PM     CPU     %user     %nice   %system   %iowait    %steal     %idle
10:09:47 PM     all      0.00      0.00      0.00      0.00      0.00    100.00

10:09:46 PM kbmemfree   kbavail kbmemused  %memused kbbuffers  kbcached  kbcommit   %commit  kbactive   kbinact   kbdirty
10:09:47 PM   1674068   1703372    136468      6.75     12840    145172    342632     10.88    172008     26964        52

10:09:47 PM     CPU     %user     %nice   %system   %iowait    %steal     %idle
10:09:48 PM     all      0.00      0.00      0.50      0.00      0.00     99.50

10:09:47 PM kbmemfree   kbavail kbmemused  %memused kbbuffers  kbcached  kbcommit   %commit  kbactive   kbinact   kbdirty
10:09:48 PM   1674068   1703372    136468      6.75     12840    145172    342632     10.88    172008     26964        36

10:09:48 PM     CPU     %user     %nice   %system   %iowait    %steal     %idle
10:09:49 PM     all      0.00      0.00      0.00      0.00      0.00    100.00

10:09:48 PM kbmemfree   kbavail kbmemused  %memused kbbuffers  kbcached  kbcommit   %commit  kbactive   kbinact   kbdirty
10:09:49 PM   1674068   1703372    136468      6.75     12840    145172    342632     10.88    172008     26964         4

10:09:49 PM     CPU     %user     %nice   %system   %iowait    %steal     %idle
10:09:50 PM     all      0.00      0.00      0.00      0.00      0.00    100.00

10:09:49 PM kbmemfree   kbavail kbmemused  %memused kbbuffers  kbcached  kbcommit   %commit  kbactive   kbinact   kbdirty
10:09:50 PM   1674068   1703372    136468      6.75     12840    145172    342632     10.88    172008     26964         4

10:09:50 PM     CPU     %user     %nice   %system   %iowait    %steal     %idle
10:09:51 PM     all      0.00      0.00      0.50      1.99      0.00     97.51

10:09:50 PM kbmemfree   kbavail kbmemused  %memused kbbuffers  kbcached  kbcommit   %commit  kbactive   kbinact   kbdirty
10:09:51 PM   1674068   1703396    136460      6.75     12848    145172    342632     10.88    172008     26988        28

10:09:51 PM     CPU     %user     %nice   %system   %iowait    %steal     %idle
10:09:52 PM     all      0.00      0.00      0.50      0.00      0.00     99.50

10:09:51 PM kbmemfree   kbavail kbmemused  %memused kbbuffers  kbcached  kbcommit   %commit  kbactive   kbinact   kbdirty
10:09:52 PM   1674068   1703396    136460      6.75     12848    145172    342632     10.88    172008     26988        32

10:09:52 PM     CPU     %user     %nice   %system   %iowait    %steal     %idle
10:09:53 PM     all      0.00      0.00      0.00      0.00      0.00    100.00

10:09:52 PM kbmemfree   kbavail kbmemused  %memused kbbuffers  kbcached  kbcommit   %commit  kbactive   kbinact   kbdirty
10:09:53 PM   1674068   1703396    136460      6.75     12848    145172    342632     10.88    172008     26988        44

10:09:53 PM     CPU     %user     %nice   %system   %iowait    %steal     %idle
10:09:54 PM     all      0.00      0.00      0.00      0.00      0.00    100.00

10:09:53 PM kbmemfree   kbavail kbmemused  %memused kbbuffers  kbcached  kbcommit   %commit  kbactive   kbinact   kbdirty
10:09:54 PM   1674068   1703396    136460      6.75     12848    145172    342632     10.88    172008     26988        44

10:09:54 PM     CPU     %user     %nice   %system   %iowait    %steal     %idle
10:09:55 PM     all      0.00      0.00      0.00      0.00      0.00    100.00

10:09:54 PM kbmemfree   kbavail kbmemused  %memused kbbuffers  kbcached  kbcommit   %commit  kbactive   kbinact   kbdirty
10:09:55 PM   1674068   1703396    136456      6.75     12848    145176    342632     10.88    172008     26988        48

10:09:55 PM     CPU     %user     %nice   %system   %iowait    %steal     %idle
10:09:56 PM     all      0.00      0.00      0.00      0.00      0.00    100.00

10:09:55 PM kbmemfree   kbavail kbmemused  %memused kbbuffers  kbcached  kbcommit   %commit  kbactive   kbinact   kbdirty
10:09:56 PM   1674068   1703396    136456      6.75     12848    145176    342632     10.88    172008     26988        48

10:09:56 PM     CPU     %user     %nice   %system   %iowait    %steal     %idle
10:09:57 PM     all      0.00      0.00      0.47      0.47      0.00     99.06

10:09:56 PM kbmemfree   kbavail kbmemused  %memused kbbuffers  kbcached  kbcommit   %commit  kbactive   kbinact   kbdirty
10:09:57 PM   1674068   1703404    136448      6.75     12856    145176    342632     10.88    172008     26996        52

10:09:57 PM     CPU     %user     %nice   %system   %iowait    %steal     %idle
10:09:58 PM     all      0.00      0.00      0.50      0.00      0.00     99.50

10:09:57 PM kbmemfree   kbavail kbmemused  %memused kbbuffers  kbcached  kbcommit   %commit  kbactive   kbinact   kbdirty
10:09:58 PM   1674068   1703408    136448      6.75     12856    145176    342632     10.88    172008     27000        40

10:09:58 PM     CPU     %user     %nice   %system   %iowait    %steal     %idle
10:09:59 PM     all      0.00      0.00      0.00      0.00      0.00    100.00

10:09:58 PM kbmemfree   kbavail kbmemused  %memused kbbuffers  kbcached  kbcommit   %commit  kbactive   kbinact   kbdirty
10:09:59 PM   1674068   1703408    136448      6.75     12856    145176    342632     10.88    172008     27000        40

10:09:59 PM     CPU     %user     %nice   %system   %iowait    %steal     %idle
10:10:00 PM     all      0.00      0.00      0.00      0.00      0.00    100.00

10:09:59 PM kbmemfree   kbavail kbmemused  %memused kbbuffers  kbcached  kbcommit   %commit  kbactive   kbinact   kbdirty
10:10:00 PM   1674068   1703408    136448      6.75     12856    145176    342632     10.88    172008     27000        40

10:10:00 PM     CPU     %user     %nice   %system   %iowait    %steal     %idle
10:10:01 PM     all      0.00      0.00      0.00      0.00      0.00    100.00

10:10:00 PM kbmemfree   kbavail kbmemused  %memused kbbuffers  kbcached  kbcommit   %commit  kbactive   kbinact   kbdirty
10:10:01 PM   1674068   1703408    136448      6.75     12856    145176    342632     10.88    172008     27000        40

10:10:01 PM     CPU     %user     %nice   %system   %iowait    %steal     %idle
10:10:02 PM     all      0.00      0.00      0.00      1.92      0.00     98.08

10:10:01 PM kbmemfree   kbavail kbmemused  %memused kbbuffers  kbcached  kbcommit   %commit  kbactive   kbinact   kbdirty
10:10:02 PM   1674068   1703412    136436      6.75     12864    145180    342632     10.88    172008     27004        56

10:10:02 PM     CPU     %user     %nice   %system   %iowait    %steal     %idle
10:10:03 PM     all      0.00      0.00      0.50      0.00      0.00     99.50

10:10:02 PM kbmemfree   kbavail kbmemused  %memused kbbuffers  kbcached  kbcommit   %commit  kbactive   kbinact   kbdirty
10:10:03 PM   1674068   1703416    136436      6.75     12864    145180    342632     10.88    172008     27008        52

10:10:03 PM     CPU     %user     %nice   %system   %iowait    %steal     %idle
10:10:04 PM     all      0.00      0.00      0.00      0.00      0.00    100.00

10:10:03 PM kbmemfree   kbavail kbmemused  %memused kbbuffers  kbcached  kbcommit   %commit  kbactive   kbinact   kbdirty
10:10:04 PM   1674068   1703416    136436      6.75     12864    145180    342632     10.88    172008     27008        56

10:10:04 PM     CPU     %user     %nice   %system   %iowait    %steal     %idle
10:10:05 PM     all      0.00      0.00      0.00      0.00      0.00    100.00

10:10:04 PM kbmemfree   kbavail kbmemused  %memused kbbuffers  kbcached  kbcommit   %commit  kbactive   kbinact   kbdirty
10:10:05 PM   1674068   1703416    136432      6.75     12864    145184    342632     10.88    172008     27008        60

10:10:05 PM     CPU     %user     %nice   %system   %iowait    %steal     %idle
10:10:06 PM     all      0.00      0.00      0.00      0.00      0.00    100.00

10:10:05 PM kbmemfree   kbavail kbmemused  %memused kbbuffers  kbcached  kbcommit   %commit  kbactive   kbinact   kbdirty
10:10:06 PM   1674068   1703416    136432      6.75     12864    145184    342632     10.88    172008     27008        60

10:10:06 PM     CPU     %user     %nice   %system   %iowait    %steal     %idle
10:10:07 PM     all      0.00      0.00      0.00      0.00      0.00    100.00

10:10:06 PM kbmemfree   kbavail kbmemused  %memused kbbuffers  kbcached  kbcommit   %commit  kbactive   kbinact   kbdirty
10:10:07 PM   1674068   1703424    136424      6.75     12872    145184    342632     10.88    172008     27016        48

10:10:07 PM     CPU     %user     %nice   %system   %iowait    %steal     %idle
10:10:08 PM     all      0.00      0.00      0.00      0.00      0.00    100.00

10:10:07 PM kbmemfree   kbavail kbmemused  %memused kbbuffers  kbcached  kbcommit   %commit  kbactive   kbinact   kbdirty
10:10:08 PM   1674068   1703424    136424      6.75     12872    145184    342632     10.88    172008     27016        48

10:10:08 PM     CPU     %user     %nice   %system   %iowait    %steal     %idle
10:10:09 PM     all      0.00      0.00      0.00      0.00      0.00    100.00

10:10:08 PM kbmemfree   kbavail kbmemused  %memused kbbuffers  kbcached  kbcommit   %commit  kbactive   kbinact   kbdirty
10:10:09 PM   1674068   1703424    136424      6.75     12872    145184    342632     10.88    172008     27016        40

10:10:09 PM     CPU     %user     %nice   %system   %iowait    %steal     %idle
10:10:10 PM     all      0.00      0.00      0.50      0.00      0.00     99.50

10:10:09 PM kbmemfree   kbavail kbmemused  %memused kbbuffers  kbcached  kbcommit   %commit  kbactive   kbinact   kbdirty
10:10:10 PM   1674068   1703424    136424      6.75     12872    145184    342632     10.88    172008     27016        44

10:10:10 PM     CPU     %user     %nice   %system   %iowait    %steal     %idle
10:10:11 PM     all      0.00      0.00      0.00      0.00      0.00    100.00

10:10:10 PM kbmemfree   kbavail kbmemused  %memused kbbuffers  kbcached  kbcommit   %commit  kbactive   kbinact   kbdirty
10:10:11 PM   1674068   1703424    136424      6.75     12872    145184    342632     10.88    172008     27016        44

10:10:11 PM     CPU     %user     %nice   %system   %iowait    %steal     %idle
10:10:12 PM     all      0.00      0.00      0.00      0.00      0.00    100.00

10:10:11 PM kbmemfree   kbavail kbmemused  %memused kbbuffers  kbcached  kbcommit   %commit  kbactive   kbinact   kbdirty
10:10:12 PM   1674068   1703432    136424      6.75     12872    145184    342632     10.88    172008     27024        44

10:10:12 PM     CPU     %user     %nice   %system   %iowait    %steal     %idle
10:10:13 PM     all      0.00      0.00      0.00      0.50      0.00     99.50

10:10:12 PM kbmemfree   kbavail kbmemused  %memused kbbuffers  kbcached  kbcommit   %commit  kbactive   kbinact   kbdirty
10:10:13 PM   1674068   1703432    136416      6.75     12880    145184    342632     10.88    172008     27024        44

Average:        CPU     %user     %nice   %system   %iowait    %steal     %idle
Average:        all      0.00      0.00      0.21      0.18      0.00     99.61

Average:    kbmemfree   kbavail kbmemused  %memused kbbuffers  kbcached  kbcommit   %commit  kbactive   kbinact   kbdirty
Average:      1674068   1703371    136481      6.75     12834    145167    342632     10.88    172007     26963        41
