Linux 6.12.38+deb13-amd64 (debian) 	10/04/2025 	_x86_64_	(2 CPU)

08:36:37 PM     CPU     %user     %nice   %system   %iowait    %steal     %idle
08:36:38 PM     all      1.42      0.00      4.72      0.00      0.00     93.87

08:36:37 PM kbmemfree   kbavail kbmemused  %memused kbbuffers  kbcached  kbcommit   %commit  kbactive   kbinact   kbdirty
08:36:38 PM   1632816   1688180    163260      8.08     16168    167252    379376     12.05    230884     33592        12

08:36:38 PM     CPU     %user     %nice   %system   %iowait    %steal     %idle
08:36:39 PM     all      0.00      0.00      3.40      0.00      0.00     96.60

08:36:38 PM kbmemfree   kbavail kbmemused  %memused kbbuffers  kbcached  kbcommit   %commit  kbactive   kbinact   kbdirty
08:36:39 PM   1632816   1688180    163260      8.08     16168    167252    379376     12.05    230812     33592        16

08:36:39 PM     CPU     %user     %nice   %system   %iowait    %steal     %idle
08:36:40 PM     all      0.00      0.00      3.30      0.00      0.00     96.70

08:36:39 PM kbmemfree   kbavail kbmemused  %memused kbbuffers  kbcached  kbcommit   %commit  kbactive   kbinact   kbdirty
08:36:40 PM   1632816   1688180    163260      8.08     16168    167252    379376     12.05    230812     33592        16

08:36:40 PM     CPU     %user     %nice   %system   %iowait    %steal     %idle
08:36:41 PM     all      0.00      0.00      0.50      0.00      0.00     99.50

08:36:40 PM kbmemfree   kbavail kbmemused  %memused kbbuffers  kbcached  kbcommit   %commit  kbactive   kbinact   kbdirty
08:36:41 PM   1632816   1688180    163260      8.08     16168    167252    379376     12.05    230812     33592        16

08:36:41 PM     CPU     %user     %nice   %system   %iowait    %steal     %idle
08:36:42 PM     all      0.00      0.00      0.00      0.00      0.00    100.00

08:36:41 PM kbmemfree   kbavail kbmemused  %memused kbbuffers  kbcached  kbcommit   %commit  kbactive   kbinact   kbdirty
08:36:42 PM   1632816   1688180    163260      8.08     16168    167252    379376     12.05    230812     33592        16

08:36:42 PM     CPU     %user     %nice   %system   %iowait    %steal     %idle
08:36:43 PM     all      0.00      0.00      0.00      0.00      0.00    100.00

08:36:42 PM kbmemfree   kbavail kbmemused  %memused kbbuffers  kbcached  kbcommit   %commit  kbactive   kbinact   kbdirty
08:36:43 PM   1632816   1688180    163260      8.08     16176    167244    379376     12.05    230812     33592        16

08:36:43 PM     CPU     %user     %nice   %system   %iowait    %steal     %idle
08:36:44 PM     all      0.00      0.00      0.00      0.00      0.00    100.00

08:36:43 PM kbmemfree   kbavail kbmemused  %memused kbbuffers  kbcached  kbcommit   %commit  kbactive   kbinact   kbdirty
08:36:44 PM   1632816   1688188    163252      8.08     16176    167252    379376     12.05    230816     33600        40

08:36:44 PM     CPU     %user     %nice   %system   %iowait    %steal     %idle
08:36:45 PM     all      0.00      0.00      0.44      0.00      0.00     99.56

08:36:44 PM kbmemfree   kbavail kbmemused  %memused kbbuffers  kbcached  kbcommit   %commit  kbactive   kbinact   kbdirty
08:36:45 PM   1632816   1688188    163252      8.08     16176    167252    379376     12.05    230816     33600        40

08:36:45 PM     CPU     %user     %nice   %system   %iowait    %steal     %idle
08:36:46 PM     all      0.00      0.00      0.00      0.00      0.00    100.00

08:36:45 PM kbmemfree   kbavail kbmemused  %memused kbbuffers  kbcached  kbcommit   %commit  kbactive   kbinact   kbdirty
08:36:46 PM   1632816   1688188    163252      8.08     16176    167252    379376     12.05    230816     33600        40

08:36:46 PM     CPU     %user     %nice   %system   %iowait    %steal     %idle
08:36:47 PM     all      0.00      0.00      0.00      0.00      0.00    100.00

08:36:46 PM kbmemfree   kbavail kbmemused  %memused kbbuffers  kbcached  kbcommit   %commit  kbactive   kbinact   kbdirty
08:36:47 PM   1632816   1688188    163252      8.08     16176    167252    379376     12.05    230816     33600        40

08:36:47 PM     CPU     %user     %nice   %system   %iowait    %steal     %idle
08:36:48 PM     all      0.50      0.00      1.01      0.50      0.00     97.99

08:36:47 PM kbmemfree   kbavail kbmemused  %memused kbbuffers  kbcached  kbcommit   %commit  kbactive   kbinact   kbdirty
08:36:48 PM   1632816   1688188    163252      8.08     16184    167244    379376     12.05    230984     33600        40

08:36:48 PM     CPU     %user     %nice   %system   %iowait    %steal     %idle
08:36:49 PM     all      0.00      0.00      0.00      0.00      0.00    100.00

08:36:48 PM kbmemfree   kbavail kbmemused  %memused kbbuffers  kbcached  kbcommit   %commit  kbactive   kbinact   kbdirty
08:36:49 PM   1632816   1688212    163228      8.08     16184    167264    379376     12.05    230824     33620        68

08:36:49 PM     CPU     %user     %nice   %system   %iowait    %steal     %idle
08:36:50 PM     all      0.00      0.00      0.00      0.00      0.00    100.00

08:36:49 PM kbmemfree   kbavail kbmemused  %memused kbbuffers  kbcached  kbcommit   %commit  kbactive   kbinact   kbdirty
08:36:50 PM   1632816   1688212    163228      8.08     16184    167264    379376     12.05    230824     33620        68

08:36:50 PM     CPU     %user     %nice   %system   %iowait    %steal     %idle
08:36:51 PM     all      0.00      0.00      0.00      0.00      0.00    100.00

08:36:50 PM kbmemfree   kbavail kbmemused  %memused kbbuffers  kbcached  kbcommit   %commit  kbactive   kbinact   kbdirty
08:36:51 PM   1632816   1688212    163228      8.08     16184    167264    379376     12.05    230824     33620        68

08:36:51 PM     CPU     %user     %nice   %system   %iowait    %steal     %idle
08:36:52 PM     all      0.00      0.00      0.00      0.00      0.00    100.00

08:36:51 PM kbmemfree   kbavail kbmemused  %memused kbbuffers  kbcached  kbcommit   %commit  kbactive   kbinact   kbdirty
08:36:52 PM   1632816   1688212    163228      8.08     16184    167264    379376     12.05    230824     33620        68

08:36:52 PM     CPU     %user     %nice   %system   %iowait    %steal     %idle
08:36:53 PM     all      0.00      0.00      0.50      0.50      0.00     99.00

08:36:52 PM kbmemfree   kbavail kbmemused  %memused kbbuffers  kbcached  kbcommit   %commit  kbactive   kbinact   kbdirty
08:36:53 PM   1632816   1688212    163220      8.08     16196    167260    379376     12.05    230824     33620        72

08:36:53 PM     CPU     %user     %nice   %system   %iowait    %steal     %idle
08:36:54 PM     all      0.00      0.00      0.00      0.00      0.00    100.00

08:36:53 PM kbmemfree   kbavail kbmemused  %memused kbbuffers  kbcached  kbcommit   %commit  kbactive   kbinact   kbdirty
08:36:54 PM   1632816   1688216    163216      8.08     16196    167264    379376     12.05    230824     33624        52

08:36:54 PM     CPU     %user     %nice   %system   %iowait    %steal     %idle
08:36:55 PM     all      0.00      0.00      0.00      0.00      0.00    100.00

08:36:54 PM kbmemfree   kbavail kbmemused  %memused kbbuffers  kbcached  kbcommit   %commit  kbactive   kbinact   kbdirty
08:36:55 PM   1632816   1688216    163216      8.08     16196    167264    379376     12.05    230824     33624        52

08:36:55 PM     CPU     %user     %nice   %system   %iowait    %steal     %idle
08:36:56 PM     all      0.00      0.00      0.00      0.00      0.00    100.00

08:36:55 PM kbmemfree   kbavail kbmemused  %memused kbbuffers  kbcached  kbcommit   %commit  kbactive   kbinact   kbdirty
08:36:56 PM   1632816   1688216    163216      8.08     16196    167264    379376     12.05    230824     33624        52

08:36:56 PM     CPU     %user     %nice   %system   %iowait    %steal     %idle
08:36:57 PM     all      1.00      0.00      0.00      0.00      0.00     99.00

08:36:56 PM kbmemfree   kbavail kbmemused  %memused kbbuffers  kbcached  kbcommit   %commit  kbactive   kbinact   kbdirty
08:36:57 PM   1632816   1688216    163216      8.08     16196    167264    387492     12.31    236788     33624        52

08:36:57 PM     CPU     %user     %nice   %system   %iowait    %steal     %idle
08:36:58 PM     all      0.00      0.00      0.00      0.00      0.00    100.00

08:36:57 PM kbmemfree   kbavail kbmemused  %memused kbbuffers  kbcached  kbcommit   %commit  kbactive   kbinact   kbdirty
08:36:58 PM   1632816   1688216    163216      8.08     16204    167256    379376     12.05    230824     33624        52

08:36:58 PM     CPU     %user     %nice   %system   %iowait    %steal     %idle
08:36:59 PM     all      0.00      0.00      0.50      1.98      0.00     97.52

08:36:58 PM kbmemfree   kbavail kbmemused  %memused kbbuffers  kbcached  kbcommit   %commit  kbactive   kbinact   kbdirty
08:36:59 PM   1632816   1688236    163200      8.08     16204    167268    379376     12.05    230824     33644        80

08:36:59 PM     CPU     %user     %nice   %system   %iowait    %steal     %idle
08:37:00 PM     all      0.00      0.00      0.00      0.00      0.00    100.00

08:36:59 PM kbmemfree   kbavail kbmemused  %memused kbbuffers  kbcached  kbcommit   %commit  kbactive   kbinact   kbdirty
08:37:00 PM   1632816   1688236    163200      8.08     16204    167268    379376     12.05    230824     33644        80

08:37:00 PM     CPU     %user     %nice   %system   %iowait    %steal     %idle
08:37:01 PM     all      0.00      0.00      0.00      0.00      0.00    100.00

08:37:00 PM kbmemfree   kbavail kbmemused  %memused kbbuffers  kbcached  kbcommit   %commit  kbactive   kbinact   kbdirty
08:37:01 PM   1632816   1688236    163200      8.08     16204    167268    379376     12.05    230824     33644        80

08:37:01 PM     CPU     %user     %nice   %system   %iowait    %steal     %idle
08:37:02 PM     all      0.00      0.00      0.00      0.00      0.00    100.00

08:37:01 PM kbmemfree   kbavail kbmemused  %memused kbbuffers  kbcached  kbcommit   %commit  kbactive   kbinact   kbdirty
08:37:02 PM   1632816   1688236    163200      8.08     16204    167268    379376     12.05    230824     33644        76

08:37:02 PM     CPU     %user     %nice   %system   %iowait    %steal     %idle
08:37:03 PM     all      0.00      0.00      0.00      0.00      0.00    100.00

08:37:02 PM kbmemfree   kbavail kbmemused  %memused kbbuffers  kbcached  kbcommit   %commit  kbactive   kbinact   kbdirty
08:37:03 PM   1632816   1688236    163200      8.08     16204    167268    379376     12.05    230824     33644        64

08:37:03 PM     CPU     %user     %nice   %system   %iowait    %steal     %idle
08:37:04 PM     all      0.00      0.00      0.00      1.97      0.00     98.03

08:37:03 PM kbmemfree   kbavail kbmemused  %memused kbbuffers  kbcached  kbcommit   %commit  kbactive   kbinact   kbdirty
08:37:04 PM   1632816   1688236    163200      8.08     16212    167260    379376     12.05    230824     33644        64

08:37:04 PM     CPU     %user     %nice   %system   %iowait    %steal     %idle
08:37:05 PM     all      0.00      0.00      0.00      0.00      0.00    100.00

08:37:04 PM kbmemfree   kbavail kbmemused  %memused kbbuffers  kbcached  kbcommit   %commit  kbactive   kbinact   kbdirty
08:37:05 PM   1632816   1688236    163192      8.07     16212    167268    379376     12.05    230824     33644        64

08:37:05 PM     CPU     %user     %nice   %system   %iowait    %steal     %idle
08:37:06 PM     all      0.00      0.00      0.00      0.00      0.00    100.00

08:37:05 PM kbmemfree   kbavail kbmemused  %memused kbbuffers  kbcached  kbcommit   %commit  kbactive   kbinact   kbdirty
08:37:06 PM   1632816   1688236    163192      8.07     16212    167268    379376     12.05    230824     33644        64

08:37:06 PM     CPU     %user     %nice   %system   %iowait    %steal     %idle
08:37:07 PM     all      0.50      0.00      1.00      0.00      0.00     98.51

08:37:06 PM kbmemfree   kbavail kbmemused  %memused kbbuffers  kbcached  kbcommit   %commit  kbactive   kbinact   kbdirty
08:37:07 PM   1632816   1688248    163192      8.07     16212    167268    379376     12.05    230908     33652        64

08:37:07 PM     CPU     %user     %nice   %system   %iowait    %steal     %idle
08:37:08 PM     all      0.00      0.00      0.49      0.00      0.00     99.51

08:37:07 PM kbmemfree   kbavail kbmemused  %memused kbbuffers  kbcached  kbcommit   %commit  kbactive   kbinact   kbdirty
08:37:08 PM   1632816   1688244    163192      8.07     16212    167268    379376     12.05    230824     33652        76

08:37:08 PM     CPU     %user     %nice   %system   %iowait    %steal     %idle
08:37:09 PM     all      0.00      0.00      0.00      0.50      0.00     99.50

08:37:08 PM kbmemfree   kbavail kbmemused  %memused kbbuffers  kbcached  kbcommit   %commit  kbactive   kbinact   kbdirty
08:37:09 PM   1632816   1688252    163184      8.07     16220    167268    379376     12.05    230824     33660        76

08:37:09 PM     CPU     %user     %nice   %system   %iowait    %steal     %idle
08:37:10 PM     all      0.00      0.00      0.00      0.00      0.00    100.00

08:37:09 PM kbmemfree   kbavail kbmemused  %memused kbbuffers  kbcached  kbcommit   %commit  kbactive   kbinact   kbdirty
08:37:10 PM   1632816   1688256    163180      8.07     16220    167272    379376     12.05    230824     33664        80

08:37:10 PM     CPU     %user     %nice   %system   %iowait    %steal     %idle
08:37:11 PM     all      0.00      0.00      0.00      0.00      0.00    100.00

08:37:10 PM kbmemfree   kbavail kbmemused  %memused kbbuffers  kbcached  kbcommit   %commit  kbactive   kbinact   kbdirty
08:37:11 PM   1632816   1688256    163180      8.07     16220    167272    379376     12.05    230824     33664        80

08:37:11 PM     CPU     %user     %nice   %system   %iowait    %steal     %idle
08:37:12 PM     all      0.00      0.00      0.00      0.00      0.00    100.00

08:37:11 PM kbmemfree   kbavail kbmemused  %memused kbbuffers  kbcached  kbcommit   %commit  kbactive   kbinact   kbdirty
08:37:12 PM   1632816   1688256    163180      8.07     16220    167272    379376     12.05    230824     33664        72

08:37:12 PM     CPU     %user     %nice   %system   %iowait    %steal     %idle
08:37:13 PM     all      0.00      0.00      0.00      0.00      0.00    100.00

08:37:12 PM kbmemfree   kbavail kbmemused  %memused kbbuffers  kbcached  kbcommit   %commit  kbactive   kbinact   kbdirty
08:37:13 PM   1632816   1688256    163180      8.07     16220    167272    379376     12.05    230824     33664         4

08:37:13 PM     CPU     %user     %nice   %system   %iowait    %steal     %idle
08:37:14 PM     all      0.00      0.00      0.00      0.00      0.00    100.00

08:37:13 PM kbmemfree   kbavail kbmemused  %memused kbbuffers  kbcached  kbcommit   %commit  kbactive   kbinact   kbdirty
08:37:14 PM   1632816   1688256    163180      8.07     16220    167272    379376     12.05    230824     33664         4

08:37:14 PM     CPU     %user     %nice   %system   %iowait    %steal     %idle
08:37:15 PM     all      0.00      0.00      0.00      0.50      0.00     99.50

08:37:14 PM kbmemfree   kbavail kbmemused  %memused kbbuffers  kbcached  kbcommit   %commit  kbactive   kbinact   kbdirty
08:37:15 PM   1632816   1688256    163172      8.07     16228    167272    379376     12.05    230824     33664        16

08:37:15 PM     CPU     %user     %nice   %system   %iowait    %steal     %idle
08:37:16 PM     all      0.00      0.00      0.00      0.00      0.00    100.00

08:37:15 PM kbmemfree   kbavail kbmemused  %memused kbbuffers  kbcached  kbcommit   %commit  kbactive   kbinact   kbdirty
08:37:16 PM   1632816   1688256    163172      8.07     16228    167272    379376     12.05    230824     33664        16

08:37:16 PM     CPU     %user     %nice   %system   %iowait    %steal     %idle
08:37:17 PM     all      1.01      0.00      0.00      0.00      0.00     98.99

08:37:16 PM kbmemfree   kbavail kbmemused  %memused kbbuffers  kbcached  kbcommit   %commit  kbactive   kbinact   kbdirty
08:37:17 PM   1632816   1688264    163172      8.07     16228    167272    379376     12.05    230824     33672        16

08:37:17 PM     CPU     %user     %nice   %system   %iowait    %steal     %idle
08:37:18 PM     all      0.00      0.00      0.00      0.00      0.00    100.00

08:37:17 PM kbmemfree   kbavail kbmemused  %memused kbbuffers  kbcached  kbcommit   %commit  kbactive   kbinact   kbdirty
08:37:18 PM   1632816   1688264    163172      8.07     16228    167272    379376     12.05    230824     33672        16

08:37:18 PM     CPU     %user     %nice   %system   %iowait    %steal     %idle
08:37:19 PM     all      0.00      0.00      0.00      0.00      0.00    100.00

08:37:18 PM kbmemfree   kbavail kbmemused  %memused kbbuffers  kbcached  kbcommit   %commit  kbactive   kbinact   kbdirty
08:37:19 PM   1632816   1688264    163168      8.07     16228    167276    379376     12.05    230824     33672        32

08:37:19 PM     CPU     %user     %nice   %system   %iowait    %steal     %idle
08:37:20 PM     all      0.00      0.00      0.51     19.70      0.00     79.80

08:37:19 PM kbmemfree   kbavail kbmemused  %memused kbbuffers  kbcached  kbcommit   %commit  kbactive   kbinact   kbdirty
08:37:20 PM   1632816   1688264    163168      8.07     16228    167276    379376     12.05    230824     33672        32

08:37:20 PM     CPU     %user     %nice   %system   %iowait    %steal     %idle
08:37:21 PM     all      0.00      0.00      0.00      0.00      0.00    100.00

08:37:20 PM kbmemfree   kbavail kbmemused  %memused kbbuffers  kbcached  kbcommit   %commit  kbactive   kbinact   kbdirty
08:37:21 PM   1632816   1688268    163160      8.07     16236    167276    379376     12.05    230824     33676        44

08:37:21 PM     CPU     %user     %nice   %system   %iowait    %steal     %idle
08:37:22 PM     all      0.00      0.00      0.50      0.00      0.00     99.50

08:37:21 PM kbmemfree   kbavail kbmemused  %memused kbbuffers  kbcached  kbcommit   %commit  kbactive   kbinact   kbdirty
08:37:22 PM   1632816   1688268    163160      8.07     16236    167276    379376     12.05    230824     33676        44

08:37:22 PM     CPU     %user     %nice   %system   %iowait    %steal     %idle
08:37:23 PM     all      0.00      0.00      0.00      0.00      0.00    100.00

08:37:22 PM kbmemfree   kbavail kbmemused  %memused kbbuffers  kbcached  kbcommit   %commit  kbactive   kbinact   kbdirty
08:37:23 PM   1632816   1688268    163160      8.07     16236    167276    379376     12.05    230824     33676        32

08:37:23 PM     CPU     %user     %nice   %system   %iowait    %steal     %idle
08:37:24 PM     all      0.00      0.00      0.00      0.00      0.00    100.00

08:37:23 PM kbmemfree   kbavail kbmemused  %memused kbbuffers  kbcached  kbcommit   %commit  kbactive   kbinact   kbdirty
08:37:24 PM   1632816   1688268    163160      8.07     16236    167276    379376     12.05    230824     33676        32

08:37:24 PM     CPU     %user     %nice   %system   %iowait    %steal     %idle
08:37:25 PM     all      0.00      0.00      0.00      0.00      0.00    100.00

08:37:24 PM kbmemfree   kbavail kbmemused  %memused kbbuffers  kbcached  kbcommit   %commit  kbactive   kbinact   kbdirty
08:37:25 PM   1632816   1688268    163160      8.07     16236    167276    379376     12.05    230824     33676        32

08:37:25 PM     CPU     %user     %nice   %system   %iowait    %steal     %idle
08:37:26 PM     all      0.00      0.00      0.00      0.00      0.00    100.00

08:37:25 PM kbmemfree   kbavail kbmemused  %memused kbbuffers  kbcached  kbcommit   %commit  kbactive   kbinact   kbdirty
08:37:26 PM   1632816   1688276    163160      8.07     16236    167276    379376     12.05    230824     33684        28

08:37:26 PM     CPU     %user     %nice   %system   %iowait    %steal     %idle
08:37:27 PM     all      1.49      0.00      1.49      0.50      0.00     96.53

08:37:26 PM kbmemfree   kbavail kbmemused  %memused kbbuffers  kbcached  kbcommit   %commit  kbactive   kbinact   kbdirty
08:37:27 PM   1632816   1688276    163152      8.07     16244    167276    379376     12.05    230824     33684        36

08:37:27 PM     CPU     %user     %nice   %system   %iowait    %steal     %idle
08:37:28 PM     all      0.00      0.00      0.00      0.00      0.00    100.00

08:37:27 PM kbmemfree   kbavail kbmemused  %memused kbbuffers  kbcached  kbcommit   %commit  kbactive   kbinact   kbdirty
08:37:28 PM   1632816   1688276    163152      8.07     16244    167276    379376     12.05    230824     33684        36

08:37:28 PM     CPU     %user     %nice   %system   %iowait    %steal     %idle
08:37:29 PM     all      0.00      0.00      0.00      0.00      0.00    100.00

08:37:28 PM kbmemfree   kbavail kbmemused  %memused kbbuffers  kbcached  kbcommit   %commit  kbactive   kbinact   kbdirty
08:37:29 PM   1632816   1688288    163144      8.07     16248    167280    379376     12.05    230824     33696        56

08:37:29 PM     CPU     %user     %nice   %system   %iowait    %steal     %idle
08:37:30 PM     all      0.00      0.00      0.49      0.00      0.00     99.51

08:37:29 PM kbmemfree   kbavail kbmemused  %memused kbbuffers  kbcached  kbcommit   %commit  kbactive   kbinact   kbdirty
08:37:30 PM   1632816   1688292    163144      8.07     16248    167280    379376     12.05    230824     33700        60

08:37:30 PM     CPU     %user     %nice   %system   %iowait    %steal     %idle
08:37:31 PM     all      0.00      0.00      0.00      0.00      0.00    100.00

08:37:30 PM kbmemfree   kbavail kbmemused  %memused kbbuffers  kbcached  kbcommit   %commit  kbactive   kbinact   kbdirty
08:37:31 PM   1632816   1688296    163140      8.07     16248    167284    379376     12.05    230824     33704        52

08:37:31 PM     CPU     %user     %nice   %system   %iowait    %steal     %idle
08:37:32 PM     all      0.00      0.00      0.00      0.00      0.00    100.00

08:37:31 PM kbmemfree   kbavail kbmemused  %memused kbbuffers  kbcached  kbcommit   %commit  kbactive   kbinact   kbdirty
08:37:32 PM   1632816   1688296    163140      8.07     16248    167284    379376     12.05    230824     33704        52

08:37:32 PM     CPU     %user     %nice   %system   %iowait    %steal     %idle
08:37:34 PM     all      0.00      0.00      0.00      0.46      0.00     99.54

08:37:32 PM kbmemfree   kbavail kbmemused  %memused kbbuffers  kbcached  kbcommit   %commit  kbactive   kbinact   kbdirty
08:37:34 PM   1632816   1688304    163132      8.07     16256    167284    379376     12.05    230824     33712        40

08:37:34 PM     CPU     %user     %nice   %system   %iowait    %steal     %idle
08:37:35 PM     all      0.00      0.00      0.50      0.00      0.00     99.50

08:37:34 PM kbmemfree   kbavail kbmemused  %memused kbbuffers  kbcached  kbcommit   %commit  kbactive   kbinact   kbdirty
08:37:35 PM   1632816   1688304    163132      8.07     16256    167284    379376     12.05    230824     33712        40

08:37:35 PM     CPU     %user     %nice   %system   %iowait    %steal     %idle
08:37:36 PM     all      0.00      0.00      0.00      0.00      0.00    100.00

08:37:35 PM kbmemfree   kbavail kbmemused  %memused kbbuffers  kbcached  kbcommit   %commit  kbactive   kbinact   kbdirty
08:37:36 PM   1632816   1688304    163132      8.07     16256    167284    379376     12.05    230824     33712        36

08:37:36 PM     CPU     %user     %nice   %system   %iowait    %steal     %idle
08:37:37 PM     all      0.00      0.00      0.00      0.00      0.00    100.00

08:37:36 PM kbmemfree   kbavail kbmemused  %memused kbbuffers  kbcached  kbcommit   %commit  kbactive   kbinact   kbdirty
08:37:37 PM   1632816   1688304    163132      8.07     16256    167284    379376     12.05    230824     33712        36

08:37:37 PM     CPU     %user     %nice   %system   %iowait    %steal     %idle
08:37:38 PM     all      0.00      0.00      0.00      0.00      0.00    100.00

08:37:37 PM kbmemfree   kbavail kbmemused  %memused kbbuffers  kbcached  kbcommit   %commit  kbactive   kbinact   kbdirty
08:37:38 PM   1632816   1688304    163132      8.07     16256    167284    379376     12.05    230824     33712        40

Average:        CPU     %user     %nice   %system   %iowait    %steal     %idle
Average:        all      0.10      0.00      0.33      0.44      0.00     99.14

Average:    kbmemfree   kbavail kbmemused  %memused kbbuffers  kbcached  kbcommit   %commit  kbactive   kbinact   kbdirty
Average:      1632816   1688242    163193      8.07     16213    167268    379511     12.05    230927     33650        46
