Linux 6.12.38+deb13-amd64 (debian) 	10/04/2025 	_x86_64_	(2 CPU)

10:13:24 PM     CPU     %user     %nice   %system   %iowait    %steal     %idle
10:13:25 PM     all      0.45      0.00      7.66      0.00      0.00     91.89

10:13:24 PM kbmemfree   kbavail kbmemused  %memused kbbuffers  kbcached  kbcommit   %commit  kbactive   kbinact   kbdirty
10:13:25 PM   1673816   1703404    136436      6.75     13048    145232    342624     10.88    171976     27248       112

10:13:25 PM     CPU     %user     %nice   %system   %iowait    %steal     %idle
10:13:26 PM     all      0.00      0.00      4.33      0.00      0.00     95.67

10:13:25 PM kbmemfree   kbavail kbmemused  %memused kbbuffers  kbcached  kbcommit   %commit  kbactive   kbinact   kbdirty
10:13:26 PM   1673816   1703404    136436      6.75     13048    145232    342624     10.88    171976     27248       112

10:13:26 PM     CPU     %user     %nice   %system   %iowait    %steal     %idle
10:13:27 PM     all      0.00      0.00      2.79      0.00      0.00     97.21

10:13:26 PM kbmemfree   kbavail kbmemused  %memused kbbuffers  kbcached  kbcommit   %commit  kbactive   kbinact   kbdirty
10:13:27 PM   1673816   1703404    136436      6.75     13048    145232    342624     10.88    171980     27248       112

10:13:27 PM     CPU     %user     %nice   %system   %iowait    %steal     %idle
10:13:28 PM     all      0.00      0.00      0.00      1.98      0.00     98.02

10:13:27 PM kbmemfree   kbavail kbmemused  %memused kbbuffers  kbcached  kbcommit   %commit  kbactive   kbinact   kbdirty
10:13:28 PM   1673816   1703404    136424      6.75     13056    145232    342624     10.88    171980     27248       128

10:13:28 PM     CPU     %user     %nice   %system   %iowait    %steal     %idle
10:13:29 PM     all      0.00      0.00      0.00      0.00      0.00    100.00

10:13:28 PM kbmemfree   kbavail kbmemused  %memused kbbuffers  kbcached  kbcommit   %commit  kbactive   kbinact   kbdirty
10:13:29 PM   1673816   1703404    136424      6.75     13056    145232    342624     10.88    171980     27248       128

10:13:29 PM     CPU     %user     %nice   %system   %iowait    %steal     %idle
10:13:30 PM     all      0.00      0.00      0.00      0.00      0.00    100.00

10:13:29 PM kbmemfree   kbavail kbmemused  %memused kbbuffers  kbcached  kbcommit   %commit  kbactive   kbinact   kbdirty
10:13:30 PM   1673816   1703404    136424      6.75     13056    145232    342624     10.88    171980     27248       124

10:13:30 PM     CPU     %user     %nice   %system   %iowait    %steal     %idle
10:13:31 PM     all      0.00      0.00      0.00      0.00      0.00    100.00

10:13:30 PM kbmemfree   kbavail kbmemused  %memused kbbuffers  kbcached  kbcommit   %commit  kbactive   kbinact   kbdirty
10:13:31 PM   1673816   1703404    136424      6.75     13056    145232    342624     10.88    171980     27248       120

10:13:31 PM     CPU     %user     %nice   %system   %iowait    %steal     %idle
10:13:32 PM     all      0.00      0.00      0.00      0.00      0.00    100.00

10:13:31 PM kbmemfree   kbavail kbmemused  %memused kbbuffers  kbcached  kbcommit   %commit  kbactive   kbinact   kbdirty
10:13:32 PM   1673816   1703404    136424      6.75     13056    145232    342624     10.88    171980     27248       120

10:13:32 PM     CPU     %user     %nice   %system   %iowait    %steal     %idle
10:13:33 PM     all      0.00      0.00      0.00      0.00      0.00    100.00

10:13:32 PM kbmemfree   kbavail kbmemused  %memused kbbuffers  kbcached  kbcommit   %commit  kbactive   kbinact   kbdirty
10:13:33 PM   1673816   1703404    136424      6.75     13056    145232    342624     10.88    171980     27248       120

10:13:33 PM     CPU     %user     %nice   %system   %iowait    %steal     %idle
10:13:34 PM     all      0.00      0.00      0.00      0.50      0.00     99.50

10:13:33 PM kbmemfree   kbavail kbmemused  %memused kbbuffers  kbcached  kbcommit   %commit  kbactive   kbinact   kbdirty
10:13:34 PM   1673816   1703404    136416      6.75     13064    145232    342624     10.88    171980     27248       124

10:13:34 PM     CPU     %user     %nice   %system   %iowait    %steal     %idle
10:13:35 PM     all      0.00      0.00      0.00      0.00      0.00    100.00

10:13:34 PM kbmemfree   kbavail kbmemused  %memused kbbuffers  kbcached  kbcommit   %commit  kbactive   kbinact   kbdirty
10:13:35 PM   1673816   1703424    136412      6.75     13064    145236    342624     10.88    171980     27268       140

10:13:35 PM     CPU     %user     %nice   %system   %iowait    %steal     %idle
10:13:36 PM     all      0.00      0.00      0.00      0.00      0.00    100.00

10:13:35 PM kbmemfree   kbavail kbmemused  %memused kbbuffers  kbcached  kbcommit   %commit  kbactive   kbinact   kbdirty
10:13:36 PM   1673816   1703424    136412      6.75     13064    145236    342624     10.88    171980     27268       132

10:13:36 PM     CPU     %user     %nice   %system   %iowait    %steal     %idle
10:13:37 PM     all      0.00      0.00      0.00      0.00      0.00    100.00

10:13:36 PM kbmemfree   kbavail kbmemused  %memused kbbuffers  kbcached  kbcommit   %commit  kbactive   kbinact   kbdirty
10:13:37 PM   1673816   1703424    136412      6.75     13064    145236    342624     10.88    171984     27268       136

10:13:37 PM     CPU     %user     %nice   %system   %iowait    %steal     %idle
10:13:38 PM     all      0.00      0.00      0.00      0.00      0.00    100.00

10:13:37 PM kbmemfree   kbavail kbmemused  %memused kbbuffers  kbcached  kbcommit   %commit  kbactive   kbinact   kbdirty
10:13:38 PM   1673816   1703424    136412      6.75     13064    145236    342624     10.88    171984     27268       136

10:13:38 PM     CPU     %user     %nice   %system   %iowait    %steal     %idle
10:13:39 PM     all      0.00      0.00      0.00      0.00      0.00    100.00

10:13:38 PM kbmemfree   kbavail kbmemused  %memused kbbuffers  kbcached  kbcommit   %commit  kbactive   kbinact   kbdirty
10:13:39 PM   1673816   1703424    136412      6.75     13064    145236    342624     10.88    171984     27268       136

10:13:39 PM     CPU     %user     %nice   %system   %iowait    %steal     %idle
10:13:40 PM     all      0.00      0.00      0.49      1.97      0.00     97.54

10:13:39 PM kbmemfree   kbavail kbmemused  %memused kbbuffers  kbcached  kbcommit   %commit  kbactive   kbinact   kbdirty
10:13:40 PM   1673816   1703432    136404      6.75     13072    145236    342624     10.88    171984     27276       124

10:13:40 PM     CPU     %user     %nice   %system   %iowait    %steal     %idle
10:13:41 PM     all      0.00      0.00      0.00      0.00      0.00    100.00

10:13:40 PM kbmemfree   kbavail kbmemused  %memused kbbuffers  kbcached  kbcommit   %commit  kbactive   kbinact   kbdirty
10:13:41 PM   1673816   1703432    136404      6.75     13072    145236    342624     10.88    171984     27276       124

10:13:41 PM     CPU     %user     %nice   %system   %iowait    %steal     %idle
10:13:42 PM     all      0.00      0.00      0.50      0.00      0.00     99.50

10:13:41 PM kbmemfree   kbavail kbmemused  %memused kbbuffers  kbcached  kbcommit   %commit  kbactive   kbinact   kbdirty
10:13:42 PM   1673816   1703432    136404      6.75     13072    145236    342624     10.88    171984     27276       120

10:13:42 PM     CPU     %user     %nice   %system   %iowait    %steal     %idle
10:13:43 PM     all      0.00      0.00      0.00      0.00      0.00    100.00

10:13:42 PM kbmemfree   kbavail kbmemused  %memused kbbuffers  kbcached  kbcommit   %commit  kbactive   kbinact   kbdirty
10:13:43 PM   1673816   1703432    136404      6.75     13072    145236    342624     10.88    171984     27276       124

10:13:43 PM     CPU     %user     %nice   %system   %iowait    %steal     %idle
10:13:44 PM     all      0.00      0.00      0.00      0.00      0.00    100.00

10:13:43 PM kbmemfree   kbavail kbmemused  %memused kbbuffers  kbcached  kbcommit   %commit  kbactive   kbinact   kbdirty
10:13:44 PM   1673816   1703432    136404      6.75     13072    145236    342624     10.88    171984     27276       124

10:13:44 PM     CPU     %user     %nice   %system   %iowait    %steal     %idle
10:13:45 PM     all      0.00      0.00      0.50      0.00      0.00     99.50

10:13:44 PM kbmemfree   kbavail kbmemused  %memused kbbuffers  kbcached  kbcommit   %commit  kbactive   kbinact   kbdirty
10:13:45 PM   1673816   1703432    136404      6.75     13072    145236    342624     10.88    171984     27276       124

10:13:45 PM     CPU     %user     %nice   %system   %iowait    %steal     %idle
10:13:46 PM     all      0.00      0.00      0.50      0.50      0.00     99.01

10:13:45 PM kbmemfree   kbavail kbmemused  %memused kbbuffers  kbcached  kbcommit   %commit  kbactive   kbinact   kbdirty
10:13:46 PM   1673816   1703432    136388      6.75     13080    145244    342624     10.88    171984     27276       144

10:13:46 PM     CPU     %user     %nice   %system   %iowait    %steal     %idle
10:13:47 PM     all      0.00      0.00      0.00      0.00      0.00    100.00

10:13:46 PM kbmemfree   kbavail kbmemused  %memused kbbuffers  kbcached  kbcommit   %commit  kbactive   kbinact   kbdirty
10:13:47 PM   1673816   1703444    136388      6.75     13080    145244    342624     10.88    171984     27288       144

10:13:47 PM     CPU     %user     %nice   %system   %iowait    %steal     %idle
10:13:48 PM     all      0.00      0.00      0.00      0.00      0.00    100.00

10:13:47 PM kbmemfree   kbavail kbmemused  %memused kbbuffers  kbcached  kbcommit   %commit  kbactive   kbinact   kbdirty
10:13:48 PM   1673816   1703448    136388      6.75     13080    145244    342624     10.88    171984     27292       136

10:13:48 PM     CPU     %user     %nice   %system   %iowait    %steal     %idle
10:13:49 PM     all      0.00      0.00      0.00      0.00      0.00    100.00

10:13:48 PM kbmemfree   kbavail kbmemused  %memused kbbuffers  kbcached  kbcommit   %commit  kbactive   kbinact   kbdirty
10:13:49 PM   1673816   1703448    136388      6.75     13080    145244    342624     10.88    171984     27292       136

10:13:49 PM     CPU     %user     %nice   %system   %iowait    %steal     %idle
10:13:50 PM     all      0.00      0.00      0.00      0.00      0.00    100.00

10:13:49 PM kbmemfree   kbavail kbmemused  %memused kbbuffers  kbcached  kbcommit   %commit  kbactive   kbinact   kbdirty
10:13:50 PM   1673816   1703448    136388      6.75     13080    145244    342624     10.88    171984     27292       140

10:13:50 PM     CPU     %user     %nice   %system   %iowait    %steal     %idle
10:13:51 PM     all      0.00      0.00      0.50      0.50      0.00     99.00

10:13:50 PM kbmemfree   kbavail kbmemused  %memused kbbuffers  kbcached  kbcommit   %commit  kbactive   kbinact   kbdirty
10:13:51 PM   1673816   1703448    136388      6.75     13088    145236    342624     10.88    171984     27292       124

10:13:51 PM     CPU     %user     %nice   %system   %iowait    %steal     %idle
10:13:52 PM     all      0.00      0.00      0.00      0.00      0.00    100.00

10:13:51 PM kbmemfree   kbavail kbmemused  %memused kbbuffers  kbcached  kbcommit   %commit  kbactive   kbinact   kbdirty
10:13:52 PM   1673816   1703448    136380      6.75     13088    145244    342624     10.88    171984     27292       144

10:13:52 PM     CPU     %user     %nice   %system   %iowait    %steal     %idle
10:13:53 PM     all      0.00      0.00      0.00      0.00      0.00    100.00

10:13:52 PM kbmemfree   kbavail kbmemused  %memused kbbuffers  kbcached  kbcommit   %commit  kbactive   kbinact   kbdirty
10:13:53 PM   1673816   1703448    136380      6.75     13088    145244    342624     10.88    171984     27292       144

10:13:53 PM     CPU     %user     %nice   %system   %iowait    %steal     %idle
10:13:54 PM     all      0.00      0.00      0.50      0.00      0.00     99.50

10:13:53 PM kbmemfree   kbavail kbmemused  %memused kbbuffers  kbcached  kbcommit   %commit  kbactive   kbinact   kbdirty
10:13:54 PM   1673816   1703456    136380      6.75     13088    145244    342624     10.88    171984     27300       140

10:13:54 PM     CPU     %user     %nice   %system   %iowait    %steal     %idle
10:13:55 PM     all      0.00      0.00      0.00      0.00      0.00    100.00

10:13:54 PM kbmemfree   kbavail kbmemused  %memused kbbuffers  kbcached  kbcommit   %commit  kbactive   kbinact   kbdirty
10:13:55 PM   1673816   1703456    136372      6.75     13088    145252    342624     10.88    171984     27300        24

10:13:55 PM     CPU     %user     %nice   %system   %iowait    %steal     %idle
10:13:56 PM     all      0.00      0.00      0.00      0.00      0.00    100.00

10:13:55 PM kbmemfree   kbavail kbmemused  %memused kbbuffers  kbcached  kbcommit   %commit  kbactive   kbinact   kbdirty
10:13:56 PM   1673816   1703456    136368      6.75     13088    145256    342624     10.88    171984     27300        28

10:13:56 PM     CPU     %user     %nice   %system   %iowait    %steal     %idle
10:13:57 PM     all      0.00      0.00      0.00      1.83      0.00     98.17

10:13:56 PM kbmemfree   kbavail kbmemused  %memused kbbuffers  kbcached  kbcommit   %commit  kbactive   kbinact   kbdirty
10:13:57 PM   1673816   1703468    136360      6.75     13096    145256    342624     10.88    171984     27312        48

10:13:57 PM     CPU     %user     %nice   %system   %iowait    %steal     %idle
10:13:58 PM     all      0.00      0.00      0.00      0.00      0.00    100.00

10:13:57 PM kbmemfree   kbavail kbmemused  %memused kbbuffers  kbcached  kbcommit   %commit  kbactive   kbinact   kbdirty
10:13:58 PM   1673816   1703476    136360      6.75     13096    145256    342624     10.88    171984     27320        48

10:13:58 PM     CPU     %user     %nice   %system   %iowait    %steal     %idle
10:13:59 PM     all      0.00      0.00      0.00      0.00      0.00    100.00

10:13:58 PM kbmemfree   kbavail kbmemused  %memused kbbuffers  kbcached  kbcommit   %commit  kbactive   kbinact   kbdirty
10:13:59 PM   1673816   1703476    136360      6.75     13100    145252    342624     10.88    171984     27320        48

10:13:59 PM     CPU     %user     %nice   %system   %iowait    %steal     %idle
10:14:00 PM     all      0.00      0.00      0.00      0.00      0.00    100.00

10:13:59 PM kbmemfree   kbavail kbmemused  %memused kbbuffers  kbcached  kbcommit   %commit  kbactive   kbinact   kbdirty
10:14:00 PM   1673816   1703480    136356      6.75     13100    145256    342624     10.88    171984     27324        24

10:14:00 PM     CPU     %user     %nice   %system   %iowait    %steal     %idle
10:14:01 PM     all      0.00      0.00      0.00      0.00      0.00    100.00

10:14:00 PM kbmemfree   kbavail kbmemused  %memused kbbuffers  kbcached  kbcommit   %commit  kbactive   kbinact   kbdirty
10:14:01 PM   1673816   1703480    136356      6.75     13100    145256    342624     10.88    171984     27324        24

10:14:01 PM     CPU     %user     %nice   %system   %iowait    %steal     %idle
10:14:02 PM     all      0.00      0.00      0.49      0.00      0.00     99.51

10:14:01 PM kbmemfree   kbavail kbmemused  %memused kbbuffers  kbcached  kbcommit   %commit  kbactive   kbinact   kbdirty
10:14:02 PM   1673816   1703480    136356      6.75     13100    145256    342624     10.88    171984     27324        24

10:14:02 PM     CPU     %user     %nice   %system   %iowait    %steal     %idle
10:14:03 PM     all      0.00      0.00      0.00      0.00      0.00    100.00

10:14:02 PM kbmemfree   kbavail kbmemused  %memused kbbuffers  kbcached  kbcommit   %commit  kbactive   kbinact   kbdirty
10:14:03 PM   1673816   1703480    136348      6.75     13108    145256    342624     10.88    171984     27324        44

10:14:03 PM     CPU     %user     %nice   %system   %iowait    %steal     %idle
10:14:04 PM     all      0.00      0.00      0.50      0.00      0.00     99.50

10:14:03 PM kbmemfree   kbavail kbmemused  %memused kbbuffers  kbcached  kbcommit   %commit  kbactive   kbinact   kbdirty
10:14:04 PM   1673816   1703488    136344      6.75     13108    145260    342624     10.88    171980     27332        60

10:14:04 PM     CPU     %user     %nice   %system   %iowait    %steal     %idle
10:14:06 PM     all      0.00      0.00      0.48      0.00      0.00     99.52

10:14:04 PM kbmemfree   kbavail kbmemused  %memused kbbuffers  kbcached  kbcommit   %commit  kbactive   kbinact   kbdirty
10:14:06 PM   1673816   1703488    136344      6.75     13108    145260    342624     10.88    171984     27332        56

10:14:06 PM     CPU     %user     %nice   %system   %iowait    %steal     %idle
10:14:07 PM     all      0.00      0.00      0.00      0.00      0.00    100.00

10:14:06 PM kbmemfree   kbavail kbmemused  %memused kbbuffers  kbcached  kbcommit   %commit  kbactive   kbinact   kbdirty
10:14:07 PM   1673816   1703492    136336      6.75     13108    145264    342624     10.88    171984     27332        64

10:14:07 PM     CPU     %user     %nice   %system   %iowait    %steal     %idle
10:14:08 PM     all      0.00      0.00      0.00      0.00      0.00    100.00

10:14:07 PM kbmemfree   kbavail kbmemused  %memused kbbuffers  kbcached  kbcommit   %commit  kbactive   kbinact   kbdirty
10:14:08 PM   1673816   1703492    136336      6.75     13108    145264    342624     10.88    171984     27332        64

10:14:08 PM     CPU     %user     %nice   %system   %iowait    %steal     %idle
10:14:09 PM     all      0.00      0.00      0.00      0.50      0.00     99.50

10:14:08 PM kbmemfree   kbavail kbmemused  %memused kbbuffers  kbcached  kbcommit   %commit  kbactive   kbinact   kbdirty
10:14:09 PM   1673816   1703500    136328      6.75     13116    145264    342624     10.88    171984     27340        64

10:14:09 PM     CPU     %user     %nice   %system   %iowait    %steal     %idle
10:14:10 PM     all      0.00      0.00      0.00      0.00      0.00    100.00

10:14:09 PM kbmemfree   kbavail kbmemused  %memused kbbuffers  kbcached  kbcommit   %commit  kbactive   kbinact   kbdirty
10:14:10 PM   1673816   1703500    136328      6.75     13116    145264    342624     10.88    171984     27340        64

10:14:10 PM     CPU     %user     %nice   %system   %iowait    %steal     %idle
10:14:11 PM     all      0.00      0.00      0.00      0.00      0.00    100.00

10:14:10 PM kbmemfree   kbavail kbmemused  %memused kbbuffers  kbcached  kbcommit   %commit  kbactive   kbinact   kbdirty
10:14:11 PM   1673816   1703508    136328      6.75     13116    145264    342624     10.88    171984     27348        48

10:14:11 PM     CPU     %user     %nice   %system   %iowait    %steal     %idle
10:14:12 PM     all      0.00      0.00      0.00      0.00      0.00    100.00

10:14:11 PM kbmemfree   kbavail kbmemused  %memused kbbuffers  kbcached  kbcommit   %commit  kbactive   kbinact   kbdirty
10:14:12 PM   1673816   1703508    136328      6.75     13116    145264    342624     10.88    171984     27348        48

10:14:12 PM     CPU     %user     %nice   %system   %iowait    %steal     %idle
10:14:13 PM     all      0.00      0.00      0.00      0.00      0.00    100.00

10:14:12 PM kbmemfree   kbavail kbmemused  %memused kbbuffers  kbcached  kbcommit   %commit  kbactive   kbinact   kbdirty
10:14:13 PM   1673816   1703508    136328      6.75     13116    145264    342624     10.88    171984     27348        44

10:14:13 PM     CPU     %user     %nice   %system   %iowait    %steal     %idle
10:14:14 PM     all      0.00      0.00      0.00      0.00      0.00    100.00

10:14:13 PM kbmemfree   kbavail kbmemused  %memused kbbuffers  kbcached  kbcommit   %commit  kbactive   kbinact   kbdirty
10:14:14 PM   1673816   1703508    136328      6.75     13116    145264    342624     10.88    171984     27348        44

10:14:14 PM     CPU     %user     %nice   %system   %iowait    %steal     %idle
10:14:15 PM     all      0.00      0.00      0.00      1.82      0.00     98.18

10:14:14 PM kbmemfree   kbavail kbmemused  %memused kbbuffers  kbcached  kbcommit   %commit  kbactive   kbinact   kbdirty
10:14:15 PM   1673816   1703516    136320      6.75     13124    145264    342624     10.88    171984     27356        60

10:14:15 PM     CPU     %user     %nice   %system   %iowait    %steal     %idle
10:14:16 PM     all      0.00      0.00      0.00      0.00      0.00    100.00

10:14:15 PM kbmemfree   kbavail kbmemused  %memused kbbuffers  kbcached  kbcommit   %commit  kbactive   kbinact   kbdirty
10:14:16 PM   1673816   1703516    136320      6.75     13124    145264    342624     10.88    171984     27356        60

10:14:16 PM     CPU     %user     %nice   %system   %iowait    %steal     %idle
10:14:17 PM     all      0.00      0.00      0.00      0.00      0.00    100.00

10:14:16 PM kbmemfree   kbavail kbmemused  %memused kbbuffers  kbcached  kbcommit   %commit  kbactive   kbinact   kbdirty
10:14:17 PM   1673816   1703516    136316      6.74     13124    145268    342624     10.88    171984     27356        64

10:14:17 PM     CPU     %user     %nice   %system   %iowait    %steal     %idle
10:14:18 PM     all      0.00      0.00      0.00      0.00      0.00    100.00

10:14:17 PM kbmemfree   kbavail kbmemused  %memused kbbuffers  kbcached  kbcommit   %commit  kbactive   kbinact   kbdirty
10:14:18 PM   1673816   1703520    136316      6.74     13124    145268    342624     10.88    171984     27360        60

10:14:18 PM     CPU     %user     %nice   %system   %iowait    %steal     %idle
10:14:19 PM     all      0.00      0.00      0.00      0.00      0.00    100.00

10:14:18 PM kbmemfree   kbavail kbmemused  %memused kbbuffers  kbcached  kbcommit   %commit  kbactive   kbinact   kbdirty
10:14:19 PM   1673816   1703520    136316      6.74     13124    145268    342624     10.88    171984     27360        60

10:14:19 PM     CPU     %user     %nice   %system   %iowait    %steal     %idle
10:14:20 PM     all      0.00      0.00      0.00      0.00      0.00    100.00

10:14:19 PM kbmemfree   kbavail kbmemused  %memused kbbuffers  kbcached  kbcommit   %commit  kbactive   kbinact   kbdirty
10:14:20 PM   1673816   1703520    136316      6.74     13124    145268    342624     10.88    171984     27360        48

10:14:20 PM     CPU     %user     %nice   %system   %iowait    %steal     %idle
10:14:21 PM     all      0.00      0.00      0.49      1.96      0.00     97.55

10:14:20 PM kbmemfree   kbavail kbmemused  %memused kbbuffers  kbcached  kbcommit   %commit  kbactive   kbinact   kbdirty
10:14:21 PM   1673816   1703520    136308      6.74     13132    145268    342624     10.88    171984     27360        48

10:14:21 PM     CPU     %user     %nice   %system   %iowait    %steal     %idle
10:14:22 PM     all      0.00      0.00      0.00      0.00      0.00    100.00

10:14:21 PM kbmemfree   kbavail kbmemused  %memused kbbuffers  kbcached  kbcommit   %commit  kbactive   kbinact   kbdirty
10:14:22 PM   1673816   1703520    136308      6.74     13132    145268    342624     10.88    171984     27360        48

10:14:22 PM     CPU     %user     %nice   %system   %iowait    %steal     %idle
10:14:23 PM     all      0.00      0.00      0.00      0.00      0.00    100.00

10:14:22 PM kbmemfree   kbavail kbmemused  %memused kbbuffers  kbcached  kbcommit   %commit  kbactive   kbinact   kbdirty
10:14:23 PM   1673816   1703528    136308      6.74     13132    145268    342624     10.88    171984     27368        44

10:14:23 PM     CPU     %user     %nice   %system   %iowait    %steal     %idle
10:14:24 PM     all      0.00      0.00      0.00      0.00      0.00    100.00

10:14:23 PM kbmemfree   kbavail kbmemused  %memused kbbuffers  kbcached  kbcommit   %commit  kbactive   kbinact   kbdirty
10:14:24 PM   1673816   1703528    136308      6.74     13132    145268    342624     10.88    171984     27368        48

10:14:24 PM     CPU     %user     %nice   %system   %iowait    %steal     %idle
10:14:25 PM     all      0.00      0.00      0.00      0.00      0.00    100.00

10:14:24 PM kbmemfree   kbavail kbmemused  %memused kbbuffers  kbcached  kbcommit   %commit  kbactive   kbinact   kbdirty
10:14:25 PM   1673816   1703528    136308      6.74     13132    145268    342624     10.88    171984     27368        48

Average:        CPU     %user     %nice   %system   %iowait    %steal     %idle
Average:        all      0.01      0.00      0.34      0.20      0.00     99.45

Average:    kbmemfree   kbavail kbmemused  %memused kbbuffers  kbcached  kbcommit   %commit  kbactive   kbinact   kbdirty
Average:      1673816   1703462    136370      6.75     13091    145250    342624     10.88    171983     27305        89
