Linux 6.12.38+deb13-amd64 (debian) 	10/04/2025 	_x86_64_	(2 CPU)

08:30:50 PM     CPU     %user     %nice   %system   %iowait    %steal     %idle
08:30:51 PM     all      2.99      0.00      1.00      0.50      0.00     95.52

08:30:50 PM kbmemfree   kbavail kbmemused  %memused kbbuffers  kbcached  kbcommit   %commit  kbactive   kbinact   kbdirty
08:30:51 PM   1744892   1731272    123372      6.10     13012    101804    323156     10.26    122084     26916       220

08:30:51 PM     CPU     %user     %nice   %system   %iowait    %steal     %idle
08:30:52 PM     all      0.00      0.00      0.00      0.00      0.00    100.00

08:30:51 PM kbmemfree   kbavail kbmemused  %memused kbbuffers  kbcached  kbcommit   %commit  kbactive   kbinact   kbdirty
08:30:52 PM   1744892   1731272    123372      6.10     13012    101804    323156     10.26    122084     26916       220

08:30:52 PM     CPU     %user     %nice   %system   %iowait    %steal     %idle
08:30:53 PM     all      0.00      0.00      0.00      0.00      0.00    100.00

08:30:52 PM kbmemfree   kbavail kbmemused  %memused kbbuffers  kbcached  kbcommit   %commit  kbactive   kbinact   kbdirty
08:30:53 PM   1744892   1731272    123372      6.10     13012    101804    323156     10.26    122084     26916       220

08:30:53 PM     CPU     %user     %nice   %system   %iowait    %steal     %idle
08:30:54 PM     all      0.00      0.00      0.00      0.00      0.00    100.00

08:30:53 PM kbmemfree   kbavail kbmemused  %memused kbbuffers  kbcached  kbcommit   %commit  kbactive   kbinact   kbdirty
08:30:54 PM   1744892   1731272    123372      6.10     13012    101804    323156     10.26    122084     26916       220

08:30:54 PM     CPU     %user     %nice   %system   %iowait    %steal     %idle
08:30:55 PM     all      0.00      0.00      0.00      0.00      0.00    100.00

08:30:54 PM kbmemfree   kbavail kbmemused  %memused kbbuffers  kbcached  kbcommit   %commit  kbactive   kbinact   kbdirty
08:30:55 PM   1744892   1731272    123372      6.10     13012    101804    323156     10.26    122084     26916       220

08:30:55 PM     CPU     %user     %nice   %system   %iowait    %steal     %idle
08:30:56 PM     all      0.00      0.00      0.00      0.00      0.00    100.00

08:30:55 PM kbmemfree   kbavail kbmemused  %memused kbbuffers  kbcached  kbcommit   %commit  kbactive   kbinact   kbdirty
08:30:56 PM   1744892   1731276    123364      6.10     13020    101804    323156     10.26    122084     26920       200

08:30:56 PM     CPU     %user     %nice   %system   %iowait    %steal     %idle
08:30:57 PM     all      0.00      0.00      0.00      0.00      0.00    100.00

08:30:56 PM kbmemfree   kbavail kbmemused  %memused kbbuffers  kbcached  kbcommit   %commit  kbactive   kbinact   kbdirty
08:30:57 PM   1744892   1731276    123364      6.10     13020    101804    323156     10.26    122084     26920       204

08:30:57 PM     CPU     %user     %nice   %system   %iowait    %steal     %idle
08:30:58 PM     all      0.00      0.00      0.00      0.00      0.00    100.00

08:30:57 PM kbmemfree   kbavail kbmemused  %memused kbbuffers  kbcached  kbcommit   %commit  kbactive   kbinact   kbdirty
08:30:58 PM   1744892   1731276    123364      6.10     13020    101804    323156     10.26    122164     26920       204

08:30:58 PM     CPU     %user     %nice   %system   %iowait    %steal     %idle
08:30:59 PM     all      0.00      0.00      0.00      0.00      0.00    100.00

08:30:58 PM kbmemfree   kbavail kbmemused  %memused kbbuffers  kbcached  kbcommit   %commit  kbactive   kbinact   kbdirty
08:30:59 PM   1744892   1731276    123364      6.10     13020    101804    323156     10.26    122084     26924       204

08:30:59 PM     CPU     %user     %nice   %system   %iowait    %steal     %idle
08:31:00 PM     all      0.00      0.00      0.00      0.00      0.00    100.00

08:30:59 PM kbmemfree   kbavail kbmemused  %memused kbbuffers  kbcached  kbcommit   %commit  kbactive   kbinact   kbdirty
08:31:00 PM   1744892   1731276    123364      6.10     13020    101804    323156     10.26    122084     26924       204

08:31:00 PM     CPU     %user     %nice   %system   %iowait    %steal     %idle
08:31:01 PM     all      2.51      0.00      1.01      0.50      0.00     95.98

08:31:00 PM kbmemfree   kbavail kbmemused  %memused kbbuffers  kbcached  kbcommit   %commit  kbactive   kbinact   kbdirty
08:31:01 PM   1743128   1729512    125128      6.19     13028    101796    323156     10.26    122168     26924       204

08:31:01 PM     CPU     %user     %nice   %system   %iowait    %steal     %idle
08:31:02 PM     all      0.00      0.00      0.00      0.00      0.00    100.00

08:31:01 PM kbmemfree   kbavail kbmemused  %memused kbbuffers  kbcached  kbcommit   %commit  kbactive   kbinact   kbdirty
08:31:02 PM   1743128   1729512    125128      6.19     13028    101796    323156     10.26    122168     26924       204

08:31:02 PM     CPU     %user     %nice   %system   %iowait    %steal     %idle
08:31:03 PM     all      0.00      0.00      0.00      0.00      0.00    100.00

08:31:02 PM kbmemfree   kbavail kbmemused  %memused kbbuffers  kbcached  kbcommit   %commit  kbactive   kbinact   kbdirty
08:31:03 PM   1743128   1729528    125140      6.19     13028    101816    323156     10.26    122084     26944       220

08:31:03 PM     CPU     %user     %nice   %system   %iowait    %steal     %idle
08:31:04 PM     all      0.00      0.00      0.00      0.00      0.00    100.00

08:31:03 PM kbmemfree   kbavail kbmemused  %memused kbbuffers  kbcached  kbcommit   %commit  kbactive   kbinact   kbdirty
08:31:04 PM   1743128   1729528    125140      6.19     13028    101816    323156     10.26    122084     26944       220

08:31:04 PM     CPU     %user     %nice   %system   %iowait    %steal     %idle
08:31:05 PM     all      0.00      0.00      0.00      0.00      0.00    100.00

08:31:04 PM kbmemfree   kbavail kbmemused  %memused kbbuffers  kbcached  kbcommit   %commit  kbactive   kbinact   kbdirty
08:31:05 PM   1743128   1729528    125140      6.19     13028    101816    323156     10.26    122084     26944       220

08:31:05 PM     CPU     %user     %nice   %system   %iowait    %steal     %idle
08:31:06 PM     all      0.00      0.00      0.00      0.51      0.00     99.49

08:31:05 PM kbmemfree   kbavail kbmemused  %memused kbbuffers  kbcached  kbcommit   %commit  kbactive   kbinact   kbdirty
08:31:06 PM   1743128   1729528    125140      6.19     13036    101808    323156     10.26    122084     26944       220

08:31:06 PM     CPU     %user     %nice   %system   %iowait    %steal     %idle
08:31:07 PM     all      0.00      0.00      0.00      0.00      0.00    100.00

08:31:06 PM kbmemfree   kbavail kbmemused  %memused kbbuffers  kbcached  kbcommit   %commit  kbactive   kbinact   kbdirty
08:31:07 PM   1743128   1729528    125132      6.19     13036    101816    323156     10.26    122084     26944       228

08:31:07 PM     CPU     %user     %nice   %system   %iowait    %steal     %idle
08:31:08 PM     all      0.00      0.00      0.00      0.00      0.00    100.00

08:31:07 PM kbmemfree   kbavail kbmemused  %memused kbbuffers  kbcached  kbcommit   %commit  kbactive   kbinact   kbdirty
08:31:08 PM   1743128   1729532    125132      6.19     13036    101816    323156     10.26    122084     26952       224

08:31:08 PM     CPU     %user     %nice   %system   %iowait    %steal     %idle
08:31:09 PM     all      0.00      0.00      0.00      0.00      0.00    100.00

08:31:08 PM kbmemfree   kbavail kbmemused  %memused kbbuffers  kbcached  kbcommit   %commit  kbactive   kbinact   kbdirty
08:31:09 PM   1743128   1729532    125132      6.19     13036    101816    323156     10.26    122084     26952       228

08:31:09 PM     CPU     %user     %nice   %system   %iowait    %steal     %idle
08:31:10 PM     all      0.00      0.00      0.00      0.50      0.00     99.50

08:31:09 PM kbmemfree   kbavail kbmemused  %memused kbbuffers  kbcached  kbcommit   %commit  kbactive   kbinact   kbdirty
08:31:10 PM   1743128   1729532    125132      6.19     13036    101816    323156     10.26    122084     26952       228

08:31:10 PM     CPU     %user     %nice   %system   %iowait    %steal     %idle
08:31:11 PM     all      2.01      0.00      1.51      0.00      0.00     96.48

08:31:10 PM kbmemfree   kbavail kbmemused  %memused kbbuffers  kbcached  kbcommit   %commit  kbactive   kbinact   kbdirty
08:31:11 PM   1740356   1726760    127904      6.33     13044    101808    323156     10.26    122168     26952       228

08:31:11 PM     CPU     %user     %nice   %system   %iowait    %steal     %idle
08:31:12 PM     all      0.00      0.00      0.00      0.00      0.00    100.00

08:31:11 PM kbmemfree   kbavail kbmemused  %memused kbbuffers  kbcached  kbcommit   %commit  kbactive   kbinact   kbdirty
08:31:12 PM   1740356   1726760    127904      6.33     13044    101808    323156     10.26    122168     26952       228

08:31:12 PM     CPU     %user     %nice   %system   %iowait    %steal     %idle
08:31:13 PM     all      0.00      0.00      0.00      0.00      0.00    100.00

08:31:12 PM kbmemfree   kbavail kbmemused  %memused kbbuffers  kbcached  kbcommit   %commit  kbactive   kbinact   kbdirty
08:31:13 PM   1740428   1726836    127808      6.32     13044    101820    323156     10.26    122084     26960       244

08:31:13 PM     CPU     %user     %nice   %system   %iowait    %steal     %idle
08:31:14 PM     all      0.00      0.00      0.00      0.00      0.00    100.00

08:31:13 PM kbmemfree   kbavail kbmemused  %memused kbbuffers  kbcached  kbcommit   %commit  kbactive   kbinact   kbdirty
08:31:14 PM   1740428   1726836    127808      6.32     13044    101820    323156     10.26    122084     26964       236

08:31:14 PM     CPU     %user     %nice   %system   %iowait    %steal     %idle
08:31:15 PM     all      0.00      0.00      0.00      0.00      0.00    100.00

08:31:14 PM kbmemfree   kbavail kbmemused  %memused kbbuffers  kbcached  kbcommit   %commit  kbactive   kbinact   kbdirty
08:31:15 PM   1740428   1726836    127808      6.32     13044    101820    323156     10.26    122084     26964       240

08:31:15 PM     CPU     %user     %nice   %system   %iowait    %steal     %idle
08:31:16 PM     all      0.00      0.00      0.00      0.00      0.00    100.00

08:31:15 PM kbmemfree   kbavail kbmemused  %memused kbbuffers  kbcached  kbcommit   %commit  kbactive   kbinact   kbdirty
08:31:16 PM   1740428   1726836    127808      6.32     13044    101820    323156     10.26    122084     26964       228

08:31:16 PM     CPU     %user     %nice   %system   %iowait    %steal     %idle
08:31:17 PM     all      0.00      0.00      0.00      0.50      0.00     99.50

08:31:16 PM kbmemfree   kbavail kbmemused  %memused kbbuffers  kbcached  kbcommit   %commit  kbactive   kbinact   kbdirty
08:31:17 PM   1740428   1726836    127808      6.32     13052    101812    323156     10.26    122084     26964       228

08:31:17 PM     CPU     %user     %nice   %system   %iowait    %steal     %idle
08:31:18 PM     all      0.00      0.00      0.00      0.00      0.00    100.00

08:31:17 PM kbmemfree   kbavail kbmemused  %memused kbbuffers  kbcached  kbcommit   %commit  kbactive   kbinact   kbdirty
08:31:18 PM   1740428   1726836    127796      6.32     13052    101820    323156     10.26    122084     26964       256

08:31:18 PM     CPU     %user     %nice   %system   %iowait    %steal     %idle
08:31:19 PM     all      0.00      0.00      0.00      0.00      0.00    100.00

08:31:18 PM kbmemfree   kbavail kbmemused  %memused kbbuffers  kbcached  kbcommit   %commit  kbactive   kbinact   kbdirty
08:31:19 PM   1740428   1726840    127796      6.32     13052    101820    323156     10.26    122084     26972       256

08:31:19 PM     CPU     %user     %nice   %system   %iowait    %steal     %idle
08:31:20 PM     all      0.00      0.00      0.00      0.00      0.00    100.00

08:31:19 PM kbmemfree   kbavail kbmemused  %memused kbbuffers  kbcached  kbcommit   %commit  kbactive   kbinact   kbdirty
08:31:20 PM   1740428   1726840    127796      6.32     13052    101820    323156     10.26    122084     26972       252

08:31:20 PM     CPU     %user     %nice   %system   %iowait    %steal     %idle
08:31:21 PM     all      2.51      0.00      1.01      0.00      0.00     96.48

08:31:20 PM kbmemfree   kbavail kbmemused  %memused kbbuffers  kbcached  kbcommit   %commit  kbactive   kbinact   kbdirty
08:31:21 PM   1740428   1726840    127712      6.32     13052    101820    323156     10.26    122168     26972       256

08:31:21 PM     CPU     %user     %nice   %system   %iowait    %steal     %idle
08:31:22 PM     all      0.00      0.00      0.00      0.00      0.00    100.00

08:31:21 PM kbmemfree   kbavail kbmemused  %memused kbbuffers  kbcached  kbcommit   %commit  kbactive   kbinact   kbdirty
08:31:22 PM   1740428   1726844    127736      6.32     13052    101824    323156     10.26    122144     26976        12

08:31:22 PM     CPU     %user     %nice   %system   %iowait    %steal     %idle
08:31:23 PM     all      0.00      0.00      0.00      1.00      0.00     99.00

08:31:22 PM kbmemfree   kbavail kbmemused  %memused kbbuffers  kbcached  kbcommit   %commit  kbactive   kbinact   kbdirty
08:31:23 PM   1740428   1726848    127772      6.32     13060    101832    323156     10.26    122084     26984        52

08:31:23 PM     CPU     %user     %nice   %system   %iowait    %steal     %idle
08:31:24 PM     all      0.00      0.00      0.00      0.00      0.00    100.00

08:31:23 PM kbmemfree   kbavail kbmemused  %memused kbbuffers  kbcached  kbcommit   %commit  kbactive   kbinact   kbdirty
08:31:24 PM   1740428   1726848    127772      6.32     13060    101832    323156     10.26    122084     26984        52

08:31:24 PM     CPU     %user     %nice   %system   %iowait    %steal     %idle
08:31:25 PM     all      0.00      0.00      0.00      0.00      0.00    100.00

08:31:24 PM kbmemfree   kbavail kbmemused  %memused kbbuffers  kbcached  kbcommit   %commit  kbactive   kbinact   kbdirty
08:31:25 PM   1740428   1726848    127772      6.32     13060    101832    323156     10.26    122084     26984        52

08:31:25 PM     CPU     %user     %nice   %system   %iowait    %steal     %idle
08:31:26 PM     all      0.00      0.00      0.00      0.00      0.00    100.00

08:31:25 PM kbmemfree   kbavail kbmemused  %memused kbbuffers  kbcached  kbcommit   %commit  kbactive   kbinact   kbdirty
08:31:26 PM   1740428   1726848    127772      6.32     13060    101832    323156     10.26    122084     26984        52

08:31:26 PM     CPU     %user     %nice   %system   %iowait    %steal     %idle
08:31:27 PM     all      0.00      0.00      0.00      0.00      0.00    100.00

08:31:26 PM kbmemfree   kbavail kbmemused  %memused kbbuffers  kbcached  kbcommit   %commit  kbactive   kbinact   kbdirty
08:31:27 PM   1740428   1726852    127772      6.32     13060    101832    323156     10.26    122084     26992        28

08:31:27 PM     CPU     %user     %nice   %system   %iowait    %steal     %idle
08:31:28 PM     all      0.00      0.00      0.00      0.00      0.00    100.00

08:31:27 PM kbmemfree   kbavail kbmemused  %memused kbbuffers  kbcached  kbcommit   %commit  kbactive   kbinact   kbdirty
08:31:28 PM   1740428   1726852    127772      6.32     13060    101832    323156     10.26    122084     26992         4

08:31:28 PM     CPU     %user     %nice   %system   %iowait    %steal     %idle
08:31:29 PM     all      0.00      0.00      0.00      2.01      0.00     97.99

08:31:28 PM kbmemfree   kbavail kbmemused  %memused kbbuffers  kbcached  kbcommit   %commit  kbactive   kbinact   kbdirty
08:31:29 PM   1740428   1726856    127764      6.32     13068    101832    323156     10.26    122084     27000        36

08:31:29 PM     CPU     %user     %nice   %system   %iowait    %steal     %idle
08:31:30 PM     all      0.00      0.00      0.00      0.00      0.00    100.00

08:31:29 PM kbmemfree   kbavail kbmemused  %memused kbbuffers  kbcached  kbcommit   %commit  kbactive   kbinact   kbdirty
08:31:30 PM   1740428   1726856    127764      6.32     13068    101832    323156     10.26    122084     27000        36

08:31:30 PM     CPU     %user     %nice   %system   %iowait    %steal     %idle
08:31:31 PM     all      3.00      0.00      0.50      0.50      0.00     96.00

08:31:30 PM kbmemfree   kbavail kbmemused  %memused kbbuffers  kbcached  kbcommit   %commit  kbactive   kbinact   kbdirty
08:31:31 PM   1737152   1723580    130956      6.48     13068    101832    323156     10.26    122168     27000       204

08:31:31 PM     CPU     %user     %nice   %system   %iowait    %steal     %idle
08:31:32 PM     all      0.00      0.00      0.00      0.00      0.00    100.00

08:31:31 PM kbmemfree   kbavail kbmemused  %memused kbbuffers  kbcached  kbcommit   %commit  kbactive   kbinact   kbdirty
08:31:32 PM   1737152   1723580    130956      6.48     13068    101832    323156     10.26    122168     27000       204

08:31:32 PM     CPU     %user     %nice   %system   %iowait    %steal     %idle
08:31:33 PM     all      0.00      0.00      0.00      0.00      0.00    100.00

08:31:32 PM kbmemfree   kbavail kbmemused  %memused kbbuffers  kbcached  kbcommit   %commit  kbactive   kbinact   kbdirty
08:31:33 PM   1737152   1723584    131016      6.48     13068    101844    323156     10.26    122084     27012       228

08:31:33 PM     CPU     %user     %nice   %system   %iowait    %steal     %idle
08:31:34 PM     all      0.00      0.00      0.00      0.00      0.00    100.00

08:31:33 PM kbmemfree   kbavail kbmemused  %memused kbbuffers  kbcached  kbcommit   %commit  kbactive   kbinact   kbdirty
08:31:34 PM   1737152   1723584    131016      6.48     13068    101844    323156     10.26    122084     27012       196

08:31:34 PM     CPU     %user     %nice   %system   %iowait    %steal     %idle
08:31:35 PM     all      0.00      0.00      0.00      2.02      0.00     97.98

08:31:34 PM kbmemfree   kbavail kbmemused  %memused kbbuffers  kbcached  kbcommit   %commit  kbactive   kbinact   kbdirty
08:31:35 PM   1737152   1723584    131008      6.48     13076    101844    323156     10.26    122084     27012       224

08:31:35 PM     CPU     %user     %nice   %system   %iowait    %steal     %idle
08:31:36 PM     all      0.00      0.00      0.00      0.00      0.00    100.00

08:31:35 PM kbmemfree   kbavail kbmemused  %memused kbbuffers  kbcached  kbcommit   %commit  kbactive   kbinact   kbdirty
08:31:36 PM   1737152   1723584    131008      6.48     13076    101844    323156     10.26    122084     27012       224

08:31:36 PM     CPU     %user     %nice   %system   %iowait    %steal     %idle
08:31:37 PM     all      0.00      0.00      0.00      0.00      0.00    100.00

08:31:36 PM kbmemfree   kbavail kbmemused  %memused kbbuffers  kbcached  kbcommit   %commit  kbactive   kbinact   kbdirty
08:31:37 PM   1737152   1723588    131008      6.48     13076    101844    323156     10.26    122084     27020       204

08:31:37 PM     CPU     %user     %nice   %system   %iowait    %steal     %idle
08:31:38 PM     all      0.00      0.00      0.00      0.00      0.00    100.00

08:31:37 PM kbmemfree   kbavail kbmemused  %memused kbbuffers  kbcached  kbcommit   %commit  kbactive   kbinact   kbdirty
08:31:38 PM   1737152   1723588    131008      6.48     13076    101844    323156     10.26    122084     27020       200

08:31:38 PM     CPU     %user     %nice   %system   %iowait    %steal     %idle
08:31:39 PM     all      0.00      0.00      0.00      0.00      0.00    100.00

08:31:38 PM kbmemfree   kbavail kbmemused  %memused kbbuffers  kbcached  kbcommit   %commit  kbactive   kbinact   kbdirty
08:31:39 PM   1737152   1723588    131008      6.48     13076    101844    323156     10.26    122084     27020       204

08:31:39 PM     CPU     %user     %nice   %system   %iowait    %steal     %idle
08:31:40 PM     all      0.00      0.00      0.00      0.00      0.00    100.00

08:31:39 PM kbmemfree   kbavail kbmemused  %memused kbbuffers  kbcached  kbcommit   %commit  kbactive   kbinact   kbdirty
08:31:40 PM   1737152   1723588    131008      6.48     13076    101844    323156     10.26    122084     27020       176

08:31:40 PM     CPU     %user     %nice   %system   %iowait    %steal     %idle
08:31:41 PM     all      2.99      0.00      1.00      0.50      0.00     95.52

08:31:40 PM kbmemfree   kbavail kbmemused  %memused kbbuffers  kbcached  kbcommit   %commit  kbactive   kbinact   kbdirty
08:31:41 PM   1737152   1723588    130916      6.48     13084    101844    323156     10.26    122168     27020       204

08:31:41 PM     CPU     %user     %nice   %system   %iowait    %steal     %idle
08:31:42 PM     all      0.00      0.00      0.00      0.00      0.00    100.00

08:31:41 PM kbmemfree   kbavail kbmemused  %memused kbbuffers  kbcached  kbcommit   %commit  kbactive   kbinact   kbdirty
08:31:42 PM   1737152   1723596    130956      6.48     13084    101848    323156     10.26    122112     27032       236

08:31:42 PM     CPU     %user     %nice   %system   %iowait    %steal     %idle
08:31:43 PM     all      0.00      0.00      0.00      0.00      0.00    100.00

08:31:42 PM kbmemfree   kbavail kbmemused  %memused kbbuffers  kbcached  kbcommit   %commit  kbactive   kbinact   kbdirty
08:31:43 PM   1737152   1723596    130988      6.48     13084    101852    323156     10.26    122084     27032       244

08:31:43 PM     CPU     %user     %nice   %system   %iowait    %steal     %idle
08:31:44 PM     all      0.00      0.00      0.00      0.00      0.00    100.00

08:31:43 PM kbmemfree   kbavail kbmemused  %memused kbbuffers  kbcached  kbcommit   %commit  kbactive   kbinact   kbdirty
08:31:44 PM   1737152   1723596    130988      6.48     13084    101852    323156     10.26    122084     27032       244

08:31:44 PM     CPU     %user     %nice   %system   %iowait    %steal     %idle
08:31:45 PM     all      0.00      0.00      0.00      0.00      0.00    100.00

08:31:44 PM kbmemfree   kbavail kbmemused  %memused kbbuffers  kbcached  kbcommit   %commit  kbactive   kbinact   kbdirty
08:31:45 PM   1737152   1723596    130988      6.48     13084    101852    323156     10.26    122084     27032       240

08:31:45 PM     CPU     %user     %nice   %system   %iowait    %steal     %idle
08:31:46 PM     all      0.00      0.00      0.00      0.00      0.00    100.00

08:31:45 PM kbmemfree   kbavail kbmemused  %memused kbbuffers  kbcached  kbcommit   %commit  kbactive   kbinact   kbdirty
08:31:46 PM   1737152   1723596    130988      6.48     13084    101852    323156     10.26    122084     27032       212

08:31:46 PM     CPU     %user     %nice   %system   %iowait    %steal     %idle
08:31:47 PM     all      0.00      0.00      0.00      2.01      0.00     97.99

08:31:46 PM kbmemfree   kbavail kbmemused  %memused kbbuffers  kbcached  kbcommit   %commit  kbactive   kbinact   kbdirty
08:31:47 PM   1737152   1723600    130980      6.48     13092    101852    323156     10.26    122084     27040       208

08:31:47 PM     CPU     %user     %nice   %system   %iowait    %steal     %idle
08:31:48 PM     all      0.00      0.00      0.00      0.00      0.00    100.00

08:31:47 PM kbmemfree   kbavail kbmemused  %memused kbbuffers  kbcached  kbcommit   %commit  kbactive   kbinact   kbdirty
08:31:48 PM   1737152   1723600    130980      6.48     13092    101852    323156     10.26    122084     27040       208

08:31:48 PM     CPU     %user     %nice   %system   %iowait    %steal     %idle
08:31:49 PM     all      0.00      0.00      0.00      0.00      0.00    100.00

08:31:48 PM kbmemfree   kbavail kbmemused  %memused kbbuffers  kbcached  kbcommit   %commit  kbactive   kbinact   kbdirty
08:31:49 PM   1737152   1723600    130980      6.48     13092    101852    323156     10.26    122084     27040       208

08:31:49 PM     CPU     %user     %nice   %system   %iowait    %steal     %idle
08:31:50 PM     all      0.00      0.00      0.00      0.00      0.00    100.00

08:31:49 PM kbmemfree   kbavail kbmemused  %memused kbbuffers  kbcached  kbcommit   %commit  kbactive   kbinact   kbdirty
08:31:50 PM   1737152   1723600    130980      6.48     13092    101852    323156     10.26    122084     27040       208

Average:        CPU     %user     %nice   %system   %iowait    %steal     %idle
Average:        all      0.27      0.00      0.10      0.18      0.00     99.46

Average:    kbmemfree   kbavail kbmemused  %memused kbbuffers  kbcached  kbcommit   %commit  kbactive   kbinact   kbdirty
Average:      1740528   1726942    127677      6.32     13053    101826    323156     10.26    122098     26976       193
