Linux 6.12.38+deb13-amd64 (debian) 	10/04/2025 	_x86_64_	(2 CPU)

10:19:04 PM     CPU     %user     %nice   %system   %iowait    %steal     %idle
10:19:05 PM     all      0.00      0.00      4.76      0.00      0.00     95.24

10:19:04 PM kbmemfree   kbavail kbmemused  %memused kbbuffers  kbcached  kbcommit   %commit  kbactive   kbinact   kbdirty
10:19:05 PM   1674684   1704804    135008      6.68     13428    145368    342624     10.88    171972     27764       108

10:19:05 PM     CPU     %user     %nice   %system   %iowait    %steal     %idle
10:19:06 PM     all      0.00      0.00      0.50      0.00      0.00     99.50

10:19:05 PM kbmemfree   kbavail kbmemused  %memused kbbuffers  kbcached  kbcommit   %commit  kbactive   kbinact   kbdirty
10:19:06 PM   1674684   1704804    135008      6.68     13428    145368    342624     10.88    171976     27764       116

10:19:06 PM     CPU     %user     %nice   %system   %iowait    %steal     %idle
10:19:07 PM     all      0.00      0.00      0.00      0.00      0.00    100.00

10:19:06 PM kbmemfree   kbavail kbmemused  %memused kbbuffers  kbcached  kbcommit   %commit  kbactive   kbinact   kbdirty
10:19:07 PM   1674684   1704804    135008      6.68     13428    145368    342624     10.88    171976     27764       116

10:19:07 PM     CPU     %user     %nice   %system   %iowait    %steal     %idle
10:19:09 PM     all      0.00      0.00      0.00      0.00      0.00    100.00

10:19:07 PM kbmemfree   kbavail kbmemused  %memused kbbuffers  kbcached  kbcommit   %commit  kbactive   kbinact   kbdirty
10:19:09 PM   1674684   1704804    135008      6.68     13428    145368    342624     10.88    171980     27764        92

10:19:09 PM     CPU     %user     %nice   %system   %iowait    %steal     %idle
10:19:10 PM     all      0.00      0.00      0.00      2.00      0.00     98.00

10:19:09 PM kbmemfree   kbavail kbmemused  %memused kbbuffers  kbcached  kbcommit   %commit  kbactive   kbinact   kbdirty
10:19:10 PM   1674684   1704812    135000      6.68     13436    145368    342624     10.88    171980     27772       124

10:19:10 PM     CPU     %user     %nice   %system   %iowait    %steal     %idle
10:19:11 PM     all      0.00      0.00      0.47      0.00      0.00     99.53

10:19:10 PM kbmemfree   kbavail kbmemused  %memused kbbuffers  kbcached  kbcommit   %commit  kbactive   kbinact   kbdirty
10:19:11 PM   1674684   1704812    135000      6.68     13436    145368    342624     10.88    171980     27772       120

10:19:11 PM     CPU     %user     %nice   %system   %iowait    %steal     %idle
10:19:12 PM     all      0.00      0.00      0.00      0.00      0.00    100.00

10:19:11 PM kbmemfree   kbavail kbmemused  %memused kbbuffers  kbcached  kbcommit   %commit  kbactive   kbinact   kbdirty
10:19:12 PM   1674684   1704812    135000      6.68     13436    145368    342624     10.88    171980     27772       120

10:19:12 PM     CPU     %user     %nice   %system   %iowait    %steal     %idle
10:19:13 PM     all      0.00      0.00      0.00      0.00      0.00    100.00

10:19:12 PM kbmemfree   kbavail kbmemused  %memused kbbuffers  kbcached  kbcommit   %commit  kbactive   kbinact   kbdirty
10:19:13 PM   1674684   1704812    135000      6.68     13436    145368    342624     10.88    171980     27772       120

10:19:13 PM     CPU     %user     %nice   %system   %iowait    %steal     %idle
10:19:14 PM     all      0.00      0.00      0.00      0.00      0.00    100.00

10:19:13 PM kbmemfree   kbavail kbmemused  %memused kbbuffers  kbcached  kbcommit   %commit  kbactive   kbinact   kbdirty
10:19:14 PM   1674684   1704812    135000      6.68     13436    145368    342624     10.88    171980     27772       120

10:19:14 PM     CPU     %user     %nice   %system   %iowait    %steal     %idle
10:19:15 PM     all      0.00      0.00      0.99      0.49      0.00     98.52

10:19:14 PM kbmemfree   kbavail kbmemused  %memused kbbuffers  kbcached  kbcommit   %commit  kbactive   kbinact   kbdirty
10:19:15 PM   1674684   1704816    134992      6.68     13444    145368    342624     10.88    171980     27776       104

10:19:15 PM     CPU     %user     %nice   %system   %iowait    %steal     %idle
10:19:16 PM     all      0.00      0.00      0.00      0.00      0.00    100.00

10:19:15 PM kbmemfree   kbavail kbmemused  %memused kbbuffers  kbcached  kbcommit   %commit  kbactive   kbinact   kbdirty
10:19:16 PM   1674684   1704820    134988      6.68     13444    145372    342624     10.88    171984     27780       100

10:19:16 PM     CPU     %user     %nice   %system   %iowait    %steal     %idle
10:19:17 PM     all      0.00      0.00      0.00      0.00      0.00    100.00

10:19:16 PM kbmemfree   kbavail kbmemused  %memused kbbuffers  kbcached  kbcommit   %commit  kbactive   kbinact   kbdirty
10:19:17 PM   1674684   1704820    134988      6.68     13444    145372    342624     10.88    171984     27780       104

10:19:17 PM     CPU     %user     %nice   %system   %iowait    %steal     %idle
10:19:18 PM     all      0.00      0.00      0.00      0.00      0.00    100.00

10:19:17 PM kbmemfree   kbavail kbmemused  %memused kbbuffers  kbcached  kbcommit   %commit  kbactive   kbinact   kbdirty
10:19:18 PM   1674684   1704820    134988      6.68     13444    145372    342624     10.88    171984     27780       104

10:19:18 PM     CPU     %user     %nice   %system   %iowait    %steal     %idle
10:19:19 PM     all      0.00      0.00      0.00      0.00      0.00    100.00

10:19:18 PM kbmemfree   kbavail kbmemused  %memused kbbuffers  kbcached  kbcommit   %commit  kbactive   kbinact   kbdirty
10:19:19 PM   1674684   1704824    134988      6.68     13444    145372    342624     10.88    171984     27784       104

10:19:19 PM     CPU     %user     %nice   %system   %iowait    %steal     %idle
10:19:20 PM     all      0.00      0.00      0.00      0.00      0.00    100.00

10:19:19 PM kbmemfree   kbavail kbmemused  %memused kbbuffers  kbcached  kbcommit   %commit  kbactive   kbinact   kbdirty
10:19:20 PM   1674684   1704824    134988      6.68     13444    145372    342624     10.88    171984     27784       104

10:19:20 PM     CPU     %user     %nice   %system   %iowait    %steal     %idle
10:19:21 PM     all      0.00      0.00      0.00      1.99      0.00     98.01

10:19:20 PM kbmemfree   kbavail kbmemused  %memused kbbuffers  kbcached  kbcommit   %commit  kbactive   kbinact   kbdirty
10:19:21 PM   1674684   1704832    134980      6.68     13452    145372    342624     10.88    171984     27792       104

10:19:21 PM     CPU     %user     %nice   %system   %iowait    %steal     %idle
10:19:22 PM     all      0.00      0.00      0.00      0.00      0.00    100.00

10:19:21 PM kbmemfree   kbavail kbmemused  %memused kbbuffers  kbcached  kbcommit   %commit  kbactive   kbinact   kbdirty
10:19:22 PM   1674684   1704832    134980      6.68     13452    145372    342624     10.88    171984     27792       100

10:19:22 PM     CPU     %user     %nice   %system   %iowait    %steal     %idle
10:19:23 PM     all      0.00      0.00      0.00      0.00      0.00    100.00

10:19:22 PM kbmemfree   kbavail kbmemused  %memused kbbuffers  kbcached  kbcommit   %commit  kbactive   kbinact   kbdirty
10:19:23 PM   1674684   1704832    134980      6.68     13452    145372    342624     10.88    171984     27792       104

10:19:23 PM     CPU     %user     %nice   %system   %iowait    %steal     %idle
10:19:24 PM     all      0.00      0.00      0.00      0.00      0.00    100.00

10:19:23 PM kbmemfree   kbavail kbmemused  %memused kbbuffers  kbcached  kbcommit   %commit  kbactive   kbinact   kbdirty
10:19:24 PM   1674684   1704832    134980      6.68     13452    145372    342624     10.88    171984     27792       104

10:19:24 PM     CPU     %user     %nice   %system   %iowait    %steal     %idle
10:19:25 PM     all      0.00      0.00      0.00      0.00      0.00    100.00

10:19:24 PM kbmemfree   kbavail kbmemused  %memused kbbuffers  kbcached  kbcommit   %commit  kbactive   kbinact   kbdirty
10:19:25 PM   1674684   1704832    134980      6.68     13452    145372    342624     10.88    171984     27792       104

10:19:25 PM     CPU     %user     %nice   %system   %iowait    %steal     %idle
10:19:26 PM     all      0.00      0.00      0.00      0.00      0.00    100.00

10:19:25 PM kbmemfree   kbavail kbmemused  %memused kbbuffers  kbcached  kbcommit   %commit  kbactive   kbinact   kbdirty
10:19:26 PM   1674684   1704832    134980      6.68     13452    145372    342624     10.88    171984     27792       116

10:19:26 PM     CPU     %user     %nice   %system   %iowait    %steal     %idle
10:19:27 PM     all      0.00      0.00      0.00      1.49      0.00     98.51

10:19:26 PM kbmemfree   kbavail kbmemused  %memused kbbuffers  kbcached  kbcommit   %commit  kbactive   kbinact   kbdirty
10:19:27 PM   1674684   1704832    134968      6.68     13460    145376    342624     10.88    171984     27792       120

10:19:27 PM     CPU     %user     %nice   %system   %iowait    %steal     %idle
10:19:28 PM     all      0.00      0.00      0.00      0.00      0.00    100.00

10:19:27 PM kbmemfree   kbavail kbmemused  %memused kbbuffers  kbcached  kbcommit   %commit  kbactive   kbinact   kbdirty
10:19:28 PM   1674684   1704832    134968      6.68     13460    145376    342624     10.88    171984     27792       112

10:19:28 PM     CPU     %user     %nice   %system   %iowait    %steal     %idle
10:19:29 PM     all      0.00      0.00      0.00      0.00      0.00    100.00

10:19:28 PM kbmemfree   kbavail kbmemused  %memused kbbuffers  kbcached  kbcommit   %commit  kbactive   kbinact   kbdirty
10:19:29 PM   1674684   1704844    134968      6.68     13460    145376    342624     10.88    171984     27804       116

10:19:29 PM     CPU     %user     %nice   %system   %iowait    %steal     %idle
10:19:30 PM     all      0.00      0.00      0.00      0.00      0.00    100.00

10:19:29 PM kbmemfree   kbavail kbmemused  %memused kbbuffers  kbcached  kbcommit   %commit  kbactive   kbinact   kbdirty
10:19:30 PM   1674684   1704844    134968      6.68     13460    145376    342624     10.88    171984     27804       104

10:19:30 PM     CPU     %user     %nice   %system   %iowait    %steal     %idle
10:19:31 PM     all      0.00      0.00      0.00      0.00      0.00    100.00

10:19:30 PM kbmemfree   kbavail kbmemused  %memused kbbuffers  kbcached  kbcommit   %commit  kbactive   kbinact   kbdirty
10:19:31 PM   1674684   1704844    134968      6.68     13460    145376    342624     10.88    171984     27804       104

10:19:31 PM     CPU     %user     %nice   %system   %iowait    %steal     %idle
10:19:32 PM     all      0.00      0.00      0.00      0.00      0.00    100.00

10:19:31 PM kbmemfree   kbavail kbmemused  %memused kbbuffers  kbcached  kbcommit   %commit  kbactive   kbinact   kbdirty
10:19:32 PM   1674684   1704844    134968      6.68     13460    145376    342624     10.88    171984     27804       104

10:19:32 PM     CPU     %user     %nice   %system   %iowait    %steal     %idle
10:19:33 PM     all      0.00      0.00      0.00      0.50      0.00     99.50

10:19:32 PM kbmemfree   kbavail kbmemused  %memused kbbuffers  kbcached  kbcommit   %commit  kbactive   kbinact   kbdirty
10:19:33 PM   1674684   1704844    134960      6.68     13468    145376    342624     10.88    171984     27804       108

10:19:33 PM     CPU     %user     %nice   %system   %iowait    %steal     %idle
10:19:34 PM     all      0.00      0.00      0.00      0.00      0.00    100.00

10:19:33 PM kbmemfree   kbavail kbmemused  %memused kbbuffers  kbcached  kbcommit   %commit  kbactive   kbinact   kbdirty
10:19:34 PM   1674684   1704844    134960      6.68     13468    145376    342624     10.88    171984     27804       104

10:19:34 PM     CPU     %user     %nice   %system   %iowait    %steal     %idle
10:19:35 PM     all      0.00      0.00      0.47      0.00      0.00     99.53

10:19:34 PM kbmemfree   kbavail kbmemused  %memused kbbuffers  kbcached  kbcommit   %commit  kbactive   kbinact   kbdirty
10:19:35 PM   1674684   1704856    134956      6.68     13468    145380    342624     10.88    171980     27816        48

10:19:35 PM     CPU     %user     %nice   %system   %iowait    %steal     %idle
10:19:36 PM     all      0.00      0.00      0.00      0.00      0.00    100.00

10:19:35 PM kbmemfree   kbavail kbmemused  %memused kbbuffers  kbcached  kbcommit   %commit  kbactive   kbinact   kbdirty
10:19:36 PM   1674684   1704856    134956      6.68     13468    145380    342624     10.88    171984     27816        48

10:19:36 PM     CPU     %user     %nice   %system   %iowait    %steal     %idle
10:19:37 PM     all      0.00      0.00      0.00      0.00      0.00    100.00

10:19:36 PM kbmemfree   kbavail kbmemused  %memused kbbuffers  kbcached  kbcommit   %commit  kbactive   kbinact   kbdirty
10:19:37 PM   1674684   1704856    134952      6.68     13468    145384    342624     10.88    171984     27816        52

10:19:37 PM     CPU     %user     %nice   %system   %iowait    %steal     %idle
10:19:38 PM     all      0.00      0.00      0.49      0.49      0.00     99.01

10:19:37 PM kbmemfree   kbavail kbmemused  %memused kbbuffers  kbcached  kbcommit   %commit  kbactive   kbinact   kbdirty
10:19:38 PM   1674684   1704856    134944      6.68     13476    145384    342624     10.88    171984     27816        56

10:19:38 PM     CPU     %user     %nice   %system   %iowait    %steal     %idle
10:19:39 PM     all      0.00      0.00      0.00      0.00      0.00    100.00

10:19:38 PM kbmemfree   kbavail kbmemused  %memused kbbuffers  kbcached  kbcommit   %commit  kbactive   kbinact   kbdirty
10:19:39 PM   1674684   1704868    134944      6.68     13476    145384    342624     10.88    171984     27828        56

10:19:39 PM     CPU     %user     %nice   %system   %iowait    %steal     %idle
10:19:40 PM     all      0.00      0.00      0.00      0.00      0.00    100.00

10:19:39 PM kbmemfree   kbavail kbmemused  %memused kbbuffers  kbcached  kbcommit   %commit  kbactive   kbinact   kbdirty
10:19:40 PM   1674684   1704868    134944      6.68     13476    145384    342624     10.88    171984     27828        52

10:19:40 PM     CPU     %user     %nice   %system   %iowait    %steal     %idle
10:19:41 PM     all      0.00      0.00      1.01      0.50      0.00     98.49

10:19:40 PM kbmemfree   kbavail kbmemused  %memused kbbuffers  kbcached  kbcommit   %commit  kbactive   kbinact   kbdirty
10:19:41 PM   1673512   1703784    135696      6.71     13500    145628    344100     10.93    172404     27828       252

10:19:41 PM     CPU     %user     %nice   %system   %iowait    %steal     %idle
10:19:42 PM     all      1.01      0.51      3.03      2.02      0.00     93.43

10:19:41 PM kbmemfree   kbavail kbmemused  %memused kbbuffers  kbcached  kbcommit   %commit  kbactive   kbinact   kbdirty
10:19:42 PM   1720892   1751748     87832      4.35     13532    145924    334184     10.61    170520     28016       608

10:19:42 PM     CPU     %user     %nice   %system   %iowait    %steal     %idle
10:19:43 PM     all      0.00      0.00      0.00      0.00      0.00    100.00

10:19:42 PM kbmemfree   kbavail kbmemused  %memused kbbuffers  kbcached  kbcommit   %commit  kbactive   kbinact   kbdirty
10:19:43 PM   1720964   1751868     87752      4.34     13532    145984    334184     10.61    170528     28020       672

10:19:43 PM     CPU     %user     %nice   %system   %iowait    %steal     %idle
10:19:45 PM     all      0.00      0.00      0.00      0.00      0.00    100.00

10:19:43 PM kbmemfree   kbavail kbmemused  %memused kbbuffers  kbcached  kbcommit   %commit  kbactive   kbinact   kbdirty
10:19:45 PM   1720964   1751868     87752      4.34     13532    145984    334184     10.61    170528     28020       672

10:19:45 PM     CPU     %user     %nice   %system   %iowait    %steal     %idle
10:19:46 PM     all      0.00      0.00      0.00      0.00      0.00    100.00

10:19:45 PM kbmemfree   kbavail kbmemused  %memused kbbuffers  kbcached  kbcommit   %commit  kbactive   kbinact   kbdirty
10:19:46 PM   1719732   1750636     88976      4.40     13532    145992    334224     10.62    170848     28020       676

10:19:46 PM     CPU     %user     %nice   %system   %iowait    %steal     %idle
10:19:47 PM     all      0.00      0.00      0.00      0.00      0.00    100.00

10:19:46 PM kbmemfree   kbavail kbmemused  %memused kbbuffers  kbcached  kbcommit   %commit  kbactive   kbinact   kbdirty
10:19:47 PM   1719732   1750636     88976      4.40     13532    145992    334224     10.62    170852     28020       676

10:19:47 PM     CPU     %user     %nice   %system   %iowait    %steal     %idle
10:19:48 PM     all      0.00      0.00      0.00      0.50      0.00     99.50

10:19:47 PM kbmemfree   kbavail kbmemused  %memused kbbuffers  kbcached  kbcommit   %commit  kbactive   kbinact   kbdirty
10:19:48 PM   1719228   1750140     89476      4.43     13544    145984    334224     10.62    170920     28028        64

10:19:48 PM     CPU     %user     %nice   %system   %iowait    %steal     %idle
10:19:49 PM     all      0.00      0.00      0.00      0.00      0.00    100.00

10:19:48 PM kbmemfree   kbavail kbmemused  %memused kbbuffers  kbcached  kbcommit   %commit  kbactive   kbinact   kbdirty
10:19:49 PM   1719228   1750144     89460      4.43     13544    145996    334224     10.62    170920     28028        92

10:19:49 PM     CPU     %user     %nice   %system   %iowait    %steal     %idle
10:19:50 PM     all      0.00      0.00      0.00      0.00      0.00    100.00

10:19:49 PM kbmemfree   kbavail kbmemused  %memused kbbuffers  kbcached  kbcommit   %commit  kbactive   kbinact   kbdirty
10:19:50 PM   1719228   1750156     89460      4.43     13544    145996    334224     10.62    170920     28040        92

10:19:50 PM     CPU     %user     %nice   %system   %iowait    %steal     %idle
10:19:51 PM     all      0.00      0.00      0.00      0.00      0.00    100.00

10:19:50 PM kbmemfree   kbavail kbmemused  %memused kbbuffers  kbcached  kbcommit   %commit  kbactive   kbinact   kbdirty
10:19:51 PM   1719228   1750156     89460      4.43     13544    145996    334224     10.62    170920     28040        84

10:19:51 PM     CPU     %user     %nice   %system   %iowait    %steal     %idle
10:19:52 PM     all      0.00      0.00      0.50      0.00      0.00     99.50

10:19:51 PM kbmemfree   kbavail kbmemused  %memused kbbuffers  kbcached  kbcommit   %commit  kbactive   kbinact   kbdirty
10:19:52 PM   1719228   1750156     89460      4.43     13544    145996    334224     10.62    170920     28040        88

10:19:52 PM     CPU     %user     %nice   %system   %iowait    %steal     %idle
10:19:53 PM     all      0.00      0.00      0.00      0.00      0.00    100.00

10:19:52 PM kbmemfree   kbavail kbmemused  %memused kbbuffers  kbcached  kbcommit   %commit  kbactive   kbinact   kbdirty
10:19:53 PM   1719228   1750156     89460      4.43     13544    145996    334224     10.62    170920     28040        88

10:19:53 PM     CPU     %user     %nice   %system   %iowait    %steal     %idle
10:19:54 PM     all      0.00      0.00      0.00      0.49      0.00     99.51

10:19:53 PM kbmemfree   kbavail kbmemused  %memused kbbuffers  kbcached  kbcommit   %commit  kbactive   kbinact   kbdirty
10:19:54 PM   1719228   1750156     89452      4.43     13552    145996    334224     10.62    170920     28040        88

10:19:54 PM     CPU     %user     %nice   %system   %iowait    %steal     %idle
10:19:55 PM     all      0.00      0.00      0.00      0.00      0.00    100.00

10:19:54 PM kbmemfree   kbavail kbmemused  %memused kbbuffers  kbcached  kbcommit   %commit  kbactive   kbinact   kbdirty
10:19:55 PM   1719228   1750156     89452      4.43     13552    145996    334224     10.62    170920     28040        88

10:19:55 PM     CPU     %user     %nice   %system   %iowait    %steal     %idle
10:19:56 PM     all      0.00      0.00      0.00      0.00      0.00    100.00

10:19:55 PM kbmemfree   kbavail kbmemused  %memused kbbuffers  kbcached  kbcommit   %commit  kbactive   kbinact   kbdirty
10:19:56 PM   1719228   1750156     89452      4.43     13552    145996    334264     10.62    171088     28040        88

10:19:56 PM     CPU     %user     %nice   %system   %iowait    %steal     %idle
10:19:57 PM     all      0.00      0.00      0.00      0.00      0.00    100.00

10:19:56 PM kbmemfree   kbavail kbmemused  %memused kbbuffers  kbcached  kbcommit   %commit  kbactive   kbinact   kbdirty
10:19:57 PM   1719228   1750164     89452      4.43     13552    145996    334264     10.62    171148     28048       100

10:19:57 PM     CPU     %user     %nice   %system   %iowait    %steal     %idle
10:19:58 PM     all      0.00      0.00      0.00      0.00      0.00    100.00

10:19:57 PM kbmemfree   kbavail kbmemused  %memused kbbuffers  kbcached  kbcommit   %commit  kbactive   kbinact   kbdirty
10:19:58 PM   1719228   1750164     89448      4.43     13552    146000    334264     10.62    171148     28048       104

10:19:58 PM     CPU     %user     %nice   %system   %iowait    %steal     %idle
10:19:59 PM     all      0.00      0.00      0.00      1.94      0.00     98.06

10:19:58 PM kbmemfree   kbavail kbmemused  %memused kbbuffers  kbcached  kbcommit   %commit  kbactive   kbinact   kbdirty
10:19:59 PM   1719228   1750164     89440      4.43     13560    146000    334264     10.62    171148     28048       108

10:19:59 PM     CPU     %user     %nice   %system   %iowait    %steal     %idle
10:20:00 PM     all      0.00      0.00      0.50      0.00      0.00     99.50

10:19:59 PM kbmemfree   kbavail kbmemused  %memused kbbuffers  kbcached  kbcommit   %commit  kbactive   kbinact   kbdirty
10:20:00 PM   1719228   1750176     89440      4.43     13560    146000    334264     10.62    171232     28060       108

10:20:00 PM     CPU     %user     %nice   %system   %iowait    %steal     %idle
10:20:01 PM     all      0.00      0.00      0.00      0.00      0.00    100.00

10:20:00 PM kbmemfree   kbavail kbmemused  %memused kbbuffers  kbcached  kbcommit   %commit  kbactive   kbinact   kbdirty
10:20:01 PM   1719228   1750176     89440      4.43     13560    146000    334264     10.62    171232     28060       108

10:20:01 PM     CPU     %user     %nice   %system   %iowait    %steal     %idle
10:20:02 PM     all      0.00      0.00      0.49      0.00      0.00     99.51

10:20:01 PM kbmemfree   kbavail kbmemused  %memused kbbuffers  kbcached  kbcommit   %commit  kbactive   kbinact   kbdirty
10:20:02 PM   1719228   1750176     89440      4.43     13560    146000    334264     10.62    171232     28060        96

10:20:02 PM     CPU     %user     %nice   %system   %iowait    %steal     %idle
10:20:03 PM     all      0.00      0.00      0.00      0.00      0.00    100.00

10:20:02 PM kbmemfree   kbavail kbmemused  %memused kbbuffers  kbcached  kbcommit   %commit  kbactive   kbinact   kbdirty
10:20:03 PM   1719228   1750176     89440      4.43     13560    146000    334264     10.62    171232     28060        88

10:20:03 PM     CPU     %user     %nice   %system   %iowait    %steal     %idle
10:20:04 PM     all      0.00      0.00      0.00      0.00      0.00    100.00

10:20:03 PM kbmemfree   kbavail kbmemused  %memused kbbuffers  kbcached  kbcommit   %commit  kbactive   kbinact   kbdirty
10:20:04 PM   1719228   1750176     89440      4.43     13560    146000    334264     10.62    171232     28060        92

10:20:04 PM     CPU     %user     %nice   %system   %iowait    %steal     %idle
10:20:05 PM     all      0.00      0.00      0.00      1.96      0.00     98.04

10:20:04 PM kbmemfree   kbavail kbmemused  %memused kbbuffers  kbcached  kbcommit   %commit  kbactive   kbinact   kbdirty
10:20:05 PM   1719228   1750176     89432      4.43     13568    146000    334264     10.62    171232     28060        92

10:20:05 PM     CPU     %user     %nice   %system   %iowait    %steal     %idle
10:20:06 PM     all      0.00      0.00      0.00      0.00      0.00    100.00

10:20:05 PM kbmemfree   kbavail kbmemused  %memused kbbuffers  kbcached  kbcommit   %commit  kbactive   kbinact   kbdirty
10:20:06 PM   1719228   1750176     89432      4.43     13568    146000    334264     10.62    171232     28060        92

Average:        CPU     %user     %nice   %system   %iowait    %steal     %idle
Average:        all      0.02      0.01      0.22      0.24      0.00     99.52

Average:    kbmemfree   kbavail kbmemused  %memused kbbuffers  kbcached  kbcommit   %commit  kbactive   kbinact   kbdirty
Average:      1692584   1723045    116680      5.77     13491    145625    339294     10.78    171593     27892       146
