Linux 6.12.38+deb13-amd64 (debian) 	10/04/2025 	_x86_64_	(2 CPU)

08:06:37 PM     CPU     %user     %nice   %system   %iowait    %steal     %idle
08:06:38 PM     all      2.03      0.00      0.00      2.54      0.00     95.43

08:06:37 PM kbmemfree   kbavail kbmemused  %memused kbbuffers  kbcached  kbcommit   %commit  kbactive   kbinact   kbdirty
08:06:38 PM   1757452   1737916    122848      6.08     11888     91860    322860     10.25    113096     23424         4

08:06:38 PM     CPU     %user     %nice   %system   %iowait    %steal     %idle
08:06:39 PM     all      0.00      0.00      0.00      0.00      0.00    100.00

08:06:38 PM kbmemfree   kbavail kbmemused  %memused kbbuffers  kbcached  kbcommit   %commit  kbactive   kbinact   kbdirty
08:06:39 PM   1757452   1738048    122632      6.07     11888     91988    322860     10.25    113104     23552        16

08:06:39 PM     CPU     %user     %nice   %system   %iowait    %steal     %idle
08:06:40 PM     all      0.00      0.00      0.00      0.00      0.00    100.00

08:06:39 PM kbmemfree   kbavail kbmemused  %memused kbbuffers  kbcached  kbcommit   %commit  kbactive   kbinact   kbdirty
08:06:40 PM   1757452   1738048    122632      6.07     11888     91988    322860     10.25    113104     23552        16

08:06:40 PM     CPU     %user     %nice   %system   %iowait    %steal     %idle
08:06:41 PM     all      0.00      0.00      0.00      0.00      0.00    100.00

08:06:40 PM kbmemfree   kbavail kbmemused  %memused kbbuffers  kbcached  kbcommit   %commit  kbactive   kbinact   kbdirty
08:06:41 PM   1757620   1738216    122464      6.06     11888     91988    322860     10.25    113104     23552        16

08:06:41 PM     CPU     %user     %nice   %system   %iowait    %steal     %idle
08:06:42 PM     all      0.00      0.00      0.00      0.00      0.00    100.00

08:06:41 PM kbmemfree   kbavail kbmemused  %memused kbbuffers  kbcached  kbcommit   %commit  kbactive   kbinact   kbdirty
08:06:42 PM   1757904   1738500    122180      6.05     11888     91988    322860     10.25    113104     23552        16

08:06:42 PM     CPU     %user     %nice   %system   %iowait    %steal     %idle
08:06:43 PM     all      0.00      0.00      0.00      0.50      0.00     99.50

08:06:42 PM kbmemfree   kbavail kbmemused  %memused kbbuffers  kbcached  kbcommit   %commit  kbactive   kbinact   kbdirty
08:06:43 PM   1757904   1738512    122168      6.04     11896     91988    322860     10.25    113140     23564        96

08:06:43 PM     CPU     %user     %nice   %system   %iowait    %steal     %idle
08:06:44 PM     all      0.00      0.00      1.02      0.00      0.00     98.98

08:06:43 PM kbmemfree   kbavail kbmemused  %memused kbbuffers  kbcached  kbcommit   %commit  kbactive   kbinact   kbdirty
08:06:44 PM   1757904   1738512    122168      6.04     11896     91988    322860     10.25    113140     23564       100

08:06:44 PM     CPU     %user     %nice   %system   %iowait    %steal     %idle
08:06:45 PM     all      0.00      0.00      0.00      0.00      0.00    100.00

08:06:44 PM kbmemfree   kbavail kbmemused  %memused kbbuffers  kbcached  kbcommit   %commit  kbactive   kbinact   kbdirty
08:06:45 PM   1757904   1738512    122168      6.04     11896     91988    322860     10.25    113140     23564         4

08:06:45 PM     CPU     %user     %nice   %system   %iowait    %steal     %idle
08:06:46 PM     all      0.00      0.00      0.00      0.00      0.00    100.00

08:06:45 PM kbmemfree   kbavail kbmemused  %memused kbbuffers  kbcached  kbcommit   %commit  kbactive   kbinact   kbdirty
08:06:46 PM   1757904   1738512    122168      6.04     11896     91988    322860     10.25    113140     23564         4

08:06:46 PM     CPU     %user     %nice   %system   %iowait    %steal     %idle
08:06:47 PM     all      0.00      0.00      0.00      0.00      0.00    100.00

08:06:46 PM kbmemfree   kbavail kbmemused  %memused kbbuffers  kbcached  kbcommit   %commit  kbactive   kbinact   kbdirty
08:06:47 PM   1757904   1738512    122168      6.04     11896     91988    322860     10.25    113140     23564         4

08:06:47 PM     CPU     %user     %nice   %system   %iowait    %steal     %idle
08:06:48 PM     all      1.01      0.00      0.00      0.51      0.00     98.48

08:06:47 PM kbmemfree   kbavail kbmemused  %memused kbbuffers  kbcached  kbcommit   %commit  kbactive   kbinact   kbdirty
08:06:48 PM   1754124   1734736    125936      6.23     11904     91984    322900     10.26    113392     23564         8

08:06:48 PM     CPU     %user     %nice   %system   %iowait    %steal     %idle
08:06:49 PM     all      0.00      0.00      0.00      0.00      0.00    100.00

08:06:48 PM kbmemfree   kbavail kbmemused  %memused kbbuffers  kbcached  kbcommit   %commit  kbactive   kbinact   kbdirty
08:06:49 PM   1754124   1734740    125928      6.23     11904     91992    322900     10.26    113496     23576        16

08:06:49 PM     CPU     %user     %nice   %system   %iowait    %steal     %idle
08:06:50 PM     all      0.00      0.00      0.00      0.00      0.00    100.00

08:06:49 PM kbmemfree   kbavail kbmemused  %memused kbbuffers  kbcached  kbcommit   %commit  kbactive   kbinact   kbdirty
08:06:50 PM   1754124   1734740    125920      6.23     11904     91992    322900     10.26    113416     23576        24

08:06:50 PM     CPU     %user     %nice   %system   %iowait    %steal     %idle
08:06:51 PM     all      0.00      0.00      0.00      0.00      0.00    100.00

08:06:50 PM kbmemfree   kbavail kbmemused  %memused kbbuffers  kbcached  kbcommit   %commit  kbactive   kbinact   kbdirty
08:06:51 PM   1754124   1734740    125920      6.23     11904     91992    322900     10.26    113416     23576        24

08:06:51 PM     CPU     %user     %nice   %system   %iowait    %steal     %idle
08:06:52 PM     all      0.00      0.00      0.00      0.00      0.00    100.00

08:06:51 PM kbmemfree   kbavail kbmemused  %memused kbbuffers  kbcached  kbcommit   %commit  kbactive   kbinact   kbdirty
08:06:52 PM   1754124   1734740    125920      6.23     11904     91992    322900     10.26    113416     23576        24

08:06:52 PM     CPU     %user     %nice   %system   %iowait    %steal     %idle
08:06:53 PM     all      0.00      0.00      0.00      0.00      0.00    100.00

08:06:52 PM kbmemfree   kbavail kbmemused  %memused kbbuffers  kbcached  kbcommit   %commit  kbactive   kbinact   kbdirty
08:06:53 PM   1754124   1734740    125920      6.23     11904     91992    322900     10.26    113416     23576        24

08:06:53 PM     CPU     %user     %nice   %system   %iowait    %steal     %idle
08:06:54 PM     all      0.00      0.00      0.00      0.50      0.00     99.50

08:06:53 PM kbmemfree   kbavail kbmemused  %memused kbbuffers  kbcached  kbcommit   %commit  kbactive   kbinact   kbdirty
08:06:54 PM   1754124   1734740    125912      6.23     11912     91992    322900     10.26    113416     23576        24

08:06:54 PM     CPU     %user     %nice   %system   %iowait    %steal     %idle
08:06:55 PM     all      0.00      0.00      0.00      0.00      0.00    100.00

08:06:54 PM kbmemfree   kbavail kbmemused  %memused kbbuffers  kbcached  kbcommit   %commit  kbactive   kbinact   kbdirty
08:06:55 PM   1754124   1734744    125912      6.23     11912     91992    322900     10.26    113416     23584        20

08:06:55 PM     CPU     %user     %nice   %system   %iowait    %steal     %idle
08:06:56 PM     all      0.00      0.00      0.00      0.00      0.00    100.00

08:06:55 PM kbmemfree   kbavail kbmemused  %memused kbbuffers  kbcached  kbcommit   %commit  kbactive   kbinact   kbdirty
08:06:56 PM   1754124   1734744    125912      6.23     11912     91992    322900     10.26    113416     23584        24

08:06:56 PM     CPU     %user     %nice   %system   %iowait    %steal     %idle
08:06:57 PM     all      0.00      0.00      0.00      0.00      0.00    100.00

08:06:56 PM kbmemfree   kbavail kbmemused  %memused kbbuffers  kbcached  kbcommit   %commit  kbactive   kbinact   kbdirty
08:06:57 PM   1754124   1734744    125912      6.23     11912     91992    322900     10.26    113416     23584        24

08:06:57 PM     CPU     %user     %nice   %system   %iowait    %steal     %idle
08:06:58 PM     all      1.01      0.00      0.00      0.00      0.00     98.99

08:06:57 PM kbmemfree   kbavail kbmemused  %memused kbbuffers  kbcached  kbcommit   %commit  kbactive   kbinact   kbdirty
08:06:58 PM   1754124   1734744    125912      6.23     11912     91992    322940     10.26    113752     23584        24

08:06:58 PM     CPU     %user     %nice   %system   %iowait    %steal     %idle
08:06:59 PM     all      0.00      0.00      0.00      0.00      0.00    100.00

08:06:58 PM kbmemfree   kbavail kbmemused  %memused kbbuffers  kbcached  kbcommit   %commit  kbactive   kbinact   kbdirty
08:06:59 PM   1754124   1734744    125912      6.23     11912     91992    322940     10.26    113752     23584        24

08:06:59 PM     CPU     %user     %nice   %system   %iowait    %steal     %idle
08:07:00 PM     all      0.00      0.00      0.00      0.00      0.00    100.00

08:06:59 PM kbmemfree   kbavail kbmemused  %memused kbbuffers  kbcached  kbcommit   %commit  kbactive   kbinact   kbdirty
08:07:00 PM   1754124   1734744    125904      6.23     11920     91996    322940     10.26    113656     23584        36

08:07:00 PM     CPU     %user     %nice   %system   %iowait    %steal     %idle
08:07:01 PM     all      0.00      0.00      0.00      0.00      0.00    100.00

08:07:00 PM kbmemfree   kbavail kbmemused  %memused kbbuffers  kbcached  kbcommit   %commit  kbactive   kbinact   kbdirty
08:07:01 PM   1754124   1734752    125904      6.23     11920     91996    322940     10.26    113656     23596        28

08:07:01 PM     CPU     %user     %nice   %system   %iowait    %steal     %idle
08:07:02 PM     all      0.00      0.00      0.00      0.00      0.00    100.00

08:07:01 PM kbmemfree   kbavail kbmemused  %memused kbbuffers  kbcached  kbcommit   %commit  kbactive   kbinact   kbdirty
08:07:02 PM   1754124   1734752    125904      6.23     11920     91996    322940     10.26    113656     23596        32

08:07:02 PM     CPU     %user     %nice   %system   %iowait    %steal     %idle
08:07:03 PM     all      0.00      0.00      0.00      0.00      0.00    100.00

08:07:02 PM kbmemfree   kbavail kbmemused  %memused kbbuffers  kbcached  kbcommit   %commit  kbactive   kbinact   kbdirty
08:07:03 PM   1754124   1734752    125904      6.23     11920     91996    322940     10.26    113656     23596        24

08:07:03 PM     CPU     %user     %nice   %system   %iowait    %steal     %idle
08:07:04 PM     all      0.00      0.00      0.00      0.00      0.00    100.00

08:07:03 PM kbmemfree   kbavail kbmemused  %memused kbbuffers  kbcached  kbcommit   %commit  kbactive   kbinact   kbdirty
08:07:04 PM   1754124   1734752    125904      6.23     11920     91996    322940     10.26    113656     23596        24

08:07:04 PM     CPU     %user     %nice   %system   %iowait    %steal     %idle
08:07:05 PM     all      0.00      0.00      0.00      0.00      0.00    100.00

08:07:04 PM kbmemfree   kbavail kbmemused  %memused kbbuffers  kbcached  kbcommit   %commit  kbactive   kbinact   kbdirty
08:07:05 PM   1754124   1734752    125904      6.23     11920     91996    322940     10.26    113656     23596        24

08:07:05 PM     CPU     %user     %nice   %system   %iowait    %steal     %idle
08:07:06 PM     all      0.00      0.00      0.00      0.50      0.00     99.50

08:07:05 PM kbmemfree   kbavail kbmemused  %memused kbbuffers  kbcached  kbcommit   %commit  kbactive   kbinact   kbdirty
08:07:06 PM   1754124   1734752    125896      6.23     11928     91996    322940     10.26    113688     23596        24

08:07:06 PM     CPU     %user     %nice   %system   %iowait    %steal     %idle
08:07:07 PM     all      0.00      0.00      0.00      0.00      0.00    100.00

08:07:06 PM kbmemfree   kbavail kbmemused  %memused kbbuffers  kbcached  kbcommit   %commit  kbactive   kbinact   kbdirty
08:07:07 PM   1754124   1734756    125896      6.23     11928     91996    322940     10.26    113688     23604        20

08:07:07 PM     CPU     %user     %nice   %system   %iowait    %steal     %idle
08:07:08 PM     all      1.01      0.00      0.50      0.00      0.00     98.49

08:07:07 PM kbmemfree   kbavail kbmemused  %memused kbbuffers  kbcached  kbcommit   %commit  kbactive   kbinact   kbdirty
08:07:08 PM   1753872   1734504    126148      6.24     11928     91996    322980     10.26    113944     23604        24

08:07:08 PM     CPU     %user     %nice   %system   %iowait    %steal     %idle
08:07:09 PM     all      0.00      0.00      0.00      0.00      0.00    100.00

08:07:08 PM kbmemfree   kbavail kbmemused  %memused kbbuffers  kbcached  kbcommit   %commit  kbactive   kbinact   kbdirty
08:07:09 PM   1753872   1734504    126144      6.24     11928     92000    322980     10.26    113944     23604        28

08:07:09 PM     CPU     %user     %nice   %system   %iowait    %steal     %idle
08:07:10 PM     all      0.00      0.00      0.00      0.00      0.00    100.00

08:07:09 PM kbmemfree   kbavail kbmemused  %memused kbbuffers  kbcached  kbcommit   %commit  kbactive   kbinact   kbdirty
08:07:10 PM   1753872   1734504    126140      6.24     11928     92000    322980     10.26    113928     23604        36

08:07:10 PM     CPU     %user     %nice   %system   %iowait    %steal     %idle
08:07:11 PM     all      0.00      0.00      0.00      0.00      0.00    100.00

08:07:10 PM kbmemfree   kbavail kbmemused  %memused kbbuffers  kbcached  kbcommit   %commit  kbactive   kbinact   kbdirty
08:07:11 PM   1753872   1734504    126140      6.24     11928     92000    322980     10.26    113928     23604        36

08:07:11 PM     CPU     %user     %nice   %system   %iowait    %steal     %idle
08:07:12 PM     all      0.00      0.00      0.00      0.50      0.00     99.50

08:07:11 PM kbmemfree   kbavail kbmemused  %memused kbbuffers  kbcached  kbcommit   %commit  kbactive   kbinact   kbdirty
08:07:12 PM   1753872   1734504    126132      6.24     11936     92000    322980     10.26    113928     23604        36

08:07:12 PM     CPU     %user     %nice   %system   %iowait    %steal     %idle
08:07:13 PM     all      0.00      0.00      0.00      0.00      0.00    100.00

08:07:12 PM kbmemfree   kbavail kbmemused  %memused kbbuffers  kbcached  kbcommit   %commit  kbactive   kbinact   kbdirty
08:07:13 PM   1753872   1734508    126132      6.24     11936     92000    322980     10.26    113928     23616        20

08:07:13 PM     CPU     %user     %nice   %system   %iowait    %steal     %idle
08:07:14 PM     all      0.00      0.00      0.00      0.00      0.00    100.00

08:07:13 PM kbmemfree   kbavail kbmemused  %memused kbbuffers  kbcached  kbcommit   %commit  kbactive   kbinact   kbdirty
08:07:14 PM   1753872   1734508    126132      6.24     11936     92000    322980     10.26    113928     23616        24

08:07:14 PM     CPU     %user     %nice   %system   %iowait    %steal     %idle
08:07:15 PM     all      0.00      0.00      0.00      0.00      0.00    100.00

08:07:14 PM kbmemfree   kbavail kbmemused  %memused kbbuffers  kbcached  kbcommit   %commit  kbactive   kbinact   kbdirty
08:07:15 PM   1753872   1734508    126132      6.24     11936     92000    322980     10.26    113928     23616        24

08:07:15 PM     CPU     %user     %nice   %system   %iowait    %steal     %idle
08:07:16 PM     all      0.00      0.00      0.00      0.00      0.00    100.00

08:07:15 PM kbmemfree   kbavail kbmemused  %memused kbbuffers  kbcached  kbcommit   %commit  kbactive   kbinact   kbdirty
08:07:16 PM   1753872   1734508    126132      6.24     11936     92000    322980     10.26    113964     23616        24

08:07:16 PM     CPU     %user     %nice   %system   %iowait    %steal     %idle
08:07:17 PM     all      0.00      0.00      0.00      0.00      0.00    100.00

08:07:16 PM kbmemfree   kbavail kbmemused  %memused kbbuffers  kbcached  kbcommit   %commit  kbactive   kbinact   kbdirty
08:07:17 PM   1753872   1734508    126132      6.24     11936     92000    322980     10.26    113964     23616        24

08:07:17 PM     CPU     %user     %nice   %system   %iowait    %steal     %idle
08:07:18 PM     all      1.00      0.00      1.00      0.50      0.00     97.50

08:07:17 PM kbmemfree   kbavail kbmemused  %memused kbbuffers  kbcached  kbcommit   %commit  kbactive   kbinact   kbdirty
08:07:18 PM   1753428   1734064    126568      6.26     11944     92000    323020     10.26    114300     23616        24

08:07:18 PM     CPU     %user     %nice   %system   %iowait    %steal     %idle
08:07:19 PM     all      0.00      0.00      0.00      0.00      0.00    100.00

08:07:18 PM kbmemfree   kbavail kbmemused  %memused kbbuffers  kbcached  kbcommit   %commit  kbactive   kbinact   kbdirty
08:07:19 PM   1753428   1734072    126564      6.26     11944     92004    323020     10.26    114220     23628         0

08:07:19 PM     CPU     %user     %nice   %system   %iowait    %steal     %idle
08:07:20 PM     all      0.00      0.00      0.00      0.00      0.00    100.00

08:07:19 PM kbmemfree   kbavail kbmemused  %memused kbbuffers  kbcached  kbcommit   %commit  kbactive   kbinact   kbdirty
08:07:20 PM   1753396   1734040    126604      6.26     11944     92004    323020     10.26    114192     23628        12

08:07:20 PM     CPU     %user     %nice   %system   %iowait    %steal     %idle
08:07:21 PM     all      0.00      0.00      0.00      0.00      0.00    100.00

08:07:20 PM kbmemfree   kbavail kbmemused  %memused kbbuffers  kbcached  kbcommit   %commit  kbactive   kbinact   kbdirty
08:07:21 PM   1753396   1734040    126604      6.26     11944     92004    323020     10.26    114192     23628        12

08:07:21 PM     CPU     %user     %nice   %system   %iowait    %steal     %idle
08:07:22 PM     all      0.00      0.00      0.00      0.00      0.00    100.00

08:07:21 PM kbmemfree   kbavail kbmemused  %memused kbbuffers  kbcached  kbcommit   %commit  kbactive   kbinact   kbdirty
08:07:22 PM   1753396   1734040    126604      6.26     11944     92004    323020     10.26    114192     23628        12

08:07:22 PM     CPU     %user     %nice   %system   %iowait    %steal     %idle
08:07:23 PM     all      0.00      0.00      0.50      0.00      0.00     99.50

08:07:22 PM kbmemfree   kbavail kbmemused  %memused kbbuffers  kbcached  kbcommit   %commit  kbactive   kbinact   kbdirty
08:07:23 PM   1753396   1734040    126604      6.26     11944     92004    323020     10.26    114192     23628        12

08:07:23 PM     CPU     %user     %nice   %system   %iowait    %steal     %idle
08:07:24 PM     all      0.00      0.00      0.00      0.50      0.00     99.50

08:07:23 PM kbmemfree   kbavail kbmemused  %memused kbbuffers  kbcached  kbcommit   %commit  kbactive   kbinact   kbdirty
08:07:24 PM   1753396   1734040    126596      6.26     11952     92004    323020     10.26    114224     23628        28

08:07:24 PM     CPU     %user     %nice   %system   %iowait    %steal     %idle
08:07:25 PM     all      0.00      0.00      0.00      0.00      0.00    100.00

08:07:24 PM kbmemfree   kbavail kbmemused  %memused kbbuffers  kbcached  kbcommit   %commit  kbactive   kbinact   kbdirty
08:07:25 PM   1753396   1734044    126596      6.26     11952     92004    323020     10.26    114224     23636        24

08:07:25 PM     CPU     %user     %nice   %system   %iowait    %steal     %idle
08:07:26 PM     all      0.00      0.00      0.00      0.00      0.00    100.00

08:07:25 PM kbmemfree   kbavail kbmemused  %memused kbbuffers  kbcached  kbcommit   %commit  kbactive   kbinact   kbdirty
08:07:26 PM   1753396   1734044    126596      6.26     11952     92004    323020     10.26    114224     23636        28

08:07:26 PM     CPU     %user     %nice   %system   %iowait    %steal     %idle
08:07:27 PM     all      0.00      0.00      0.00      0.00      0.00    100.00

08:07:26 PM kbmemfree   kbavail kbmemused  %memused kbbuffers  kbcached  kbcommit   %commit  kbactive   kbinact   kbdirty
08:07:27 PM   1753396   1734044    126596      6.26     11952     92004    323020     10.26    114224     23636        28

08:07:27 PM     CPU     %user     %nice   %system   %iowait    %steal     %idle
08:07:28 PM     all      1.00      0.00      0.50      0.00      0.00     98.50

08:07:27 PM kbmemfree   kbavail kbmemused  %memused kbbuffers  kbcached  kbcommit   %commit  kbactive   kbinact   kbdirty
08:07:28 PM   1753396   1734044    126596      6.26     11952     92004    323020     10.26    114392     23636        28

08:07:28 PM     CPU     %user     %nice   %system   %iowait    %steal     %idle
08:07:29 PM     all      0.00      0.00      0.00      0.00      0.00    100.00

08:07:28 PM kbmemfree   kbavail kbmemused  %memused kbbuffers  kbcached  kbcommit   %commit  kbactive   kbinact   kbdirty
08:07:29 PM   1753396   1734044    126596      6.26     11952     92004    323020     10.26    114392     23636        28

08:07:29 PM     CPU     %user     %nice   %system   %iowait    %steal     %idle
08:07:30 PM     all      0.00      0.00      0.00      0.50      0.00     99.50

08:07:29 PM kbmemfree   kbavail kbmemused  %memused kbbuffers  kbcached  kbcommit   %commit  kbactive   kbinact   kbdirty
08:07:30 PM   1753396   1734044    126580      6.26     11960     92008    323020     10.26    114244     23636        40

08:07:30 PM     CPU     %user     %nice   %system   %iowait    %steal     %idle
08:07:31 PM     all      0.00      0.00      0.00      0.00      0.00    100.00

08:07:30 PM kbmemfree   kbavail kbmemused  %memused kbbuffers  kbcached  kbcommit   %commit  kbactive   kbinact   kbdirty
08:07:31 PM   1753396   1734048    126580      6.26     11960     92008    323020     10.26    114244     23648        32

08:07:31 PM     CPU     %user     %nice   %system   %iowait    %steal     %idle
08:07:32 PM     all      0.00      0.00      0.00      0.00      0.00    100.00

08:07:31 PM kbmemfree   kbavail kbmemused  %memused kbbuffers  kbcached  kbcommit   %commit  kbactive   kbinact   kbdirty
08:07:32 PM   1753396   1734048    126580      6.26     11960     92008    323020     10.26    114244     23648        36

08:07:32 PM     CPU     %user     %nice   %system   %iowait    %steal     %idle
08:07:33 PM     all      0.00      0.00      0.00      0.00      0.00    100.00

08:07:32 PM kbmemfree   kbavail kbmemused  %memused kbbuffers  kbcached  kbcommit   %commit  kbactive   kbinact   kbdirty
08:07:33 PM   1753396   1734048    126580      6.26     11960     92008    323020     10.26    114244     23648        28

08:07:33 PM     CPU     %user     %nice   %system   %iowait    %steal     %idle
08:07:34 PM     all      0.00      0.00      0.00      0.00      0.00    100.00

08:07:33 PM kbmemfree   kbavail kbmemused  %memused kbbuffers  kbcached  kbcommit   %commit  kbactive   kbinact   kbdirty
08:07:34 PM   1753396   1734048    126580      6.26     11960     92008    323020     10.26    114244     23648        28

08:07:34 PM     CPU     %user     %nice   %system   %iowait    %steal     %idle
08:07:35 PM     all      0.00      0.00      0.00      0.00      0.00    100.00

08:07:34 PM kbmemfree   kbavail kbmemused  %memused kbbuffers  kbcached  kbcommit   %commit  kbactive   kbinact   kbdirty
08:07:35 PM   1753396   1734048    126580      6.26     11960     92008    323020     10.26    114244     23648        28

08:07:35 PM     CPU     %user     %nice   %system   %iowait    %steal     %idle
08:07:36 PM     all      0.00      0.00      0.00      0.00      0.00    100.00

08:07:35 PM kbmemfree   kbavail kbmemused  %memused kbbuffers  kbcached  kbcommit   %commit  kbactive   kbinact   kbdirty
08:07:36 PM   1753396   1734048    126572      6.26     11968     92008    323020     10.26    114244     23648        28

08:07:36 PM     CPU     %user     %nice   %system   %iowait    %steal     %idle
08:07:37 PM     all      0.00      0.00      0.00      0.00      0.00    100.00

08:07:36 PM kbmemfree   kbavail kbmemused  %memused kbbuffers  kbcached  kbcommit   %commit  kbactive   kbinact   kbdirty
08:07:37 PM   1753396   1734052    126572      6.26     11968     92008    323020     10.26    114244     23656        24

Average:        CPU     %user     %nice   %system   %iowait    %steal     %idle
Average:        all      0.12      0.00      0.06      0.11      0.00     99.72

Average:    kbmemfree   kbavail kbmemused  %memused kbbuffers  kbcached  kbcommit   %commit  kbactive   kbinact   kbdirty
Average:      1754443   1735070    125582      6.21     11927     91995    322953     10.26    113776     23600        25
